2024-05-28 10:38:12,725 INFO o.s.b.StartupInfoLogger [main] Starting BinarfudApplication using Java 21.0.2 with PID 19624 (E:\Documents\Bootcamp\Synrgy batch 7 - Java Backend\synergy7\F-BJV24001115-synergy7-mic-binfood-ch6\target\classes started by M1ch3 in E:\Documents\Bootcamp\Synrgy batch 7 - Java Backend\synergy7\F-BJV24001115-synergy7-mic-binfood-ch6)
2024-05-28 10:38:12,728 INFO o.s.b.SpringApplication [main] No active profile set, falling back to 1 default profile: "default"
2024-05-28 10:38:13,483 INFO o.s.d.r.c.RepositoryConfigurationDelegate [main] Bootstrapping Spring Data JPA repositories in DEFAULT mode.
2024-05-28 10:38:13,545 INFO o.s.d.r.c.RepositoryConfigurationDelegate [main] Finished Spring Data repository scanning in 56 ms. Found 6 JPA repository interfaces.
2024-05-28 10:38:14,280 INFO o.s.b.w.e.t.TomcatWebServer [main] Tomcat initialized with port 8080 (http)
2024-05-28 10:38:14,300 INFO o.a.j.l.DirectJDKLog [main] Initializing ProtocolHandler ["http-nio-8080"]
2024-05-28 10:38:14,305 INFO o.a.j.l.DirectJDKLog [main] Starting service [Tomcat]
2024-05-28 10:38:14,306 INFO o.a.j.l.DirectJDKLog [main] Starting Servlet engine: [Apache Tomcat/10.1.20]
2024-05-28 10:38:14,443 INFO o.a.j.l.DirectJDKLog [main] Initializing Spring embedded WebApplicationContext
2024-05-28 10:38:14,444 INFO o.s.b.w.s.c.ServletWebServerApplicationContext [main] Root WebApplicationContext: initialization completed in 1682 ms
2024-05-28 10:38:14,640 INFO c.z.h.HikariDataSource [main] HikariPool-1 - Starting...
2024-05-28 10:38:14,898 INFO c.z.h.p.HikariPool [main] HikariPool-1 - Added connection org.postgresql.jdbc.PgConnection@79ca7bea
2024-05-28 10:38:14,899 INFO c.z.h.HikariDataSource [main] HikariPool-1 - Start completed.
2024-05-28 10:38:14,966 INFO o.h.j.i.u.LogHelper [main] HHH000204: Processing PersistenceUnitInfo [name: default]
2024-05-28 10:38:15,011 INFO o.h.Version [main] HHH000412: Hibernate ORM core version 6.4.4.Final
2024-05-28 10:38:15,056 INFO o.h.c.i.RegionFactoryInitiator [main] HHH000026: Second-level cache disabled
2024-05-28 10:38:15,307 INFO o.s.o.j.p.SpringPersistenceUnitInfo [main] No LoadTimeWeaver setup: ignoring JPA class transformer
2024-05-28 10:38:15,405 WARN o.h.e.j.d.i.DialectFactoryImpl [main] HHH90000025: PostgreSQLDialect does not need to be specified explicitly using 'hibernate.dialect' (remove the property setting and it will be selected by default)
2024-05-28 10:38:16,093 INFO o.h.e.t.j.p.i.JtaPlatformInitiator [main] HHH000489: No JTA platform available (set 'hibernate.transaction.jta.platform' to enable JTA platform integration)
2024-05-28 10:38:16,097 INFO o.s.o.j.AbstractEntityManagerFactoryBean [main] Initialized JPA EntityManagerFactory for persistence unit 'default'
2024-05-28 10:38:16,485 INFO o.s.d.j.r.q.QueryEnhancerFactory [main] Hibernate is in classpath; If applicable, HQL parser will be used.
2024-05-28 10:38:16,637 WARN o.s.b.a.o.j.JpaBaseConfiguration$JpaWebConfiguration [main] spring.jpa.open-in-view is enabled by default. Therefore, database queries may be performed during view rendering. Explicitly configure spring.jpa.open-in-view to disable this warning
2024-05-28 10:38:17,155 INFO o.s.s.w.DefaultSecurityFilterChain [main] Will secure any request with [org.springframework.security.web.session.DisableEncodeUrlFilter@15b882a0, org.springframework.security.web.context.request.async.WebAsyncManagerIntegrationFilter@6ade4ac6, org.springframework.security.web.context.SecurityContextHolderFilter@baf87a5, org.springframework.security.web.header.HeaderWriterFilter@50e32998, org.springframework.web.filter.CorsFilter@fcae085, org.springframework.security.web.authentication.logout.LogoutFilter@7a80ebcd, org.springframework.security.oauth2.client.web.OAuth2AuthorizationRequestRedirectFilter@6fc84468, org.springframework.security.oauth2.client.web.OAuth2LoginAuthenticationFilter@55854382, com.example.binarfud.security.jwt.JwtAuthTokenFilter@22e253c7, org.springframework.security.web.authentication.UsernamePasswordAuthenticationFilter@35c83c56, org.springframework.security.web.authentication.ui.DefaultLoginPageGeneratingFilter@21b75073, org.springframework.security.web.authentication.ui.DefaultLogoutPageGeneratingFilter@3e3c6323, org.springframework.security.web.savedrequest.RequestCacheAwareFilter@2643c33f, org.springframework.security.web.servletapi.SecurityContextHolderAwareRequestFilter@3c1fd5aa, org.springframework.security.web.authentication.AnonymousAuthenticationFilter@6f404bc6, org.springframework.security.web.access.ExceptionTranslationFilter@5a457aa1, org.springframework.security.web.access.intercept.AuthorizationFilter@11efa76e]
2024-05-28 10:38:17,535 INFO o.a.j.l.DirectJDKLog [main] Starting ProtocolHandler ["http-nio-8080"]
2024-05-28 10:38:17,550 INFO o.s.b.w.e.t.TomcatWebServer [main] Tomcat started on port 8080 (http) with context path ''
2024-05-28 10:38:17,557 INFO o.s.b.StartupInfoLogger [main] Started BinarfudApplication in 5.308 seconds (process running for 5.599)
2024-05-28 10:38:53,682 INFO o.s.o.j.AbstractEntityManagerFactoryBean [SpringApplicationShutdownHook] Closing JPA EntityManagerFactory for persistence unit 'default'
2024-05-28 10:38:53,683 INFO c.z.h.HikariDataSource [SpringApplicationShutdownHook] HikariPool-1 - Shutdown initiated...
2024-05-28 10:38:53,689 INFO c.z.h.HikariDataSource [SpringApplicationShutdownHook] HikariPool-1 - Shutdown completed.
