2024-06-01 13:58:44,703 WARN c.z.h.p.HikariPool$HouseKeeper [HikariPool-1 housekeeper] HikariPool-1 - Thread starvation or clock leap detected (housekeeper delta=8m21s30ms232µs400ns).
2024-06-01 16:07:14,229 WARN c.z.h.p.HikariPool$HouseKeeper [HikariPool-1 housekeeper] HikariPool-1 - Thread starvation or clock leap detected (housekeeper delta=1h26m28s895ms817µs400ns).
2024-06-01 18:44:31,530 INFO o.s.o.j.AbstractEntityManagerFactoryBean [SpringApplicationShutdownHook] Closing JPA EntityManagerFactory for persistence unit 'default'
2024-06-01 18:44:31,553 INFO c.z.h.HikariDataSource [SpringApplicationShutdownHook] HikariPool-1 - Shutdown initiated...
2024-06-01 18:44:31,632 INFO c.z.h.HikariDataSource [SpringApplicationShutdownHook] HikariPool-1 - Shutdown completed.
2024-06-01 18:44:35,428 INFO o.s.b.StartupInfoLogger [main] Starting BinarfudApplication using Java 21.0.2 with PID 5960 (E:\Documents\Bootcamp\Synrgy batch 7 - Java Backend\synergy7\F-BJV24001115-synergy7-mic-binfood-ch6\target\classes started by M1ch3 in E:\Documents\Bootcamp\Synrgy batch 7 - Java Backend\synergy7\F-BJV24001115-synergy7-mic-binfood-ch6)
2024-06-01 18:44:35,429 INFO o.s.b.SpringApplication [main] No active profile set, falling back to 1 default profile: "default"
2024-06-01 18:44:36,286 INFO o.s.d.r.c.RepositoryConfigurationDelegate [main] Bootstrapping Spring Data JPA repositories in DEFAULT mode.
2024-06-01 18:44:36,368 INFO o.s.d.r.c.RepositoryConfigurationDelegate [main] Finished Spring Data repository scanning in 75 ms. Found 6 JPA repository interfaces.
2024-06-01 18:44:37,153 INFO o.s.b.w.e.t.TomcatWebServer [main] Tomcat initialized with port 8080 (http)
2024-06-01 18:44:37,173 INFO o.a.j.l.DirectJDKLog [main] Initializing ProtocolHandler ["http-nio-8080"]
2024-06-01 18:44:37,179 INFO o.a.j.l.DirectJDKLog [main] Starting service [Tomcat]
2024-06-01 18:44:37,179 INFO o.a.j.l.DirectJDKLog [main] Starting Servlet engine: [Apache Tomcat/10.1.20]
2024-06-01 18:44:37,286 INFO o.a.j.l.DirectJDKLog [main] Initializing Spring embedded WebApplicationContext
2024-06-01 18:44:37,287 INFO o.s.b.w.s.c.ServletWebServerApplicationContext [main] Root WebApplicationContext: initialization completed in 1819 ms
2024-06-01 18:44:37,560 INFO o.h.j.i.u.LogHelper [main] HHH000204: Processing PersistenceUnitInfo [name: default]
2024-06-01 18:44:37,640 INFO o.h.Version [main] HHH000412: Hibernate ORM core version 6.4.4.Final
2024-06-01 18:44:37,672 INFO o.h.c.i.RegionFactoryInitiator [main] HHH000026: Second-level cache disabled
2024-06-01 18:44:37,930 INFO o.s.o.j.p.SpringPersistenceUnitInfo [main] No LoadTimeWeaver setup: ignoring JPA class transformer
2024-06-01 18:44:37,959 INFO c.z.h.HikariDataSource [main] HikariPool-1 - Starting...
2024-06-01 18:44:40,200 INFO c.z.h.p.HikariPool [main] HikariPool-1 - Added connection org.postgresql.jdbc.PgConnection@71d99732
2024-06-01 18:44:40,201 INFO c.z.h.HikariDataSource [main] HikariPool-1 - Start completed.
2024-06-01 18:44:40,404 WARN o.h.e.j.d.i.DialectFactoryImpl [main] HHH90000025: PostgreSQLDialect does not need to be specified explicitly using 'hibernate.dialect' (remove the property setting and it will be selected by default)
2024-06-01 18:44:41,596 INFO o.h.e.t.j.p.i.JtaPlatformInitiator [main] HHH000489: No JTA platform available (set 'hibernate.transaction.jta.platform' to enable JTA platform integration)
2024-06-01 18:44:46,549 INFO o.s.o.j.AbstractEntityManagerFactoryBean [main] Initialized JPA EntityManagerFactory for persistence unit 'default'
2024-06-01 18:44:47,092 INFO o.s.d.j.r.q.QueryEnhancerFactory [main] Hibernate is in classpath; If applicable, HQL parser will be used.
2024-06-01 18:44:47,887 WARN o.s.b.a.o.j.JpaBaseConfiguration$JpaWebConfiguration [main] spring.jpa.open-in-view is enabled by default. Therefore, database queries may be performed during view rendering. Explicitly configure spring.jpa.open-in-view to disable this warning
2024-06-01 18:44:48,354 INFO o.s.s.w.DefaultSecurityFilterChain [main] Will secure any request with [org.springframework.security.web.session.DisableEncodeUrlFilter@41a6cd9e, org.springframework.security.web.context.request.async.WebAsyncManagerIntegrationFilter@6915b614, org.springframework.security.web.context.SecurityContextHolderFilter@72557e0d, org.springframework.security.web.header.HeaderWriterFilter@2be9add0, org.springframework.web.filter.CorsFilter@2e0d6270, org.springframework.security.web.authentication.logout.LogoutFilter@1fcb01f8, org.springframework.security.oauth2.client.web.OAuth2AuthorizationRequestRedirectFilter@5da20b76, org.springframework.security.oauth2.client.web.OAuth2LoginAuthenticationFilter@66d9c846, com.example.binarfud.security.jwt.JwtAuthTokenFilter@31d8352e, org.springframework.security.web.authentication.UsernamePasswordAuthenticationFilter@db610c3, org.springframework.security.web.authentication.ui.DefaultLoginPageGeneratingFilter@1bfc6e50, org.springframework.security.web.authentication.ui.DefaultLogoutPageGeneratingFilter@314b0d53, org.springframework.security.web.savedrequest.RequestCacheAwareFilter@20305c45, org.springframework.security.web.servletapi.SecurityContextHolderAwareRequestFilter@6e157f48, org.springframework.security.web.authentication.AnonymousAuthenticationFilter@4676fcd9, org.springframework.security.web.access.ExceptionTranslationFilter@521e34d4, org.springframework.security.web.access.intercept.AuthorizationFilter@240b656f]
2024-06-01 18:44:48,803 INFO o.a.j.l.DirectJDKLog [main] Starting ProtocolHandler ["http-nio-8080"]
2024-06-01 18:44:48,818 INFO o.s.b.w.e.t.TomcatWebServer [main] Tomcat started on port 8080 (http) with context path ''
2024-06-01 18:44:48,824 INFO o.s.b.StartupInfoLogger [main] Started BinarfudApplication in 13.896 seconds (process running for 14.251)
2024-06-01 18:45:22,690 INFO o.a.j.l.DirectJDKLog [http-nio-8080-exec-1] Initializing Spring DispatcherServlet 'dispatcherServlet'
2024-06-01 18:45:22,690 INFO o.s.w.s.FrameworkServlet [http-nio-8080-exec-1] Initializing Servlet 'dispatcherServlet'
2024-06-01 18:45:22,692 INFO o.s.w.s.FrameworkServlet [http-nio-8080-exec-1] Completed initialization in 2 ms
2024-06-01 18:45:34,384 INFO o.s.a.AbstractOpenApiResource [http-nio-8080-exec-10] Init duration for springdoc-openapi is: 499 ms
