2024-05-31 23:01:35,805 INFO o.s.o.j.AbstractEntityManagerFactoryBean [SpringApplicationShutdownHook] Closing JPA EntityManagerFactory for persistence unit 'default'
2024-05-31 23:01:35,807 INFO c.z.h.HikariDataSource [SpringApplicationShutdownHook] HikariPool-1 - Shutdown initiated...
2024-05-31 23:01:35,894 INFO c.z.h.HikariDataSource [SpringApplicationShutdownHook] HikariPool-1 - Shutdown completed.
2024-05-31 23:01:39,768 INFO o.s.b.StartupInfoLogger [main] Starting BinarfudApplication using Java 21.0.2 with PID 14408 (E:\Documents\Bootcamp\Synrgy batch 7 - Java Backend\synergy7\F-BJV24001115-synergy7-mic-binfood-ch6\target\classes started by M1ch3 in E:\Documents\Bootcamp\Synrgy batch 7 - Java Backend\synergy7\F-BJV24001115-synergy7-mic-binfood-ch6)
2024-05-31 23:01:39,778 INFO o.s.b.SpringApplication [main] No active profile set, falling back to 1 default profile: "default"
2024-05-31 23:01:40,862 INFO o.s.d.r.c.RepositoryConfigurationDelegate [main] Bootstrapping Spring Data JPA repositories in DEFAULT mode.
2024-05-31 23:01:40,972 INFO o.s.d.r.c.RepositoryConfigurationDelegate [main] Finished Spring Data repository scanning in 98 ms. Found 6 JPA repository interfaces.
2024-05-31 23:01:41,938 INFO o.s.b.w.e.t.TomcatWebServer [main] Tomcat initialized with port 8080 (http)
2024-05-31 23:01:41,972 INFO o.a.j.l.DirectJDKLog [main] Initializing ProtocolHandler ["http-nio-8080"]
2024-05-31 23:01:41,979 INFO o.a.j.l.DirectJDKLog [main] Starting service [Tomcat]
2024-05-31 23:01:41,979 INFO o.a.j.l.DirectJDKLog [main] Starting Servlet engine: [Apache Tomcat/10.1.20]
2024-05-31 23:01:42,156 INFO o.a.j.l.DirectJDKLog [main] Initializing Spring embedded WebApplicationContext
2024-05-31 23:01:42,161 INFO o.s.b.w.s.c.ServletWebServerApplicationContext [main] Root WebApplicationContext: initialization completed in 2336 ms
2024-05-31 23:01:42,543 INFO o.h.j.i.u.LogHelper [main] HHH000204: Processing PersistenceUnitInfo [name: default]
2024-05-31 23:01:42,739 INFO o.h.Version [main] HHH000412: Hibernate ORM core version 6.4.4.Final
2024-05-31 23:01:42,787 INFO o.h.c.i.RegionFactoryInitiator [main] HHH000026: Second-level cache disabled
2024-05-31 23:01:43,058 INFO o.s.o.j.p.SpringPersistenceUnitInfo [main] No LoadTimeWeaver setup: ignoring JPA class transformer
2024-05-31 23:01:43,094 INFO c.z.h.HikariDataSource [main] HikariPool-1 - Starting...
2024-05-31 23:01:45,410 INFO c.z.h.p.HikariPool [main] HikariPool-1 - Added connection org.postgresql.jdbc.PgConnection@71262020
2024-05-31 23:01:45,411 INFO c.z.h.HikariDataSource [main] HikariPool-1 - Start completed.
2024-05-31 23:01:45,615 WARN o.h.e.j.d.i.DialectFactoryImpl [main] HHH90000025: PostgreSQLDialect does not need to be specified explicitly using 'hibernate.dialect' (remove the property setting and it will be selected by default)
2024-05-31 23:01:46,954 INFO o.h.e.t.j.p.i.JtaPlatformInitiator [main] HHH000489: No JTA platform available (set 'hibernate.transaction.jta.platform' to enable JTA platform integration)
2024-05-31 23:01:52,215 INFO o.s.o.j.AbstractEntityManagerFactoryBean [main] Initialized JPA EntityManagerFactory for persistence unit 'default'
2024-05-31 23:01:52,822 INFO o.s.d.j.r.q.QueryEnhancerFactory [main] Hibernate is in classpath; If applicable, HQL parser will be used.
2024-05-31 23:01:53,091 WARN o.s.b.a.o.j.JpaBaseConfiguration$JpaWebConfiguration [main] spring.jpa.open-in-view is enabled by default. Therefore, database queries may be performed during view rendering. Explicitly configure spring.jpa.open-in-view to disable this warning
2024-05-31 23:01:53,731 INFO o.s.s.w.DefaultSecurityFilterChain [main] Will secure any request with [org.springframework.security.web.session.DisableEncodeUrlFilter@2801ccb3, org.springframework.security.web.context.request.async.WebAsyncManagerIntegrationFilter@42102827, org.springframework.security.web.context.SecurityContextHolderFilter@f5b81f4, org.springframework.security.web.header.HeaderWriterFilter@7f88c53, org.springframework.web.filter.CorsFilter@5896899d, org.springframework.security.web.authentication.logout.LogoutFilter@47541b42, org.springframework.security.oauth2.client.web.OAuth2AuthorizationRequestRedirectFilter@7aac6d13, org.springframework.security.oauth2.client.web.OAuth2LoginAuthenticationFilter@352bea0e, com.example.binarfud.security.jwt.JwtAuthTokenFilter@183435c0, org.springframework.security.web.authentication.UsernamePasswordAuthenticationFilter@1aaa3406, org.springframework.security.web.authentication.ui.DefaultLoginPageGeneratingFilter@7f478529, org.springframework.security.web.authentication.ui.DefaultLogoutPageGeneratingFilter@6d4062fd, org.springframework.security.web.savedrequest.RequestCacheAwareFilter@67887bf2, org.springframework.security.web.servletapi.SecurityContextHolderAwareRequestFilter@3ce2c454, org.springframework.security.web.authentication.AnonymousAuthenticationFilter@4b024fb2, org.springframework.security.web.access.ExceptionTranslationFilter@46cb9794, org.springframework.security.web.access.intercept.AuthorizationFilter@1c74251b]
2024-05-31 23:01:54,191 INFO o.a.j.l.DirectJDKLog [main] Starting ProtocolHandler ["http-nio-8080"]
2024-05-31 23:01:54,213 INFO o.s.b.w.e.t.TomcatWebServer [main] Tomcat started on port 8080 (http) with context path ''
2024-05-31 23:01:54,222 INFO o.s.b.StartupInfoLogger [main] Started BinarfudApplication in 15.127 seconds (process running for 15.63)
2024-05-31 23:01:57,378 INFO o.a.j.l.DirectJDKLog [http-nio-8080-exec-1] Initializing Spring DispatcherServlet 'dispatcherServlet'
2024-05-31 23:01:57,378 INFO o.s.w.s.FrameworkServlet [http-nio-8080-exec-1] Initializing Servlet 'dispatcherServlet'
2024-05-31 23:01:57,380 INFO o.s.w.s.FrameworkServlet [http-nio-8080-exec-1] Completed initialization in 1 ms
2024-05-31 23:02:22,570 INFO o.s.a.AbstractOpenApiResource [http-nio-8080-exec-3] Init duration for springdoc-openapi is: 740 ms
