2024-05-31 18:04:48,243 INFO o.s.b.StartupInfoLogger [main] Starting BinarfudApplication using Java 21.0.2 with PID 15084 (E:\Documents\Bootcamp\Synrgy batch 7 - Java Backend\synergy7\F-BJV24001115-synergy7-mic-binfood-ch6\target\classes started by M1ch3 in E:\Documents\Bootcamp\Synrgy batch 7 - Java Backend\synergy7\F-BJV24001115-synergy7-mic-binfood-ch6)
2024-05-31 18:04:48,246 INFO o.s.b.SpringApplication [main] No active profile set, falling back to 1 default profile: "default"
2024-05-31 18:04:49,124 INFO o.s.d.r.c.RepositoryConfigurationDelegate [main] Bootstrapping Spring Data JPA repositories in DEFAULT mode.
2024-05-31 18:04:49,189 INFO o.s.d.r.c.RepositoryConfigurationDelegate [main] Finished Spring Data repository scanning in 60 ms. Found 6 JPA repository interfaces.
2024-05-31 18:04:49,971 INFO o.s.b.w.e.t.TomcatWebServer [main] Tomcat initialized with port 8080 (http)
2024-05-31 18:04:49,994 INFO o.a.j.l.DirectJDKLog [main] Initializing ProtocolHandler ["http-nio-8080"]
2024-05-31 18:04:49,999 INFO o.a.j.l.DirectJDKLog [main] Starting service [Tomcat]
2024-05-31 18:04:49,999 INFO o.a.j.l.DirectJDKLog [main] Starting Servlet engine: [Apache Tomcat/10.1.20]
2024-05-31 18:04:50,097 INFO o.a.j.l.DirectJDKLog [main] Initializing Spring embedded WebApplicationContext
2024-05-31 18:04:50,099 INFO o.s.b.w.s.c.ServletWebServerApplicationContext [main] Root WebApplicationContext: initialization completed in 1819 ms
2024-05-31 18:04:50,388 INFO o.h.j.i.u.LogHelper [main] HHH000204: Processing PersistenceUnitInfo [name: default]
2024-05-31 18:04:50,488 INFO o.h.Version [main] HHH000412: Hibernate ORM core version 6.4.4.Final
2024-05-31 18:04:50,513 INFO o.h.c.i.RegionFactoryInitiator [main] HHH000026: Second-level cache disabled
2024-05-31 18:04:50,717 INFO o.s.o.j.p.SpringPersistenceUnitInfo [main] No LoadTimeWeaver setup: ignoring JPA class transformer
2024-05-31 18:04:50,738 INFO c.z.h.HikariDataSource [main] HikariPool-1 - Starting...
2024-05-31 18:04:52,753 INFO c.z.h.p.HikariPool [main] HikariPool-1 - Added connection org.postgresql.jdbc.PgConnection@1686ed85
2024-05-31 18:04:52,757 INFO c.z.h.HikariDataSource [main] HikariPool-1 - Start completed.
2024-05-31 18:04:52,945 WARN o.h.e.j.d.i.DialectFactoryImpl [main] HHH90000025: PostgreSQLDialect does not need to be specified explicitly using 'hibernate.dialect' (remove the property setting and it will be selected by default)
2024-05-31 18:04:54,012 INFO o.h.e.t.j.p.i.JtaPlatformInitiator [main] HHH000489: No JTA platform available (set 'hibernate.transaction.jta.platform' to enable JTA platform integration)
2024-05-31 18:04:59,710 INFO o.s.o.j.AbstractEntityManagerFactoryBean [main] Initialized JPA EntityManagerFactory for persistence unit 'default'
2024-05-31 18:05:00,149 INFO o.s.d.j.r.q.QueryEnhancerFactory [main] Hibernate is in classpath; If applicable, HQL parser will be used.
2024-05-31 18:05:00,325 WARN o.s.b.a.o.j.JpaBaseConfiguration$JpaWebConfiguration [main] spring.jpa.open-in-view is enabled by default. Therefore, database queries may be performed during view rendering. Explicitly configure spring.jpa.open-in-view to disable this warning
2024-05-31 18:05:00,824 INFO o.s.s.w.DefaultSecurityFilterChain [main] Will secure any request with [org.springframework.security.web.session.DisableEncodeUrlFilter@5bafe1f1, org.springframework.security.web.context.request.async.WebAsyncManagerIntegrationFilter@5be783a, org.springframework.security.web.context.SecurityContextHolderFilter@31d64d0f, org.springframework.security.web.header.HeaderWriterFilter@7725470b, org.springframework.web.filter.CorsFilter@1c65740a, org.springframework.security.web.authentication.logout.LogoutFilter@79122f5f, org.springframework.security.oauth2.client.web.OAuth2AuthorizationRequestRedirectFilter@2ed9e59b, org.springframework.security.oauth2.client.web.OAuth2LoginAuthenticationFilter@5ce045e3, com.example.binarfud.security.jwt.JwtAuthTokenFilter@625c9248, org.springframework.security.web.authentication.UsernamePasswordAuthenticationFilter@3681c285, org.springframework.security.web.authentication.ui.DefaultLoginPageGeneratingFilter@50c462b8, org.springframework.security.web.authentication.ui.DefaultLogoutPageGeneratingFilter@6cb59aa, org.springframework.security.web.savedrequest.RequestCacheAwareFilter@47fb30ca, org.springframework.security.web.servletapi.SecurityContextHolderAwareRequestFilter@7cecd959, org.springframework.security.web.authentication.AnonymousAuthenticationFilter@224f90eb, org.springframework.security.web.access.ExceptionTranslationFilter@63bb52ea, org.springframework.security.web.access.intercept.AuthorizationFilter@4cce421e]
2024-05-31 18:05:01,193 INFO o.a.j.l.DirectJDKLog [main] Starting ProtocolHandler ["http-nio-8080"]
2024-05-31 18:05:01,207 INFO o.s.b.w.e.t.TomcatWebServer [main] Tomcat started on port 8080 (http) with context path ''
2024-05-31 18:05:01,213 INFO o.s.b.StartupInfoLogger [main] Started BinarfudApplication in 13.453 seconds (process running for 13.781)
2024-05-31 18:37:11,765 INFO o.s.o.j.AbstractEntityManagerFactoryBean [SpringApplicationShutdownHook] Closing JPA EntityManagerFactory for persistence unit 'default'
2024-05-31 18:37:11,774 INFO c.z.h.HikariDataSource [SpringApplicationShutdownHook] HikariPool-1 - Shutdown initiated...
2024-05-31 18:37:11,971 INFO c.z.h.HikariDataSource [SpringApplicationShutdownHook] HikariPool-1 - Shutdown completed.
