2024-06-28 22:22:42,257 INFO o.s.o.j.AbstractEntityManagerFactoryBean [SpringApplicationShutdownHook] Closing JPA EntityManagerFactory for persistence unit 'default'
2024-06-28 22:22:42,260 INFO c.z.h.HikariDataSource [SpringApplicationShutdownHook] HikariPool-1 - Shutdown initiated...
2024-06-28 22:22:42,267 INFO c.z.h.HikariDataSource [SpringApplicationShutdownHook] HikariPool-1 - Shutdown completed.
2024-06-28 22:22:46,361 INFO o.s.b.StartupInfoLogger [main] Starting BinarfudApplication using Java 21.0.2 with PID 25644 (E:\Documents\Bootcamp\Synrgy batch 7 - Java Backend\synergy7\F-BJV24001115-synergy7-mic-binfood-ch8\target\classes started by M1ch3 in E:\Documents\Bootcamp\Synrgy batch 7 - Java Backend\synergy7\F-BJV24001115-synergy7-mic-binfood-ch8)
2024-06-28 22:22:46,365 INFO o.s.b.SpringApplication [main] No active profile set, falling back to 1 default profile: "default"
2024-06-28 22:22:47,342 INFO o.s.d.r.c.RepositoryConfigurationDelegate [main] Bootstrapping Spring Data JPA repositories in DEFAULT mode.
2024-06-28 22:22:47,417 INFO o.s.d.r.c.RepositoryConfigurationDelegate [main] Finished Spring Data repository scanning in 70 ms. Found 6 JPA repository interfaces.
2024-06-28 22:22:48,345 INFO o.s.b.w.e.t.TomcatWebServer [main] Tomcat initialized with port 8080 (http)
2024-06-28 22:22:48,374 INFO o.a.j.l.DirectJDKLog [main] Initializing ProtocolHandler ["http-nio-8080"]
2024-06-28 22:22:48,382 INFO o.a.j.l.DirectJDKLog [main] Starting service [Tomcat]
2024-06-28 22:22:48,382 INFO o.a.j.l.DirectJDKLog [main] Starting Servlet engine: [Apache Tomcat/10.1.20]
2024-06-28 22:22:48,513 INFO o.a.j.l.DirectJDKLog [main] Initializing Spring embedded WebApplicationContext
2024-06-28 22:22:48,515 INFO o.s.b.w.s.c.ServletWebServerApplicationContext [main] Root WebApplicationContext: initialization completed in 2105 ms
2024-06-28 22:22:48,801 INFO o.h.j.i.u.LogHelper [main] HHH000204: Processing PersistenceUnitInfo [name: default]
2024-06-28 22:22:48,927 INFO o.h.Version [main] HHH000412: Hibernate ORM core version 6.4.4.Final
2024-06-28 22:22:48,989 INFO o.h.c.i.RegionFactoryInitiator [main] HHH000026: Second-level cache disabled
2024-06-28 22:22:49,192 INFO o.s.o.j.p.SpringPersistenceUnitInfo [main] No LoadTimeWeaver setup: ignoring JPA class transformer
2024-06-28 22:22:49,228 INFO c.z.h.HikariDataSource [main] HikariPool-1 - Starting...
2024-06-28 22:22:49,412 INFO c.z.h.p.HikariPool [main] HikariPool-1 - Added connection org.postgresql.jdbc.PgConnection@20231384
2024-06-28 22:22:49,414 INFO c.z.h.HikariDataSource [main] HikariPool-1 - Start completed.
2024-06-28 22:22:49,449 WARN o.h.e.j.d.i.DialectFactoryImpl [main] HHH90000025: PostgreSQLDialect does not need to be specified explicitly using 'hibernate.dialect' (remove the property setting and it will be selected by default)
2024-06-28 22:22:50,346 INFO o.h.e.t.j.p.i.JtaPlatformInitiator [main] HHH000489: No JTA platform available (set 'hibernate.transaction.jta.platform' to enable JTA platform integration)
2024-06-28 22:22:50,450 INFO o.s.o.j.AbstractEntityManagerFactoryBean [main] Initialized JPA EntityManagerFactory for persistence unit 'default'
2024-06-28 22:22:50,954 INFO o.s.d.j.r.q.QueryEnhancerFactory [main] Hibernate is in classpath; If applicable, HQL parser will be used.
2024-06-28 22:22:51,239 INFO c.e.b.s.FCMInitializer [main] Firebase application has been initialized
2024-06-28 22:22:51,353 WARN o.s.b.a.o.j.JpaBaseConfiguration$JpaWebConfiguration [main] spring.jpa.open-in-view is enabled by default. Therefore, database queries may be performed during view rendering. Explicitly configure spring.jpa.open-in-view to disable this warning
2024-06-28 22:22:51,802 INFO o.s.s.w.DefaultSecurityFilterChain [main] Will secure any request with [org.springframework.security.web.session.DisableEncodeUrlFilter@7410c197, org.springframework.security.web.context.request.async.WebAsyncManagerIntegrationFilter@363751f2, org.springframework.security.web.context.SecurityContextHolderFilter@427c9a13, org.springframework.security.web.header.HeaderWriterFilter@40af3dd8, org.springframework.web.filter.CorsFilter@688884e, org.springframework.security.web.authentication.logout.LogoutFilter@48c56b42, org.springframework.security.oauth2.client.web.OAuth2AuthorizationRequestRedirectFilter@6960e7a6, org.springframework.security.oauth2.client.web.OAuth2LoginAuthenticationFilter@ab90b8c, com.example.binarfud.security.jwt.JwtAuthTokenFilter@10c67c1c, org.springframework.security.web.authentication.UsernamePasswordAuthenticationFilter@77fd5501, org.springframework.security.web.authentication.ui.DefaultLoginPageGeneratingFilter@5d8de4bd, org.springframework.security.web.authentication.ui.DefaultLogoutPageGeneratingFilter@6c65c6f0, org.springframework.security.web.savedrequest.RequestCacheAwareFilter@6e620fa9, org.springframework.security.web.servletapi.SecurityContextHolderAwareRequestFilter@2cee1bcf, org.springframework.security.web.authentication.AnonymousAuthenticationFilter@1e0bae92, org.springframework.security.web.access.ExceptionTranslationFilter@3f808ad9, org.springframework.security.web.access.intercept.AuthorizationFilter@7cc966a9]
2024-06-28 22:22:52,312 INFO o.a.j.l.DirectJDKLog [main] Starting ProtocolHandler ["http-nio-8080"]
2024-06-28 22:22:52,329 INFO o.s.b.w.e.t.TomcatWebServer [main] Tomcat started on port 8080 (http) with context path ''
2024-06-28 22:22:52,342 INFO o.s.b.StartupInfoLogger [main] Started BinarfudApplication in 6.541 seconds (process running for 6.997)
2024-06-28 22:23:18,320 INFO o.a.j.l.DirectJDKLog [http-nio-8080-exec-1] Initializing Spring DispatcherServlet 'dispatcherServlet'
2024-06-28 22:23:18,321 INFO o.s.w.s.FrameworkServlet [http-nio-8080-exec-1] Initializing Servlet 'dispatcherServlet'
2024-06-28 22:23:18,332 INFO o.s.w.s.FrameworkServlet [http-nio-8080-exec-1] Completed initialization in 9 ms
2024-06-28 22:23:38,955 INFO o.s.a.AbstractOpenApiResource [http-nio-8080-exec-10] Init duration for springdoc-openapi is: 2907 ms
