2024-06-30 17:54:52,639 INFO o.s.b.StartupInfoLogger [main] Starting BinarfudApplication using Java 21.0.2 with PID 29388 (E:\Documents\Bootcamp\Synrgy batch 7 - Java Backend\synergy7\F-BJV24001115-synergy7-mic-binfood-ch8\target\classes started by M1ch3 in E:\Documents\Bootcamp\Synrgy batch 7 - Java Backend\synergy7\F-BJV24001115-synergy7-mic-binfood-ch8)
2024-06-30 17:54:52,642 INFO o.s.b.SpringApplication [main] No active profile set, falling back to 1 default profile: "default"
2024-06-30 17:54:53,502 INFO o.s.d.r.c.RepositoryConfigurationDelegate [main] Bootstrapping Spring Data JPA repositories in DEFAULT mode.
2024-06-30 17:54:53,569 INFO o.s.d.r.c.RepositoryConfigurationDelegate [main] Finished Spring Data repository scanning in 60 ms. Found 6 JPA repository interfaces.
2024-06-30 17:54:54,530 INFO o.s.b.w.e.t.TomcatWebServer [main] Tomcat initialized with port 8080 (http)
2024-06-30 17:54:54,556 INFO o.a.j.l.DirectJDKLog [main] Initializing ProtocolHandler ["http-nio-8080"]
2024-06-30 17:54:54,563 INFO o.a.j.l.DirectJDKLog [main] Starting service [Tomcat]
2024-06-30 17:54:54,564 INFO o.a.j.l.DirectJDKLog [main] Starting Servlet engine: [Apache Tomcat/10.1.20]
2024-06-30 17:54:54,705 INFO o.a.j.l.DirectJDKLog [main] Initializing Spring embedded WebApplicationContext
2024-06-30 17:54:54,707 INFO o.s.b.w.s.c.ServletWebServerApplicationContext [main] Root WebApplicationContext: initialization completed in 2028 ms
2024-06-30 17:54:55,021 INFO o.h.j.i.u.LogHelper [main] HHH000204: Processing PersistenceUnitInfo [name: default]
2024-06-30 17:54:55,228 INFO o.h.Version [main] HHH000412: Hibernate ORM core version 6.4.4.Final
2024-06-30 17:54:55,299 INFO o.h.c.i.RegionFactoryInitiator [main] HHH000026: Second-level cache disabled
2024-06-30 17:54:55,550 INFO o.s.o.j.p.SpringPersistenceUnitInfo [main] No LoadTimeWeaver setup: ignoring JPA class transformer
2024-06-30 17:54:55,577 INFO c.z.h.HikariDataSource [main] HikariPool-1 - Starting...
2024-06-30 17:54:55,730 INFO c.z.h.p.HikariPool [main] HikariPool-1 - Added connection org.postgresql.jdbc.PgConnection@1f48fa72
2024-06-30 17:54:55,731 INFO c.z.h.HikariDataSource [main] HikariPool-1 - Start completed.
2024-06-30 17:54:55,769 WARN o.h.e.j.d.i.DialectFactoryImpl [main] HHH90000025: PostgreSQLDialect does not need to be specified explicitly using 'hibernate.dialect' (remove the property setting and it will be selected by default)
2024-06-30 17:54:56,599 INFO o.h.e.t.j.p.i.JtaPlatformInitiator [main] HHH000489: No JTA platform available (set 'hibernate.transaction.jta.platform' to enable JTA platform integration)
2024-06-30 17:54:56,695 INFO o.s.o.j.AbstractEntityManagerFactoryBean [main] Initialized JPA EntityManagerFactory for persistence unit 'default'
2024-06-30 17:54:57,160 INFO o.s.d.j.r.q.QueryEnhancerFactory [main] Hibernate is in classpath; If applicable, HQL parser will be used.
2024-06-30 17:54:57,455 INFO c.e.b.s.FCMInitializer [main] Firebase application has been initialized
2024-06-30 17:54:57,569 WARN o.s.b.a.o.j.JpaBaseConfiguration$JpaWebConfiguration [main] spring.jpa.open-in-view is enabled by default. Therefore, database queries may be performed during view rendering. Explicitly configure spring.jpa.open-in-view to disable this warning
2024-06-30 17:54:57,956 INFO o.s.s.w.DefaultSecurityFilterChain [main] Will secure any request with [org.springframework.security.web.session.DisableEncodeUrlFilter@3c2d4274, org.springframework.security.web.context.request.async.WebAsyncManagerIntegrationFilter@18b8518b, org.springframework.security.web.context.SecurityContextHolderFilter@7b9e7633, org.springframework.security.web.header.HeaderWriterFilter@747216b6, org.springframework.web.filter.CorsFilter@6960e7a6, org.springframework.security.web.authentication.logout.LogoutFilter@51617b93, org.springframework.security.oauth2.client.web.OAuth2AuthorizationRequestRedirectFilter@4781bb01, org.springframework.security.oauth2.client.web.OAuth2LoginAuthenticationFilter@5e5f5ddf, com.example.binarfud.security.jwt.JwtAuthTokenFilter@48861d1, org.springframework.security.web.authentication.UsernamePasswordAuthenticationFilter@1368ed98, org.springframework.security.web.authentication.ui.DefaultLoginPageGeneratingFilter@427c9a13, org.springframework.security.web.authentication.ui.DefaultLogoutPageGeneratingFilter@63fe055, org.springframework.security.web.savedrequest.RequestCacheAwareFilter@57bc7f67, org.springframework.security.web.servletapi.SecurityContextHolderAwareRequestFilter@3f808ad9, org.springframework.security.web.authentication.AnonymousAuthenticationFilter@50572c04, org.springframework.security.web.access.ExceptionTranslationFilter@181a6784, org.springframework.security.web.access.intercept.AuthorizationFilter@346d8002]
2024-06-30 17:54:58,321 INFO o.a.j.l.DirectJDKLog [main] Starting ProtocolHandler ["http-nio-8080"]
2024-06-30 17:54:58,334 INFO o.s.b.w.e.t.TomcatWebServer [main] Tomcat started on port 8080 (http) with context path ''
2024-06-30 17:54:58,343 INFO o.s.b.StartupInfoLogger [main] Started BinarfudApplication in 6.173 seconds (process running for 6.587)
