2024-05-31 12:10:09,260 INFO o.s.a.AbstractOpenApiResource [http-nio-8080-exec-2] Init duration for springdoc-openapi is: 2329 ms
2024-05-31 12:13:08,058 INFO o.s.b.StartupInfoLogger [main] Starting BinarfudApplication using Java 21.0.2 with PID 19732 (E:\Documents\Bootcamp\Synrgy batch 7 - Java Backend\synergy7\F-BJV24001115-synergy7-mic-binfood-ch6\target\classes started by M1ch3 in E:\Documents\Bootcamp\Synrgy batch 7 - Java Backend\synergy7\F-BJV24001115-synergy7-mic-binfood-ch6)
2024-05-31 12:13:08,061 INFO o.s.b.SpringApplication [main] No active profile set, falling back to 1 default profile: "default"
2024-05-31 12:13:08,908 INFO o.s.d.r.c.RepositoryConfigurationDelegate [main] Bootstrapping Spring Data JPA repositories in DEFAULT mode.
2024-05-31 12:13:08,979 INFO o.s.d.r.c.RepositoryConfigurationDelegate [main] Finished Spring Data repository scanning in 64 ms. Found 6 JPA repository interfaces.
2024-05-31 12:13:09,771 INFO o.s.b.w.e.t.TomcatWebServer [main] Tomcat initialized with port 8080 (http)
2024-05-31 12:13:09,798 INFO o.a.j.l.DirectJDKLog [main] Initializing ProtocolHandler ["http-nio-8080"]
2024-05-31 12:13:09,804 INFO o.a.j.l.DirectJDKLog [main] Starting service [Tomcat]
2024-05-31 12:13:09,805 INFO o.a.j.l.DirectJDKLog [main] Starting Servlet engine: [Apache Tomcat/10.1.20]
2024-05-31 12:13:09,943 INFO o.a.j.l.DirectJDKLog [main] Initializing Spring embedded WebApplicationContext
2024-05-31 12:13:09,944 INFO o.s.b.w.s.c.ServletWebServerApplicationContext [main] Root WebApplicationContext: initialization completed in 1847 ms
2024-05-31 12:13:10,263 INFO o.h.j.i.u.LogHelper [main] HHH000204: Processing PersistenceUnitInfo [name: default]
2024-05-31 12:13:10,356 INFO o.h.Version [main] HHH000412: Hibernate ORM core version 6.4.4.Final
2024-05-31 12:13:10,393 INFO o.h.c.i.RegionFactoryInitiator [main] HHH000026: Second-level cache disabled
2024-05-31 12:13:10,604 INFO o.s.o.j.p.SpringPersistenceUnitInfo [main] No LoadTimeWeaver setup: ignoring JPA class transformer
2024-05-31 12:13:10,631 INFO c.z.h.HikariDataSource [main] HikariPool-1 - Starting...
2024-05-31 12:13:10,806 INFO c.z.h.p.HikariPool [main] HikariPool-1 - Added connection org.postgresql.jdbc.PgConnection@48b3b1b8
2024-05-31 12:13:10,809 INFO c.z.h.HikariDataSource [main] HikariPool-1 - Start completed.
2024-05-31 12:13:10,836 WARN o.h.e.j.d.i.DialectFactoryImpl [main] HHH90000025: PostgreSQLDialect does not need to be specified explicitly using 'hibernate.dialect' (remove the property setting and it will be selected by default)
2024-05-31 12:13:11,669 INFO o.h.e.t.j.p.i.JtaPlatformInitiator [main] HHH000489: No JTA platform available (set 'hibernate.transaction.jta.platform' to enable JTA platform integration)
2024-05-31 12:13:11,761 INFO o.s.o.j.AbstractEntityManagerFactoryBean [main] Initialized JPA EntityManagerFactory for persistence unit 'default'
2024-05-31 12:13:12,347 INFO o.s.d.j.r.q.QueryEnhancerFactory [main] Hibernate is in classpath; If applicable, HQL parser will be used.
2024-05-31 12:13:12,576 WARN o.s.b.a.o.j.JpaBaseConfiguration$JpaWebConfiguration [main] spring.jpa.open-in-view is enabled by default. Therefore, database queries may be performed during view rendering. Explicitly configure spring.jpa.open-in-view to disable this warning
2024-05-31 12:13:12,983 INFO o.s.s.w.DefaultSecurityFilterChain [main] Will secure any request with [org.springframework.security.web.session.DisableEncodeUrlFilter@eb5471c, org.springframework.security.web.context.request.async.WebAsyncManagerIntegrationFilter@60f6d689, org.springframework.security.web.context.SecurityContextHolderFilter@6d0cc47d, org.springframework.security.web.header.HeaderWriterFilter@5397d41e, org.springframework.web.filter.CorsFilter@6a90b5e8, org.springframework.security.web.authentication.logout.LogoutFilter@628d6320, org.springframework.security.oauth2.client.web.OAuth2AuthorizationRequestRedirectFilter@7ed6e557, org.springframework.security.oauth2.client.web.OAuth2LoginAuthenticationFilter@7c424dfe, com.example.binarfud.security.jwt.JwtAuthTokenFilter@22c0c0bc, org.springframework.security.web.authentication.UsernamePasswordAuthenticationFilter@172ca6a, org.springframework.security.web.authentication.ui.DefaultLoginPageGeneratingFilter@5c883b3f, org.springframework.security.web.authentication.ui.DefaultLogoutPageGeneratingFilter@1ff65426, org.springframework.security.web.savedrequest.RequestCacheAwareFilter@57fe6f2d, org.springframework.security.web.servletapi.SecurityContextHolderAwareRequestFilter@6e43c01f, org.springframework.security.web.authentication.AnonymousAuthenticationFilter@3bdf6d63, org.springframework.security.web.access.ExceptionTranslationFilter@365fde74, org.springframework.security.web.access.intercept.AuthorizationFilter@5ec921f1]
2024-05-31 12:13:13,300 INFO o.a.j.l.DirectJDKLog [main] Starting ProtocolHandler ["http-nio-8080"]
2024-05-31 12:13:13,314 INFO o.s.b.w.e.t.TomcatWebServer [main] Tomcat started on port 8080 (http) with context path ''
2024-05-31 12:13:13,320 INFO o.s.b.StartupInfoLogger [main] Started BinarfudApplication in 5.727 seconds (process running for 6.023)
2024-05-31 12:13:23,531 INFO o.a.j.l.DirectJDKLog [http-nio-8080-exec-1] Initializing Spring DispatcherServlet 'dispatcherServlet'
2024-05-31 12:13:23,532 INFO o.s.w.s.FrameworkServlet [http-nio-8080-exec-1] Initializing Servlet 'dispatcherServlet'
2024-05-31 12:13:23,533 INFO o.s.w.s.FrameworkServlet [http-nio-8080-exec-1] Completed initialization in 1 ms
