2024-06-28 20:43:26,338 INFO o.a.j.l.DirectJDKLog [http-nio-8080-exec-1] Initializing Spring DispatcherServlet 'dispatcherServlet'
2024-06-28 20:43:26,342 INFO o.s.w.s.FrameworkServlet [http-nio-8080-exec-1] Initializing Servlet 'dispatcherServlet'
2024-06-28 20:43:26,345 INFO o.s.w.s.FrameworkServlet [http-nio-8080-exec-1] Completed initialization in 3 ms
2024-06-28 22:00:29,209 INFO o.s.o.j.AbstractEntityManagerFactoryBean [SpringApplicationShutdownHook] Closing JPA EntityManagerFactory for persistence unit 'default'
2024-06-28 22:00:29,248 INFO c.z.h.HikariDataSource [SpringApplicationShutdownHook] HikariPool-1 - Shutdown initiated...
2024-06-28 22:00:29,259 INFO c.z.h.HikariDataSource [SpringApplicationShutdownHook] HikariPool-1 - Shutdown completed.
2024-06-28 22:17:47,761 INFO o.s.b.StartupInfoLogger [main] Starting BinarfudApplication using Java 21.0.2 with PID 13076 (E:\Documents\Bootcamp\Synrgy batch 7 - Java Backend\synergy7\F-BJV24001115-synergy7-mic-binfood-ch8\target\classes started by M1ch3 in E:\Documents\Bootcamp\Synrgy batch 7 - Java Backend\synergy7\F-BJV24001115-synergy7-mic-binfood-ch8)
2024-06-28 22:17:47,763 INFO o.s.b.SpringApplication [main] No active profile set, falling back to 1 default profile: "default"
2024-06-28 22:17:48,807 INFO o.s.d.r.c.RepositoryConfigurationDelegate [main] Bootstrapping Spring Data JPA repositories in DEFAULT mode.
2024-06-28 22:17:48,892 INFO o.s.d.r.c.RepositoryConfigurationDelegate [main] Finished Spring Data repository scanning in 75 ms. Found 6 JPA repository interfaces.
2024-06-28 22:17:49,919 INFO o.s.b.w.e.t.TomcatWebServer [main] Tomcat initialized with port 8080 (http)
2024-06-28 22:17:49,955 INFO o.a.j.l.DirectJDKLog [main] Initializing ProtocolHandler ["http-nio-8080"]
2024-06-28 22:17:49,966 INFO o.a.j.l.DirectJDKLog [main] Starting service [Tomcat]
2024-06-28 22:17:49,967 INFO o.a.j.l.DirectJDKLog [main] Starting Servlet engine: [Apache Tomcat/10.1.20]
2024-06-28 22:17:50,228 INFO o.a.j.l.DirectJDKLog [main] Initializing Spring embedded WebApplicationContext
2024-06-28 22:17:50,230 INFO o.s.b.w.s.c.ServletWebServerApplicationContext [main] Root WebApplicationContext: initialization completed in 2414 ms
2024-06-28 22:17:50,765 INFO o.h.j.i.u.LogHelper [main] HHH000204: Processing PersistenceUnitInfo [name: default]
2024-06-28 22:17:50,954 INFO o.h.Version [main] HHH000412: Hibernate ORM core version 6.4.4.Final
2024-06-28 22:17:51,024 INFO o.h.c.i.RegionFactoryInitiator [main] HHH000026: Second-level cache disabled
2024-06-28 22:17:51,280 INFO o.s.o.j.p.SpringPersistenceUnitInfo [main] No LoadTimeWeaver setup: ignoring JPA class transformer
2024-06-28 22:17:51,337 INFO c.z.h.HikariDataSource [main] HikariPool-1 - Starting...
2024-06-28 22:17:51,547 INFO c.z.h.p.HikariPool [main] HikariPool-1 - Added connection org.postgresql.jdbc.PgConnection@2beee3e8
2024-06-28 22:17:51,549 INFO c.z.h.HikariDataSource [main] HikariPool-1 - Start completed.
2024-06-28 22:17:51,582 WARN o.h.e.j.d.i.DialectFactoryImpl [main] HHH90000025: PostgreSQLDialect does not need to be specified explicitly using 'hibernate.dialect' (remove the property setting and it will be selected by default)
2024-06-28 22:17:52,685 INFO o.h.e.t.j.p.i.JtaPlatformInitiator [main] HHH000489: No JTA platform available (set 'hibernate.transaction.jta.platform' to enable JTA platform integration)
2024-06-28 22:17:52,811 INFO o.s.o.j.AbstractEntityManagerFactoryBean [main] Initialized JPA EntityManagerFactory for persistence unit 'default'
2024-06-28 22:17:53,377 INFO o.s.d.j.r.q.QueryEnhancerFactory [main] Hibernate is in classpath; If applicable, HQL parser will be used.
2024-06-28 22:17:53,716 INFO c.e.b.s.FCMInitializer [main] Firebase application has been initialized
2024-06-28 22:17:53,839 WARN o.s.b.a.o.j.JpaBaseConfiguration$JpaWebConfiguration [main] spring.jpa.open-in-view is enabled by default. Therefore, database queries may be performed during view rendering. Explicitly configure spring.jpa.open-in-view to disable this warning
2024-06-28 22:17:54,325 INFO o.s.s.w.DefaultSecurityFilterChain [main] Will secure any request with [org.springframework.security.web.session.DisableEncodeUrlFilter@3c2d4274, org.springframework.security.web.context.request.async.WebAsyncManagerIntegrationFilter@18b8518b, org.springframework.security.web.context.SecurityContextHolderFilter@7b9e7633, org.springframework.security.web.header.HeaderWriterFilter@747216b6, org.springframework.web.filter.CorsFilter@6960e7a6, org.springframework.security.web.authentication.logout.LogoutFilter@51617b93, org.springframework.security.oauth2.client.web.OAuth2AuthorizationRequestRedirectFilter@4781bb01, org.springframework.security.oauth2.client.web.OAuth2LoginAuthenticationFilter@5e5f5ddf, com.example.binarfud.security.jwt.JwtAuthTokenFilter@2a045e85, org.springframework.security.web.authentication.UsernamePasswordAuthenticationFilter@1368ed98, org.springframework.security.web.authentication.ui.DefaultLoginPageGeneratingFilter@427c9a13, org.springframework.security.web.authentication.ui.DefaultLogoutPageGeneratingFilter@63fe055, org.springframework.security.web.savedrequest.RequestCacheAwareFilter@57bc7f67, org.springframework.security.web.servletapi.SecurityContextHolderAwareRequestFilter@3f808ad9, org.springframework.security.web.authentication.AnonymousAuthenticationFilter@50572c04, org.springframework.security.web.access.ExceptionTranslationFilter@181a6784, org.springframework.security.web.access.intercept.AuthorizationFilter@346d8002]
2024-06-28 22:17:55,265 INFO o.a.j.l.DirectJDKLog [main] Starting ProtocolHandler ["http-nio-8080"]
2024-06-28 22:17:55,302 INFO o.s.b.w.e.t.TomcatWebServer [main] Tomcat started on port 8080 (http) with context path ''
2024-06-28 22:17:55,326 INFO o.s.b.StartupInfoLogger [main] Started BinarfudApplication in 8.258 seconds (process running for 8.801)
2024-06-28 22:17:59,738 INFO o.a.j.l.DirectJDKLog [http-nio-8080-exec-1] Initializing Spring DispatcherServlet 'dispatcherServlet'
2024-06-28 22:17:59,738 INFO o.s.w.s.FrameworkServlet [http-nio-8080-exec-1] Initializing Servlet 'dispatcherServlet'
2024-06-28 22:17:59,741 INFO o.s.w.s.FrameworkServlet [http-nio-8080-exec-1] Completed initialization in 0 ms
2024-06-28 22:18:16,713 INFO o.s.a.AbstractOpenApiResource [http-nio-8080-exec-5] Init duration for springdoc-openapi is: 2436 ms
