2024-05-02 14:32:23,555 INFO o.s.o.j.AbstractEntityManagerFactoryBean [SpringApplicationShutdownHook] Closing JPA EntityManagerFactory for persistence unit 'default'
2024-05-02 14:32:23,558 INFO c.z.h.HikariDataSource [SpringApplicationShutdownHook] HikariPool-1 - Shutdown initiated...
2024-05-02 14:32:23,563 INFO c.z.h.HikariDataSource [SpringApplicationShutdownHook] HikariPool-1 - Shutdown completed.
2024-05-02 14:32:32,799 INFO o.s.b.StartupInfoLogger [main] Starting BinarfudApplication using Java 21.0.2 with PID 22204 (E:\Documents\Bootcamp\Synrgy batch 7 - Java Backend\synergy7\F-BJV24001115-synergy7-mic-binfood-ch4\target\classes started by M1ch3 in E:\Documents\Bootcamp\Synrgy batch 7 - Java Backend\synergy7\F-BJV24001115-synergy7-mic-binfood-ch4)
2024-05-02 14:32:32,808 INFO o.s.b.SpringApplication [main] No active profile set, falling back to 1 default profile: "default"
2024-05-02 14:32:33,211 INFO o.s.d.r.c.RepositoryConfigurationDelegate [main] Bootstrapping Spring Data JPA repositories in DEFAULT mode.
2024-05-02 14:32:33,261 INFO o.s.d.r.c.RepositoryConfigurationDelegate [main] Finished Spring Data repository scanning in 45 ms. Found 5 JPA repository interfaces.
2024-05-02 14:32:33,578 INFO c.z.h.HikariDataSource [main] HikariPool-1 - Starting...
2024-05-02 14:32:33,738 INFO c.z.h.p.HikariPool [main] HikariPool-1 - Added connection org.postgresql.jdbc.PgConnection@58740366
2024-05-02 14:32:33,740 INFO c.z.h.HikariDataSource [main] HikariPool-1 - Start completed.
2024-05-02 14:32:33,784 INFO o.h.j.i.u.LogHelper [main] HHH000204: Processing PersistenceUnitInfo [name: default]
2024-05-02 14:32:33,823 INFO o.h.Version [main] HHH000412: Hibernate ORM core version 6.4.4.Final
2024-05-02 14:32:33,858 INFO o.h.c.i.RegionFactoryInitiator [main] HHH000026: Second-level cache disabled
2024-05-02 14:32:34,051 INFO o.s.o.j.p.SpringPersistenceUnitInfo [main] No LoadTimeWeaver setup: ignoring JPA class transformer
2024-05-02 14:32:34,092 WARN o.h.e.j.d.i.DialectFactoryImpl [main] HHH90000025: PostgreSQLDialect does not need to be specified explicitly using 'hibernate.dialect' (remove the property setting and it will be selected by default)
2024-05-02 14:32:34,853 INFO o.h.e.t.j.p.i.JtaPlatformInitiator [main] HHH000489: No JTA platform available (set 'hibernate.transaction.jta.platform' to enable JTA platform integration)
2024-05-02 14:32:34,855 INFO o.s.o.j.AbstractEntityManagerFactoryBean [main] Initialized JPA EntityManagerFactory for persistence unit 'default'
2024-05-02 14:32:35,429 INFO o.s.d.j.r.q.QueryEnhancerFactory [main] Hibernate is in classpath; If applicable, HQL parser will be used.
2024-05-02 14:32:36,022 INFO o.s.b.StartupInfoLogger [main] Started BinarfudApplication in 3.654 seconds (process running for 3.925)
2024-05-02 14:32:55,460 INFO c.e.b.s.UserServiceImpl [main] Username user ca797df3-7000-41b1-b778-6641d854b925 telah diganti ke Customer1
2024-05-02 14:33:46,560 INFO c.e.b.s.UserServiceImpl [main] Username user ca797df3-7000-41b1-b778-6641d854b925 telah diganti ke Customer
2024-05-02 14:34:06,350 INFO c.e.b.s.UserServiceImpl [main] Email user ca797df3-7000-41b1-b778-6641d854b925 telah diganti ke Customer1@gmail.com
2024-05-02 14:34:12,703 INFO c.e.b.s.UserServiceImpl [main] Email user ca797df3-7000-41b1-b778-6641d854b925 telah diganti ke Customer@gmail.com
2024-05-02 14:34:19,234 INFO c.e.b.s.UserServiceImpl [main] Password user ca797df3-7000-41b1-b778-6641d854b925 telah diganti
2024-05-02 14:34:37,579 INFO c.e.b.s.UserServiceImpl [main] Password user ca797df3-7000-41b1-b778-6641d854b925 telah diganti
2024-05-02 14:37:38,903 INFO o.s.o.j.AbstractEntityManagerFactoryBean [SpringApplicationShutdownHook] Closing JPA EntityManagerFactory for persistence unit 'default'
2024-05-02 14:37:38,904 INFO c.z.h.HikariDataSource [SpringApplicationShutdownHook] HikariPool-1 - Shutdown initiated...
2024-05-02 14:37:38,909 INFO c.z.h.HikariDataSource [SpringApplicationShutdownHook] HikariPool-1 - Shutdown completed.
2024-05-02 14:37:48,837 INFO o.s.b.StartupInfoLogger [main] Starting BinarfudApplication using Java 21.0.2 with PID 25720 (E:\Documents\Bootcamp\Synrgy batch 7 - Java Backend\synergy7\F-BJV24001115-synergy7-mic-binfood-ch4\target\classes started by M1ch3 in E:\Documents\Bootcamp\Synrgy batch 7 - Java Backend\synergy7\F-BJV24001115-synergy7-mic-binfood-ch4)
2024-05-02 14:37:48,839 INFO o.s.b.SpringApplication [main] No active profile set, falling back to 1 default profile: "default"
2024-05-02 14:37:49,296 INFO o.s.d.r.c.RepositoryConfigurationDelegate [main] Bootstrapping Spring Data JPA repositories in DEFAULT mode.
2024-05-02 14:37:49,349 INFO o.s.d.r.c.RepositoryConfigurationDelegate [main] Finished Spring Data repository scanning in 48 ms. Found 5 JPA repository interfaces.
2024-05-02 14:37:49,682 INFO c.z.h.HikariDataSource [main] HikariPool-1 - Starting...
2024-05-02 14:37:49,841 INFO c.z.h.p.HikariPool [main] HikariPool-1 - Added connection org.postgresql.jdbc.PgConnection@2264ea32
2024-05-02 14:37:49,843 INFO c.z.h.HikariDataSource [main] HikariPool-1 - Start completed.
2024-05-02 14:37:49,896 INFO o.h.j.i.u.LogHelper [main] HHH000204: Processing PersistenceUnitInfo [name: default]
2024-05-02 14:37:49,946 INFO o.h.Version [main] HHH000412: Hibernate ORM core version 6.4.4.Final
2024-05-02 14:37:49,986 INFO o.h.c.i.RegionFactoryInitiator [main] HHH000026: Second-level cache disabled
2024-05-02 14:37:50,168 INFO o.s.o.j.p.SpringPersistenceUnitInfo [main] No LoadTimeWeaver setup: ignoring JPA class transformer
2024-05-02 14:37:50,213 WARN o.h.e.j.d.i.DialectFactoryImpl [main] HHH90000025: PostgreSQLDialect does not need to be specified explicitly using 'hibernate.dialect' (remove the property setting and it will be selected by default)
2024-05-02 14:37:50,996 INFO o.h.e.t.j.p.i.JtaPlatformInitiator [main] HHH000489: No JTA platform available (set 'hibernate.transaction.jta.platform' to enable JTA platform integration)
2024-05-02 14:37:50,998 INFO o.s.o.j.AbstractEntityManagerFactoryBean [main] Initialized JPA EntityManagerFactory for persistence unit 'default'
2024-05-02 14:37:51,305 INFO o.s.d.j.r.q.QueryEnhancerFactory [main] Hibernate is in classpath; If applicable, HQL parser will be used.
2024-05-02 14:37:51,864 INFO o.s.b.StartupInfoLogger [main] Started BinarfudApplication in 3.462 seconds (process running for 3.747)
2024-05-02 14:38:25,948 INFO o.s.o.j.AbstractEntityManagerFactoryBean [SpringApplicationShutdownHook] Closing JPA EntityManagerFactory for persistence unit 'default'
2024-05-02 14:38:25,949 INFO c.z.h.HikariDataSource [SpringApplicationShutdownHook] HikariPool-1 - Shutdown initiated...
2024-05-02 14:38:25,953 INFO c.z.h.HikariDataSource [SpringApplicationShutdownHook] HikariPool-1 - Shutdown completed.
