2024-05-28 12:29:59,762 INFO o.s.o.j.AbstractEntityManagerFactoryBean [SpringApplicationShutdownHook] Closing JPA EntityManagerFactory for persistence unit 'default'
2024-05-28 12:29:59,762 INFO c.z.h.HikariDataSource [SpringApplicationShutdownHook] HikariPool-1 - Shutdown initiated...
2024-05-28 12:29:59,768 INFO c.z.h.HikariDataSource [SpringApplicationShutdownHook] HikariPool-1 - Shutdown completed.
2024-05-28 12:45:34,010 INFO o.s.b.StartupInfoLogger [main] Starting BinarfudApplication using Java 21.0.2 with PID 22916 (E:\Documents\Bootcamp\Synrgy batch 7 - Java Backend\synergy7\F-BJV24001115-synergy7-mic-binfood-ch6\target\classes started by M1ch3 in E:\Documents\Bootcamp\Synrgy batch 7 - Java Backend\synergy7\F-BJV24001115-synergy7-mic-binfood-ch6)
2024-05-28 12:45:34,019 INFO o.s.b.SpringApplication [main] No active profile set, falling back to 1 default profile: "default"
2024-05-28 12:45:34,774 INFO o.s.d.r.c.RepositoryConfigurationDelegate [main] Bootstrapping Spring Data JPA repositories in DEFAULT mode.
2024-05-28 12:45:34,837 INFO o.s.d.r.c.RepositoryConfigurationDelegate [main] Finished Spring Data repository scanning in 57 ms. Found 6 JPA repository interfaces.
2024-05-28 12:45:35,546 INFO o.s.b.w.e.t.TomcatWebServer [main] Tomcat initialized with port 8080 (http)
2024-05-28 12:45:35,745 INFO o.s.b.w.s.c.ServletWebServerApplicationContext [main] Root WebApplicationContext: initialization completed in 1692 ms
2024-05-28 12:45:36,048 INFO o.h.j.i.u.LogHelper [main] HHH000204: Processing PersistenceUnitInfo [name: default]
2024-05-28 12:45:36,140 INFO o.h.Version [main] HHH000412: Hibernate ORM core version 6.4.4.Final
2024-05-28 12:45:36,177 INFO o.h.c.i.RegionFactoryInitiator [main] HHH000026: Second-level cache disabled
2024-05-28 12:45:36,358 INFO o.s.o.j.p.SpringPersistenceUnitInfo [main] No LoadTimeWeaver setup: ignoring JPA class transformer
2024-05-28 12:45:36,381 INFO c.z.h.HikariDataSource [main] HikariPool-1 - Starting...
2024-05-28 12:45:36,557 INFO c.z.h.p.HikariPool [main] HikariPool-1 - Added connection org.postgresql.jdbc.PgConnection@67b8d45
2024-05-28 12:45:36,558 INFO c.z.h.HikariDataSource [main] HikariPool-1 - Start completed.
2024-05-28 12:45:36,591 WARN o.h.e.j.d.i.DialectFactoryImpl [main] HHH90000025: PostgreSQLDialect does not need to be specified explicitly using 'hibernate.dialect' (remove the property setting and it will be selected by default)
2024-05-28 12:45:37,403 INFO o.h.e.t.j.p.i.JtaPlatformInitiator [main] HHH000489: No JTA platform available (set 'hibernate.transaction.jta.platform' to enable JTA platform integration)
2024-05-28 12:45:37,495 INFO o.s.o.j.AbstractEntityManagerFactoryBean [main] Initialized JPA EntityManagerFactory for persistence unit 'default'
2024-05-28 12:45:37,906 INFO o.s.d.j.r.q.QueryEnhancerFactory [main] Hibernate is in classpath; If applicable, HQL parser will be used.
2024-05-28 12:45:38,057 WARN o.s.b.a.o.j.JpaBaseConfiguration$JpaWebConfiguration [main] spring.jpa.open-in-view is enabled by default. Therefore, database queries may be performed during view rendering. Explicitly configure spring.jpa.open-in-view to disable this warning
2024-05-28 12:45:38,533 INFO o.s.s.w.DefaultSecurityFilterChain [main] Will secure any request with [org.springframework.security.web.session.DisableEncodeUrlFilter@d3929ba, org.springframework.security.web.context.request.async.WebAsyncManagerIntegrationFilter@6101fd7d, org.springframework.security.web.context.SecurityContextHolderFilter@27aa0720, org.springframework.security.web.header.HeaderWriterFilter@12544a50, org.springframework.web.filter.CorsFilter@b22bebc, org.springframework.security.web.authentication.logout.LogoutFilter@72b60be8, org.springframework.security.oauth2.client.web.OAuth2AuthorizationRequestRedirectFilter@3956df0a, org.springframework.security.oauth2.client.web.OAuth2LoginAuthenticationFilter@301b89e1, com.example.binarfud.security.jwt.JwtAuthTokenFilter@687d31a9, org.springframework.security.web.authentication.UsernamePasswordAuthenticationFilter@6a94bd69, org.springframework.security.web.authentication.ui.DefaultLoginPageGeneratingFilter@1d12eff1, org.springframework.security.web.authentication.ui.DefaultLogoutPageGeneratingFilter@60773809, org.springframework.security.web.savedrequest.RequestCacheAwareFilter@6a0d47e8, org.springframework.security.web.servletapi.SecurityContextHolderAwareRequestFilter@480d3c40, org.springframework.security.web.authentication.AnonymousAuthenticationFilter@24c7b944, org.springframework.security.web.access.ExceptionTranslationFilter@708f238f, org.springframework.security.web.access.intercept.AuthorizationFilter@17e2ad13]
2024-05-28 12:45:38,953 INFO o.s.b.w.e.t.TomcatWebServer [main] Tomcat started on port 8080 (http) with context path ''
2024-05-28 12:45:38,961 INFO o.s.b.StartupInfoLogger [main] Started BinarfudApplication in 5.418 seconds (process running for 5.719)
2024-05-28 12:45:38,968 INFO o.s.o.j.AbstractEntityManagerFactoryBean [SpringApplicationShutdownHook] Closing JPA EntityManagerFactory for persistence unit 'default'
2024-05-28 12:45:38,972 INFO c.z.h.HikariDataSource [SpringApplicationShutdownHook] HikariPool-1 - Shutdown initiated...
2024-05-28 12:45:38,977 INFO c.z.h.HikariDataSource [SpringApplicationShutdownHook] HikariPool-1 - Shutdown completed.
