2024-06-28 22:35:01,880 INFO o.s.b.StartupInfoLogger [main] Starting BinarfudApplication using Java 21.0.2 with PID 25688 (E:\Documents\Bootcamp\Synrgy batch 7 - Java Backend\synergy7\F-BJV24001115-synergy7-mic-binfood-ch8\target\classes started by M1ch3 in E:\Documents\Bootcamp\Synrgy batch 7 - Java Backend\synergy7\F-BJV24001115-synergy7-mic-binfood-ch8)
2024-06-28 22:35:01,885 INFO o.s.b.SpringApplication [main] No active profile set, falling back to 1 default profile: "default"
2024-06-28 22:35:03,041 INFO o.s.d.r.c.RepositoryConfigurationDelegate [main] Bootstrapping Spring Data JPA repositories in DEFAULT mode.
2024-06-28 22:35:03,143 INFO o.s.d.r.c.RepositoryConfigurationDelegate [main] Finished Spring Data repository scanning in 93 ms. Found 6 JPA repository interfaces.
2024-06-28 22:35:04,241 INFO o.s.b.w.e.t.TomcatWebServer [main] Tomcat initialized with port 8080 (http)
2024-06-28 22:35:04,278 INFO o.a.j.l.DirectJDKLog [main] Initializing ProtocolHandler ["http-nio-8080"]
2024-06-28 22:35:04,286 INFO o.a.j.l.DirectJDKLog [main] Starting service [Tomcat]
2024-06-28 22:35:04,287 INFO o.a.j.l.DirectJDKLog [main] Starting Servlet engine: [Apache Tomcat/10.1.20]
2024-06-28 22:35:04,438 INFO o.a.j.l.DirectJDKLog [main] Initializing Spring embedded WebApplicationContext
2024-06-28 22:35:04,440 INFO o.s.b.w.s.c.ServletWebServerApplicationContext [main] Root WebApplicationContext: initialization completed in 2497 ms
2024-06-28 22:35:04,753 INFO o.h.j.i.u.LogHelper [main] HHH000204: Processing PersistenceUnitInfo [name: default]
2024-06-28 22:35:04,895 INFO o.h.Version [main] HHH000412: Hibernate ORM core version 6.4.4.Final
2024-06-28 22:35:04,993 INFO o.h.c.i.RegionFactoryInitiator [main] HHH000026: Second-level cache disabled
2024-06-28 22:35:05,342 INFO o.s.o.j.p.SpringPersistenceUnitInfo [main] No LoadTimeWeaver setup: ignoring JPA class transformer
2024-06-28 22:35:05,393 INFO c.z.h.HikariDataSource [main] HikariPool-1 - Starting...
2024-06-28 22:35:05,657 INFO c.z.h.p.HikariPool [main] HikariPool-1 - Added connection org.postgresql.jdbc.PgConnection@32646ecf
2024-06-28 22:35:05,660 INFO c.z.h.HikariDataSource [main] HikariPool-1 - Start completed.
2024-06-28 22:35:05,698 WARN o.h.e.j.d.i.DialectFactoryImpl [main] HHH90000025: PostgreSQLDialect does not need to be specified explicitly using 'hibernate.dialect' (remove the property setting and it will be selected by default)
2024-06-28 22:35:06,984 INFO o.h.e.t.j.p.i.JtaPlatformInitiator [main] HHH000489: No JTA platform available (set 'hibernate.transaction.jta.platform' to enable JTA platform integration)
2024-06-28 22:35:07,125 INFO o.s.o.j.AbstractEntityManagerFactoryBean [main] Initialized JPA EntityManagerFactory for persistence unit 'default'
2024-06-28 22:35:08,269 INFO o.s.d.j.r.q.QueryEnhancerFactory [main] Hibernate is in classpath; If applicable, HQL parser will be used.
2024-06-28 22:35:08,790 INFO c.e.b.s.FCMInitializer [main] Firebase application has been initialized
2024-06-28 22:35:08,960 WARN o.s.b.a.o.j.JpaBaseConfiguration$JpaWebConfiguration [main] spring.jpa.open-in-view is enabled by default. Therefore, database queries may be performed during view rendering. Explicitly configure spring.jpa.open-in-view to disable this warning
2024-06-28 22:35:09,638 INFO o.s.s.w.DefaultSecurityFilterChain [main] Will secure any request with [org.springframework.security.web.session.DisableEncodeUrlFilter@202ed88d, org.springframework.security.web.context.request.async.WebAsyncManagerIntegrationFilter@40f7fb45, org.springframework.security.web.context.SecurityContextHolderFilter@7aa4ef24, org.springframework.security.web.header.HeaderWriterFilter@3b67c637, org.springframework.web.filter.CorsFilter@4c3c1963, org.springframework.security.web.authentication.logout.LogoutFilter@7a5b561b, org.springframework.security.oauth2.client.web.OAuth2AuthorizationRequestRedirectFilter@36afd06f, org.springframework.security.oauth2.client.web.OAuth2LoginAuthenticationFilter@3c0b9643, com.example.binarfud.security.jwt.JwtAuthTokenFilter@7a8e484b, org.springframework.security.web.authentication.UsernamePasswordAuthenticationFilter@135ec43a, org.springframework.security.web.authentication.ui.DefaultLoginPageGeneratingFilter@345effd7, org.springframework.security.web.authentication.ui.DefaultLogoutPageGeneratingFilter@4eb0ed44, org.springframework.security.web.savedrequest.RequestCacheAwareFilter@46ebd87a, org.springframework.security.web.servletapi.SecurityContextHolderAwareRequestFilter@6dbe6891, org.springframework.security.web.authentication.AnonymousAuthenticationFilter@188caeaf, org.springframework.security.web.access.ExceptionTranslationFilter@35b8b69f, org.springframework.security.web.access.intercept.AuthorizationFilter@6479b4cb]
2024-06-28 22:35:10,252 INFO o.a.j.l.DirectJDKLog [main] Starting ProtocolHandler ["http-nio-8080"]
2024-06-28 22:35:10,278 INFO o.s.b.w.e.t.TomcatWebServer [main] Tomcat started on port 8080 (http) with context path ''
2024-06-28 22:35:10,295 INFO o.s.b.StartupInfoLogger [main] Started BinarfudApplication in 9.049 seconds (process running for 9.639)
2024-06-28 22:35:17,306 INFO o.a.j.l.DirectJDKLog [http-nio-8080-exec-1] Initializing Spring DispatcherServlet 'dispatcherServlet'
2024-06-28 22:35:17,306 INFO o.s.w.s.FrameworkServlet [http-nio-8080-exec-1] Initializing Servlet 'dispatcherServlet'
2024-06-28 22:35:17,307 INFO o.s.w.s.FrameworkServlet [http-nio-8080-exec-1] Completed initialization in 1 ms
2024-06-28 22:35:47,503 INFO o.s.a.AbstractOpenApiResource [http-nio-8080-exec-9] Init duration for springdoc-openapi is: 3517 ms
