2024-05-31 11:48:20,142 INFO o.s.o.j.AbstractEntityManagerFactoryBean [SpringApplicationShutdownHook] Closing JPA EntityManagerFactory for persistence unit 'default'
2024-05-31 11:48:20,145 INFO c.z.h.HikariDataSource [SpringApplicationShutdownHook] HikariPool-1 - Shutdown initiated...
2024-05-31 11:48:20,149 INFO c.z.h.HikariDataSource [SpringApplicationShutdownHook] HikariPool-1 - Shutdown completed.
2024-05-31 11:48:23,014 INFO o.s.b.StartupInfoLogger [main] Starting BinarfudApplication using Java 21.0.2 with PID 14108 (E:\Documents\Bootcamp\Synrgy batch 7 - Java Backend\synergy7\F-BJV24001115-synergy7-mic-binfood-ch6\target\classes started by M1ch3 in E:\Documents\Bootcamp\Synrgy batch 7 - Java Backend\synergy7\F-BJV24001115-synergy7-mic-binfood-ch6)
2024-05-31 11:48:23,016 INFO o.s.b.SpringApplication [main] No active profile set, falling back to 1 default profile: "default"
2024-05-31 11:48:23,796 INFO o.s.d.r.c.RepositoryConfigurationDelegate [main] Bootstrapping Spring Data JPA repositories in DEFAULT mode.
2024-05-31 11:48:23,861 INFO o.s.d.r.c.RepositoryConfigurationDelegate [main] Finished Spring Data repository scanning in 60 ms. Found 6 JPA repository interfaces.
2024-05-31 11:48:24,611 INFO o.s.b.w.e.t.TomcatWebServer [main] Tomcat initialized with port 8080 (http)
2024-05-31 11:48:24,634 INFO o.a.j.l.DirectJDKLog [main] Initializing ProtocolHandler ["http-nio-8080"]
2024-05-31 11:48:24,639 INFO o.a.j.l.DirectJDKLog [main] Starting service [Tomcat]
2024-05-31 11:48:24,639 INFO o.a.j.l.DirectJDKLog [main] Starting Servlet engine: [Apache Tomcat/10.1.20]
2024-05-31 11:48:24,765 INFO o.a.j.l.DirectJDKLog [main] Initializing Spring embedded WebApplicationContext
2024-05-31 11:48:24,768 INFO o.s.b.w.s.c.ServletWebServerApplicationContext [main] Root WebApplicationContext: initialization completed in 1716 ms
2024-05-31 11:48:25,119 INFO o.h.j.i.u.LogHelper [main] HHH000204: Processing PersistenceUnitInfo [name: default]
2024-05-31 11:48:25,196 INFO o.h.Version [main] HHH000412: Hibernate ORM core version 6.4.4.Final
2024-05-31 11:48:25,231 INFO o.h.c.i.RegionFactoryInitiator [main] HHH000026: Second-level cache disabled
2024-05-31 11:48:25,460 INFO o.s.o.j.p.SpringPersistenceUnitInfo [main] No LoadTimeWeaver setup: ignoring JPA class transformer
2024-05-31 11:48:25,487 INFO c.z.h.HikariDataSource [main] HikariPool-1 - Starting...
2024-05-31 11:48:25,645 INFO c.z.h.p.HikariPool [main] HikariPool-1 - Added connection org.postgresql.jdbc.PgConnection@126675fd
2024-05-31 11:48:25,648 INFO c.z.h.HikariDataSource [main] HikariPool-1 - Start completed.
2024-05-31 11:48:25,678 WARN o.h.e.j.d.i.DialectFactoryImpl [main] HHH90000025: PostgreSQLDialect does not need to be specified explicitly using 'hibernate.dialect' (remove the property setting and it will be selected by default)
2024-05-31 11:48:26,550 INFO o.h.e.t.j.p.i.JtaPlatformInitiator [main] HHH000489: No JTA platform available (set 'hibernate.transaction.jta.platform' to enable JTA platform integration)
2024-05-31 11:48:26,642 INFO o.s.o.j.AbstractEntityManagerFactoryBean [main] Initialized JPA EntityManagerFactory for persistence unit 'default'
2024-05-31 11:48:27,141 INFO o.s.d.j.r.q.QueryEnhancerFactory [main] Hibernate is in classpath; If applicable, HQL parser will be used.
2024-05-31 11:48:27,335 WARN o.s.b.a.o.j.JpaBaseConfiguration$JpaWebConfiguration [main] spring.jpa.open-in-view is enabled by default. Therefore, database queries may be performed during view rendering. Explicitly configure spring.jpa.open-in-view to disable this warning
2024-05-31 11:48:27,858 INFO o.s.s.w.DefaultSecurityFilterChain [main] Will secure any request with [org.springframework.security.web.session.DisableEncodeUrlFilter@59ebe484, org.springframework.security.web.context.request.async.WebAsyncManagerIntegrationFilter@7fd624f5, org.springframework.security.web.context.SecurityContextHolderFilter@3a034950, org.springframework.security.web.header.HeaderWriterFilter@628d6320, org.springframework.web.filter.CorsFilter@1cafb30, org.springframework.security.web.authentication.logout.LogoutFilter@17796f47, org.springframework.security.oauth2.client.web.OAuth2AuthorizationRequestRedirectFilter@7a6078d, org.springframework.security.oauth2.client.web.OAuth2LoginAuthenticationFilter@7b1bb01c, com.example.binarfud.security.jwt.JwtAuthTokenFilter@56bf6f1e, org.springframework.security.web.authentication.UsernamePasswordAuthenticationFilter@7c424dfe, org.springframework.security.web.authentication.ui.DefaultLoginPageGeneratingFilter@5ec921f1, org.springframework.security.web.authentication.ui.DefaultLogoutPageGeneratingFilter@5cc28282, org.springframework.security.web.savedrequest.RequestCacheAwareFilter@38f7a20, org.springframework.security.web.servletapi.SecurityContextHolderAwareRequestFilter@2c39c520, org.springframework.security.web.authentication.AnonymousAuthenticationFilter@5a0b925a, org.springframework.security.web.access.ExceptionTranslationFilter@12e8ea81, org.springframework.security.web.access.intercept.AuthorizationFilter@735d7b99]
2024-05-31 11:48:28,175 INFO o.a.j.l.DirectJDKLog [main] Starting ProtocolHandler ["http-nio-8080"]
2024-05-31 11:48:28,198 INFO o.s.b.w.e.t.TomcatWebServer [main] Tomcat started on port 8080 (http) with context path ''
2024-05-31 11:48:28,206 INFO o.s.b.StartupInfoLogger [main] Started BinarfudApplication in 5.652 seconds (process running for 5.954)
2024-05-31 11:48:30,516 INFO o.a.j.l.DirectJDKLog [http-nio-8080-exec-1] Initializing Spring DispatcherServlet 'dispatcherServlet'
2024-05-31 11:48:30,516 INFO o.s.w.s.FrameworkServlet [http-nio-8080-exec-1] Initializing Servlet 'dispatcherServlet'
2024-05-31 11:48:30,517 INFO o.s.w.s.FrameworkServlet [http-nio-8080-exec-1] Completed initialization in 1 ms
2024-05-31 11:48:50,211 INFO o.s.a.AbstractOpenApiResource [http-nio-8080-exec-4] Init duration for springdoc-openapi is: 2459 ms
