2024-06-24 22:35:25,798 INFO o.s.b.StartupInfoLogger [main] Starting BinarfudApplication using Java 21.0.2 with PID 14952 (E:\Documents\Bootcamp\Synrgy batch 7 - Java Backend\synergy7\F-BJV24001115-synergy7-mic-binfood-ch8\target\classes started by M1ch3 in E:\Documents\Bootcamp\Synrgy batch 7 - Java Backend\synergy7\F-BJV24001115-synergy7-mic-binfood-ch8)
2024-06-24 22:35:25,803 INFO o.s.b.SpringApplication [main] No active profile set, falling back to 1 default profile: "default"
2024-06-24 22:35:26,704 INFO o.s.d.r.c.RepositoryConfigurationDelegate [main] Bootstrapping Spring Data JPA repositories in DEFAULT mode.
2024-06-24 22:35:26,767 INFO o.s.d.r.c.RepositoryConfigurationDelegate [main] Finished Spring Data repository scanning in 59 ms. Found 6 JPA repository interfaces.
2024-06-24 22:35:27,570 INFO o.s.b.w.e.t.TomcatWebServer [main] Tomcat initialized with port 8080 (http)
2024-06-24 22:35:27,595 INFO o.a.j.l.DirectJDKLog [main] Initializing ProtocolHandler ["http-nio-8080"]
2024-06-24 22:35:27,601 INFO o.a.j.l.DirectJDKLog [main] Starting service [Tomcat]
2024-06-24 22:35:27,602 INFO o.a.j.l.DirectJDKLog [main] Starting Servlet engine: [Apache Tomcat/10.1.20]
2024-06-24 22:35:27,702 INFO o.a.j.l.DirectJDKLog [main] Initializing Spring embedded WebApplicationContext
2024-06-24 22:35:27,703 INFO o.s.b.w.s.c.ServletWebServerApplicationContext [main] Root WebApplicationContext: initialization completed in 1855 ms
2024-06-24 22:35:27,986 INFO o.h.j.i.u.LogHelper [main] HHH000204: Processing PersistenceUnitInfo [name: default]
2024-06-24 22:35:28,097 INFO o.h.Version [main] HHH000412: Hibernate ORM core version 6.4.4.Final
2024-06-24 22:35:28,120 INFO o.h.c.i.RegionFactoryInitiator [main] HHH000026: Second-level cache disabled
2024-06-24 22:35:28,325 INFO o.s.o.j.p.SpringPersistenceUnitInfo [main] No LoadTimeWeaver setup: ignoring JPA class transformer
2024-06-24 22:35:28,351 INFO c.z.h.HikariDataSource [main] HikariPool-1 - Starting...
2024-06-24 22:35:30,704 INFO c.z.h.p.HikariPool [main] HikariPool-1 - Added connection org.postgresql.jdbc.PgConnection@356341c9
2024-06-24 22:35:30,705 INFO c.z.h.HikariDataSource [main] HikariPool-1 - Start completed.
2024-06-24 22:35:30,746 WARN o.h.e.j.d.i.DialectFactoryImpl [main] HHH90000025: PostgreSQLDialect does not need to be specified explicitly using 'hibernate.dialect' (remove the property setting and it will be selected by default)
2024-06-24 22:35:31,566 INFO o.h.e.t.j.p.i.JtaPlatformInitiator [main] HHH000489: No JTA platform available (set 'hibernate.transaction.jta.platform' to enable JTA platform integration)
2024-06-24 22:35:31,696 INFO o.s.o.j.AbstractEntityManagerFactoryBean [main] Initialized JPA EntityManagerFactory for persistence unit 'default'
2024-06-24 22:35:32,196 INFO o.s.d.j.r.q.QueryEnhancerFactory [main] Hibernate is in classpath; If applicable, HQL parser will be used.
2024-06-24 22:35:32,531 WARN o.s.b.a.o.j.JpaBaseConfiguration$JpaWebConfiguration [main] spring.jpa.open-in-view is enabled by default. Therefore, database queries may be performed during view rendering. Explicitly configure spring.jpa.open-in-view to disable this warning
2024-06-24 22:35:32,905 INFO o.s.s.w.DefaultSecurityFilterChain [main] Will secure any request with [org.springframework.security.web.session.DisableEncodeUrlFilter@7413c41, org.springframework.security.web.context.request.async.WebAsyncManagerIntegrationFilter@4177d427, org.springframework.security.web.context.SecurityContextHolderFilter@258ff54a, org.springframework.security.web.header.HeaderWriterFilter@7f514dfe, org.springframework.web.filter.CorsFilter@b89cbf9, org.springframework.security.web.authentication.logout.LogoutFilter@381db99e, org.springframework.security.oauth2.client.web.OAuth2AuthorizationRequestRedirectFilter@6cb59aa, org.springframework.security.oauth2.client.web.OAuth2LoginAuthenticationFilter@63b4a896, com.example.binarfud.security.jwt.JwtAuthTokenFilter@43a72f0f, org.springframework.security.web.authentication.UsernamePasswordAuthenticationFilter@69c7fe78, org.springframework.security.web.authentication.ui.DefaultLoginPageGeneratingFilter@2f271ae2, org.springframework.security.web.authentication.ui.DefaultLogoutPageGeneratingFilter@2f318251, org.springframework.security.web.savedrequest.RequestCacheAwareFilter@77d03738, org.springframework.security.web.servletapi.SecurityContextHolderAwareRequestFilter@566dc0c3, org.springframework.security.web.authentication.AnonymousAuthenticationFilter@219c10c2, org.springframework.security.web.access.ExceptionTranslationFilter@47fb30ca, org.springframework.security.web.access.intercept.AuthorizationFilter@6f55aef7]
2024-06-24 22:35:33,236 INFO o.a.j.l.DirectJDKLog [main] Starting ProtocolHandler ["http-nio-8080"]
2024-06-24 22:35:33,247 WARN o.s.c.s.AbstractApplicationContext [main] Exception encountered during context initialization - cancelling refresh attempt: org.springframework.context.ApplicationContextException: Failed to start bean 'webServerStartStop'
2024-06-24 22:35:33,250 INFO o.s.o.j.AbstractEntityManagerFactoryBean [main] Closing JPA EntityManagerFactory for persistence unit 'default'
2024-06-24 22:35:33,252 INFO c.z.h.HikariDataSource [main] HikariPool-1 - Shutdown initiated...
2024-06-24 22:35:33,258 INFO c.z.h.HikariDataSource [main] HikariPool-1 - Shutdown completed.
2024-06-24 22:35:33,269 INFO o.s.b.a.l.ConditionEvaluationReportLogger [main] 

Error starting ApplicationContext. To display the condition evaluation report re-run your application with 'debug' enabled.
2024-06-24 22:35:33,290 ERROR o.s.b.d.LoggingFailureAnalysisReporter [main] 

***************************
APPLICATION FAILED TO START
***************************

Description:

Web server failed to start. Port 8080 was already in use.

Action:

Identify and stop the process that's listening on port 8080 or configure this application to listen on another port.

