2024-05-31 22:13:21,955 INFO o.s.o.j.AbstractEntityManagerFactoryBean [SpringApplicationShutdownHook] Closing JPA EntityManagerFactory for persistence unit 'default'
2024-05-31 22:13:21,959 INFO c.z.h.HikariDataSource [SpringApplicationShutdownHook] HikariPool-1 - Shutdown initiated...
2024-05-31 22:13:22,247 INFO c.z.h.HikariDataSource [SpringApplicationShutdownHook] HikariPool-1 - Shutdown completed.
2024-05-31 22:13:26,380 INFO o.s.b.StartupInfoLogger [main] Starting BinarfudApplication using Java 21.0.2 with PID 22004 (E:\Documents\Bootcamp\Synrgy batch 7 - Java Backend\synergy7\F-BJV24001115-synergy7-mic-binfood-ch6\target\classes started by M1ch3 in E:\Documents\Bootcamp\Synrgy batch 7 - Java Backend\synergy7\F-BJV24001115-synergy7-mic-binfood-ch6)
2024-05-31 22:13:26,392 INFO o.s.b.SpringApplication [main] No active profile set, falling back to 1 default profile: "default"
2024-05-31 22:13:27,511 INFO o.s.d.r.c.RepositoryConfigurationDelegate [main] Bootstrapping Spring Data JPA repositories in DEFAULT mode.
2024-05-31 22:13:27,608 INFO o.s.d.r.c.RepositoryConfigurationDelegate [main] Finished Spring Data repository scanning in 87 ms. Found 6 JPA repository interfaces.
2024-05-31 22:13:28,553 INFO o.s.b.w.e.t.TomcatWebServer [main] Tomcat initialized with port 8080 (http)
2024-05-31 22:13:28,582 INFO o.a.j.l.DirectJDKLog [main] Initializing ProtocolHandler ["http-nio-8080"]
2024-05-31 22:13:28,591 INFO o.a.j.l.DirectJDKLog [main] Starting service [Tomcat]
2024-05-31 22:13:28,592 INFO o.a.j.l.DirectJDKLog [main] Starting Servlet engine: [Apache Tomcat/10.1.20]
2024-05-31 22:13:28,731 INFO o.a.j.l.DirectJDKLog [main] Initializing Spring embedded WebApplicationContext
2024-05-31 22:13:28,732 INFO o.s.b.w.s.c.ServletWebServerApplicationContext [main] Root WebApplicationContext: initialization completed in 2286 ms
2024-05-31 22:13:29,103 INFO o.h.j.i.u.LogHelper [main] HHH000204: Processing PersistenceUnitInfo [name: default]
2024-05-31 22:13:29,241 INFO o.h.Version [main] HHH000412: Hibernate ORM core version 6.4.4.Final
2024-05-31 22:13:29,284 INFO o.h.c.i.RegionFactoryInitiator [main] HHH000026: Second-level cache disabled
2024-05-31 22:13:29,578 INFO o.s.o.j.p.SpringPersistenceUnitInfo [main] No LoadTimeWeaver setup: ignoring JPA class transformer
2024-05-31 22:13:29,611 INFO c.z.h.HikariDataSource [main] HikariPool-1 - Starting...
2024-05-31 22:13:31,892 INFO c.z.h.p.HikariPool [main] HikariPool-1 - Added connection org.postgresql.jdbc.PgConnection@62158991
2024-05-31 22:13:31,894 INFO c.z.h.HikariDataSource [main] HikariPool-1 - Start completed.
2024-05-31 22:13:32,111 WARN o.h.e.j.d.i.DialectFactoryImpl [main] HHH90000025: PostgreSQLDialect does not need to be specified explicitly using 'hibernate.dialect' (remove the property setting and it will be selected by default)
2024-05-31 22:13:33,394 INFO o.h.e.t.j.p.i.JtaPlatformInitiator [main] HHH000489: No JTA platform available (set 'hibernate.transaction.jta.platform' to enable JTA platform integration)
2024-05-31 22:13:38,558 INFO o.s.o.j.AbstractEntityManagerFactoryBean [main] Initialized JPA EntityManagerFactory for persistence unit 'default'
2024-05-31 22:13:39,075 INFO o.s.d.j.r.q.QueryEnhancerFactory [main] Hibernate is in classpath; If applicable, HQL parser will be used.
2024-05-31 22:13:39,352 WARN o.s.b.a.o.j.JpaBaseConfiguration$JpaWebConfiguration [main] spring.jpa.open-in-view is enabled by default. Therefore, database queries may be performed during view rendering. Explicitly configure spring.jpa.open-in-view to disable this warning
2024-05-31 22:13:39,939 INFO o.s.s.w.DefaultSecurityFilterChain [main] Will secure any request with [org.springframework.security.web.session.DisableEncodeUrlFilter@32ae890, org.springframework.security.web.context.request.async.WebAsyncManagerIntegrationFilter@45bb502f, org.springframework.security.web.context.SecurityContextHolderFilter@22c4151b, org.springframework.security.web.header.HeaderWriterFilter@38a6ca39, org.springframework.web.filter.CorsFilter@7aac6d13, org.springframework.security.web.authentication.logout.LogoutFilter@565fa7d2, org.springframework.security.oauth2.client.web.OAuth2AuthorizationRequestRedirectFilter@19e67cc2, org.springframework.security.oauth2.client.web.OAuth2LoginAuthenticationFilter@30eed725, com.example.binarfud.security.jwt.JwtAuthTokenFilter@268f126f, org.springframework.security.web.authentication.UsernamePasswordAuthenticationFilter@d41518b, org.springframework.security.web.authentication.ui.DefaultLoginPageGeneratingFilter@f5b81f4, org.springframework.security.web.authentication.ui.DefaultLogoutPageGeneratingFilter@7e34e466, org.springframework.security.web.savedrequest.RequestCacheAwareFilter@3be88cbf, org.springframework.security.web.servletapi.SecurityContextHolderAwareRequestFilter@46cb9794, org.springframework.security.web.authentication.AnonymousAuthenticationFilter@2a8eed58, org.springframework.security.web.access.ExceptionTranslationFilter@5e352e3a, org.springframework.security.web.access.intercept.AuthorizationFilter@6a28d987]
2024-05-31 22:13:40,415 INFO o.a.j.l.DirectJDKLog [main] Starting ProtocolHandler ["http-nio-8080"]
2024-05-31 22:13:40,433 INFO o.s.b.w.e.t.TomcatWebServer [main] Tomcat started on port 8080 (http) with context path ''
2024-05-31 22:13:40,444 INFO o.s.b.StartupInfoLogger [main] Started BinarfudApplication in 14.687 seconds (process running for 15.131)
2024-05-31 22:13:47,374 INFO o.a.j.l.DirectJDKLog [http-nio-8080-exec-1] Initializing Spring DispatcherServlet 'dispatcherServlet'
2024-05-31 22:13:47,374 INFO o.s.w.s.FrameworkServlet [http-nio-8080-exec-1] Initializing Servlet 'dispatcherServlet'
2024-05-31 22:13:47,378 INFO o.s.w.s.FrameworkServlet [http-nio-8080-exec-1] Completed initialization in 4 ms
