2024-05-02 09:10:43,480 INFO o.s.b.StartupInfoLogger [main] Starting BinarfudApplication using Java 21.0.2 with PID 17216 (E:\Documents\Bootcamp\Synrgy batch 7 - Java Backend\synergy7\F-BJV24001115-synergy7-mic-binfood-ch4\target\classes started by M1ch3 in E:\Documents\Bootcamp\Synrgy batch 7 - Java Backend\synergy7\F-BJV24001115-synergy7-mic-binfood-ch4)
2024-05-02 09:10:43,484 INFO o.s.b.SpringApplication [main] No active profile set, falling back to 1 default profile: "default"
2024-05-02 09:10:44,058 INFO o.s.d.r.c.RepositoryConfigurationDelegate [main] Bootstrapping Spring Data JPA repositories in DEFAULT mode.
2024-05-02 09:10:44,114 INFO o.s.d.r.c.RepositoryConfigurationDelegate [main] Finished Spring Data repository scanning in 51 ms. Found 5 JPA repository interfaces.
2024-05-02 09:10:44,668 INFO o.s.b.w.e.t.TomcatWebServer [main] Tomcat initialized with port 8085 (http)
2024-05-02 09:10:44,683 INFO o.a.j.l.DirectJDKLog [main] Initializing ProtocolHandler ["http-nio-8085"]
2024-05-02 09:10:44,687 INFO o.a.j.l.DirectJDKLog [main] Starting service [Tomcat]
2024-05-02 09:10:44,687 INFO o.a.j.l.DirectJDKLog [main] Starting Servlet engine: [Apache Tomcat/10.1.20]
2024-05-02 09:10:44,758 INFO o.a.j.l.DirectJDKLog [main] Initializing Spring embedded WebApplicationContext
2024-05-02 09:10:44,759 INFO o.s.b.w.s.c.ServletWebServerApplicationContext [main] Root WebApplicationContext: initialization completed in 1243 ms
2024-05-02 09:10:44,895 INFO c.z.h.HikariDataSource [main] HikariPool-1 - Starting...
2024-05-02 09:10:45,054 INFO c.z.h.p.HikariPool [main] HikariPool-1 - Added connection org.postgresql.jdbc.PgConnection@3e046e39
2024-05-02 09:10:45,056 INFO c.z.h.HikariDataSource [main] HikariPool-1 - Start completed.
2024-05-02 09:10:45,089 INFO o.h.j.i.u.LogHelper [main] HHH000204: Processing PersistenceUnitInfo [name: default]
2024-05-02 09:10:45,129 INFO o.h.Version [main] HHH000412: Hibernate ORM core version 6.4.4.Final
2024-05-02 09:10:45,175 INFO o.h.c.i.RegionFactoryInitiator [main] HHH000026: Second-level cache disabled
2024-05-02 09:10:45,412 INFO o.s.o.j.p.SpringPersistenceUnitInfo [main] No LoadTimeWeaver setup: ignoring JPA class transformer
2024-05-02 09:10:45,459 WARN o.h.e.j.d.i.DialectFactoryImpl [main] HHH90000025: PostgreSQLDialect does not need to be specified explicitly using 'hibernate.dialect' (remove the property setting and it will be selected by default)
2024-05-02 09:10:46,152 INFO o.h.e.t.j.p.i.JtaPlatformInitiator [main] HHH000489: No JTA platform available (set 'hibernate.transaction.jta.platform' to enable JTA platform integration)
2024-05-02 09:10:46,154 INFO o.s.o.j.AbstractEntityManagerFactoryBean [main] Initialized JPA EntityManagerFactory for persistence unit 'default'
2024-05-02 09:10:46,536 INFO o.s.d.j.r.q.QueryEnhancerFactory [main] Hibernate is in classpath; If applicable, HQL parser will be used.
2024-05-02 09:10:47,022 WARN o.s.b.a.o.j.JpaBaseConfiguration$JpaWebConfiguration [main] spring.jpa.open-in-view is enabled by default. Therefore, database queries may be performed during view rendering. Explicitly configure spring.jpa.open-in-view to disable this warning
2024-05-02 09:10:47,436 INFO o.a.j.l.DirectJDKLog [main] Starting ProtocolHandler ["http-nio-8085"]
2024-05-02 09:10:47,471 INFO o.s.b.w.e.t.TomcatWebServer [main] Tomcat started on port 8085 (http) with context path ''
2024-05-02 09:10:47,478 INFO o.s.b.StartupInfoLogger [main] Started BinarfudApplication in 4.452 seconds (process running for 4.741)
2024-05-02 09:10:47,617 INFO o.s.b.StartupInfoLogger [main] Starting BinarfudApplication using Java 21.0.2 with PID 17216 (E:\Documents\Bootcamp\Synrgy batch 7 - Java Backend\synergy7\F-BJV24001115-synergy7-mic-binfood-ch4\target\classes started by M1ch3 in E:\Documents\Bootcamp\Synrgy batch 7 - Java Backend\synergy7\F-BJV24001115-synergy7-mic-binfood-ch4)
2024-05-02 09:10:47,617 INFO o.s.b.SpringApplication [main] No active profile set, falling back to 1 default profile: "default"
2024-05-02 09:10:47,722 INFO o.s.d.r.c.RepositoryConfigurationDelegate [main] Bootstrapping Spring Data JPA repositories in DEFAULT mode.
2024-05-02 09:10:47,731 INFO o.s.d.r.c.RepositoryConfigurationDelegate [main] Finished Spring Data repository scanning in 8 ms. Found 5 JPA repository interfaces.
2024-05-02 09:10:47,781 INFO o.s.b.w.e.t.TomcatWebServer [main] Tomcat initialized with port 8085 (http)
2024-05-02 09:10:47,783 INFO o.a.j.l.DirectJDKLog [main] Initializing ProtocolHandler ["http-nio-8085"]
2024-05-02 09:10:47,784 INFO o.a.j.l.DirectJDKLog [main] Starting service [Tomcat]
2024-05-02 09:10:47,785 INFO o.a.j.l.DirectJDKLog [main] Starting Servlet engine: [Apache Tomcat/10.1.20]
2024-05-02 09:10:47,802 INFO o.a.j.l.DirectJDKLog [main] Initializing Spring embedded WebApplicationContext
2024-05-02 09:10:47,802 INFO o.s.b.w.s.c.ServletWebServerApplicationContext [main] Root WebApplicationContext: initialization completed in 183 ms
2024-05-02 09:10:47,830 INFO c.z.h.HikariDataSource [main] HikariPool-2 - Starting...
2024-05-02 09:10:47,857 INFO c.z.h.p.HikariPool [main] HikariPool-2 - Added connection org.postgresql.jdbc.PgConnection@7e49ab66
2024-05-02 09:10:47,857 INFO c.z.h.HikariDataSource [main] HikariPool-2 - Start completed.
2024-05-02 09:10:47,858 INFO o.h.j.i.u.LogHelper [main] HHH000204: Processing PersistenceUnitInfo [name: default]
2024-05-02 09:10:47,860 INFO o.h.c.i.RegionFactoryInitiator [main] HHH000026: Second-level cache disabled
2024-05-02 09:10:47,866 INFO o.s.o.j.p.SpringPersistenceUnitInfo [main] No LoadTimeWeaver setup: ignoring JPA class transformer
2024-05-02 09:10:47,873 WARN o.h.e.j.d.i.DialectFactoryImpl [main] HHH90000025: PostgreSQLDialect does not need to be specified explicitly using 'hibernate.dialect' (remove the property setting and it will be selected by default)
2024-05-02 09:10:47,940 INFO o.h.e.t.j.p.i.JtaPlatformInitiator [main] HHH000489: No JTA platform available (set 'hibernate.transaction.jta.platform' to enable JTA platform integration)
2024-05-02 09:10:47,940 INFO o.s.o.j.AbstractEntityManagerFactoryBean [main] Initialized JPA EntityManagerFactory for persistence unit 'default'
2024-05-02 09:10:48,007 WARN o.s.b.a.o.j.JpaBaseConfiguration$JpaWebConfiguration [main] spring.jpa.open-in-view is enabled by default. Therefore, database queries may be performed during view rendering. Explicitly configure spring.jpa.open-in-view to disable this warning
2024-05-02 09:10:48,070 INFO o.a.j.l.DirectJDKLog [main] Starting ProtocolHandler ["http-nio-8085"]
2024-05-02 09:10:48,078 WARN o.s.c.s.AbstractApplicationContext [main] Exception encountered during context initialization - cancelling refresh attempt: org.springframework.context.ApplicationContextException: Failed to start bean 'webServerStartStop'
2024-05-02 09:10:48,079 INFO o.s.o.j.AbstractEntityManagerFactoryBean [main] Closing JPA EntityManagerFactory for persistence unit 'default'
2024-05-02 09:10:48,082 INFO c.z.h.HikariDataSource [main] HikariPool-2 - Shutdown initiated...
2024-05-02 09:10:48,107 INFO c.z.h.HikariDataSource [main] HikariPool-2 - Shutdown completed.
2024-05-02 09:10:48,119 INFO o.s.b.a.l.ConditionEvaluationReportLogger [main] 

Error starting ApplicationContext. To display the condition evaluation report re-run your application with 'debug' enabled.
2024-05-02 09:10:48,156 ERROR o.s.b.d.LoggingFailureAnalysisReporter [main] 

***************************
APPLICATION FAILED TO START
***************************

Description:

Web server failed to start. Port 8085 was already in use.

Action:

Identify and stop the process that's listening on port 8085 or configure this application to listen on another port.

2024-05-02 09:11:20,749 INFO o.s.o.j.AbstractEntityManagerFactoryBean [SpringApplicationShutdownHook] Closing JPA EntityManagerFactory for persistence unit 'default'
2024-05-02 09:11:20,750 INFO c.z.h.HikariDataSource [SpringApplicationShutdownHook] HikariPool-1 - Shutdown initiated...
2024-05-02 09:11:20,753 INFO c.z.h.HikariDataSource [SpringApplicationShutdownHook] HikariPool-1 - Shutdown completed.
