2024-05-31 23:20:14,335 INFO o.s.o.j.AbstractEntityManagerFactoryBean [SpringApplicationShutdownHook] Closing JPA EntityManagerFactory for persistence unit 'default'
2024-05-31 23:20:14,341 INFO c.z.h.HikariDataSource [SpringApplicationShutdownHook] HikariPool-1 - Shutdown initiated...
2024-05-31 23:20:14,455 INFO c.z.h.HikariDataSource [SpringApplicationShutdownHook] HikariPool-1 - Shutdown completed.
2024-05-31 23:20:18,205 INFO o.s.b.StartupInfoLogger [main] Starting BinarfudApplication using Java 21.0.2 with PID 25276 (E:\Documents\Bootcamp\Synrgy batch 7 - Java Backend\synergy7\F-BJV24001115-synergy7-mic-binfood-ch6\target\classes started by M1ch3 in E:\Documents\Bootcamp\Synrgy batch 7 - Java Backend\synergy7\F-BJV24001115-synergy7-mic-binfood-ch6)
2024-05-31 23:20:18,209 INFO o.s.b.SpringApplication [main] No active profile set, falling back to 1 default profile: "default"
2024-05-31 23:20:19,355 INFO o.s.d.r.c.RepositoryConfigurationDelegate [main] Bootstrapping Spring Data JPA repositories in DEFAULT mode.
2024-05-31 23:20:19,436 INFO o.s.d.r.c.RepositoryConfigurationDelegate [main] Finished Spring Data repository scanning in 72 ms. Found 6 JPA repository interfaces.
2024-05-31 23:20:20,445 INFO o.s.b.w.e.t.TomcatWebServer [main] Tomcat initialized with port 8080 (http)
2024-05-31 23:20:20,473 INFO o.a.j.l.DirectJDKLog [main] Initializing ProtocolHandler ["http-nio-8080"]
2024-05-31 23:20:20,483 INFO o.a.j.l.DirectJDKLog [main] Starting service [Tomcat]
2024-05-31 23:20:20,484 INFO o.a.j.l.DirectJDKLog [main] Starting Servlet engine: [Apache Tomcat/10.1.20]
2024-05-31 23:20:20,635 INFO o.a.j.l.DirectJDKLog [main] Initializing Spring embedded WebApplicationContext
2024-05-31 23:20:20,638 INFO o.s.b.w.s.c.ServletWebServerApplicationContext [main] Root WebApplicationContext: initialization completed in 2383 ms
2024-05-31 23:20:21,027 INFO o.h.j.i.u.LogHelper [main] HHH000204: Processing PersistenceUnitInfo [name: default]
2024-05-31 23:20:21,163 INFO o.h.Version [main] HHH000412: Hibernate ORM core version 6.4.4.Final
2024-05-31 23:20:21,214 INFO o.h.c.i.RegionFactoryInitiator [main] HHH000026: Second-level cache disabled
2024-05-31 23:20:21,506 INFO o.s.o.j.p.SpringPersistenceUnitInfo [main] No LoadTimeWeaver setup: ignoring JPA class transformer
2024-05-31 23:20:21,542 INFO c.z.h.HikariDataSource [main] HikariPool-1 - Starting...
2024-05-31 23:20:23,753 INFO c.z.h.p.HikariPool [main] HikariPool-1 - Added connection org.postgresql.jdbc.PgConnection@2328ec73
2024-05-31 23:20:23,755 INFO c.z.h.HikariDataSource [main] HikariPool-1 - Start completed.
2024-05-31 23:20:23,945 WARN o.h.e.j.d.i.DialectFactoryImpl [main] HHH90000025: PostgreSQLDialect does not need to be specified explicitly using 'hibernate.dialect' (remove the property setting and it will be selected by default)
2024-05-31 23:20:25,417 INFO o.h.e.t.j.p.i.JtaPlatformInitiator [main] HHH000489: No JTA platform available (set 'hibernate.transaction.jta.platform' to enable JTA platform integration)
2024-05-31 23:20:30,749 INFO o.s.o.j.AbstractEntityManagerFactoryBean [main] Initialized JPA EntityManagerFactory for persistence unit 'default'
2024-05-31 23:20:31,443 INFO o.s.d.j.r.q.QueryEnhancerFactory [main] Hibernate is in classpath; If applicable, HQL parser will be used.
2024-05-31 23:20:31,769 WARN o.s.b.a.o.j.JpaBaseConfiguration$JpaWebConfiguration [main] spring.jpa.open-in-view is enabled by default. Therefore, database queries may be performed during view rendering. Explicitly configure spring.jpa.open-in-view to disable this warning
2024-05-31 23:20:32,639 INFO o.s.s.w.DefaultSecurityFilterChain [main] Will secure any request with [org.springframework.security.web.session.DisableEncodeUrlFilter@60eb9c29, org.springframework.security.web.context.request.async.WebAsyncManagerIntegrationFilter@51bba775, org.springframework.security.web.context.SecurityContextHolderFilter@42102827, org.springframework.security.web.header.HeaderWriterFilter@2cf6dd4d, org.springframework.web.filter.CorsFilter@3e7935f1, org.springframework.security.web.authentication.logout.LogoutFilter@6e98fd10, org.springframework.security.oauth2.client.web.OAuth2AuthorizationRequestRedirectFilter@49620576, org.springframework.security.oauth2.client.web.OAuth2LoginAuthenticationFilter@3a917e07, com.example.binarfud.security.jwt.JwtAuthTokenFilter@3b48361e, org.springframework.security.web.authentication.UsernamePasswordAuthenticationFilter@18d963be, org.springframework.security.web.authentication.ui.DefaultLoginPageGeneratingFilter@5b9ed77b, org.springframework.security.web.authentication.ui.DefaultLogoutPageGeneratingFilter@3c2188b0, org.springframework.security.web.savedrequest.RequestCacheAwareFilter@6d4062fd, org.springframework.security.web.servletapi.SecurityContextHolderAwareRequestFilter@4b024fb2, org.springframework.security.web.authentication.AnonymousAuthenticationFilter@9751c9, org.springframework.security.web.access.ExceptionTranslationFilter@2a8eed58, org.springframework.security.web.access.intercept.AuthorizationFilter@5a0c0680]
2024-05-31 23:20:33,451 INFO o.a.j.l.DirectJDKLog [main] Starting ProtocolHandler ["http-nio-8080"]
2024-05-31 23:20:33,501 INFO o.s.b.w.e.t.TomcatWebServer [main] Tomcat started on port 8080 (http) with context path ''
2024-05-31 23:20:33,515 INFO o.s.b.StartupInfoLogger [main] Started BinarfudApplication in 15.983 seconds (process running for 16.431)
2024-05-31 23:20:40,768 INFO o.a.j.l.DirectJDKLog [http-nio-8080-exec-1] Initializing Spring DispatcherServlet 'dispatcherServlet'
2024-05-31 23:20:40,768 INFO o.s.w.s.FrameworkServlet [http-nio-8080-exec-1] Initializing Servlet 'dispatcherServlet'
2024-05-31 23:20:40,770 INFO o.s.w.s.FrameworkServlet [http-nio-8080-exec-1] Completed initialization in 1 ms
2024-05-31 23:20:50,888 INFO o.s.a.AbstractOpenApiResource [http-nio-8080-exec-8] Init duration for springdoc-openapi is: 3261 ms
