2024-05-31 14:23:39,282 INFO o.s.o.j.AbstractEntityManagerFactoryBean [SpringApplicationShutdownHook] Closing JPA EntityManagerFactory for persistence unit 'default'
2024-05-31 14:23:39,287 INFO c.z.h.HikariDataSource [SpringApplicationShutdownHook] HikariPool-1 - Shutdown initiated...
2024-05-31 14:23:39,301 INFO c.z.h.HikariDataSource [SpringApplicationShutdownHook] HikariPool-1 - Shutdown completed.
2024-05-31 14:23:42,640 INFO o.s.b.StartupInfoLogger [main] Starting BinarfudApplication using Java 21.0.2 with PID 28740 (E:\Documents\Bootcamp\Synrgy batch 7 - Java Backend\synergy7\F-BJV24001115-synergy7-mic-binfood-ch6\target\classes started by M1ch3 in E:\Documents\Bootcamp\Synrgy batch 7 - Java Backend\synergy7\F-BJV24001115-synergy7-mic-binfood-ch6)
2024-05-31 14:23:42,642 INFO o.s.b.SpringApplication [main] No active profile set, falling back to 1 default profile: "default"
2024-05-31 14:23:43,366 INFO o.s.d.r.c.RepositoryConfigurationDelegate [main] Bootstrapping Spring Data JPA repositories in DEFAULT mode.
2024-05-31 14:23:43,435 INFO o.s.d.r.c.RepositoryConfigurationDelegate [main] Finished Spring Data repository scanning in 64 ms. Found 6 JPA repository interfaces.
2024-05-31 14:23:43,990 INFO o.s.b.w.e.t.TomcatWebServer [main] Tomcat initialized with port 8080 (http)
2024-05-31 14:23:44,002 INFO o.a.j.l.DirectJDKLog [main] Initializing ProtocolHandler ["http-nio-8080"]
2024-05-31 14:23:44,006 INFO o.a.j.l.DirectJDKLog [main] Starting service [Tomcat]
2024-05-31 14:23:44,006 INFO o.a.j.l.DirectJDKLog [main] Starting Servlet engine: [Apache Tomcat/10.1.20]
2024-05-31 14:23:44,082 INFO o.a.j.l.DirectJDKLog [main] Initializing Spring embedded WebApplicationContext
2024-05-31 14:23:44,083 INFO o.s.b.w.s.c.ServletWebServerApplicationContext [main] Root WebApplicationContext: initialization completed in 1407 ms
2024-05-31 14:23:44,226 INFO o.h.j.i.u.LogHelper [main] HHH000204: Processing PersistenceUnitInfo [name: default]
2024-05-31 14:23:44,291 INFO o.h.Version [main] HHH000412: Hibernate ORM core version 6.4.4.Final
2024-05-31 14:23:44,321 INFO o.h.c.i.RegionFactoryInitiator [main] HHH000026: Second-level cache disabled
2024-05-31 14:23:44,526 INFO o.s.o.j.p.SpringPersistenceUnitInfo [main] No LoadTimeWeaver setup: ignoring JPA class transformer
2024-05-31 14:23:44,559 INFO c.z.h.HikariDataSource [main] HikariPool-1 - Starting...
2024-05-31 14:23:44,701 INFO c.z.h.p.HikariPool [main] HikariPool-1 - Added connection org.postgresql.jdbc.PgConnection@652b3733
2024-05-31 14:23:44,703 INFO c.z.h.HikariDataSource [main] HikariPool-1 - Start completed.
2024-05-31 14:23:44,729 WARN o.h.e.j.d.i.DialectFactoryImpl [main] HHH90000025: PostgreSQLDialect does not need to be specified explicitly using 'hibernate.dialect' (remove the property setting and it will be selected by default)
2024-05-31 14:23:45,504 INFO o.h.e.t.j.p.i.JtaPlatformInitiator [main] HHH000489: No JTA platform available (set 'hibernate.transaction.jta.platform' to enable JTA platform integration)
2024-05-31 14:23:45,590 INFO o.s.o.j.AbstractEntityManagerFactoryBean [main] Initialized JPA EntityManagerFactory for persistence unit 'default'
2024-05-31 14:23:46,025 INFO o.s.d.j.r.q.QueryEnhancerFactory [main] Hibernate is in classpath; If applicable, HQL parser will be used.
2024-05-31 14:23:46,186 WARN o.s.b.a.o.j.JpaBaseConfiguration$JpaWebConfiguration [main] spring.jpa.open-in-view is enabled by default. Therefore, database queries may be performed during view rendering. Explicitly configure spring.jpa.open-in-view to disable this warning
2024-05-31 14:23:46,558 INFO o.s.s.w.DefaultSecurityFilterChain [main] Will secure any request with [org.springframework.security.web.session.DisableEncodeUrlFilter@6d4bb60f, org.springframework.security.web.context.request.async.WebAsyncManagerIntegrationFilter@29b61bb, org.springframework.security.web.context.SecurityContextHolderFilter@5350a926, org.springframework.security.web.header.HeaderWriterFilter@57fe6f2d, org.springframework.web.filter.CorsFilter@2fe152aa, org.springframework.security.web.authentication.logout.LogoutFilter@38f7a20, org.springframework.security.oauth2.client.web.OAuth2AuthorizationRequestRedirectFilter@16ac67e3, org.springframework.security.oauth2.client.web.OAuth2LoginAuthenticationFilter@6a90b5e8, com.example.binarfud.security.jwt.JwtAuthTokenFilter@923bf67, org.springframework.security.web.authentication.UsernamePasswordAuthenticationFilter@10ecf244, org.springframework.security.web.authentication.ui.DefaultLoginPageGeneratingFilter@4b0df349, org.springframework.security.web.authentication.ui.DefaultLogoutPageGeneratingFilter@6f959640, org.springframework.security.web.savedrequest.RequestCacheAwareFilter@7c046af, org.springframework.security.web.servletapi.SecurityContextHolderAwareRequestFilter@5c883b3f, org.springframework.security.web.authentication.AnonymousAuthenticationFilter@5fdebe73, org.springframework.security.web.access.ExceptionTranslationFilter@6d0cc47d, org.springframework.security.web.access.intercept.AuthorizationFilter@758e6acd]
2024-05-31 14:23:46,830 INFO o.a.j.l.DirectJDKLog [main] Starting ProtocolHandler ["http-nio-8080"]
2024-05-31 14:23:46,843 INFO o.s.b.w.e.t.TomcatWebServer [main] Tomcat started on port 8080 (http) with context path ''
2024-05-31 14:23:46,856 INFO o.s.b.StartupInfoLogger [main] Started BinarfudApplication in 4.677 seconds (process running for 5.014)
2024-05-31 14:24:03,319 INFO o.a.j.l.DirectJDKLog [http-nio-8080-exec-1] Initializing Spring DispatcherServlet 'dispatcherServlet'
2024-05-31 14:24:03,320 INFO o.s.w.s.FrameworkServlet [http-nio-8080-exec-1] Initializing Servlet 'dispatcherServlet'
2024-05-31 14:24:03,322 INFO o.s.w.s.FrameworkServlet [http-nio-8080-exec-1] Completed initialization in 1 ms
