2024-06-01 09:26:43,977 INFO o.s.b.StartupInfoLogger [main] Starting BinarfudApplication using Java 21.0.2 with PID 1908 (E:\Documents\Bootcamp\Synrgy batch 7 - Java Backend\synergy7\F-BJV24001115-synergy7-mic-binfood-ch6\target\classes started by M1ch3 in E:\Documents\Bootcamp\Synrgy batch 7 - Java Backend\synergy7\F-BJV24001115-synergy7-mic-binfood-ch6)
2024-06-01 09:26:43,986 INFO o.s.b.SpringApplication [main] No active profile set, falling back to 1 default profile: "default"
2024-06-01 09:26:45,878 INFO o.s.d.r.c.RepositoryConfigurationDelegate [main] Bootstrapping Spring Data JPA repositories in DEFAULT mode.
2024-06-01 09:26:45,993 INFO o.s.d.r.c.RepositoryConfigurationDelegate [main] Finished Spring Data repository scanning in 105 ms. Found 6 JPA repository interfaces.
2024-06-01 09:26:48,171 INFO o.s.b.w.e.t.TomcatWebServer [main] Tomcat initialized with port 8080 (http)
2024-06-01 09:26:48,217 INFO o.a.j.l.DirectJDKLog [main] Initializing ProtocolHandler ["http-nio-8080"]
2024-06-01 09:26:48,230 INFO o.a.j.l.DirectJDKLog [main] Starting service [Tomcat]
2024-06-01 09:26:48,230 INFO o.a.j.l.DirectJDKLog [main] Starting Servlet engine: [Apache Tomcat/10.1.20]
2024-06-01 09:26:48,436 INFO o.a.j.l.DirectJDKLog [main] Initializing Spring embedded WebApplicationContext
2024-06-01 09:26:48,436 INFO o.s.b.w.s.c.ServletWebServerApplicationContext [main] Root WebApplicationContext: initialization completed in 4365 ms
2024-06-01 09:26:48,967 INFO o.h.j.i.u.LogHelper [main] HHH000204: Processing PersistenceUnitInfo [name: default]
2024-06-01 09:26:49,099 INFO o.h.Version [main] HHH000412: Hibernate ORM core version 6.4.4.Final
2024-06-01 09:26:49,132 INFO o.h.c.i.RegionFactoryInitiator [main] HHH000026: Second-level cache disabled
2024-06-01 09:26:49,586 INFO o.s.o.j.p.SpringPersistenceUnitInfo [main] No LoadTimeWeaver setup: ignoring JPA class transformer
2024-06-01 09:26:49,663 INFO c.z.h.HikariDataSource [main] HikariPool-1 - Starting...
2024-06-01 09:26:52,189 INFO c.z.h.p.HikariPool [main] HikariPool-1 - Added connection org.postgresql.jdbc.PgConnection@42a05533
2024-06-01 09:26:52,192 INFO c.z.h.HikariDataSource [main] HikariPool-1 - Start completed.
2024-06-01 09:26:52,381 WARN o.h.e.j.d.i.DialectFactoryImpl [main] HHH90000025: PostgreSQLDialect does not need to be specified explicitly using 'hibernate.dialect' (remove the property setting and it will be selected by default)
2024-06-01 09:26:54,030 INFO o.h.e.t.j.p.i.JtaPlatformInitiator [main] HHH000489: No JTA platform available (set 'hibernate.transaction.jta.platform' to enable JTA platform integration)
2024-06-01 09:26:59,904 INFO o.s.o.j.AbstractEntityManagerFactoryBean [main] Initialized JPA EntityManagerFactory for persistence unit 'default'
2024-06-01 09:27:01,207 INFO o.s.d.j.r.q.QueryEnhancerFactory [main] Hibernate is in classpath; If applicable, HQL parser will be used.
2024-06-01 09:27:02,481 WARN o.s.b.a.o.j.JpaBaseConfiguration$JpaWebConfiguration [main] spring.jpa.open-in-view is enabled by default. Therefore, database queries may be performed during view rendering. Explicitly configure spring.jpa.open-in-view to disable this warning
2024-06-01 09:27:03,543 INFO o.s.s.w.DefaultSecurityFilterChain [main] Will secure any request with [org.springframework.security.web.session.DisableEncodeUrlFilter@19544627, org.springframework.security.web.context.request.async.WebAsyncManagerIntegrationFilter@5da20b76, org.springframework.security.web.context.SecurityContextHolderFilter@77e2a5d3, org.springframework.security.web.header.HeaderWriterFilter@1e6be9f0, org.springframework.web.filter.CorsFilter@7e7ee3b7, org.springframework.security.web.authentication.logout.LogoutFilter@7be2f512, org.springframework.security.oauth2.client.web.OAuth2AuthorizationRequestRedirectFilter@3220ffb, org.springframework.security.oauth2.client.web.OAuth2LoginAuthenticationFilter@5292d417, com.example.binarfud.security.jwt.JwtAuthTokenFilter@31d8352e, org.springframework.security.web.authentication.UsernamePasswordAuthenticationFilter@35fea0cd, org.springframework.security.web.authentication.ui.DefaultLoginPageGeneratingFilter@14b4caba, org.springframework.security.web.authentication.ui.DefaultLogoutPageGeneratingFilter@5d87c8af, org.springframework.security.web.savedrequest.RequestCacheAwareFilter@521e34d4, org.springframework.security.web.servletapi.SecurityContextHolderAwareRequestFilter@49c74506, org.springframework.security.web.authentication.AnonymousAuthenticationFilter@66d9c846, org.springframework.security.web.access.ExceptionTranslationFilter@27311c99, org.springframework.security.web.access.intercept.AuthorizationFilter@4ee41c66]
2024-06-01 09:27:04,150 INFO o.a.j.l.DirectJDKLog [main] Starting ProtocolHandler ["http-nio-8080"]
2024-06-01 09:27:04,166 INFO o.s.b.w.e.t.TomcatWebServer [main] Tomcat started on port 8080 (http) with context path ''
2024-06-01 09:27:04,179 INFO o.s.b.StartupInfoLogger [main] Started BinarfudApplication in 21.223 seconds (process running for 21.886)
2024-06-01 09:40:30,714 INFO o.s.o.j.AbstractEntityManagerFactoryBean [SpringApplicationShutdownHook] Closing JPA EntityManagerFactory for persistence unit 'default'
2024-06-01 09:40:30,720 INFO c.z.h.HikariDataSource [SpringApplicationShutdownHook] HikariPool-1 - Shutdown initiated...
2024-06-01 09:40:30,819 INFO c.z.h.HikariDataSource [SpringApplicationShutdownHook] HikariPool-1 - Shutdown completed.
