2024-05-31 20:09:57,512 INFO o.s.o.j.AbstractEntityManagerFactoryBean [SpringApplicationShutdownHook] Closing JPA EntityManagerFactory for persistence unit 'default'
2024-05-31 20:09:57,517 INFO c.z.h.HikariDataSource [SpringApplicationShutdownHook] HikariPool-1 - Shutdown initiated...
2024-05-31 20:09:57,586 INFO c.z.h.HikariDataSource [SpringApplicationShutdownHook] HikariPool-1 - Shutdown completed.
2024-05-31 20:10:01,477 INFO o.s.b.StartupInfoLogger [main] Starting BinarfudApplication using Java 21.0.2 with PID 22104 (E:\Documents\Bootcamp\Synrgy batch 7 - Java Backend\synergy7\F-BJV24001115-synergy7-mic-binfood-ch6\target\classes started by M1ch3 in E:\Documents\Bootcamp\Synrgy batch 7 - Java Backend\synergy7\F-BJV24001115-synergy7-mic-binfood-ch6)
2024-05-31 20:10:01,487 INFO o.s.b.SpringApplication [main] No active profile set, falling back to 1 default profile: "default"
2024-05-31 20:10:02,487 INFO o.s.d.r.c.RepositoryConfigurationDelegate [main] Bootstrapping Spring Data JPA repositories in DEFAULT mode.
2024-05-31 20:10:02,569 INFO o.s.d.r.c.RepositoryConfigurationDelegate [main] Finished Spring Data repository scanning in 77 ms. Found 6 JPA repository interfaces.
2024-05-31 20:10:03,569 INFO o.s.b.w.e.t.TomcatWebServer [main] Tomcat initialized with port 8080 (http)
2024-05-31 20:10:03,599 INFO o.a.j.l.DirectJDKLog [main] Initializing ProtocolHandler ["http-nio-8080"]
2024-05-31 20:10:03,604 INFO o.a.j.l.DirectJDKLog [main] Starting service [Tomcat]
2024-05-31 20:10:03,605 INFO o.a.j.l.DirectJDKLog [main] Starting Servlet engine: [Apache Tomcat/10.1.20]
2024-05-31 20:10:03,725 INFO o.a.j.l.DirectJDKLog [main] Initializing Spring embedded WebApplicationContext
2024-05-31 20:10:03,726 INFO o.s.b.w.s.c.ServletWebServerApplicationContext [main] Root WebApplicationContext: initialization completed in 2189 ms
2024-05-31 20:10:04,074 INFO o.h.j.i.u.LogHelper [main] HHH000204: Processing PersistenceUnitInfo [name: default]
2024-05-31 20:10:04,213 INFO o.h.Version [main] HHH000412: Hibernate ORM core version 6.4.4.Final
2024-05-31 20:10:04,251 INFO o.h.c.i.RegionFactoryInitiator [main] HHH000026: Second-level cache disabled
2024-05-31 20:10:04,487 INFO o.s.o.j.p.SpringPersistenceUnitInfo [main] No LoadTimeWeaver setup: ignoring JPA class transformer
2024-05-31 20:10:04,518 INFO c.z.h.HikariDataSource [main] HikariPool-1 - Starting...
2024-05-31 20:10:07,972 INFO c.z.h.p.HikariPool [main] HikariPool-1 - Added connection org.postgresql.jdbc.PgConnection@42e202d7
2024-05-31 20:10:07,973 INFO c.z.h.HikariDataSource [main] HikariPool-1 - Start completed.
2024-05-31 20:10:08,218 WARN o.h.e.j.d.i.DialectFactoryImpl [main] HHH90000025: PostgreSQLDialect does not need to be specified explicitly using 'hibernate.dialect' (remove the property setting and it will be selected by default)
2024-05-31 20:10:09,518 INFO o.h.e.t.j.p.i.JtaPlatformInitiator [main] HHH000489: No JTA platform available (set 'hibernate.transaction.jta.platform' to enable JTA platform integration)
2024-05-31 20:10:15,079 INFO o.s.o.j.AbstractEntityManagerFactoryBean [main] Initialized JPA EntityManagerFactory for persistence unit 'default'
2024-05-31 20:10:15,606 INFO o.s.d.j.r.q.QueryEnhancerFactory [main] Hibernate is in classpath; If applicable, HQL parser will be used.
2024-05-31 20:10:15,838 WARN o.s.b.a.o.j.JpaBaseConfiguration$JpaWebConfiguration [main] spring.jpa.open-in-view is enabled by default. Therefore, database queries may be performed during view rendering. Explicitly configure spring.jpa.open-in-view to disable this warning
2024-05-31 20:10:16,488 INFO o.s.s.w.DefaultSecurityFilterChain [main] Will secure any request with [org.springframework.security.web.session.DisableEncodeUrlFilter@5ce045e3, org.springframework.security.web.context.request.async.WebAsyncManagerIntegrationFilter@3df496d9, org.springframework.security.web.context.SecurityContextHolderFilter@7725470b, org.springframework.security.web.header.HeaderWriterFilter@7e6025c9, org.springframework.web.filter.CorsFilter@13e12ab6, org.springframework.security.web.authentication.logout.LogoutFilter@1df77353, org.springframework.security.oauth2.client.web.OAuth2AuthorizationRequestRedirectFilter@282c0891, org.springframework.security.oauth2.client.web.OAuth2LoginAuthenticationFilter@2ed9e59b, com.example.binarfud.security.jwt.JwtAuthTokenFilter@5a644d75, org.springframework.security.web.authentication.UsernamePasswordAuthenticationFilter@4163f505, org.springframework.security.web.authentication.ui.DefaultLoginPageGeneratingFilter@2150dc64, org.springframework.security.web.authentication.ui.DefaultLogoutPageGeneratingFilter@5bafe1f1, org.springframework.security.web.savedrequest.RequestCacheAwareFilter@318155b1, org.springframework.security.web.servletapi.SecurityContextHolderAwareRequestFilter@31d64d0f, org.springframework.security.web.authentication.AnonymousAuthenticationFilter@5be783a, org.springframework.security.web.access.ExceptionTranslationFilter@1902ad0f, org.springframework.security.web.access.intercept.AuthorizationFilter@58545c2e]
2024-05-31 20:10:17,016 INFO o.a.j.l.DirectJDKLog [main] Starting ProtocolHandler ["http-nio-8080"]
2024-05-31 20:10:17,038 INFO o.s.b.w.e.t.TomcatWebServer [main] Tomcat started on port 8080 (http) with context path ''
2024-05-31 20:10:17,048 INFO o.s.b.StartupInfoLogger [main] Started BinarfudApplication in 16.185 seconds (process running for 16.556)
2024-05-31 20:10:22,464 INFO o.a.j.l.DirectJDKLog [http-nio-8080-exec-1] Initializing Spring DispatcherServlet 'dispatcherServlet'
2024-05-31 20:10:22,464 INFO o.s.w.s.FrameworkServlet [http-nio-8080-exec-1] Initializing Servlet 'dispatcherServlet'
2024-05-31 20:10:22,465 INFO o.s.w.s.FrameworkServlet [http-nio-8080-exec-1] Completed initialization in 1 ms
2024-05-31 20:10:37,519 WARN o.s.w.s.h.AbstractHandlerExceptionResolver [http-nio-8080-exec-5] Resolved [org.springframework.web.method.annotation.MethodArgumentTypeMismatchException: Failed to convert value of type 'java.lang.String' to required type 'java.util.UUID'; Invalid UUID string: register]
2024-05-31 20:10:51,224 WARN o.s.w.s.h.AbstractHandlerExceptionResolver [http-nio-8080-exec-10] Resolved [org.springframework.web.method.annotation.MethodArgumentTypeMismatchException: Failed to convert value of type 'java.lang.String' to required type 'java.util.UUID'; Invalid UUID string: register]
