2024-05-31 15:19:22,181 INFO o.s.o.j.AbstractEntityManagerFactoryBean [SpringApplicationShutdownHook] Closing JPA EntityManagerFactory for persistence unit 'default'
2024-05-31 15:19:22,186 INFO c.z.h.HikariDataSource [SpringApplicationShutdownHook] HikariPool-1 - Shutdown initiated...
2024-05-31 15:19:22,192 INFO c.z.h.HikariDataSource [SpringApplicationShutdownHook] HikariPool-1 - Shutdown completed.
2024-05-31 16:55:17,348 INFO o.s.b.StartupInfoLogger [main] Starting BinarfudApplication using Java 21.0.2 with PID 1368 (E:\Documents\Bootcamp\Synrgy batch 7 - Java Backend\synergy7\F-BJV24001115-synergy7-mic-binfood-ch6\target\classes started by M1ch3 in E:\Documents\Bootcamp\Synrgy batch 7 - Java Backend\synergy7\F-BJV24001115-synergy7-mic-binfood-ch6)
2024-05-31 16:55:17,350 INFO o.s.b.SpringApplication [main] No active profile set, falling back to 1 default profile: "default"
2024-05-31 16:55:18,160 INFO o.s.d.r.c.RepositoryConfigurationDelegate [main] Bootstrapping Spring Data JPA repositories in DEFAULT mode.
2024-05-31 16:55:18,234 INFO o.s.d.r.c.RepositoryConfigurationDelegate [main] Finished Spring Data repository scanning in 68 ms. Found 6 JPA repository interfaces.
2024-05-31 16:55:19,027 INFO o.s.b.w.e.t.TomcatWebServer [main] Tomcat initialized with port 8080 (http)
2024-05-31 16:55:19,053 INFO o.a.j.l.DirectJDKLog [main] Initializing ProtocolHandler ["http-nio-8080"]
2024-05-31 16:55:19,062 INFO o.a.j.l.DirectJDKLog [main] Starting service [Tomcat]
2024-05-31 16:55:19,063 INFO o.a.j.l.DirectJDKLog [main] Starting Servlet engine: [Apache Tomcat/10.1.20]
2024-05-31 16:55:19,224 INFO o.a.j.l.DirectJDKLog [main] Initializing Spring embedded WebApplicationContext
2024-05-31 16:55:19,226 INFO o.s.b.w.s.c.ServletWebServerApplicationContext [main] Root WebApplicationContext: initialization completed in 1837 ms
2024-05-31 16:55:19,553 INFO o.h.j.i.u.LogHelper [main] HHH000204: Processing PersistenceUnitInfo [name: default]
2024-05-31 16:55:19,723 INFO o.h.Version [main] HHH000412: Hibernate ORM core version 6.4.4.Final
2024-05-31 16:55:19,757 INFO o.h.c.i.RegionFactoryInitiator [main] HHH000026: Second-level cache disabled
2024-05-31 16:55:19,996 INFO o.s.o.j.p.SpringPersistenceUnitInfo [main] No LoadTimeWeaver setup: ignoring JPA class transformer
2024-05-31 16:55:20,022 INFO c.z.h.HikariDataSource [main] HikariPool-1 - Starting...
2024-05-31 16:55:22,514 INFO c.z.h.p.HikariPool [main] HikariPool-1 - Added connection org.postgresql.jdbc.PgConnection@22c29aa8
2024-05-31 16:55:22,516 INFO c.z.h.HikariDataSource [main] HikariPool-1 - Start completed.
2024-05-31 16:55:22,735 WARN o.h.e.j.d.i.DialectFactoryImpl [main] HHH90000025: PostgreSQLDialect does not need to be specified explicitly using 'hibernate.dialect' (remove the property setting and it will be selected by default)
2024-05-31 16:55:24,108 INFO o.h.e.t.j.p.i.JtaPlatformInitiator [main] HHH000489: No JTA platform available (set 'hibernate.transaction.jta.platform' to enable JTA platform integration)
2024-05-31 16:55:27,745 INFO o.s.o.j.AbstractEntityManagerFactoryBean [main] Initialized JPA EntityManagerFactory for persistence unit 'default'
2024-05-31 16:55:28,147 INFO o.s.d.j.r.q.QueryEnhancerFactory [main] Hibernate is in classpath; If applicable, HQL parser will be used.
2024-05-31 16:55:28,301 WARN o.s.b.a.o.j.JpaBaseConfiguration$JpaWebConfiguration [main] spring.jpa.open-in-view is enabled by default. Therefore, database queries may be performed during view rendering. Explicitly configure spring.jpa.open-in-view to disable this warning
2024-05-31 16:55:28,776 INFO o.s.s.w.DefaultSecurityFilterChain [main] Will secure any request with [org.springframework.security.web.session.DisableEncodeUrlFilter@1d9295e2, org.springframework.security.web.context.request.async.WebAsyncManagerIntegrationFilter@4b708c16, org.springframework.security.web.context.SecurityContextHolderFilter@c42ee90, org.springframework.security.web.header.HeaderWriterFilter@6223dbed, org.springframework.web.filter.CorsFilter@2700f556, org.springframework.security.web.authentication.logout.LogoutFilter@3f33c5e4, org.springframework.security.oauth2.client.web.OAuth2AuthorizationRequestRedirectFilter@3c4940d2, org.springframework.security.oauth2.client.web.OAuth2LoginAuthenticationFilter@69c7fe78, com.example.binarfud.security.jwt.JwtAuthTokenFilter@1d82d35c, org.springframework.security.web.authentication.UsernamePasswordAuthenticationFilter@74cd82f1, org.springframework.security.web.authentication.ui.DefaultLoginPageGeneratingFilter@87276c4, org.springframework.security.web.authentication.ui.DefaultLogoutPageGeneratingFilter@6def1699, org.springframework.security.web.savedrequest.RequestCacheAwareFilter@3803bc1a, org.springframework.security.web.servletapi.SecurityContextHolderAwareRequestFilter@22858c21, org.springframework.security.web.authentication.AnonymousAuthenticationFilter@64dbb343, org.springframework.security.web.access.ExceptionTranslationFilter@4f50e974, org.springframework.security.web.access.intercept.AuthorizationFilter@25bbca43]
2024-05-31 16:55:29,111 INFO o.a.j.l.DirectJDKLog [main] Starting ProtocolHandler ["http-nio-8080"]
2024-05-31 16:55:29,127 INFO o.s.b.w.e.t.TomcatWebServer [main] Tomcat started on port 8080 (http) with context path ''
2024-05-31 16:55:29,133 INFO o.s.b.StartupInfoLogger [main] Started BinarfudApplication in 12.273 seconds (process running for 12.61)
2024-05-31 16:55:48,796 INFO o.a.j.l.DirectJDKLog [http-nio-8080-exec-1] Initializing Spring DispatcherServlet 'dispatcherServlet'
2024-05-31 16:55:48,800 INFO o.s.w.s.FrameworkServlet [http-nio-8080-exec-1] Initializing Servlet 'dispatcherServlet'
2024-05-31 16:55:48,807 INFO o.s.w.s.FrameworkServlet [http-nio-8080-exec-1] Completed initialization in 5 ms
