2024-05-31 12:03:04,784 INFO o.s.o.j.AbstractEntityManagerFactoryBean [SpringApplicationShutdownHook] Closing JPA EntityManagerFactory for persistence unit 'default'
2024-05-31 12:03:04,786 INFO c.z.h.HikariDataSource [SpringApplicationShutdownHook] HikariPool-1 - Shutdown initiated...
2024-05-31 12:03:04,791 INFO c.z.h.HikariDataSource [SpringApplicationShutdownHook] HikariPool-1 - Shutdown completed.
2024-05-31 12:04:14,203 INFO o.s.b.StartupInfoLogger [main] Starting BinarfudApplication using Java 21.0.2 with PID 20888 (E:\Documents\Bootcamp\Synrgy batch 7 - Java Backend\synergy7\F-BJV24001115-synergy7-mic-binfood-ch6\target\classes started by M1ch3 in E:\Documents\Bootcamp\Synrgy batch 7 - Java Backend\synergy7\F-BJV24001115-synergy7-mic-binfood-ch6)
2024-05-31 12:04:14,210 INFO o.s.b.SpringApplication [main] No active profile set, falling back to 1 default profile: "default"
2024-05-31 12:04:15,014 INFO o.s.d.r.c.RepositoryConfigurationDelegate [main] Bootstrapping Spring Data JPA repositories in DEFAULT mode.
2024-05-31 12:04:15,078 INFO o.s.d.r.c.RepositoryConfigurationDelegate [main] Finished Spring Data repository scanning in 57 ms. Found 6 JPA repository interfaces.
2024-05-31 12:04:15,857 INFO o.s.b.w.e.t.TomcatWebServer [main] Tomcat initialized with port 8080 (http)
2024-05-31 12:04:15,882 INFO o.a.j.l.DirectJDKLog [main] Initializing ProtocolHandler ["http-nio-8080"]
2024-05-31 12:04:15,888 INFO o.a.j.l.DirectJDKLog [main] Starting service [Tomcat]
2024-05-31 12:04:15,889 INFO o.a.j.l.DirectJDKLog [main] Starting Servlet engine: [Apache Tomcat/10.1.20]
2024-05-31 12:04:16,005 INFO o.a.j.l.DirectJDKLog [main] Initializing Spring embedded WebApplicationContext
2024-05-31 12:04:16,006 INFO o.s.b.w.s.c.ServletWebServerApplicationContext [main] Root WebApplicationContext: initialization completed in 1762 ms
2024-05-31 12:04:16,310 INFO o.h.j.i.u.LogHelper [main] HHH000204: Processing PersistenceUnitInfo [name: default]
2024-05-31 12:04:16,403 INFO o.h.Version [main] HHH000412: Hibernate ORM core version 6.4.4.Final
2024-05-31 12:04:16,434 INFO o.h.c.i.RegionFactoryInitiator [main] HHH000026: Second-level cache disabled
2024-05-31 12:04:16,627 INFO o.s.o.j.p.SpringPersistenceUnitInfo [main] No LoadTimeWeaver setup: ignoring JPA class transformer
2024-05-31 12:04:16,652 INFO c.z.h.HikariDataSource [main] HikariPool-1 - Starting...
2024-05-31 12:04:16,855 INFO c.z.h.p.HikariPool [main] HikariPool-1 - Added connection org.postgresql.jdbc.PgConnection@48b3b1b8
2024-05-31 12:04:16,856 INFO c.z.h.HikariDataSource [main] HikariPool-1 - Start completed.
2024-05-31 12:04:16,884 WARN o.h.e.j.d.i.DialectFactoryImpl [main] HHH90000025: PostgreSQLDialect does not need to be specified explicitly using 'hibernate.dialect' (remove the property setting and it will be selected by default)
2024-05-31 12:04:17,689 INFO o.h.e.t.j.p.i.JtaPlatformInitiator [main] HHH000489: No JTA platform available (set 'hibernate.transaction.jta.platform' to enable JTA platform integration)
2024-05-31 12:04:17,775 INFO o.s.o.j.AbstractEntityManagerFactoryBean [main] Initialized JPA EntityManagerFactory for persistence unit 'default'
2024-05-31 12:04:18,229 INFO o.s.d.j.r.q.QueryEnhancerFactory [main] Hibernate is in classpath; If applicable, HQL parser will be used.
2024-05-31 12:04:18,449 WARN o.s.b.a.o.j.JpaBaseConfiguration$JpaWebConfiguration [main] spring.jpa.open-in-view is enabled by default. Therefore, database queries may be performed during view rendering. Explicitly configure spring.jpa.open-in-view to disable this warning
2024-05-31 12:04:18,849 INFO o.s.s.w.DefaultSecurityFilterChain [main] Will secure any request with [org.springframework.security.web.session.DisableEncodeUrlFilter@eb5471c, org.springframework.security.web.context.request.async.WebAsyncManagerIntegrationFilter@60f6d689, org.springframework.security.web.context.SecurityContextHolderFilter@6d0cc47d, org.springframework.security.web.header.HeaderWriterFilter@5397d41e, org.springframework.web.filter.CorsFilter@6a90b5e8, org.springframework.security.web.authentication.logout.LogoutFilter@628d6320, org.springframework.security.oauth2.client.web.OAuth2AuthorizationRequestRedirectFilter@7ed6e557, org.springframework.security.oauth2.client.web.OAuth2LoginAuthenticationFilter@7c424dfe, com.example.binarfud.security.jwt.JwtAuthTokenFilter@22c0c0bc, org.springframework.security.web.authentication.UsernamePasswordAuthenticationFilter@172ca6a, org.springframework.security.web.authentication.ui.DefaultLoginPageGeneratingFilter@5c883b3f, org.springframework.security.web.authentication.ui.DefaultLogoutPageGeneratingFilter@1ff65426, org.springframework.security.web.savedrequest.RequestCacheAwareFilter@57fe6f2d, org.springframework.security.web.servletapi.SecurityContextHolderAwareRequestFilter@6e43c01f, org.springframework.security.web.authentication.AnonymousAuthenticationFilter@3bdf6d63, org.springframework.security.web.access.ExceptionTranslationFilter@365fde74, org.springframework.security.web.access.intercept.AuthorizationFilter@5ec921f1]
2024-05-31 12:04:19,172 INFO o.a.j.l.DirectJDKLog [main] Starting ProtocolHandler ["http-nio-8080"]
2024-05-31 12:04:19,185 INFO o.s.b.w.e.t.TomcatWebServer [main] Tomcat started on port 8080 (http) with context path ''
2024-05-31 12:04:19,192 INFO o.s.b.StartupInfoLogger [main] Started BinarfudApplication in 5.46 seconds (process running for 5.77)
2024-05-31 12:04:24,475 INFO o.a.j.l.DirectJDKLog [http-nio-8080-exec-2] Initializing Spring DispatcherServlet 'dispatcherServlet'
2024-05-31 12:04:24,475 INFO o.s.w.s.FrameworkServlet [http-nio-8080-exec-2] Initializing Servlet 'dispatcherServlet'
2024-05-31 12:04:24,478 INFO o.s.w.s.FrameworkServlet [http-nio-8080-exec-2] Completed initialization in 3 ms
