2024-05-15 21:26:17,020 INFO o.s.b.StartupInfoLogger [main] Starting BinarfudApplication using Java 21.0.2 with PID 21536 (E:\Documents\Bootcamp\Synrgy batch 7 - Java Backend\synergy7\F-BJV24001115-synergy7-mic-binfood-ch5\target\classes started by M1ch3 in E:\Documents\Bootcamp\Synrgy batch 7 - Java Backend\synergy7\F-BJV24001115-synergy7-mic-binfood-ch5)
2024-05-15 21:26:17,027 INFO o.s.b.SpringApplication [main] No active profile set, falling back to 1 default profile: "default"
2024-05-15 21:26:18,181 INFO o.s.d.r.c.RepositoryConfigurationDelegate [main] Bootstrapping Spring Data JPA repositories in DEFAULT mode.
2024-05-15 21:26:18,266 INFO o.s.d.r.c.RepositoryConfigurationDelegate [main] Finished Spring Data repository scanning in 76 ms. Found 5 JPA repository interfaces.
2024-05-15 21:26:18,936 INFO o.s.b.w.e.t.TomcatWebServer [main] Tomcat initialized with port 8080 (http)
2024-05-15 21:26:18,949 INFO o.a.j.l.DirectJDKLog [main] Initializing ProtocolHandler ["http-nio-8080"]
2024-05-15 21:26:18,952 INFO o.a.j.l.DirectJDKLog [main] Starting service [Tomcat]
2024-05-15 21:26:18,953 INFO o.a.j.l.DirectJDKLog [main] Starting Servlet engine: [Apache Tomcat/10.1.20]
2024-05-15 21:26:19,018 INFO o.a.j.l.DirectJDKLog [main] Initializing Spring embedded WebApplicationContext
2024-05-15 21:26:19,019 INFO o.s.b.w.s.c.ServletWebServerApplicationContext [main] Root WebApplicationContext: initialization completed in 1924 ms
2024-05-15 21:26:19,278 INFO c.z.h.HikariDataSource [main] HikariPool-1 - Starting...
2024-05-15 21:26:19,547 INFO c.z.h.p.HikariPool [main] HikariPool-1 - Added connection org.postgresql.jdbc.PgConnection@14b275bd
2024-05-15 21:26:19,549 INFO c.z.h.HikariDataSource [main] HikariPool-1 - Start completed.
2024-05-15 21:26:19,599 INFO o.h.j.i.u.LogHelper [main] HHH000204: Processing PersistenceUnitInfo [name: default]
2024-05-15 21:26:19,648 INFO o.h.Version [main] HHH000412: Hibernate ORM core version 6.4.4.Final
2024-05-15 21:26:19,680 INFO o.h.c.i.RegionFactoryInitiator [main] HHH000026: Second-level cache disabled
2024-05-15 21:26:19,911 INFO o.s.o.j.p.SpringPersistenceUnitInfo [main] No LoadTimeWeaver setup: ignoring JPA class transformer
2024-05-15 21:26:20,011 WARN o.h.e.j.d.i.DialectFactoryImpl [main] HHH90000025: PostgreSQLDialect does not need to be specified explicitly using 'hibernate.dialect' (remove the property setting and it will be selected by default)
2024-05-15 21:26:20,833 INFO o.h.e.t.j.p.i.JtaPlatformInitiator [main] HHH000489: No JTA platform available (set 'hibernate.transaction.jta.platform' to enable JTA platform integration)
2024-05-15 21:26:20,834 INFO o.s.o.j.AbstractEntityManagerFactoryBean [main] Initialized JPA EntityManagerFactory for persistence unit 'default'
2024-05-15 21:26:21,279 INFO o.s.d.j.r.q.QueryEnhancerFactory [main] Hibernate is in classpath; If applicable, HQL parser will be used.
2024-05-15 21:26:21,507 WARN o.s.b.a.o.j.JpaBaseConfiguration$JpaWebConfiguration [main] spring.jpa.open-in-view is enabled by default. Therefore, database queries may be performed during view rendering. Explicitly configure spring.jpa.open-in-view to disable this warning
2024-05-15 21:26:22,211 INFO o.a.j.l.DirectJDKLog [main] Starting ProtocolHandler ["http-nio-8080"]
2024-05-15 21:26:22,255 INFO o.s.b.w.e.t.TomcatWebServer [main] Tomcat started on port 8080 (http) with context path ''
2024-05-15 21:26:22,272 INFO o.s.b.StartupInfoLogger [main] Started BinarfudApplication in 5.945 seconds (process running for 6.43)
2024-05-15 21:28:11,375 INFO o.a.j.l.DirectJDKLog [http-nio-8080-exec-1] Initializing Spring DispatcherServlet 'dispatcherServlet'
2024-05-15 21:28:11,377 INFO o.s.w.s.FrameworkServlet [http-nio-8080-exec-1] Initializing Servlet 'dispatcherServlet'
2024-05-15 21:28:11,379 INFO o.s.w.s.FrameworkServlet [http-nio-8080-exec-1] Completed initialization in 1 ms
2024-05-15 21:28:14,091 INFO o.s.a.AbstractOpenApiResource [http-nio-8080-exec-4] Init duration for springdoc-openapi is: 2331 ms
2024-05-15 21:29:31,809 INFO c.e.b.s.OrderServiceImpl [http-nio-8080-exec-8] Order 76162b1b-91b8-4077-8b91-ad5aaffd2d1c successfully added
2024-05-15 21:30:10,710 INFO c.e.b.s.OrderServiceImpl [http-nio-8080-exec-9] Order 76162b1b-91b8-4077-8b91-ad5aaffd2d1c has been completed
2024-05-15 21:30:14,348 INFO c.e.b.s.OrderServiceImpl [http-nio-8080-exec-10] Order 76162b1b-91b8-4077-8b91-ad5aaffd2d1c has been completed
2024-05-15 21:30:17,909 INFO c.e.b.s.OrderServiceImpl [http-nio-8080-exec-1] Order 76162b1b-91b8-4077-8b91-ad5aaffd2d1c has been completed
2024-05-15 21:30:29,091 INFO c.e.b.s.OrderServiceImpl [http-nio-8080-exec-2] Order 76162b1b-91b8-4077-8b91-ad5aaffd2d1c has been completed
2024-05-15 21:32:02,135 INFO o.s.o.j.AbstractEntityManagerFactoryBean [SpringApplicationShutdownHook] Closing JPA EntityManagerFactory for persistence unit 'default'
2024-05-15 21:32:02,139 INFO c.z.h.HikariDataSource [SpringApplicationShutdownHook] HikariPool-1 - Shutdown initiated...
2024-05-15 21:32:02,145 INFO c.z.h.HikariDataSource [SpringApplicationShutdownHook] HikariPool-1 - Shutdown completed.
