2024-05-31 22:14:44,211 WARN o.s.w.s.h.AbstractHandlerExceptionResolver [http-nio-8080-exec-6] Resolved [org.springframework.web.method.annotation.MethodArgumentTypeMismatchException: Failed to convert value of type 'java.lang.String' to required type 'java.util.UUID'; Invalid UUID string: register]
2024-05-31 22:25:18,166 INFO o.s.o.j.AbstractEntityManagerFactoryBean [SpringApplicationShutdownHook] Closing JPA EntityManagerFactory for persistence unit 'default'
2024-05-31 22:25:18,169 INFO c.z.h.HikariDataSource [SpringApplicationShutdownHook] HikariPool-1 - Shutdown initiated...
2024-05-31 22:25:18,457 INFO c.z.h.HikariDataSource [SpringApplicationShutdownHook] HikariPool-1 - Shutdown completed.
2024-05-31 22:25:22,013 INFO o.s.b.StartupInfoLogger [main] Starting BinarfudApplication using Java 21.0.2 with PID 14032 (E:\Documents\Bootcamp\Synrgy batch 7 - Java Backend\synergy7\F-BJV24001115-synergy7-mic-binfood-ch6\target\classes started by M1ch3 in E:\Documents\Bootcamp\Synrgy batch 7 - Java Backend\synergy7\F-BJV24001115-synergy7-mic-binfood-ch6)
2024-05-31 22:25:22,016 INFO o.s.b.SpringApplication [main] No active profile set, falling back to 1 default profile: "default"
2024-05-31 22:25:23,055 INFO o.s.d.r.c.RepositoryConfigurationDelegate [main] Bootstrapping Spring Data JPA repositories in DEFAULT mode.
2024-05-31 22:25:23,134 INFO o.s.d.r.c.RepositoryConfigurationDelegate [main] Finished Spring Data repository scanning in 73 ms. Found 6 JPA repository interfaces.
2024-05-31 22:25:23,982 INFO o.s.b.w.e.t.TomcatWebServer [main] Tomcat initialized with port 8080 (http)
2024-05-31 22:25:24,009 INFO o.a.j.l.DirectJDKLog [main] Initializing ProtocolHandler ["http-nio-8080"]
2024-05-31 22:25:24,016 INFO o.a.j.l.DirectJDKLog [main] Starting service [Tomcat]
2024-05-31 22:25:24,017 INFO o.a.j.l.DirectJDKLog [main] Starting Servlet engine: [Apache Tomcat/10.1.20]
2024-05-31 22:25:24,139 INFO o.a.j.l.DirectJDKLog [main] Initializing Spring embedded WebApplicationContext
2024-05-31 22:25:24,141 INFO o.s.b.w.s.c.ServletWebServerApplicationContext [main] Root WebApplicationContext: initialization completed in 2083 ms
2024-05-31 22:25:24,499 INFO o.h.j.i.u.LogHelper [main] HHH000204: Processing PersistenceUnitInfo [name: default]
2024-05-31 22:25:24,624 INFO o.h.Version [main] HHH000412: Hibernate ORM core version 6.4.4.Final
2024-05-31 22:25:24,666 INFO o.h.c.i.RegionFactoryInitiator [main] HHH000026: Second-level cache disabled
2024-05-31 22:25:24,896 INFO o.s.o.j.p.SpringPersistenceUnitInfo [main] No LoadTimeWeaver setup: ignoring JPA class transformer
2024-05-31 22:25:24,928 INFO c.z.h.HikariDataSource [main] HikariPool-1 - Starting...
2024-05-31 22:25:27,633 INFO c.z.h.p.HikariPool [main] HikariPool-1 - Added connection org.postgresql.jdbc.PgConnection@738a39cc
2024-05-31 22:25:27,634 INFO c.z.h.HikariDataSource [main] HikariPool-1 - Start completed.
2024-05-31 22:25:27,828 WARN o.h.e.j.d.i.DialectFactoryImpl [main] HHH90000025: PostgreSQLDialect does not need to be specified explicitly using 'hibernate.dialect' (remove the property setting and it will be selected by default)
2024-05-31 22:25:29,093 INFO o.h.e.t.j.p.i.JtaPlatformInitiator [main] HHH000489: No JTA platform available (set 'hibernate.transaction.jta.platform' to enable JTA platform integration)
2024-05-31 22:25:34,851 INFO o.s.o.j.AbstractEntityManagerFactoryBean [main] Initialized JPA EntityManagerFactory for persistence unit 'default'
2024-05-31 22:25:35,645 INFO o.s.d.j.r.q.QueryEnhancerFactory [main] Hibernate is in classpath; If applicable, HQL parser will be used.
2024-05-31 22:25:36,041 WARN o.s.b.a.o.j.JpaBaseConfiguration$JpaWebConfiguration [main] spring.jpa.open-in-view is enabled by default. Therefore, database queries may be performed during view rendering. Explicitly configure spring.jpa.open-in-view to disable this warning
2024-05-31 22:25:36,970 INFO o.s.s.w.DefaultSecurityFilterChain [main] Will secure any request with [org.springframework.security.web.session.DisableEncodeUrlFilter@5896899d, org.springframework.security.web.context.request.async.WebAsyncManagerIntegrationFilter@6d4062fd, org.springframework.security.web.context.SecurityContextHolderFilter@67887bf2, org.springframework.security.web.header.HeaderWriterFilter@62672ad5, org.springframework.web.filter.CorsFilter@4b024fb2, org.springframework.security.web.authentication.logout.LogoutFilter@41dbf02b, org.springframework.security.oauth2.client.web.OAuth2AuthorizationRequestRedirectFilter@2a8eed58, org.springframework.security.oauth2.client.web.OAuth2LoginAuthenticationFilter@75381b61, com.example.binarfud.security.jwt.JwtAuthTokenFilter@268f126f, org.springframework.security.web.authentication.UsernamePasswordAuthenticationFilter@35c95587, org.springframework.security.web.authentication.ui.DefaultLoginPageGeneratingFilter@465e9090, org.springframework.security.web.authentication.ui.DefaultLogoutPageGeneratingFilter@89017e5, org.springframework.security.web.savedrequest.RequestCacheAwareFilter@6f65b61d, org.springframework.security.web.servletapi.SecurityContextHolderAwareRequestFilter@33c91567, org.springframework.security.web.authentication.AnonymousAuthenticationFilter@6426ad0b, org.springframework.security.web.access.ExceptionTranslationFilter@7f88c53, org.springframework.security.web.access.intercept.AuthorizationFilter@791dcda7]
2024-05-31 22:25:37,725 INFO o.a.j.l.DirectJDKLog [main] Starting ProtocolHandler ["http-nio-8080"]
2024-05-31 22:25:37,747 INFO o.s.b.w.e.t.TomcatWebServer [main] Tomcat started on port 8080 (http) with context path ''
2024-05-31 22:25:37,758 INFO o.s.b.StartupInfoLogger [main] Started BinarfudApplication in 16.342 seconds (process running for 16.716)
2024-05-31 22:25:50,163 INFO o.a.j.l.DirectJDKLog [http-nio-8080-exec-1] Initializing Spring DispatcherServlet 'dispatcherServlet'
2024-05-31 22:25:50,163 INFO o.s.w.s.FrameworkServlet [http-nio-8080-exec-1] Initializing Servlet 'dispatcherServlet'
2024-05-31 22:25:50,165 INFO o.s.w.s.FrameworkServlet [http-nio-8080-exec-1] Completed initialization in 2 ms
