2024-06-01 09:25:50,027 INFO o.s.b.StartupInfoLogger [main] Starting BinarfudApplication using Java 21.0.2 with PID 16300 (E:\Documents\Bootcamp\Synrgy batch 7 - Java Backend\synergy7\F-BJV24001115-synergy7-mic-binfood-ch6\target\classes started by M1ch3 in E:\Documents\Bootcamp\Synrgy batch 7 - Java Backend\synergy7\F-BJV24001115-synergy7-mic-binfood-ch6)
2024-06-01 09:25:50,034 INFO o.s.b.SpringApplication [main] No active profile set, falling back to 1 default profile: "default"
2024-06-01 09:25:51,853 INFO o.s.d.r.c.RepositoryConfigurationDelegate [main] Bootstrapping Spring Data JPA repositories in DEFAULT mode.
2024-06-01 09:25:51,995 INFO o.s.d.r.c.RepositoryConfigurationDelegate [main] Finished Spring Data repository scanning in 134 ms. Found 6 JPA repository interfaces.
2024-06-01 09:25:54,186 INFO o.s.b.w.e.t.TomcatWebServer [main] Tomcat initialized with port 8080 (http)
2024-06-01 09:25:54,247 INFO o.a.j.l.DirectJDKLog [main] Initializing ProtocolHandler ["http-nio-8080"]
2024-06-01 09:25:54,260 INFO o.a.j.l.DirectJDKLog [main] Starting service [Tomcat]
2024-06-01 09:25:54,260 INFO o.a.j.l.DirectJDKLog [main] Starting Servlet engine: [Apache Tomcat/10.1.20]
2024-06-01 09:25:54,490 INFO o.a.j.l.DirectJDKLog [main] Initializing Spring embedded WebApplicationContext
2024-06-01 09:25:54,498 INFO o.s.b.w.s.c.ServletWebServerApplicationContext [main] Root WebApplicationContext: initialization completed in 4374 ms
2024-06-01 09:25:55,274 INFO o.h.j.i.u.LogHelper [main] HHH000204: Processing PersistenceUnitInfo [name: default]
2024-06-01 09:25:55,457 INFO o.h.Version [main] HHH000412: Hibernate ORM core version 6.4.4.Final
2024-06-01 09:25:55,517 INFO o.h.c.i.RegionFactoryInitiator [main] HHH000026: Second-level cache disabled
2024-06-01 09:25:56,087 INFO o.s.o.j.p.SpringPersistenceUnitInfo [main] No LoadTimeWeaver setup: ignoring JPA class transformer
2024-06-01 09:25:56,142 INFO c.z.h.HikariDataSource [main] HikariPool-1 - Starting...
2024-06-01 09:25:58,677 INFO c.z.h.p.HikariPool [main] HikariPool-1 - Added connection org.postgresql.jdbc.PgConnection@42a05533
2024-06-01 09:25:58,677 INFO c.z.h.HikariDataSource [main] HikariPool-1 - Start completed.
2024-06-01 09:25:58,868 WARN o.h.e.j.d.i.DialectFactoryImpl [main] HHH90000025: PostgreSQLDialect does not need to be specified explicitly using 'hibernate.dialect' (remove the property setting and it will be selected by default)
2024-06-01 09:26:00,527 INFO o.h.e.t.j.p.i.JtaPlatformInitiator [main] HHH000489: No JTA platform available (set 'hibernate.transaction.jta.platform' to enable JTA platform integration)
2024-06-01 09:26:06,211 INFO o.s.o.j.AbstractEntityManagerFactoryBean [main] Initialized JPA EntityManagerFactory for persistence unit 'default'
2024-06-01 09:26:07,178 INFO o.s.d.j.r.q.QueryEnhancerFactory [main] Hibernate is in classpath; If applicable, HQL parser will be used.
2024-06-01 09:26:09,219 WARN o.s.b.a.o.j.JpaBaseConfiguration$JpaWebConfiguration [main] spring.jpa.open-in-view is enabled by default. Therefore, database queries may be performed during view rendering. Explicitly configure spring.jpa.open-in-view to disable this warning
2024-06-01 09:26:10,336 INFO o.s.s.w.DefaultSecurityFilterChain [main] Will secure any request with [org.springframework.security.web.session.DisableEncodeUrlFilter@ae4a043, org.springframework.security.web.context.request.async.WebAsyncManagerIntegrationFilter@50c9b080, org.springframework.security.web.context.SecurityContextHolderFilter@375f276e, org.springframework.security.web.header.HeaderWriterFilter@738da6f2, org.springframework.web.filter.CorsFilter@2ea8f277, org.springframework.security.web.authentication.logout.LogoutFilter@d4962bd, org.springframework.security.oauth2.client.web.OAuth2AuthorizationRequestRedirectFilter@745c25ed, org.springframework.security.oauth2.client.web.OAuth2LoginAuthenticationFilter@7b842e79, com.example.binarfud.security.jwt.JwtAuthTokenFilter@28dd038f, org.springframework.security.web.authentication.UsernamePasswordAuthenticationFilter@4e0a5606, org.springframework.security.web.authentication.ui.DefaultLoginPageGeneratingFilter@2ce7d43, org.springframework.security.web.authentication.ui.DefaultLogoutPageGeneratingFilter@7244b40e, org.springframework.security.web.savedrequest.RequestCacheAwareFilter@3b5f72fa, org.springframework.security.web.servletapi.SecurityContextHolderAwareRequestFilter@67c2ff5d, org.springframework.security.web.authentication.AnonymousAuthenticationFilter@5d8de4bd, org.springframework.security.web.access.ExceptionTranslationFilter@1d8230cd, org.springframework.security.web.access.intercept.AuthorizationFilter@6ed78a5e]
2024-06-01 09:26:11,247 INFO o.a.j.l.DirectJDKLog [main] Starting ProtocolHandler ["http-nio-8080"]
2024-06-01 09:26:11,276 INFO o.s.b.w.e.t.TomcatWebServer [main] Tomcat started on port 8080 (http) with context path ''
2024-06-01 09:26:11,296 INFO o.s.b.StartupInfoLogger [main] Started BinarfudApplication in 22.341 seconds (process running for 23.071)
2024-06-01 09:26:40,791 INFO o.s.o.j.AbstractEntityManagerFactoryBean [SpringApplicationShutdownHook] Closing JPA EntityManagerFactory for persistence unit 'default'
2024-06-01 09:26:40,795 INFO c.z.h.HikariDataSource [SpringApplicationShutdownHook] HikariPool-1 - Shutdown initiated...
2024-06-01 09:26:40,873 INFO c.z.h.HikariDataSource [SpringApplicationShutdownHook] HikariPool-1 - Shutdown completed.
