2024-05-31 22:47:24,531 INFO o.s.o.j.AbstractEntityManagerFactoryBean [SpringApplicationShutdownHook] Closing JPA EntityManagerFactory for persistence unit 'default'
2024-05-31 22:47:24,537 INFO c.z.h.HikariDataSource [SpringApplicationShutdownHook] HikariPool-1 - Shutdown initiated...
2024-05-31 22:47:24,619 INFO c.z.h.HikariDataSource [SpringApplicationShutdownHook] HikariPool-1 - Shutdown completed.
2024-05-31 22:47:29,796 INFO o.s.b.StartupInfoLogger [main] Starting BinarfudApplication using Java 21.0.2 with PID 23216 (E:\Documents\Bootcamp\Synrgy batch 7 - Java Backend\synergy7\F-BJV24001115-synergy7-mic-binfood-ch6\target\classes started by M1ch3 in E:\Documents\Bootcamp\Synrgy batch 7 - Java Backend\synergy7\F-BJV24001115-synergy7-mic-binfood-ch6)
2024-05-31 22:47:29,802 INFO o.s.b.SpringApplication [main] No active profile set, falling back to 1 default profile: "default"
2024-05-31 22:47:31,403 INFO o.s.d.r.c.RepositoryConfigurationDelegate [main] Bootstrapping Spring Data JPA repositories in DEFAULT mode.
2024-05-31 22:47:31,501 INFO o.s.d.r.c.RepositoryConfigurationDelegate [main] Finished Spring Data repository scanning in 87 ms. Found 6 JPA repository interfaces.
2024-05-31 22:47:32,820 INFO o.s.b.w.e.t.TomcatWebServer [main] Tomcat initialized with port 8080 (http)
2024-05-31 22:47:32,863 INFO o.a.j.l.DirectJDKLog [main] Initializing ProtocolHandler ["http-nio-8080"]
2024-05-31 22:47:32,874 INFO o.a.j.l.DirectJDKLog [main] Starting service [Tomcat]
2024-05-31 22:47:32,877 INFO o.a.j.l.DirectJDKLog [main] Starting Servlet engine: [Apache Tomcat/10.1.20]
2024-05-31 22:47:33,100 INFO o.a.j.l.DirectJDKLog [main] Initializing Spring embedded WebApplicationContext
2024-05-31 22:47:33,103 INFO o.s.b.w.s.c.ServletWebServerApplicationContext [main] Root WebApplicationContext: initialization completed in 3219 ms
2024-05-31 22:47:33,642 INFO o.h.j.i.u.LogHelper [main] HHH000204: Processing PersistenceUnitInfo [name: default]
2024-05-31 22:47:33,818 INFO o.h.Version [main] HHH000412: Hibernate ORM core version 6.4.4.Final
2024-05-31 22:47:33,870 INFO o.h.c.i.RegionFactoryInitiator [main] HHH000026: Second-level cache disabled
2024-05-31 22:47:34,229 INFO o.s.o.j.p.SpringPersistenceUnitInfo [main] No LoadTimeWeaver setup: ignoring JPA class transformer
2024-05-31 22:47:34,283 INFO c.z.h.HikariDataSource [main] HikariPool-1 - Starting...
2024-05-31 22:47:36,880 INFO c.z.h.p.HikariPool [main] HikariPool-1 - Added connection org.postgresql.jdbc.PgConnection@2faf6e4a
2024-05-31 22:47:36,881 INFO c.z.h.HikariDataSource [main] HikariPool-1 - Start completed.
2024-05-31 22:47:37,090 WARN o.h.e.j.d.i.DialectFactoryImpl [main] HHH90000025: PostgreSQLDialect does not need to be specified explicitly using 'hibernate.dialect' (remove the property setting and it will be selected by default)
2024-05-31 22:47:38,658 INFO o.h.e.t.j.p.i.JtaPlatformInitiator [main] HHH000489: No JTA platform available (set 'hibernate.transaction.jta.platform' to enable JTA platform integration)
2024-05-31 22:47:43,891 INFO o.s.o.j.AbstractEntityManagerFactoryBean [main] Initialized JPA EntityManagerFactory for persistence unit 'default'
2024-05-31 22:47:44,438 INFO o.s.d.j.r.q.QueryEnhancerFactory [main] Hibernate is in classpath; If applicable, HQL parser will be used.
2024-05-31 22:47:44,714 WARN o.s.b.a.o.j.JpaBaseConfiguration$JpaWebConfiguration [main] spring.jpa.open-in-view is enabled by default. Therefore, database queries may be performed during view rendering. Explicitly configure spring.jpa.open-in-view to disable this warning
2024-05-31 22:47:45,509 INFO o.s.s.w.DefaultSecurityFilterChain [main] Will secure any request with [org.springframework.security.web.session.DisableEncodeUrlFilter@75381b61, org.springframework.security.web.context.request.async.WebAsyncManagerIntegrationFilter@2801ccb3, org.springframework.security.web.context.SecurityContextHolderFilter@62672ad5, org.springframework.security.web.header.HeaderWriterFilter@44252e9b, org.springframework.web.filter.CorsFilter@42102827, org.springframework.security.web.authentication.logout.LogoutFilter@3793896e, org.springframework.security.oauth2.client.web.OAuth2AuthorizationRequestRedirectFilter@45bb502f, org.springframework.security.oauth2.client.web.OAuth2LoginAuthenticationFilter@2a8eed58, com.example.binarfud.security.jwt.JwtAuthTokenFilter@1ae26c59, org.springframework.security.web.authentication.UsernamePasswordAuthenticationFilter@1c74251b, org.springframework.security.web.authentication.ui.DefaultLoginPageGeneratingFilter@3d5009c0, org.springframework.security.web.authentication.ui.DefaultLogoutPageGeneratingFilter@5896899d, org.springframework.security.web.savedrequest.RequestCacheAwareFilter@4c020e58, org.springframework.security.web.servletapi.SecurityContextHolderAwareRequestFilter@67887bf2, org.springframework.security.web.authentication.AnonymousAuthenticationFilter@6d4062fd, org.springframework.security.web.access.ExceptionTranslationFilter@3be88cbf, org.springframework.security.web.access.intercept.AuthorizationFilter@4b60ff1c]
2024-05-31 22:47:46,188 INFO o.a.j.l.DirectJDKLog [main] Starting ProtocolHandler ["http-nio-8080"]
2024-05-31 22:47:46,213 INFO o.s.b.w.e.t.TomcatWebServer [main] Tomcat started on port 8080 (http) with context path ''
2024-05-31 22:47:46,225 INFO o.s.b.StartupInfoLogger [main] Started BinarfudApplication in 17.328 seconds (process running for 17.974)
2024-05-31 22:47:51,761 INFO o.a.j.l.DirectJDKLog [http-nio-8080-exec-3] Initializing Spring DispatcherServlet 'dispatcherServlet'
2024-05-31 22:47:51,762 INFO o.s.w.s.FrameworkServlet [http-nio-8080-exec-3] Initializing Servlet 'dispatcherServlet'
2024-05-31 22:47:51,765 INFO o.s.w.s.FrameworkServlet [http-nio-8080-exec-3] Completed initialization in 3 ms
