2024-06-30 21:57:20,668 INFO o.s.b.StartupInfoLogger [main] Starting BinarfudApplication using Java 21.0.2 with PID 15524 (E:\Documents\Bootcamp\Synrgy batch 7 - Java Backend\synergy7\F-BJV24001115-synergy7-mic-binfood-ch8\target\classes started by M1ch3 in E:\Documents\Bootcamp\Synrgy batch 7 - Java Backend\synergy7\F-BJV24001115-synergy7-mic-binfood-ch8)
2024-06-30 21:57:20,671 INFO o.s.b.SpringApplication [main] No active profile set, falling back to 1 default profile: "default"
2024-06-30 21:57:21,480 INFO o.s.d.r.c.RepositoryConfigurationDelegate [main] Bootstrapping Spring Data JPA repositories in DEFAULT mode.
2024-06-30 21:57:21,543 INFO o.s.d.r.c.RepositoryConfigurationDelegate [main] Finished Spring Data repository scanning in 56 ms. Found 6 JPA repository interfaces.
2024-06-30 21:57:22,351 INFO o.s.b.w.e.t.TomcatWebServer [main] Tomcat initialized with port 8080 (http)
2024-06-30 21:57:22,376 INFO o.a.j.l.DirectJDKLog [main] Initializing ProtocolHandler ["http-nio-8080"]
2024-06-30 21:57:22,382 INFO o.a.j.l.DirectJDKLog [main] Starting service [Tomcat]
2024-06-30 21:57:22,382 INFO o.a.j.l.DirectJDKLog [main] Starting Servlet engine: [Apache Tomcat/10.1.20]
2024-06-30 21:57:22,508 INFO o.a.j.l.DirectJDKLog [main] Initializing Spring embedded WebApplicationContext
2024-06-30 21:57:22,510 INFO o.s.b.w.s.c.ServletWebServerApplicationContext [main] Root WebApplicationContext: initialization completed in 1802 ms
2024-06-30 21:57:22,822 INFO o.h.j.i.u.LogHelper [main] HHH000204: Processing PersistenceUnitInfo [name: default]
2024-06-30 21:57:22,890 INFO o.h.Version [main] HHH000412: Hibernate ORM core version 6.4.4.Final
2024-06-30 21:57:22,942 INFO o.h.c.i.RegionFactoryInitiator [main] HHH000026: Second-level cache disabled
2024-06-30 21:57:23,120 INFO o.s.o.j.p.SpringPersistenceUnitInfo [main] No LoadTimeWeaver setup: ignoring JPA class transformer
2024-06-30 21:57:23,190 INFO c.z.h.HikariDataSource [main] HikariPool-1 - Starting...
2024-06-30 21:57:23,347 INFO c.z.h.p.HikariPool [main] HikariPool-1 - Added connection org.postgresql.jdbc.PgConnection@2ce47652
2024-06-30 21:57:23,349 INFO c.z.h.HikariDataSource [main] HikariPool-1 - Start completed.
2024-06-30 21:57:23,374 WARN o.h.e.j.d.i.DialectFactoryImpl [main] HHH90000025: PostgreSQLDialect does not need to be specified explicitly using 'hibernate.dialect' (remove the property setting and it will be selected by default)
2024-06-30 21:57:24,149 INFO o.h.e.t.j.p.i.JtaPlatformInitiator [main] HHH000489: No JTA platform available (set 'hibernate.transaction.jta.platform' to enable JTA platform integration)
2024-06-30 21:57:24,252 INFO o.s.o.j.AbstractEntityManagerFactoryBean [main] Initialized JPA EntityManagerFactory for persistence unit 'default'
2024-06-30 21:57:24,790 INFO o.s.d.j.r.q.QueryEnhancerFactory [main] Hibernate is in classpath; If applicable, HQL parser will be used.
2024-06-30 21:57:25,079 INFO c.e.b.s.FCMInitializer [main] Firebase application has been initialized
2024-06-30 21:57:25,177 WARN o.s.b.a.o.j.JpaBaseConfiguration$JpaWebConfiguration [main] spring.jpa.open-in-view is enabled by default. Therefore, database queries may be performed during view rendering. Explicitly configure spring.jpa.open-in-view to disable this warning
2024-06-30 21:57:25,526 INFO o.s.s.w.DefaultSecurityFilterChain [main] Will secure any request with [org.springframework.security.web.session.DisableEncodeUrlFilter@440309c5, org.springframework.security.web.context.request.async.WebAsyncManagerIntegrationFilter@50c442a5, org.springframework.security.web.context.SecurityContextHolderFilter@79864d6, org.springframework.security.web.header.HeaderWriterFilter@504216ff, org.springframework.web.filter.CorsFilter@4eb313ed, org.springframework.security.web.authentication.logout.LogoutFilter@ae4a043, org.springframework.security.oauth2.client.web.OAuth2AuthorizationRequestRedirectFilter@23bf19c9, org.springframework.security.oauth2.client.web.OAuth2LoginAuthenticationFilter@14501070, com.example.binarfud.security.jwt.JwtAuthTokenFilter@4b8601a1, org.springframework.security.web.authentication.UsernamePasswordAuthenticationFilter@2898cd46, org.springframework.security.web.authentication.ui.DefaultLoginPageGeneratingFilter@a589070, org.springframework.security.web.authentication.ui.DefaultLogoutPageGeneratingFilter@3fc92211, org.springframework.security.web.savedrequest.RequestCacheAwareFilter@2da7ef3e, org.springframework.security.web.servletapi.SecurityContextHolderAwareRequestFilter@67cc5a38, org.springframework.security.web.authentication.AnonymousAuthenticationFilter@63d8590c, org.springframework.security.web.access.ExceptionTranslationFilter@361a1e86, org.springframework.security.web.access.intercept.AuthorizationFilter@23471f48]
2024-06-30 21:57:25,958 INFO o.a.j.l.DirectJDKLog [main] Starting ProtocolHandler ["http-nio-8080"]
2024-06-30 21:57:25,971 INFO o.s.b.w.e.t.TomcatWebServer [main] Tomcat started on port 8080 (http) with context path ''
2024-06-30 21:57:25,982 INFO o.s.b.StartupInfoLogger [main] Started BinarfudApplication in 5.829 seconds (process running for 6.221)
2024-06-30 21:58:00,679 INFO c.e.b.s.FCMService [scheduling-1] Sent message to token. Device token: fheZoT6OtNIqjaoBDIqTGB:APA91bHeksg2XYFFQIpohRw9JGTJ2Tq5ssKzQzHjDY0eRkDg9CxXRqq8Mae-aA9yqq8YzEjZndddf84suFMvmmtIsrh_0QOkCsa7xuZmjmw_CG-mFgPLY8o2CtY2zuo8zvI4InibM_ns, projects/binarfud-424612/messages/2a0c07db-279d-4d00-b61d-5a419216a02b msg {
  "notification": {
    "title": "Afternoon Binarfud Promo",
    "body": "Order at 12.00-13.00 to get 20% discount"
  },
  "androidConfig": {
    "priority": "high",
    "ttl": "120s",
    "notification": {}
  },
  "apnsConfig": {
    "payload": {
      "aps": {}
    }
  },
  "token": "fheZoT6OtNIqjaoBDIqTGB:APA91bHeksg2XYFFQIpohRw9JGTJ2Tq5ssKzQzHjDY0eRkDg9CxXRqq8Mae-aA9yqq8YzEjZndddf84suFMvmmtIsrh_0QOkCsa7xuZmjmw_CG-mFgPLY8o2CtY2zuo8zvI4InibM_ns"
}
