2024-05-28 12:47:49,489 INFO o.s.b.StartupInfoLogger [main] Starting BinarfudApplication using Java 21.0.2 with PID 27924 (E:\Documents\Bootcamp\Synrgy batch 7 - Java Backend\synergy7\F-BJV24001115-synergy7-mic-binfood-ch6\target\classes started by M1ch3 in E:\Documents\Bootcamp\Synrgy batch 7 - Java Backend\synergy7\F-BJV24001115-synergy7-mic-binfood-ch6)
2024-05-28 12:47:49,492 INFO o.s.b.SpringApplication [main] No active profile set, falling back to 1 default profile: "default"
2024-05-28 12:47:50,408 INFO o.s.d.r.c.RepositoryConfigurationDelegate [main] Bootstrapping Spring Data JPA repositories in DEFAULT mode.
2024-05-28 12:47:50,480 INFO o.s.d.r.c.RepositoryConfigurationDelegate [main] Finished Spring Data repository scanning in 67 ms. Found 6 JPA repository interfaces.
2024-05-28 12:47:51,354 INFO o.s.b.w.e.t.TomcatWebServer [main] Tomcat initialized with port 8080 (http)
2024-05-28 12:47:51,380 INFO o.a.j.l.DirectJDKLog [main] Initializing ProtocolHandler ["http-nio-8080"]
2024-05-28 12:47:51,386 INFO o.a.j.l.DirectJDKLog [main] Starting service [Tomcat]
2024-05-28 12:47:51,387 INFO o.a.j.l.DirectJDKLog [main] Starting Servlet engine: [Apache Tomcat/10.1.20]
2024-05-28 12:47:51,547 INFO o.a.j.l.DirectJDKLog [main] Initializing Spring embedded WebApplicationContext
2024-05-28 12:47:51,549 INFO o.s.b.w.s.c.ServletWebServerApplicationContext [main] Root WebApplicationContext: initialization completed in 2021 ms
2024-05-28 12:47:51,863 INFO o.h.j.i.u.LogHelper [main] HHH000204: Processing PersistenceUnitInfo [name: default]
2024-05-28 12:47:52,000 INFO o.h.Version [main] HHH000412: Hibernate ORM core version 6.4.4.Final
2024-05-28 12:47:52,049 INFO o.h.c.i.RegionFactoryInitiator [main] HHH000026: Second-level cache disabled
2024-05-28 12:47:52,269 INFO o.s.o.j.p.SpringPersistenceUnitInfo [main] No LoadTimeWeaver setup: ignoring JPA class transformer
2024-05-28 12:47:52,296 INFO c.z.h.HikariDataSource [main] HikariPool-1 - Starting...
2024-05-28 12:47:52,510 INFO c.z.h.p.HikariPool [main] HikariPool-1 - Added connection org.postgresql.jdbc.PgConnection@39afe59f
2024-05-28 12:47:52,512 INFO c.z.h.HikariDataSource [main] HikariPool-1 - Start completed.
2024-05-28 12:47:52,539 WARN o.h.e.j.d.i.DialectFactoryImpl [main] HHH90000025: PostgreSQLDialect does not need to be specified explicitly using 'hibernate.dialect' (remove the property setting and it will be selected by default)
2024-05-28 12:47:53,430 INFO o.h.e.t.j.p.i.JtaPlatformInitiator [main] HHH000489: No JTA platform available (set 'hibernate.transaction.jta.platform' to enable JTA platform integration)
2024-05-28 12:47:53,533 INFO o.s.o.j.AbstractEntityManagerFactoryBean [main] Initialized JPA EntityManagerFactory for persistence unit 'default'
2024-05-28 12:47:54,568 INFO o.s.d.j.r.q.QueryEnhancerFactory [main] Hibernate is in classpath; If applicable, HQL parser will be used.
2024-05-28 12:47:54,791 WARN o.s.b.a.o.j.JpaBaseConfiguration$JpaWebConfiguration [main] spring.jpa.open-in-view is enabled by default. Therefore, database queries may be performed during view rendering. Explicitly configure spring.jpa.open-in-view to disable this warning
2024-05-28 12:47:55,560 INFO o.s.s.w.DefaultSecurityFilterChain [main] Will secure any request with [org.springframework.security.web.session.DisableEncodeUrlFilter@16ecdb6d, org.springframework.security.web.context.request.async.WebAsyncManagerIntegrationFilter@72a45b71, org.springframework.security.web.context.SecurityContextHolderFilter@5f72aaed, org.springframework.security.web.header.HeaderWriterFilter@6f55aef7, org.springframework.web.filter.CorsFilter@3eed0375, org.springframework.security.web.authentication.logout.LogoutFilter@54464330, org.springframework.security.oauth2.client.web.OAuth2AuthorizationRequestRedirectFilter@78b888df, org.springframework.security.oauth2.client.web.OAuth2LoginAuthenticationFilter@1e1f467f, com.example.binarfud.security.jwt.JwtAuthTokenFilter@3c6e407, org.springframework.security.web.authentication.UsernamePasswordAuthenticationFilter@797dd7ef, org.springframework.security.web.authentication.ui.DefaultLoginPageGeneratingFilter@1e40edb7, org.springframework.security.web.authentication.ui.DefaultLogoutPageGeneratingFilter@3793896e, org.springframework.security.web.savedrequest.RequestCacheAwareFilter@4b708c16, org.springframework.security.web.servletapi.SecurityContextHolderAwareRequestFilter@2700f556, org.springframework.security.web.authentication.AnonymousAuthenticationFilter@47541b42, org.springframework.security.web.access.ExceptionTranslationFilter@3c4940d2, org.springframework.security.web.access.intercept.AuthorizationFilter@38a6ca39]
2024-05-28 12:47:56,018 INFO o.a.j.l.DirectJDKLog [main] Starting ProtocolHandler ["http-nio-8080"]
2024-05-28 12:47:56,048 INFO o.s.b.w.e.t.TomcatWebServer [main] Tomcat started on port 8080 (http) with context path ''
2024-05-28 12:47:56,059 INFO o.s.b.StartupInfoLogger [main] Started BinarfudApplication in 7.096 seconds (process running for 7.529)
2024-05-28 12:47:59,929 INFO o.a.j.l.DirectJDKLog [http-nio-8080-exec-2] Initializing Spring DispatcherServlet 'dispatcherServlet'
2024-05-28 12:47:59,930 INFO o.s.w.s.FrameworkServlet [http-nio-8080-exec-2] Initializing Servlet 'dispatcherServlet'
2024-05-28 12:47:59,931 INFO o.s.w.s.FrameworkServlet [http-nio-8080-exec-2] Completed initialization in 1 ms
