2024-05-31 22:38:04,225 WARN o.s.w.s.h.AbstractHandlerExceptionResolver [http-nio-8080-exec-8] Resolved [org.springframework.web.bind.MissingServletRequestParameterException: Required request parameter 'role' for method parameter type String is not present]
2024-05-31 22:39:54,746 WARN o.s.w.s.h.AbstractHandlerExceptionResolver [http-nio-8080-exec-1] Resolved [org.springframework.web.bind.MissingServletRequestParameterException: Required request parameter 'role' for method parameter type String is not present]
2024-05-31 22:41:30,519 INFO o.s.o.j.AbstractEntityManagerFactoryBean [SpringApplicationShutdownHook] Closing JPA EntityManagerFactory for persistence unit 'default'
2024-05-31 22:41:30,521 INFO c.z.h.HikariDataSource [SpringApplicationShutdownHook] HikariPool-1 - Shutdown initiated...
2024-05-31 22:41:30,591 INFO c.z.h.HikariDataSource [SpringApplicationShutdownHook] HikariPool-1 - Shutdown completed.
2024-05-31 22:41:36,036 INFO o.s.b.StartupInfoLogger [main] Starting BinarfudApplication using Java 21.0.2 with PID 12176 (E:\Documents\Bootcamp\Synrgy batch 7 - Java Backend\synergy7\F-BJV24001115-synergy7-mic-binfood-ch6\target\classes started by M1ch3 in E:\Documents\Bootcamp\Synrgy batch 7 - Java Backend\synergy7\F-BJV24001115-synergy7-mic-binfood-ch6)
2024-05-31 22:41:36,043 INFO o.s.b.SpringApplication [main] No active profile set, falling back to 1 default profile: "default"
2024-05-31 22:41:37,759 INFO o.s.d.r.c.RepositoryConfigurationDelegate [main] Bootstrapping Spring Data JPA repositories in DEFAULT mode.
2024-05-31 22:41:37,878 INFO o.s.d.r.c.RepositoryConfigurationDelegate [main] Finished Spring Data repository scanning in 109 ms. Found 6 JPA repository interfaces.
2024-05-31 22:41:39,405 INFO o.s.b.w.e.t.TomcatWebServer [main] Tomcat initialized with port 8080 (http)
2024-05-31 22:41:39,460 INFO o.a.j.l.DirectJDKLog [main] Initializing ProtocolHandler ["http-nio-8080"]
2024-05-31 22:41:39,471 INFO o.a.j.l.DirectJDKLog [main] Starting service [Tomcat]
2024-05-31 22:41:39,472 INFO o.a.j.l.DirectJDKLog [main] Starting Servlet engine: [Apache Tomcat/10.1.20]
2024-05-31 22:41:39,718 INFO o.a.j.l.DirectJDKLog [main] Initializing Spring embedded WebApplicationContext
2024-05-31 22:41:39,723 INFO o.s.b.w.s.c.ServletWebServerApplicationContext [main] Root WebApplicationContext: initialization completed in 3590 ms
2024-05-31 22:41:40,332 INFO o.h.j.i.u.LogHelper [main] HHH000204: Processing PersistenceUnitInfo [name: default]
2024-05-31 22:41:40,489 INFO o.h.Version [main] HHH000412: Hibernate ORM core version 6.4.4.Final
2024-05-31 22:41:40,540 INFO o.h.c.i.RegionFactoryInitiator [main] HHH000026: Second-level cache disabled
2024-05-31 22:41:40,923 INFO o.s.o.j.p.SpringPersistenceUnitInfo [main] No LoadTimeWeaver setup: ignoring JPA class transformer
2024-05-31 22:41:40,977 INFO c.z.h.HikariDataSource [main] HikariPool-1 - Starting...
2024-05-31 22:41:43,235 INFO c.z.h.p.HikariPool [main] HikariPool-1 - Added connection org.postgresql.jdbc.PgConnection@62158991
2024-05-31 22:41:43,240 INFO c.z.h.HikariDataSource [main] HikariPool-1 - Start completed.
2024-05-31 22:41:43,450 WARN o.h.e.j.d.i.DialectFactoryImpl [main] HHH90000025: PostgreSQLDialect does not need to be specified explicitly using 'hibernate.dialect' (remove the property setting and it will be selected by default)
2024-05-31 22:41:45,070 INFO o.h.e.t.j.p.i.JtaPlatformInitiator [main] HHH000489: No JTA platform available (set 'hibernate.transaction.jta.platform' to enable JTA platform integration)
2024-05-31 22:41:50,337 INFO o.s.o.j.AbstractEntityManagerFactoryBean [main] Initialized JPA EntityManagerFactory for persistence unit 'default'
2024-05-31 22:41:51,111 INFO o.s.d.j.r.q.QueryEnhancerFactory [main] Hibernate is in classpath; If applicable, HQL parser will be used.
2024-05-31 22:41:51,547 WARN o.s.b.a.o.j.JpaBaseConfiguration$JpaWebConfiguration [main] spring.jpa.open-in-view is enabled by default. Therefore, database queries may be performed during view rendering. Explicitly configure spring.jpa.open-in-view to disable this warning
2024-05-31 22:41:52,482 INFO o.s.s.w.DefaultSecurityFilterChain [main] Will secure any request with [org.springframework.security.web.session.DisableEncodeUrlFilter@5339cdc6, org.springframework.security.web.context.request.async.WebAsyncManagerIntegrationFilter@5b9ed77b, org.springframework.security.web.context.SecurityContextHolderFilter@7f478529, org.springframework.security.web.header.HeaderWriterFilter@33c91567, org.springframework.web.filter.CorsFilter@a8177f6, org.springframework.security.web.authentication.logout.LogoutFilter@724e82d9, org.springframework.security.oauth2.client.web.OAuth2AuthorizationRequestRedirectFilter@5896899d, org.springframework.security.oauth2.client.web.OAuth2LoginAuthenticationFilter@89017e5, com.example.binarfud.security.jwt.JwtAuthTokenFilter@3e8995cc, org.springframework.security.web.authentication.UsernamePasswordAuthenticationFilter@686ee555, org.springframework.security.web.authentication.ui.DefaultLoginPageGeneratingFilter@565fa7d2, org.springframework.security.web.authentication.ui.DefaultLogoutPageGeneratingFilter@7b88a2e2, org.springframework.security.web.savedrequest.RequestCacheAwareFilter@465e9090, org.springframework.security.web.servletapi.SecurityContextHolderAwareRequestFilter@7bfd8f92, org.springframework.security.web.authentication.AnonymousAuthenticationFilter@664217a8, org.springframework.security.web.access.ExceptionTranslationFilter@3ce2c454, org.springframework.security.web.access.intercept.AuthorizationFilter@64657b13]
2024-05-31 22:41:53,145 INFO o.a.j.l.DirectJDKLog [main] Starting ProtocolHandler ["http-nio-8080"]
2024-05-31 22:41:53,173 INFO o.s.b.w.e.t.TomcatWebServer [main] Tomcat started on port 8080 (http) with context path ''
2024-05-31 22:41:53,182 INFO o.s.b.StartupInfoLogger [main] Started BinarfudApplication in 18.11 seconds (process running for 18.759)
2024-05-31 22:42:07,618 INFO o.a.j.l.DirectJDKLog [http-nio-8080-exec-1] Initializing Spring DispatcherServlet 'dispatcherServlet'
2024-05-31 22:42:07,620 INFO o.s.w.s.FrameworkServlet [http-nio-8080-exec-1] Initializing Servlet 'dispatcherServlet'
2024-05-31 22:42:07,631 INFO o.s.w.s.FrameworkServlet [http-nio-8080-exec-1] Completed initialization in 9 ms
