2024-05-31 23:25:30,293 INFO o.a.j.l.DirectJDKLog [http-nio-8080-exec-1] Initializing Spring DispatcherServlet 'dispatcherServlet'
2024-05-31 23:25:30,296 INFO o.s.w.s.FrameworkServlet [http-nio-8080-exec-1] Initializing Servlet 'dispatcherServlet'
2024-05-31 23:25:30,298 INFO o.s.w.s.FrameworkServlet [http-nio-8080-exec-1] Completed initialization in 2 ms
2024-05-31 23:26:02,821 INFO o.s.o.j.AbstractEntityManagerFactoryBean [SpringApplicationShutdownHook] Closing JPA EntityManagerFactory for persistence unit 'default'
2024-05-31 23:26:02,823 INFO c.z.h.HikariDataSource [SpringApplicationShutdownHook] HikariPool-1 - Shutdown initiated...
2024-05-31 23:26:02,905 INFO c.z.h.HikariDataSource [SpringApplicationShutdownHook] HikariPool-1 - Shutdown completed.
2024-05-31 23:26:06,075 INFO o.s.b.StartupInfoLogger [main] Starting BinarfudApplication using Java 21.0.2 with PID 21972 (E:\Documents\Bootcamp\Synrgy batch 7 - Java Backend\synergy7\F-BJV24001115-synergy7-mic-binfood-ch6\target\classes started by M1ch3 in E:\Documents\Bootcamp\Synrgy batch 7 - Java Backend\synergy7\F-BJV24001115-synergy7-mic-binfood-ch6)
2024-05-31 23:26:06,080 INFO o.s.b.SpringApplication [main] No active profile set, falling back to 1 default profile: "default"
2024-05-31 23:26:07,560 INFO o.s.d.r.c.RepositoryConfigurationDelegate [main] Bootstrapping Spring Data JPA repositories in DEFAULT mode.
2024-05-31 23:26:07,665 INFO o.s.d.r.c.RepositoryConfigurationDelegate [main] Finished Spring Data repository scanning in 96 ms. Found 6 JPA repository interfaces.
2024-05-31 23:26:08,952 INFO o.s.b.w.e.t.TomcatWebServer [main] Tomcat initialized with port 8080 (http)
2024-05-31 23:26:08,995 INFO o.a.j.l.DirectJDKLog [main] Initializing ProtocolHandler ["http-nio-8080"]
2024-05-31 23:26:09,004 INFO o.a.j.l.DirectJDKLog [main] Starting service [Tomcat]
2024-05-31 23:26:09,006 INFO o.a.j.l.DirectJDKLog [main] Starting Servlet engine: [Apache Tomcat/10.1.20]
2024-05-31 23:26:09,226 INFO o.a.j.l.DirectJDKLog [main] Initializing Spring embedded WebApplicationContext
2024-05-31 23:26:09,228 INFO o.s.b.w.s.c.ServletWebServerApplicationContext [main] Root WebApplicationContext: initialization completed in 3065 ms
2024-05-31 23:26:09,736 INFO o.h.j.i.u.LogHelper [main] HHH000204: Processing PersistenceUnitInfo [name: default]
2024-05-31 23:26:09,971 INFO o.h.Version [main] HHH000412: Hibernate ORM core version 6.4.4.Final
2024-05-31 23:26:10,053 INFO o.h.c.i.RegionFactoryInitiator [main] HHH000026: Second-level cache disabled
2024-05-31 23:26:10,460 INFO o.s.o.j.p.SpringPersistenceUnitInfo [main] No LoadTimeWeaver setup: ignoring JPA class transformer
2024-05-31 23:26:10,509 INFO c.z.h.HikariDataSource [main] HikariPool-1 - Starting...
2024-05-31 23:26:12,740 INFO c.z.h.p.HikariPool [main] HikariPool-1 - Added connection org.postgresql.jdbc.PgConnection@1e258d3b
2024-05-31 23:26:12,741 INFO c.z.h.HikariDataSource [main] HikariPool-1 - Start completed.
2024-05-31 23:26:12,934 WARN o.h.e.j.d.i.DialectFactoryImpl [main] HHH90000025: PostgreSQLDialect does not need to be specified explicitly using 'hibernate.dialect' (remove the property setting and it will be selected by default)
2024-05-31 23:26:14,483 INFO o.h.e.t.j.p.i.JtaPlatformInitiator [main] HHH000489: No JTA platform available (set 'hibernate.transaction.jta.platform' to enable JTA platform integration)
2024-05-31 23:26:19,929 INFO o.s.o.j.AbstractEntityManagerFactoryBean [main] Initialized JPA EntityManagerFactory for persistence unit 'default'
2024-05-31 23:26:20,562 INFO o.s.d.j.r.q.QueryEnhancerFactory [main] Hibernate is in classpath; If applicable, HQL parser will be used.
2024-05-31 23:26:20,937 WARN o.s.b.a.o.j.JpaBaseConfiguration$JpaWebConfiguration [main] spring.jpa.open-in-view is enabled by default. Therefore, database queries may be performed during view rendering. Explicitly configure spring.jpa.open-in-view to disable this warning
2024-05-31 23:26:21,681 INFO o.s.s.w.DefaultSecurityFilterChain [main] Will secure any request with [org.springframework.security.web.session.DisableEncodeUrlFilter@4c219c84, org.springframework.security.web.context.request.async.WebAsyncManagerIntegrationFilter@2b01be54, org.springframework.security.web.context.SecurityContextHolderFilter@30eed725, org.springframework.security.web.header.HeaderWriterFilter@19e67cc2, org.springframework.web.filter.CorsFilter@14997cb9, org.springframework.security.web.authentication.logout.LogoutFilter@4b4a3114, org.springframework.security.oauth2.client.web.OAuth2AuthorizationRequestRedirectFilter@74832504, org.springframework.security.oauth2.client.web.OAuth2LoginAuthenticationFilter@56a63c28, com.example.binarfud.security.jwt.JwtAuthTokenFilter@481eb705, org.springframework.security.web.authentication.UsernamePasswordAuthenticationFilter@6e98fd10, org.springframework.security.web.authentication.ui.DefaultLoginPageGeneratingFilter@352bea0e, org.springframework.security.web.authentication.ui.DefaultLogoutPageGeneratingFilter@701153c1, org.springframework.security.web.savedrequest.RequestCacheAwareFilter@6acdca3a, org.springframework.security.web.servletapi.SecurityContextHolderAwareRequestFilter@32ae890, org.springframework.security.web.authentication.AnonymousAuthenticationFilter@301434fb, org.springframework.security.web.access.ExceptionTranslationFilter@5eba0cc5, org.springframework.security.web.access.intercept.AuthorizationFilter@7421213d]
2024-05-31 23:26:22,431 INFO o.a.j.l.DirectJDKLog [main] Starting ProtocolHandler ["http-nio-8080"]
2024-05-31 23:26:22,479 INFO o.s.b.w.e.t.TomcatWebServer [main] Tomcat started on port 8080 (http) with context path ''
2024-05-31 23:26:22,498 INFO o.s.b.StartupInfoLogger [main] Started BinarfudApplication in 17.334 seconds (process running for 17.963)
2024-05-31 23:26:24,874 INFO o.a.j.l.DirectJDKLog [http-nio-8080-exec-1] Initializing Spring DispatcherServlet 'dispatcherServlet'
2024-05-31 23:26:24,874 INFO o.s.w.s.FrameworkServlet [http-nio-8080-exec-1] Initializing Servlet 'dispatcherServlet'
2024-05-31 23:26:24,875 INFO o.s.w.s.FrameworkServlet [http-nio-8080-exec-1] Completed initialization in 1 ms
