2024-06-30 21:55:03,711 INFO o.s.b.StartupInfoLogger [main] Starting BinarfudApplication using Java 21.0.2 with PID 26648 (E:\Documents\Bootcamp\Synrgy batch 7 - Java Backend\synergy7\F-BJV24001115-synergy7-mic-binfood-ch8\target\classes started by M1ch3 in E:\Documents\Bootcamp\Synrgy batch 7 - Java Backend\synergy7\F-BJV24001115-synergy7-mic-binfood-ch8)
2024-06-30 21:55:03,714 INFO o.s.b.SpringApplication [main] No active profile set, falling back to 1 default profile: "default"
2024-06-30 21:55:04,588 INFO o.s.d.r.c.RepositoryConfigurationDelegate [main] Bootstrapping Spring Data JPA repositories in DEFAULT mode.
2024-06-30 21:55:04,657 INFO o.s.d.r.c.RepositoryConfigurationDelegate [main] Finished Spring Data repository scanning in 62 ms. Found 6 JPA repository interfaces.
2024-06-30 21:55:05,440 INFO o.s.b.w.e.t.TomcatWebServer [main] Tomcat initialized with port 8080 (http)
2024-06-30 21:55:05,467 INFO o.a.j.l.DirectJDKLog [main] Initializing ProtocolHandler ["http-nio-8080"]
2024-06-30 21:55:05,473 INFO o.a.j.l.DirectJDKLog [main] Starting service [Tomcat]
2024-06-30 21:55:05,474 INFO o.a.j.l.DirectJDKLog [main] Starting Servlet engine: [Apache Tomcat/10.1.20]
2024-06-30 21:55:05,608 INFO o.a.j.l.DirectJDKLog [main] Initializing Spring embedded WebApplicationContext
2024-06-30 21:55:05,609 INFO o.s.b.w.s.c.ServletWebServerApplicationContext [main] Root WebApplicationContext: initialization completed in 1850 ms
2024-06-30 21:55:05,905 INFO o.h.j.i.u.LogHelper [main] HHH000204: Processing PersistenceUnitInfo [name: default]
2024-06-30 21:55:06,045 INFO o.h.Version [main] HHH000412: Hibernate ORM core version 6.4.4.Final
2024-06-30 21:55:06,109 INFO o.h.c.i.RegionFactoryInitiator [main] HHH000026: Second-level cache disabled
2024-06-30 21:55:06,284 INFO o.s.o.j.p.SpringPersistenceUnitInfo [main] No LoadTimeWeaver setup: ignoring JPA class transformer
2024-06-30 21:55:06,336 INFO c.z.h.HikariDataSource [main] HikariPool-1 - Starting...
2024-06-30 21:55:06,514 INFO c.z.h.p.HikariPool [main] HikariPool-1 - Added connection org.postgresql.jdbc.PgConnection@1f48fa72
2024-06-30 21:55:06,516 INFO c.z.h.HikariDataSource [main] HikariPool-1 - Start completed.
2024-06-30 21:55:06,542 WARN o.h.e.j.d.i.DialectFactoryImpl [main] HHH90000025: PostgreSQLDialect does not need to be specified explicitly using 'hibernate.dialect' (remove the property setting and it will be selected by default)
2024-06-30 21:55:07,366 INFO o.h.e.t.j.p.i.JtaPlatformInitiator [main] HHH000489: No JTA platform available (set 'hibernate.transaction.jta.platform' to enable JTA platform integration)
2024-06-30 21:55:07,456 INFO o.s.o.j.AbstractEntityManagerFactoryBean [main] Initialized JPA EntityManagerFactory for persistence unit 'default'
2024-06-30 21:55:07,878 INFO o.s.d.j.r.q.QueryEnhancerFactory [main] Hibernate is in classpath; If applicable, HQL parser will be used.
2024-06-30 21:55:08,168 INFO c.e.b.s.FCMInitializer [main] Firebase application has been initialized
2024-06-30 21:55:08,275 WARN o.s.b.a.o.j.JpaBaseConfiguration$JpaWebConfiguration [main] spring.jpa.open-in-view is enabled by default. Therefore, database queries may be performed during view rendering. Explicitly configure spring.jpa.open-in-view to disable this warning
2024-06-30 21:55:08,666 INFO o.s.s.w.DefaultSecurityFilterChain [main] Will secure any request with [org.springframework.security.web.session.DisableEncodeUrlFilter@1b2213b2, org.springframework.security.web.context.request.async.WebAsyncManagerIntegrationFilter@bf0025d, org.springframework.security.web.context.SecurityContextHolderFilter@3eb4fdd5, org.springframework.security.web.header.HeaderWriterFilter@76fa3dd8, org.springframework.web.filter.CorsFilter@227ae4e4, org.springframework.security.web.authentication.logout.LogoutFilter@7ee6d5fd, org.springframework.security.oauth2.client.web.OAuth2AuthorizationRequestRedirectFilter@15d2c2ca, org.springframework.security.oauth2.client.web.OAuth2LoginAuthenticationFilter@1400984b, com.example.binarfud.security.jwt.JwtAuthTokenFilter@48861d1, org.springframework.security.web.authentication.UsernamePasswordAuthenticationFilter@ae4a043, org.springframework.security.web.authentication.ui.DefaultLoginPageGeneratingFilter@4e0a5606, org.springframework.security.web.authentication.ui.DefaultLogoutPageGeneratingFilter@7cc966a9, org.springframework.security.web.savedrequest.RequestCacheAwareFilter@52dfd7f5, org.springframework.security.web.servletapi.SecurityContextHolderAwareRequestFilter@5b5f48d5, org.springframework.security.web.authentication.AnonymousAuthenticationFilter@77fd5501, org.springframework.security.web.access.ExceptionTranslationFilter@1d47b761, org.springframework.security.web.access.intercept.AuthorizationFilter@2cee1bcf]
2024-06-30 21:55:09,157 INFO o.a.j.l.DirectJDKLog [main] Starting ProtocolHandler ["http-nio-8080"]
2024-06-30 21:55:09,173 INFO o.s.b.w.e.t.TomcatWebServer [main] Tomcat started on port 8080 (http) with context path ''
2024-06-30 21:55:09,179 WARN o.s.c.s.AbstractApplicationContext [main] Exception encountered during context initialization - cancelling refresh attempt: java.lang.IllegalArgumentException
2024-06-30 21:55:09,184 INFO o.s.o.j.AbstractEntityManagerFactoryBean [main] Closing JPA EntityManagerFactory for persistence unit 'default'
2024-06-30 21:55:09,186 INFO c.z.h.HikariDataSource [main] HikariPool-1 - Shutdown initiated...
2024-06-30 21:55:09,192 INFO c.z.h.HikariDataSource [main] HikariPool-1 - Shutdown completed.
2024-06-30 21:55:09,194 INFO o.a.j.l.DirectJDKLog [main] Stopping ProtocolHandler ["http-nio-8080"]
2024-06-30 21:55:09,198 INFO o.a.j.l.DirectJDKLog [main] Stopping service [Tomcat]
2024-06-30 21:55:09,202 INFO o.s.b.a.l.ConditionEvaluationReportLogger [main] 

Error starting ApplicationContext. To display the condition evaluation report re-run your application with 'debug' enabled.
2024-06-30 21:55:09,213 ERROR o.s.b.SpringApplication [main] Application run failed
java.lang.IllegalArgumentException: null
	at java.base/java.util.concurrent.ScheduledThreadPoolExecutor.scheduleAtFixedRate(ScheduledThreadPoolExecutor.java:623)
	at org.springframework.scheduling.concurrent.ThreadPoolTaskScheduler.scheduleAtFixedRate(ThreadPoolTaskScheduler.java:426)
	at org.springframework.scheduling.config.TaskSchedulerRouter.scheduleAtFixedRate(TaskSchedulerRouter.java:126)
	at org.springframework.scheduling.config.ScheduledTaskRegistrar.scheduleFixedRateTask(ScheduledTaskRegistrar.java:555)
	at org.springframework.scheduling.config.ScheduledTaskRegistrar.scheduleTasks(ScheduledTaskRegistrar.java:446)
	at org.springframework.scheduling.config.ScheduledTaskRegistrar.afterPropertiesSet(ScheduledTaskRegistrar.java:421)
	at org.springframework.scheduling.annotation.ScheduledAnnotationBeanPostProcessor.finishRegistration(ScheduledAnnotationBeanPostProcessor.java:264)
	at org.springframework.scheduling.annotation.ScheduledAnnotationBeanPostProcessor.onApplicationEvent(ScheduledAnnotationBeanPostProcessor.java:659)
	at org.springframework.scheduling.annotation.ScheduledAnnotationBeanPostProcessor.onApplicationEvent(ScheduledAnnotationBeanPostProcessor.java:110)
	at org.springframework.context.event.SimpleApplicationEventMulticaster.doInvokeListener(SimpleApplicationEventMulticaster.java:185)
	at org.springframework.context.event.SimpleApplicationEventMulticaster.invokeListener(SimpleApplicationEventMulticaster.java:178)
	at org.springframework.context.event.SimpleApplicationEventMulticaster.multicastEvent(SimpleApplicationEventMulticaster.java:156)
	at org.springframework.context.support.AbstractApplicationContext.publishEvent(AbstractApplicationContext.java:451)
	at org.springframework.context.support.AbstractApplicationContext.publishEvent(AbstractApplicationContext.java:384)
	at org.springframework.context.support.AbstractApplicationContext.finishRefresh(AbstractApplicationContext.java:984)
	at org.springframework.context.support.AbstractApplicationContext.refresh(AbstractApplicationContext.java:627)
	at org.springframework.boot.web.servlet.context.ServletWebServerApplicationContext.refresh(ServletWebServerApplicationContext.java:146)
	at org.springframework.boot.SpringApplication.refresh(SpringApplication.java:754)
	at org.springframework.boot.SpringApplication.refreshContext(SpringApplication.java:456)
	at org.springframework.boot.SpringApplication.run(SpringApplication.java:334)
	at org.springframework.boot.SpringApplication.run(SpringApplication.java:1354)
	at org.springframework.boot.SpringApplication.run(SpringApplication.java:1343)
	at com.example.binarfud.BinarfudApplication.main(BinarfudApplication.java:16)
