2024-05-28 10:46:48,371 INFO o.s.o.j.AbstractEntityManagerFactoryBean [SpringApplicationShutdownHook] Closing JPA EntityManagerFactory for persistence unit 'default'
2024-05-28 10:46:48,373 INFO c.z.h.HikariDataSource [SpringApplicationShutdownHook] HikariPool-1 - Shutdown initiated...
2024-05-28 10:46:48,377 INFO c.z.h.HikariDataSource [SpringApplicationShutdownHook] HikariPool-1 - Shutdown completed.
2024-05-28 10:46:51,177 INFO o.s.b.StartupInfoLogger [main] Starting BinarfudApplication using Java 21.0.2 with PID 5068 (E:\Documents\Bootcamp\Synrgy batch 7 - Java Backend\synergy7\F-BJV24001115-synergy7-mic-binfood-ch6\target\classes started by M1ch3 in E:\Documents\Bootcamp\Synrgy batch 7 - Java Backend\synergy7\F-BJV24001115-synergy7-mic-binfood-ch6)
2024-05-28 10:46:51,186 INFO o.s.b.SpringApplication [main] No active profile set, falling back to 1 default profile: "default"
2024-05-28 10:46:51,933 INFO o.s.d.r.c.RepositoryConfigurationDelegate [main] Bootstrapping Spring Data JPA repositories in DEFAULT mode.
2024-05-28 10:46:51,990 INFO o.s.d.r.c.RepositoryConfigurationDelegate [main] Finished Spring Data repository scanning in 52 ms. Found 6 JPA repository interfaces.
2024-05-28 10:46:52,717 INFO o.s.b.w.e.t.TomcatWebServer [main] Tomcat initialized with port 8080 (http)
2024-05-28 10:46:52,743 INFO o.a.j.l.DirectJDKLog [main] Initializing ProtocolHandler ["http-nio-8080"]
2024-05-28 10:46:52,749 INFO o.a.j.l.DirectJDKLog [main] Starting service [Tomcat]
2024-05-28 10:46:52,750 INFO o.a.j.l.DirectJDKLog [main] Starting Servlet engine: [Apache Tomcat/10.1.20]
2024-05-28 10:46:52,895 INFO o.a.j.l.DirectJDKLog [main] Initializing Spring embedded WebApplicationContext
2024-05-28 10:46:52,897 INFO o.s.b.w.s.c.ServletWebServerApplicationContext [main] Root WebApplicationContext: initialization completed in 1677 ms
2024-05-28 10:46:53,207 INFO o.h.j.i.u.LogHelper [main] HHH000204: Processing PersistenceUnitInfo [name: default]
2024-05-28 10:46:53,309 INFO o.h.Version [main] HHH000412: Hibernate ORM core version 6.4.4.Final
2024-05-28 10:46:53,356 INFO o.h.c.i.RegionFactoryInitiator [main] HHH000026: Second-level cache disabled
2024-05-28 10:46:53,553 INFO o.s.o.j.p.SpringPersistenceUnitInfo [main] No LoadTimeWeaver setup: ignoring JPA class transformer
2024-05-28 10:46:53,579 INFO c.z.h.HikariDataSource [main] HikariPool-1 - Starting...
2024-05-28 10:46:53,776 INFO c.z.h.p.HikariPool [main] HikariPool-1 - Added connection org.postgresql.jdbc.PgConnection@e72fb04
2024-05-28 10:46:53,778 INFO c.z.h.HikariDataSource [main] HikariPool-1 - Start completed.
2024-05-28 10:46:53,807 WARN o.h.e.j.d.i.DialectFactoryImpl [main] HHH90000025: PostgreSQLDialect does not need to be specified explicitly using 'hibernate.dialect' (remove the property setting and it will be selected by default)
2024-05-28 10:46:54,616 INFO o.h.e.t.j.p.i.JtaPlatformInitiator [main] HHH000489: No JTA platform available (set 'hibernate.transaction.jta.platform' to enable JTA platform integration)
2024-05-28 10:46:54,701 INFO o.s.o.j.AbstractEntityManagerFactoryBean [main] Initialized JPA EntityManagerFactory for persistence unit 'default'
2024-05-28 10:46:55,311 INFO o.s.d.j.r.q.QueryEnhancerFactory [main] Hibernate is in classpath; If applicable, HQL parser will be used.
2024-05-28 10:46:55,478 WARN o.s.b.a.o.j.JpaBaseConfiguration$JpaWebConfiguration [main] spring.jpa.open-in-view is enabled by default. Therefore, database queries may be performed during view rendering. Explicitly configure spring.jpa.open-in-view to disable this warning
2024-05-28 10:46:56,059 INFO o.s.s.w.DefaultSecurityFilterChain [main] Will secure any request with [org.springframework.security.web.session.DisableEncodeUrlFilter@4d82ded2, org.springframework.security.web.context.request.async.WebAsyncManagerIntegrationFilter@655875bb, org.springframework.security.web.context.SecurityContextHolderFilter@60fc4450, org.springframework.security.web.header.HeaderWriterFilter@7893b8c, org.springframework.web.filter.CorsFilter@6ad036d6, org.springframework.security.web.authentication.logout.LogoutFilter@137a70f1, org.springframework.security.oauth2.client.web.OAuth2AuthorizationRequestRedirectFilter@6b58a0f9, org.springframework.security.oauth2.client.web.OAuth2LoginAuthenticationFilter@38320819, com.example.binarfud.security.jwt.JwtAuthTokenFilter@759c53e5, org.springframework.security.web.authentication.UsernamePasswordAuthenticationFilter@c50d1b2, org.springframework.security.web.authentication.ui.DefaultLoginPageGeneratingFilter@6f254d79, org.springframework.security.web.authentication.ui.DefaultLogoutPageGeneratingFilter@6b72c62, org.springframework.security.web.savedrequest.RequestCacheAwareFilter@270a3cef, org.springframework.security.web.servletapi.SecurityContextHolderAwareRequestFilter@6d224921, org.springframework.security.web.authentication.AnonymousAuthenticationFilter@5d180628, org.springframework.security.web.access.ExceptionTranslationFilter@7d41aefd, org.springframework.security.web.access.intercept.AuthorizationFilter@3423f353]
2024-05-28 10:46:56,470 INFO o.a.j.l.DirectJDKLog [main] Starting ProtocolHandler ["http-nio-8080"]
2024-05-28 10:46:56,483 INFO o.s.b.w.e.t.TomcatWebServer [main] Tomcat started on port 8080 (http) with context path ''
2024-05-28 10:46:56,491 INFO o.s.b.StartupInfoLogger [main] Started BinarfudApplication in 5.757 seconds (process running for 6.063)
2024-05-28 10:46:59,160 INFO o.a.j.l.DirectJDKLog [http-nio-8080-exec-1] Initializing Spring DispatcherServlet 'dispatcherServlet'
2024-05-28 10:46:59,160 INFO o.s.w.s.FrameworkServlet [http-nio-8080-exec-1] Initializing Servlet 'dispatcherServlet'
2024-05-28 10:46:59,161 INFO o.s.w.s.FrameworkServlet [http-nio-8080-exec-1] Completed initialization in 1 ms
2024-05-28 10:47:10,393 INFO o.s.o.j.AbstractEntityManagerFactoryBean [SpringApplicationShutdownHook] Closing JPA EntityManagerFactory for persistence unit 'default'
2024-05-28 10:47:10,396 INFO c.z.h.HikariDataSource [SpringApplicationShutdownHook] HikariPool-1 - Shutdown initiated...
2024-05-28 10:47:10,403 INFO c.z.h.HikariDataSource [SpringApplicationShutdownHook] HikariPool-1 - Shutdown completed.
