2024-05-31 15:17:53,056 INFO o.s.b.StartupInfoLogger [main] Starting BinarfudApplication using Java 21.0.2 with PID 28948 (E:\Documents\Bootcamp\Synrgy batch 7 - Java Backend\synergy7\F-BJV24001115-synergy7-mic-binfood-ch6\target\classes started by M1ch3 in E:\Documents\Bootcamp\Synrgy batch 7 - Java Backend\synergy7\F-BJV24001115-synergy7-mic-binfood-ch6)
2024-05-31 15:17:53,060 INFO o.s.b.SpringApplication [main] No active profile set, falling back to 1 default profile: "default"
2024-05-31 15:17:53,941 INFO o.s.d.r.c.RepositoryConfigurationDelegate [main] Bootstrapping Spring Data JPA repositories in DEFAULT mode.
2024-05-31 15:17:54,015 INFO o.s.d.r.c.RepositoryConfigurationDelegate [main] Finished Spring Data repository scanning in 69 ms. Found 6 JPA repository interfaces.
2024-05-31 15:17:54,816 INFO o.s.b.w.e.t.TomcatWebServer [main] Tomcat initialized with port 8080 (http)
2024-05-31 15:17:54,841 INFO o.a.j.l.DirectJDKLog [main] Initializing ProtocolHandler ["http-nio-8080"]
2024-05-31 15:17:54,846 INFO o.a.j.l.DirectJDKLog [main] Starting service [Tomcat]
2024-05-31 15:17:54,846 INFO o.a.j.l.DirectJDKLog [main] Starting Servlet engine: [Apache Tomcat/10.1.20]
2024-05-31 15:17:54,956 INFO o.a.j.l.DirectJDKLog [main] Initializing Spring embedded WebApplicationContext
2024-05-31 15:17:54,959 INFO o.s.b.w.s.c.ServletWebServerApplicationContext [main] Root WebApplicationContext: initialization completed in 1862 ms
2024-05-31 15:17:55,284 INFO o.h.j.i.u.LogHelper [main] HHH000204: Processing PersistenceUnitInfo [name: default]
2024-05-31 15:17:55,365 INFO o.h.Version [main] HHH000412: Hibernate ORM core version 6.4.4.Final
2024-05-31 15:17:55,394 INFO o.h.c.i.RegionFactoryInitiator [main] HHH000026: Second-level cache disabled
2024-05-31 15:17:55,629 INFO o.s.o.j.p.SpringPersistenceUnitInfo [main] No LoadTimeWeaver setup: ignoring JPA class transformer
2024-05-31 15:17:55,657 INFO c.z.h.HikariDataSource [main] HikariPool-1 - Starting...
2024-05-31 15:17:55,840 INFO c.z.h.p.HikariPool [main] HikariPool-1 - Added connection org.postgresql.jdbc.PgConnection@52856ff9
2024-05-31 15:17:55,843 INFO c.z.h.HikariDataSource [main] HikariPool-1 - Start completed.
2024-05-31 15:17:55,872 WARN o.h.e.j.d.i.DialectFactoryImpl [main] HHH90000025: PostgreSQLDialect does not need to be specified explicitly using 'hibernate.dialect' (remove the property setting and it will be selected by default)
2024-05-31 15:17:56,714 INFO o.h.e.t.j.p.i.JtaPlatformInitiator [main] HHH000489: No JTA platform available (set 'hibernate.transaction.jta.platform' to enable JTA platform integration)
2024-05-31 15:17:56,812 INFO o.s.o.j.AbstractEntityManagerFactoryBean [main] Initialized JPA EntityManagerFactory for persistence unit 'default'
2024-05-31 15:17:57,337 INFO o.s.d.j.r.q.QueryEnhancerFactory [main] Hibernate is in classpath; If applicable, HQL parser will be used.
2024-05-31 15:17:57,566 WARN o.s.b.a.o.j.JpaBaseConfiguration$JpaWebConfiguration [main] spring.jpa.open-in-view is enabled by default. Therefore, database queries may be performed during view rendering. Explicitly configure spring.jpa.open-in-view to disable this warning
2024-05-31 15:17:57,981 INFO o.s.s.w.DefaultSecurityFilterChain [main] Will secure any request with [org.springframework.security.web.session.DisableEncodeUrlFilter@c7008b4, org.springframework.security.web.context.request.async.WebAsyncManagerIntegrationFilter@3f54fabc, org.springframework.security.web.context.SecurityContextHolderFilter@5ec921f1, org.springframework.security.web.header.HeaderWriterFilter@4ac2b4c6, org.springframework.web.filter.CorsFilter@719e8f9f, org.springframework.security.web.authentication.logout.LogoutFilter@7510824, org.springframework.security.oauth2.client.web.OAuth2AuthorizationRequestRedirectFilter@1cafb30, org.springframework.security.oauth2.client.web.OAuth2LoginAuthenticationFilter@14b4f462, com.example.binarfud.security.jwt.JwtAuthTokenFilter@4f3b11e6, org.springframework.security.web.authentication.UsernamePasswordAuthenticationFilter@6d4bb60f, org.springframework.security.web.authentication.ui.DefaultLoginPageGeneratingFilter@caee26e, org.springframework.security.web.authentication.ui.DefaultLogoutPageGeneratingFilter@5122387, org.springframework.security.web.savedrequest.RequestCacheAwareFilter@174e5929, org.springframework.security.web.servletapi.SecurityContextHolderAwareRequestFilter@7569bc9f, org.springframework.security.web.authentication.AnonymousAuthenticationFilter@9abbe39, org.springframework.security.web.access.ExceptionTranslationFilter@2c39c520, org.springframework.security.web.access.intercept.AuthorizationFilter@3bdf6d63]
2024-05-31 15:17:58,363 INFO o.a.j.l.DirectJDKLog [main] Starting ProtocolHandler ["http-nio-8080"]
2024-05-31 15:17:58,376 INFO o.s.b.w.e.t.TomcatWebServer [main] Tomcat started on port 8080 (http) with context path ''
2024-05-31 15:17:58,384 INFO o.s.b.StartupInfoLogger [main] Started BinarfudApplication in 5.805 seconds (process running for 6.13)
2024-05-31 15:18:04,734 INFO o.a.j.l.DirectJDKLog [http-nio-8080-exec-1] Initializing Spring DispatcherServlet 'dispatcherServlet'
2024-05-31 15:18:04,735 INFO o.s.w.s.FrameworkServlet [http-nio-8080-exec-1] Initializing Servlet 'dispatcherServlet'
2024-05-31 15:18:04,736 INFO o.s.w.s.FrameworkServlet [http-nio-8080-exec-1] Completed initialization in 1 ms
2024-05-31 15:18:16,461 INFO o.s.a.AbstractOpenApiResource [http-nio-8080-exec-9] Init duration for springdoc-openapi is: 3079 ms
