2024-05-28 10:43:07,030 INFO o.s.o.j.AbstractEntityManagerFactoryBean [SpringApplicationShutdownHook] Closing JPA EntityManagerFactory for persistence unit 'default'
2024-05-28 10:43:07,032 INFO c.z.h.HikariDataSource [SpringApplicationShutdownHook] HikariPool-1 - Shutdown initiated...
2024-05-28 10:43:07,038 INFO c.z.h.HikariDataSource [SpringApplicationShutdownHook] HikariPool-1 - Shutdown completed.
2024-05-28 10:43:10,439 INFO o.s.b.StartupInfoLogger [main] Starting BinarfudApplication using Java 21.0.2 with PID 28364 (E:\Documents\Bootcamp\Synrgy batch 7 - Java Backend\synergy7\F-BJV24001115-synergy7-mic-binfood-ch6\target\classes started by M1ch3 in E:\Documents\Bootcamp\Synrgy batch 7 - Java Backend\synergy7\F-BJV24001115-synergy7-mic-binfood-ch6)
2024-05-28 10:43:10,447 INFO o.s.b.SpringApplication [main] No active profile set, falling back to 1 default profile: "default"
2024-05-28 10:43:11,227 INFO o.s.d.r.c.RepositoryConfigurationDelegate [main] Bootstrapping Spring Data JPA repositories in DEFAULT mode.
2024-05-28 10:43:11,291 INFO o.s.d.r.c.RepositoryConfigurationDelegate [main] Finished Spring Data repository scanning in 58 ms. Found 6 JPA repository interfaces.
2024-05-28 10:43:12,013 INFO o.s.b.w.e.t.TomcatWebServer [main] Tomcat initialized with port 8080 (http)
2024-05-28 10:43:12,039 INFO o.a.j.l.DirectJDKLog [main] Initializing ProtocolHandler ["http-nio-8080"]
2024-05-28 10:43:12,048 INFO o.a.j.l.DirectJDKLog [main] Starting service [Tomcat]
2024-05-28 10:43:12,048 INFO o.a.j.l.DirectJDKLog [main] Starting Servlet engine: [Apache Tomcat/10.1.20]
2024-05-28 10:43:12,163 INFO o.a.j.l.DirectJDKLog [main] Initializing Spring embedded WebApplicationContext
2024-05-28 10:43:12,164 INFO o.s.b.w.s.c.ServletWebServerApplicationContext [main] Root WebApplicationContext: initialization completed in 1686 ms
2024-05-28 10:43:12,464 INFO o.h.j.i.u.LogHelper [main] HHH000204: Processing PersistenceUnitInfo [name: default]
2024-05-28 10:43:12,596 INFO o.h.Version [main] HHH000412: Hibernate ORM core version 6.4.4.Final
2024-05-28 10:43:12,640 INFO o.h.c.i.RegionFactoryInitiator [main] HHH000026: Second-level cache disabled
2024-05-28 10:43:12,839 INFO o.s.o.j.p.SpringPersistenceUnitInfo [main] No LoadTimeWeaver setup: ignoring JPA class transformer
2024-05-28 10:43:12,860 INFO c.z.h.HikariDataSource [main] HikariPool-1 - Starting...
2024-05-28 10:43:13,046 INFO c.z.h.p.HikariPool [main] HikariPool-1 - Added connection org.postgresql.jdbc.PgConnection@393ae7a0
2024-05-28 10:43:13,046 INFO c.z.h.HikariDataSource [main] HikariPool-1 - Start completed.
2024-05-28 10:43:13,077 WARN o.h.e.j.d.i.DialectFactoryImpl [main] HHH90000025: PostgreSQLDialect does not need to be specified explicitly using 'hibernate.dialect' (remove the property setting and it will be selected by default)
2024-05-28 10:43:13,889 INFO o.h.e.t.j.p.i.JtaPlatformInitiator [main] HHH000489: No JTA platform available (set 'hibernate.transaction.jta.platform' to enable JTA platform integration)
2024-05-28 10:43:13,973 INFO o.s.o.j.AbstractEntityManagerFactoryBean [main] Initialized JPA EntityManagerFactory for persistence unit 'default'
2024-05-28 10:43:14,395 INFO o.s.d.j.r.q.QueryEnhancerFactory [main] Hibernate is in classpath; If applicable, HQL parser will be used.
2024-05-28 10:43:14,565 WARN o.s.b.a.o.j.JpaBaseConfiguration$JpaWebConfiguration [main] spring.jpa.open-in-view is enabled by default. Therefore, database queries may be performed during view rendering. Explicitly configure spring.jpa.open-in-view to disable this warning
2024-05-28 10:43:15,103 INFO o.s.s.w.DefaultSecurityFilterChain [main] Will secure any request with [org.springframework.security.web.session.DisableEncodeUrlFilter@14f08a97, org.springframework.security.web.context.request.async.WebAsyncManagerIntegrationFilter@44f6ac4f, org.springframework.security.web.context.SecurityContextHolderFilter@1d12eff1, org.springframework.security.web.header.HeaderWriterFilter@4e7e7763, org.springframework.web.filter.CorsFilter@46ee9cfd, org.springframework.security.web.authentication.logout.LogoutFilter@6203f10f, org.springframework.security.oauth2.client.web.OAuth2AuthorizationRequestRedirectFilter@b22bebc, org.springframework.security.oauth2.client.web.OAuth2LoginAuthenticationFilter@4a4352b4, com.example.binarfud.security.jwt.JwtAuthTokenFilter@3abb6aa, org.springframework.security.web.authentication.UsernamePasswordAuthenticationFilter@144fc5fa, org.springframework.security.web.authentication.ui.DefaultLoginPageGeneratingFilter@35ffe3ac, org.springframework.security.web.authentication.ui.DefaultLogoutPageGeneratingFilter@6b58a0f9, org.springframework.security.web.savedrequest.RequestCacheAwareFilter@c509742, org.springframework.security.web.servletapi.SecurityContextHolderAwareRequestFilter@77a6aa9f, org.springframework.security.web.authentication.AnonymousAuthenticationFilter@7b6c3b37, org.springframework.security.web.access.ExceptionTranslationFilter@480d3c40, org.springframework.security.web.access.intercept.AuthorizationFilter@54351197]
2024-05-28 10:43:15,553 INFO o.a.j.l.DirectJDKLog [main] Starting ProtocolHandler ["http-nio-8080"]
2024-05-28 10:43:15,572 INFO o.s.b.w.e.t.TomcatWebServer [main] Tomcat started on port 8080 (http) with context path ''
2024-05-28 10:43:15,579 INFO o.s.b.StartupInfoLogger [main] Started BinarfudApplication in 5.592 seconds (process running for 5.889)
2024-05-28 10:43:42,734 INFO o.s.o.j.AbstractEntityManagerFactoryBean [SpringApplicationShutdownHook] Closing JPA EntityManagerFactory for persistence unit 'default'
2024-05-28 10:43:42,735 INFO c.z.h.HikariDataSource [SpringApplicationShutdownHook] HikariPool-1 - Shutdown initiated...
2024-05-28 10:43:42,739 INFO c.z.h.HikariDataSource [SpringApplicationShutdownHook] HikariPool-1 - Shutdown completed.
