2024-05-31 23:06:40,410 INFO o.s.o.j.AbstractEntityManagerFactoryBean [SpringApplicationShutdownHook] Closing JPA EntityManagerFactory for persistence unit 'default'
2024-05-31 23:06:40,414 INFO c.z.h.HikariDataSource [SpringApplicationShutdownHook] HikariPool-1 - Shutdown initiated...
2024-05-31 23:06:40,927 INFO c.z.h.HikariDataSource [SpringApplicationShutdownHook] HikariPool-1 - Shutdown completed.
2024-05-31 23:06:45,700 INFO o.s.b.StartupInfoLogger [main] Starting BinarfudApplication using Java 21.0.2 with PID 14000 (E:\Documents\Bootcamp\Synrgy batch 7 - Java Backend\synergy7\F-BJV24001115-synergy7-mic-binfood-ch6\target\classes started by M1ch3 in E:\Documents\Bootcamp\Synrgy batch 7 - Java Backend\synergy7\F-BJV24001115-synergy7-mic-binfood-ch6)
2024-05-31 23:06:45,712 INFO o.s.b.SpringApplication [main] No active profile set, falling back to 1 default profile: "default"
2024-05-31 23:06:47,059 INFO o.s.d.r.c.RepositoryConfigurationDelegate [main] Bootstrapping Spring Data JPA repositories in DEFAULT mode.
2024-05-31 23:06:47,153 INFO o.s.d.r.c.RepositoryConfigurationDelegate [main] Finished Spring Data repository scanning in 87 ms. Found 6 JPA repository interfaces.
2024-05-31 23:06:48,456 INFO o.s.b.w.e.t.TomcatWebServer [main] Tomcat initialized with port 8080 (http)
2024-05-31 23:06:48,500 INFO o.a.j.l.DirectJDKLog [main] Initializing ProtocolHandler ["http-nio-8080"]
2024-05-31 23:06:48,512 INFO o.a.j.l.DirectJDKLog [main] Starting service [Tomcat]
2024-05-31 23:06:48,513 INFO o.a.j.l.DirectJDKLog [main] Starting Servlet engine: [Apache Tomcat/10.1.20]
2024-05-31 23:06:48,722 INFO o.a.j.l.DirectJDKLog [main] Initializing Spring embedded WebApplicationContext
2024-05-31 23:06:48,725 INFO o.s.b.w.s.c.ServletWebServerApplicationContext [main] Root WebApplicationContext: initialization completed in 2946 ms
2024-05-31 23:06:49,165 INFO o.h.j.i.u.LogHelper [main] HHH000204: Processing PersistenceUnitInfo [name: default]
2024-05-31 23:06:49,388 INFO o.h.Version [main] HHH000412: Hibernate ORM core version 6.4.4.Final
2024-05-31 23:06:49,453 INFO o.h.c.i.RegionFactoryInitiator [main] HHH000026: Second-level cache disabled
2024-05-31 23:06:49,849 INFO o.s.o.j.p.SpringPersistenceUnitInfo [main] No LoadTimeWeaver setup: ignoring JPA class transformer
2024-05-31 23:06:49,901 INFO c.z.h.HikariDataSource [main] HikariPool-1 - Starting...
2024-05-31 23:06:52,273 INFO c.z.h.p.HikariPool [main] HikariPool-1 - Added connection org.postgresql.jdbc.PgConnection@62158991
2024-05-31 23:06:52,275 INFO c.z.h.HikariDataSource [main] HikariPool-1 - Start completed.
2024-05-31 23:06:52,498 WARN o.h.e.j.d.i.DialectFactoryImpl [main] HHH90000025: PostgreSQLDialect does not need to be specified explicitly using 'hibernate.dialect' (remove the property setting and it will be selected by default)
2024-05-31 23:06:54,015 INFO o.h.e.t.j.p.i.JtaPlatformInitiator [main] HHH000489: No JTA platform available (set 'hibernate.transaction.jta.platform' to enable JTA platform integration)
2024-05-31 23:06:59,242 INFO o.s.o.j.AbstractEntityManagerFactoryBean [main] Initialized JPA EntityManagerFactory for persistence unit 'default'
2024-05-31 23:07:00,101 INFO o.s.d.j.r.q.QueryEnhancerFactory [main] Hibernate is in classpath; If applicable, HQL parser will be used.
2024-05-31 23:07:00,547 WARN o.s.b.a.o.j.JpaBaseConfiguration$JpaWebConfiguration [main] spring.jpa.open-in-view is enabled by default. Therefore, database queries may be performed during view rendering. Explicitly configure spring.jpa.open-in-view to disable this warning
2024-05-31 23:07:01,471 INFO o.s.s.w.DefaultSecurityFilterChain [main] Will secure any request with [org.springframework.security.web.session.DisableEncodeUrlFilter@664217a8, org.springframework.security.web.context.request.async.WebAsyncManagerIntegrationFilter@4b4a3114, org.springframework.security.web.context.SecurityContextHolderFilter@38503309, org.springframework.security.web.header.HeaderWriterFilter@45ed58b, org.springframework.web.filter.CorsFilter@4af5c14c, org.springframework.security.web.authentication.logout.LogoutFilter@1aaa3406, org.springframework.security.oauth2.client.web.OAuth2AuthorizationRequestRedirectFilter@6426ad0b, org.springframework.security.oauth2.client.web.OAuth2LoginAuthenticationFilter@5b9ed77b, com.example.binarfud.security.jwt.JwtAuthTokenFilter@625c9248, org.springframework.security.web.authentication.UsernamePasswordAuthenticationFilter@17616c07, org.springframework.security.web.authentication.ui.DefaultLoginPageGeneratingFilter@16ecdb6d, org.springframework.security.web.authentication.ui.DefaultLogoutPageGeneratingFilter@74d4f542, org.springframework.security.web.savedrequest.RequestCacheAwareFilter@78b888df, org.springframework.security.web.servletapi.SecurityContextHolderAwareRequestFilter@6f2e0945, org.springframework.security.web.authentication.AnonymousAuthenticationFilter@25d5327, org.springframework.security.web.access.ExceptionTranslationFilter@3d5009c0, org.springframework.security.web.access.intercept.AuthorizationFilter@8ba7408]
2024-05-31 23:07:02,158 INFO o.a.j.l.DirectJDKLog [main] Starting ProtocolHandler ["http-nio-8080"]
2024-05-31 23:07:02,180 INFO o.s.b.w.e.t.TomcatWebServer [main] Tomcat started on port 8080 (http) with context path ''
2024-05-31 23:07:02,192 INFO o.s.b.StartupInfoLogger [main] Started BinarfudApplication in 17.404 seconds (process running for 18.032)
2024-05-31 23:07:27,729 INFO o.a.j.l.DirectJDKLog [http-nio-8080-exec-1] Initializing Spring DispatcherServlet 'dispatcherServlet'
2024-05-31 23:07:27,731 INFO o.s.w.s.FrameworkServlet [http-nio-8080-exec-1] Initializing Servlet 'dispatcherServlet'
2024-05-31 23:07:27,734 INFO o.s.w.s.FrameworkServlet [http-nio-8080-exec-1] Completed initialization in 2 ms
