2024-05-31 22:02:33,646 INFO o.s.b.StartupInfoLogger [main] Starting BinarfudApplication using Java 21.0.2 with PID 22044 (E:\Documents\Bootcamp\Synrgy batch 7 - Java Backend\synergy7\F-BJV24001115-synergy7-mic-binfood-ch6\target\classes started by M1ch3 in E:\Documents\Bootcamp\Synrgy batch 7 - Java Backend\synergy7\F-BJV24001115-synergy7-mic-binfood-ch6)
2024-05-31 22:02:33,654 INFO o.s.b.SpringApplication [main] No active profile set, falling back to 1 default profile: "default"
2024-05-31 22:02:35,342 INFO o.s.d.r.c.RepositoryConfigurationDelegate [main] Bootstrapping Spring Data JPA repositories in DEFAULT mode.
2024-05-31 22:02:35,472 INFO o.s.d.r.c.RepositoryConfigurationDelegate [main] Finished Spring Data repository scanning in 117 ms. Found 6 JPA repository interfaces.
2024-05-31 22:02:36,901 INFO o.s.b.w.e.t.TomcatWebServer [main] Tomcat initialized with port 8080 (http)
2024-05-31 22:02:36,952 INFO o.a.j.l.DirectJDKLog [main] Initializing ProtocolHandler ["http-nio-8080"]
2024-05-31 22:02:36,968 INFO o.a.j.l.DirectJDKLog [main] Starting service [Tomcat]
2024-05-31 22:02:36,969 INFO o.a.j.l.DirectJDKLog [main] Starting Servlet engine: [Apache Tomcat/10.1.20]
2024-05-31 22:02:37,232 INFO o.a.j.l.DirectJDKLog [main] Initializing Spring embedded WebApplicationContext
2024-05-31 22:02:37,233 INFO o.s.b.w.s.c.ServletWebServerApplicationContext [main] Root WebApplicationContext: initialization completed in 3477 ms
2024-05-31 22:02:37,917 INFO o.h.j.i.u.LogHelper [main] HHH000204: Processing PersistenceUnitInfo [name: default]
2024-05-31 22:02:38,252 INFO o.h.Version [main] HHH000412: Hibernate ORM core version 6.4.4.Final
2024-05-31 22:02:38,321 INFO o.h.c.i.RegionFactoryInitiator [main] HHH000026: Second-level cache disabled
2024-05-31 22:02:38,727 INFO o.s.o.j.p.SpringPersistenceUnitInfo [main] No LoadTimeWeaver setup: ignoring JPA class transformer
2024-05-31 22:02:38,778 INFO c.z.h.HikariDataSource [main] HikariPool-1 - Starting...
2024-05-31 22:02:41,916 INFO c.z.h.p.HikariPool [main] HikariPool-1 - Added connection org.postgresql.jdbc.PgConnection@71262020
2024-05-31 22:02:41,919 INFO c.z.h.HikariDataSource [main] HikariPool-1 - Start completed.
2024-05-31 22:02:42,128 WARN o.h.e.j.d.i.DialectFactoryImpl [main] HHH90000025: PostgreSQLDialect does not need to be specified explicitly using 'hibernate.dialect' (remove the property setting and it will be selected by default)
2024-05-31 22:02:44,218 INFO o.h.e.t.j.p.i.JtaPlatformInitiator [main] HHH000489: No JTA platform available (set 'hibernate.transaction.jta.platform' to enable JTA platform integration)
2024-05-31 22:02:49,808 INFO o.s.o.j.AbstractEntityManagerFactoryBean [main] Initialized JPA EntityManagerFactory for persistence unit 'default'
2024-05-31 22:02:50,510 INFO o.s.d.j.r.q.QueryEnhancerFactory [main] Hibernate is in classpath; If applicable, HQL parser will be used.
2024-05-31 22:02:50,862 WARN o.s.b.a.o.j.JpaBaseConfiguration$JpaWebConfiguration [main] spring.jpa.open-in-view is enabled by default. Therefore, database queries may be performed during view rendering. Explicitly configure spring.jpa.open-in-view to disable this warning
2024-05-31 22:02:51,643 INFO o.s.s.w.DefaultSecurityFilterChain [main] Will secure any request with [org.springframework.security.web.session.DisableEncodeUrlFilter@42102827, org.springframework.security.web.context.request.async.WebAsyncManagerIntegrationFilter@5896899d, org.springframework.security.web.context.SecurityContextHolderFilter@4c020e58, org.springframework.security.web.header.HeaderWriterFilter@788a7567, org.springframework.web.filter.CorsFilter@6d4062fd, org.springframework.security.web.authentication.logout.LogoutFilter@17fbbf0a, org.springframework.security.oauth2.client.web.OAuth2AuthorizationRequestRedirectFilter@7e34e466, org.springframework.security.oauth2.client.web.OAuth2LoginAuthenticationFilter@2cf6dd4d, com.example.binarfud.security.jwt.JwtAuthTokenFilter@d426e01, org.springframework.security.web.authentication.UsernamePasswordAuthenticationFilter@791dcda7, org.springframework.security.web.authentication.ui.DefaultLoginPageGeneratingFilter@45ed58b, org.springframework.security.web.authentication.ui.DefaultLogoutPageGeneratingFilter@4b024fb2, org.springframework.security.web.savedrequest.RequestCacheAwareFilter@3ce2c454, org.springframework.security.web.servletapi.SecurityContextHolderAwareRequestFilter@6f65b61d, org.springframework.security.web.authentication.AnonymousAuthenticationFilter@89017e5, org.springframework.security.web.access.ExceptionTranslationFilter@44252e9b, org.springframework.security.web.access.intercept.AuthorizationFilter@1aaa3406]
2024-05-31 22:02:52,240 INFO o.a.j.l.DirectJDKLog [main] Starting ProtocolHandler ["http-nio-8080"]
2024-05-31 22:02:52,270 INFO o.s.b.w.e.t.TomcatWebServer [main] Tomcat started on port 8080 (http) with context path ''
2024-05-31 22:02:52,281 INFO o.s.b.StartupInfoLogger [main] Started BinarfudApplication in 19.718 seconds (process running for 20.501)
2024-05-31 22:10:05,817 INFO o.a.j.l.DirectJDKLog [http-nio-8080-exec-1] Initializing Spring DispatcherServlet 'dispatcherServlet'
2024-05-31 22:10:05,818 INFO o.s.w.s.FrameworkServlet [http-nio-8080-exec-1] Initializing Servlet 'dispatcherServlet'
2024-05-31 22:10:05,820 INFO o.s.w.s.FrameworkServlet [http-nio-8080-exec-1] Completed initialization in 2 ms
