2024-06-30 21:41:53,274 INFO o.s.o.j.AbstractEntityManagerFactoryBean [SpringApplicationShutdownHook] Closing JPA EntityManagerFactory for persistence unit 'default'
2024-06-30 21:41:53,383 INFO c.z.h.HikariDataSource [SpringApplicationShutdownHook] HikariPool-1 - Shutdown initiated...
2024-06-30 21:41:53,414 INFO c.z.h.HikariDataSource [SpringApplicationShutdownHook] HikariPool-1 - Shutdown completed.
2024-06-30 21:42:11,850 INFO o.s.b.StartupInfoLogger [main] Starting BinarfudApplication using Java 21.0.2 with PID 17332 (E:\Documents\Bootcamp\Synrgy batch 7 - Java Backend\synergy7\F-BJV24001115-synergy7-mic-binfood-ch8\target\classes started by M1ch3 in E:\Documents\Bootcamp\Synrgy batch 7 - Java Backend\synergy7\F-BJV24001115-synergy7-mic-binfood-ch8)
2024-06-30 21:42:11,853 INFO o.s.b.SpringApplication [main] No active profile set, falling back to 1 default profile: "default"
2024-06-30 21:42:12,685 INFO o.s.d.r.c.RepositoryConfigurationDelegate [main] Bootstrapping Spring Data JPA repositories in DEFAULT mode.
2024-06-30 21:42:12,755 INFO o.s.d.r.c.RepositoryConfigurationDelegate [main] Finished Spring Data repository scanning in 64 ms. Found 6 JPA repository interfaces.
2024-06-30 21:42:13,353 INFO o.s.b.w.e.t.TomcatWebServer [main] Tomcat initialized with port 8080 (http)
2024-06-30 21:42:13,363 INFO o.a.j.l.DirectJDKLog [main] Initializing ProtocolHandler ["http-nio-8080"]
2024-06-30 21:42:13,366 INFO o.a.j.l.DirectJDKLog [main] Starting service [Tomcat]
2024-06-30 21:42:13,366 INFO o.a.j.l.DirectJDKLog [main] Starting Servlet engine: [Apache Tomcat/10.1.20]
2024-06-30 21:42:13,445 INFO o.a.j.l.DirectJDKLog [main] Initializing Spring embedded WebApplicationContext
2024-06-30 21:42:13,446 INFO o.s.b.w.s.c.ServletWebServerApplicationContext [main] Root WebApplicationContext: initialization completed in 1544 ms
2024-06-30 21:42:13,609 INFO o.h.j.i.u.LogHelper [main] HHH000204: Processing PersistenceUnitInfo [name: default]
2024-06-30 21:42:13,712 INFO o.h.Version [main] HHH000412: Hibernate ORM core version 6.4.4.Final
2024-06-30 21:42:13,751 INFO o.h.c.i.RegionFactoryInitiator [main] HHH000026: Second-level cache disabled
2024-06-30 21:42:13,982 INFO o.s.o.j.p.SpringPersistenceUnitInfo [main] No LoadTimeWeaver setup: ignoring JPA class transformer
2024-06-30 21:42:14,008 INFO c.z.h.HikariDataSource [main] HikariPool-1 - Starting...
2024-06-30 21:42:14,307 INFO c.z.h.p.HikariPool [main] HikariPool-1 - Added connection org.postgresql.jdbc.PgConnection@20231384
2024-06-30 21:42:14,309 INFO c.z.h.HikariDataSource [main] HikariPool-1 - Start completed.
2024-06-30 21:42:14,349 WARN o.h.e.j.d.i.DialectFactoryImpl [main] HHH90000025: PostgreSQLDialect does not need to be specified explicitly using 'hibernate.dialect' (remove the property setting and it will be selected by default)
2024-06-30 21:42:15,212 INFO o.h.e.t.j.p.i.JtaPlatformInitiator [main] HHH000489: No JTA platform available (set 'hibernate.transaction.jta.platform' to enable JTA platform integration)
2024-06-30 21:42:15,330 INFO o.s.o.j.AbstractEntityManagerFactoryBean [main] Initialized JPA EntityManagerFactory for persistence unit 'default'
2024-06-30 21:42:15,815 INFO o.s.d.j.r.q.QueryEnhancerFactory [main] Hibernate is in classpath; If applicable, HQL parser will be used.
2024-06-30 21:42:16,104 INFO c.e.b.s.FCMInitializer [main] Firebase application has been initialized
2024-06-30 21:42:16,197 WARN o.s.b.a.o.j.JpaBaseConfiguration$JpaWebConfiguration [main] spring.jpa.open-in-view is enabled by default. Therefore, database queries may be performed during view rendering. Explicitly configure spring.jpa.open-in-view to disable this warning
2024-06-30 21:42:16,545 INFO o.s.s.w.DefaultSecurityFilterChain [main] Will secure any request with [org.springframework.security.web.session.DisableEncodeUrlFilter@1d4ee936, org.springframework.security.web.context.request.async.WebAsyncManagerIntegrationFilter@7410c197, org.springframework.security.web.context.SecurityContextHolderFilter@4fb1bffd, org.springframework.security.web.header.HeaderWriterFilter@37a74cf4, org.springframework.web.filter.CorsFilter@363751f2, org.springframework.security.web.authentication.logout.LogoutFilter@70a81b4e, org.springframework.security.oauth2.client.web.OAuth2AuthorizationRequestRedirectFilter@18b8518b, org.springframework.security.oauth2.client.web.OAuth2LoginAuthenticationFilter@50572c04, com.example.binarfud.security.jwt.JwtAuthTokenFilter@5ce03a9d, org.springframework.security.web.authentication.UsernamePasswordAuthenticationFilter@7cc966a9, org.springframework.security.web.authentication.ui.DefaultLoginPageGeneratingFilter@7244b40e, org.springframework.security.web.authentication.ui.DefaultLogoutPageGeneratingFilter@688884e, org.springframework.security.web.savedrequest.RequestCacheAwareFilter@7b842e79, org.springframework.security.web.servletapi.SecurityContextHolderAwareRequestFilter@6e620fa9, org.springframework.security.web.authentication.AnonymousAuthenticationFilter@6c65c6f0, org.springframework.security.web.access.ExceptionTranslationFilter@57bc7f67, org.springframework.security.web.access.intercept.AuthorizationFilter@227ae4e4]
2024-06-30 21:42:16,905 INFO o.a.j.l.DirectJDKLog [main] Starting ProtocolHandler ["http-nio-8080"]
2024-06-30 21:42:16,922 INFO o.s.b.w.e.t.TomcatWebServer [main] Tomcat started on port 8080 (http) with context path ''
2024-06-30 21:42:16,933 INFO o.s.b.StartupInfoLogger [main] Started BinarfudApplication in 5.609 seconds (process running for 6.229)
