2024-06-01 23:22:29,533 INFO o.s.b.StartupInfoLogger [main] Starting BinarfudApplication using Java 21.0.2 with PID 844 (E:\Documents\Bootcamp\Synrgy batch 7 - Java Backend\synergy7\F-BJV24001115-synergy7-mic-binfood-ch6\target\classes started by M1ch3 in E:\Documents\Bootcamp\Synrgy batch 7 - Java Backend\synergy7\F-BJV24001115-synergy7-mic-binfood-ch6)
2024-06-01 23:22:29,536 INFO o.s.b.SpringApplication [main] No active profile set, falling back to 1 default profile: "default"
2024-06-01 23:22:30,319 INFO o.s.d.r.c.RepositoryConfigurationDelegate [main] Bootstrapping Spring Data JPA repositories in DEFAULT mode.
2024-06-01 23:22:30,381 INFO o.s.d.r.c.RepositoryConfigurationDelegate [main] Finished Spring Data repository scanning in 54 ms. Found 6 JPA repository interfaces.
2024-06-01 23:22:31,171 INFO o.s.b.w.e.t.TomcatWebServer [main] Tomcat initialized with port 8080 (http)
2024-06-01 23:22:31,199 INFO o.a.j.l.DirectJDKLog [main] Initializing ProtocolHandler ["http-nio-8080"]
2024-06-01 23:22:31,205 INFO o.a.j.l.DirectJDKLog [main] Starting service [Tomcat]
2024-06-01 23:22:31,206 INFO o.a.j.l.DirectJDKLog [main] Starting Servlet engine: [Apache Tomcat/10.1.20]
2024-06-01 23:22:31,329 INFO o.a.j.l.DirectJDKLog [main] Initializing Spring embedded WebApplicationContext
2024-06-01 23:22:31,331 INFO o.s.b.w.s.c.ServletWebServerApplicationContext [main] Root WebApplicationContext: initialization completed in 1760 ms
2024-06-01 23:22:31,645 INFO o.h.j.i.u.LogHelper [main] HHH000204: Processing PersistenceUnitInfo [name: default]
2024-06-01 23:22:31,762 INFO o.h.Version [main] HHH000412: Hibernate ORM core version 6.4.4.Final
2024-06-01 23:22:31,788 INFO o.h.c.i.RegionFactoryInitiator [main] HHH000026: Second-level cache disabled
2024-06-01 23:22:31,991 INFO o.s.o.j.p.SpringPersistenceUnitInfo [main] No LoadTimeWeaver setup: ignoring JPA class transformer
2024-06-01 23:22:32,012 INFO c.z.h.HikariDataSource [main] HikariPool-1 - Starting...
2024-06-01 23:22:33,989 INFO c.z.h.p.HikariPool [main] HikariPool-1 - Added connection org.postgresql.jdbc.PgConnection@114b203
2024-06-01 23:22:33,990 INFO c.z.h.HikariDataSource [main] HikariPool-1 - Start completed.
2024-06-01 23:22:34,193 WARN o.h.e.j.d.i.DialectFactoryImpl [main] HHH90000025: PostgreSQLDialect does not need to be specified explicitly using 'hibernate.dialect' (remove the property setting and it will be selected by default)
2024-06-01 23:22:35,235 INFO o.h.e.t.j.p.i.JtaPlatformInitiator [main] HHH000489: No JTA platform available (set 'hibernate.transaction.jta.platform' to enable JTA platform integration)
2024-06-01 23:22:40,180 INFO o.s.o.j.AbstractEntityManagerFactoryBean [main] Initialized JPA EntityManagerFactory for persistence unit 'default'
2024-06-01 23:22:40,617 INFO o.s.d.j.r.q.QueryEnhancerFactory [main] Hibernate is in classpath; If applicable, HQL parser will be used.
2024-06-01 23:22:41,448 WARN o.s.b.a.o.j.JpaBaseConfiguration$JpaWebConfiguration [main] spring.jpa.open-in-view is enabled by default. Therefore, database queries may be performed during view rendering. Explicitly configure spring.jpa.open-in-view to disable this warning
2024-06-01 23:22:41,849 INFO o.s.s.w.DefaultSecurityFilterChain [main] Will secure any request with [org.springframework.security.web.session.DisableEncodeUrlFilter@4b7704ec, org.springframework.security.web.context.request.async.WebAsyncManagerIntegrationFilter@39d6504b, org.springframework.security.web.context.SecurityContextHolderFilter@4f74edbf, org.springframework.security.web.header.HeaderWriterFilter@27ca8a5a, org.springframework.web.filter.CorsFilter@4dbeae45, org.springframework.security.web.authentication.logout.LogoutFilter@38821ada, org.springframework.security.oauth2.client.web.OAuth2AuthorizationRequestRedirectFilter@2975715, org.springframework.security.oauth2.client.web.OAuth2LoginAuthenticationFilter@5f65a6d7, com.example.binarfud.security.jwt.JwtAuthTokenFilter@69862a1, org.springframework.security.web.authentication.UsernamePasswordAuthenticationFilter@7aa44fa2, org.springframework.security.web.authentication.ui.DefaultLoginPageGeneratingFilter@7be2f512, org.springframework.security.web.authentication.ui.DefaultLogoutPageGeneratingFilter@1bad5ab3, org.springframework.security.web.savedrequest.RequestCacheAwareFilter@5ce9c9e8, org.springframework.security.web.servletapi.SecurityContextHolderAwareRequestFilter@249fa2cb, org.springframework.security.web.authentication.AnonymousAuthenticationFilter@688e6d4e, org.springframework.security.web.access.ExceptionTranslationFilter@37e9d191, org.springframework.security.web.access.intercept.AuthorizationFilter@70b67841]
2024-06-01 23:22:42,203 INFO o.a.j.l.DirectJDKLog [main] Starting ProtocolHandler ["http-nio-8080"]
2024-06-01 23:22:42,210 WARN o.s.c.s.AbstractApplicationContext [main] Exception encountered during context initialization - cancelling refresh attempt: org.springframework.context.ApplicationContextException: Failed to start bean 'webServerStartStop'
2024-06-01 23:22:42,214 INFO o.s.o.j.AbstractEntityManagerFactoryBean [main] Closing JPA EntityManagerFactory for persistence unit 'default'
2024-06-01 23:22:42,216 INFO c.z.h.HikariDataSource [main] HikariPool-1 - Shutdown initiated...
2024-06-01 23:22:43,557 INFO c.z.h.HikariDataSource [main] HikariPool-1 - Shutdown completed.
2024-06-01 23:22:43,569 INFO o.s.b.a.l.ConditionEvaluationReportLogger [main] 

Error starting ApplicationContext. To display the condition evaluation report re-run your application with 'debug' enabled.
2024-06-01 23:22:43,584 ERROR o.s.b.d.LoggingFailureAnalysisReporter [main] 

***************************
APPLICATION FAILED TO START
***************************

Description:

Web server failed to start. Port 8080 was already in use.

Action:

Identify and stop the process that's listening on port 8080 or configure this application to listen on another port.

