2024-05-17 22:56:28,102 WARN o.s.w.s.h.AbstractHandlerExceptionResolver [http-nio-8080-exec-7] Resolved [org.springframework.web.method.annotation.MethodArgumentTypeMismatchException: Failed to convert value of type 'java.lang.String' to required type 'java.time.LocalDateTime'; Failed to convert from type [java.lang.String] to type [@org.springframework.web.bind.annotation.RequestParam java.time.LocalDateTime] for value [2024-12-25 23:50:55.999]]
2024-05-17 22:57:49,766 INFO c.e.b.s.MenuItemServiceImpl [http-nio-8080-exec-8] Start: 2024-05-17T10:15:30
2024-05-17 22:57:49,767 INFO c.e.b.s.MenuItemServiceImpl [http-nio-8080-exec-8] End: 2024-05-17T22:57:49.766762700
2024-05-17 22:57:49,772 INFO c.e.b.s.MenuItemServiceImpl [http-nio-8080-exec-8] Start: 2024-05-17T10:15:30
2024-05-17 22:57:49,774 INFO c.e.b.s.MenuItemServiceImpl [http-nio-8080-exec-8] End: 2024-05-17T22:57:49.772015800
2024-05-17 22:57:49,776 INFO c.e.b.s.MenuItemServiceImpl [http-nio-8080-exec-8] Start: 2024-05-17T10:15:30
2024-05-17 22:57:49,776 INFO c.e.b.s.MenuItemServiceImpl [http-nio-8080-exec-8] End: 2024-05-17T22:57:49.776013100
2024-05-17 22:57:49,779 INFO c.e.b.s.MenuItemServiceImpl [http-nio-8080-exec-8] Start: 2024-05-17T10:15:30
2024-05-17 22:57:49,779 INFO c.e.b.s.MenuItemServiceImpl [http-nio-8080-exec-8] End: 2024-05-17T22:57:49.778524500
2024-05-17 22:57:49,782 INFO c.e.b.s.MenuItemServiceImpl [http-nio-8080-exec-8] Start: 2024-05-17T10:15:30
2024-05-17 22:57:49,783 INFO c.e.b.s.MenuItemServiceImpl [http-nio-8080-exec-8] End: 2024-05-17T22:57:49.782524300
2024-05-17 23:24:57,374 INFO o.s.o.j.AbstractEntityManagerFactoryBean [SpringApplicationShutdownHook] Closing JPA EntityManagerFactory for persistence unit 'default'
2024-05-17 23:24:57,381 INFO c.z.h.HikariDataSource [SpringApplicationShutdownHook] HikariPool-1 - Shutdown initiated...
2024-05-17 23:24:57,386 INFO c.z.h.HikariDataSource [SpringApplicationShutdownHook] HikariPool-1 - Shutdown completed.
2024-05-17 23:38:53,146 INFO o.s.b.StartupInfoLogger [main] Starting BinarfudApplication using Java 21.0.2 with PID 9900 (E:\Documents\Bootcamp\Synrgy batch 7 - Java Backend\synergy7\F-BJV24001115-synergy7-mic-binfood-ch5\target\classes started by M1ch3 in E:\Documents\Bootcamp\Synrgy batch 7 - Java Backend\synergy7\F-BJV24001115-synergy7-mic-binfood-ch5)
2024-05-17 23:38:53,149 INFO o.s.b.SpringApplication [main] No active profile set, falling back to 1 default profile: "default"
2024-05-17 23:38:53,996 INFO o.s.d.r.c.RepositoryConfigurationDelegate [main] Bootstrapping Spring Data JPA repositories in DEFAULT mode.
2024-05-17 23:38:54,058 INFO o.s.d.r.c.RepositoryConfigurationDelegate [main] Finished Spring Data repository scanning in 57 ms. Found 5 JPA repository interfaces.
2024-05-17 23:38:54,651 INFO o.s.b.w.e.t.TomcatWebServer [main] Tomcat initialized with port 8080 (http)
2024-05-17 23:38:54,660 INFO o.a.j.l.DirectJDKLog [main] Initializing ProtocolHandler ["http-nio-8080"]
2024-05-17 23:38:54,663 INFO o.a.j.l.DirectJDKLog [main] Starting service [Tomcat]
2024-05-17 23:38:54,664 INFO o.a.j.l.DirectJDKLog [main] Starting Servlet engine: [Apache Tomcat/10.1.20]
2024-05-17 23:38:54,724 INFO o.a.j.l.DirectJDKLog [main] Initializing Spring embedded WebApplicationContext
2024-05-17 23:38:54,726 INFO o.s.b.w.s.c.ServletWebServerApplicationContext [main] Root WebApplicationContext: initialization completed in 1536 ms
2024-05-17 23:38:54,902 INFO c.z.h.HikariDataSource [main] HikariPool-1 - Starting...
2024-05-17 23:38:55,236 INFO c.z.h.p.HikariPool [main] HikariPool-1 - Added connection org.postgresql.jdbc.PgConnection@3c7279a5
2024-05-17 23:38:55,239 INFO c.z.h.HikariDataSource [main] HikariPool-1 - Start completed.
2024-05-17 23:38:55,316 INFO o.h.j.i.u.LogHelper [main] HHH000204: Processing PersistenceUnitInfo [name: default]
2024-05-17 23:38:55,416 INFO o.h.Version [main] HHH000412: Hibernate ORM core version 6.4.4.Final
2024-05-17 23:38:55,497 INFO o.h.c.i.RegionFactoryInitiator [main] HHH000026: Second-level cache disabled
2024-05-17 23:38:55,763 INFO o.s.o.j.p.SpringPersistenceUnitInfo [main] No LoadTimeWeaver setup: ignoring JPA class transformer
2024-05-17 23:38:55,865 WARN o.h.e.j.d.i.DialectFactoryImpl [main] HHH90000025: PostgreSQLDialect does not need to be specified explicitly using 'hibernate.dialect' (remove the property setting and it will be selected by default)
2024-05-17 23:38:56,577 INFO o.h.e.t.j.p.i.JtaPlatformInitiator [main] HHH000489: No JTA platform available (set 'hibernate.transaction.jta.platform' to enable JTA platform integration)
2024-05-17 23:38:56,579 INFO o.s.o.j.AbstractEntityManagerFactoryBean [main] Initialized JPA EntityManagerFactory for persistence unit 'default'
2024-05-17 23:38:56,921 INFO o.s.d.j.r.q.QueryEnhancerFactory [main] Hibernate is in classpath; If applicable, HQL parser will be used.
2024-05-17 23:38:57,111 WARN o.s.b.a.o.j.JpaBaseConfiguration$JpaWebConfiguration [main] spring.jpa.open-in-view is enabled by default. Therefore, database queries may be performed during view rendering. Explicitly configure spring.jpa.open-in-view to disable this warning
2024-05-17 23:38:57,592 INFO o.a.j.l.DirectJDKLog [main] Starting ProtocolHandler ["http-nio-8080"]
2024-05-17 23:38:57,616 INFO o.s.b.w.e.t.TomcatWebServer [main] Tomcat started on port 8080 (http) with context path ''
2024-05-17 23:38:57,624 INFO o.s.b.StartupInfoLogger [main] Started BinarfudApplication in 5.003 seconds (process running for 5.368)
2024-05-17 23:39:35,937 INFO o.a.j.l.DirectJDKLog [http-nio-8080-exec-1] Initializing Spring DispatcherServlet 'dispatcherServlet'
2024-05-17 23:39:35,937 INFO o.s.w.s.FrameworkServlet [http-nio-8080-exec-1] Initializing Servlet 'dispatcherServlet'
2024-05-17 23:39:35,939 INFO o.s.w.s.FrameworkServlet [http-nio-8080-exec-1] Completed initialization in 2 ms
