2024-06-28 22:38:38,695 INFO o.s.b.StartupInfoLogger [main] Starting BinarfudApplication using Java 21.0.2 with PID 5824 (E:\Documents\Bootcamp\Synrgy batch 7 - Java Backend\synergy7\F-BJV24001115-synergy7-mic-binfood-ch8\target\classes started by M1ch3 in E:\Documents\Bootcamp\Synrgy batch 7 - Java Backend\synergy7\F-BJV24001115-synergy7-mic-binfood-ch8)
2024-06-28 22:38:38,700 INFO o.s.b.SpringApplication [main] No active profile set, falling back to 1 default profile: "default"
2024-06-28 22:38:39,809 INFO o.s.d.r.c.RepositoryConfigurationDelegate [main] Bootstrapping Spring Data JPA repositories in DEFAULT mode.
2024-06-28 22:38:39,893 INFO o.s.d.r.c.RepositoryConfigurationDelegate [main] Finished Spring Data repository scanning in 77 ms. Found 6 JPA repository interfaces.
2024-06-28 22:38:40,965 INFO o.s.b.w.e.t.TomcatWebServer [main] Tomcat initialized with port 8080 (http)
2024-06-28 22:38:40,995 INFO o.a.j.l.DirectJDKLog [main] Initializing ProtocolHandler ["http-nio-8080"]
2024-06-28 22:38:41,001 INFO o.a.j.l.DirectJDKLog [main] Starting service [Tomcat]
2024-06-28 22:38:41,002 INFO o.a.j.l.DirectJDKLog [main] Starting Servlet engine: [Apache Tomcat/10.1.20]
2024-06-28 22:38:41,170 INFO o.a.j.l.DirectJDKLog [main] Initializing Spring embedded WebApplicationContext
2024-06-28 22:38:41,172 INFO o.s.b.w.s.c.ServletWebServerApplicationContext [main] Root WebApplicationContext: initialization completed in 2412 ms
2024-06-28 22:38:41,508 INFO o.h.j.i.u.LogHelper [main] HHH000204: Processing PersistenceUnitInfo [name: default]
2024-06-28 22:38:41,608 INFO o.h.Version [main] HHH000412: Hibernate ORM core version 6.4.4.Final
2024-06-28 22:38:41,671 INFO o.h.c.i.RegionFactoryInitiator [main] HHH000026: Second-level cache disabled
2024-06-28 22:38:41,901 INFO o.s.o.j.p.SpringPersistenceUnitInfo [main] No LoadTimeWeaver setup: ignoring JPA class transformer
2024-06-28 22:38:41,955 INFO c.z.h.HikariDataSource [main] HikariPool-1 - Starting...
2024-06-28 22:38:42,180 INFO c.z.h.p.HikariPool [main] HikariPool-1 - Added connection org.postgresql.jdbc.PgConnection@160546b1
2024-06-28 22:38:42,182 INFO c.z.h.HikariDataSource [main] HikariPool-1 - Start completed.
2024-06-28 22:38:42,215 WARN o.h.e.j.d.i.DialectFactoryImpl [main] HHH90000025: PostgreSQLDialect does not need to be specified explicitly using 'hibernate.dialect' (remove the property setting and it will be selected by default)
2024-06-28 22:38:43,217 INFO o.h.e.t.j.p.i.JtaPlatformInitiator [main] HHH000489: No JTA platform available (set 'hibernate.transaction.jta.platform' to enable JTA platform integration)
2024-06-28 22:38:43,340 INFO o.s.o.j.AbstractEntityManagerFactoryBean [main] Initialized JPA EntityManagerFactory for persistence unit 'default'
2024-06-28 22:38:44,107 INFO o.s.d.j.r.q.QueryEnhancerFactory [main] Hibernate is in classpath; If applicable, HQL parser will be used.
2024-06-28 22:38:44,544 INFO c.e.b.s.FCMInitializer [main] Firebase application has been initialized
2024-06-28 22:38:44,687 WARN o.s.b.a.o.j.JpaBaseConfiguration$JpaWebConfiguration [main] spring.jpa.open-in-view is enabled by default. Therefore, database queries may be performed during view rendering. Explicitly configure spring.jpa.open-in-view to disable this warning
2024-06-28 22:38:45,229 INFO o.s.s.w.DefaultSecurityFilterChain [main] Will secure any request with [org.springframework.security.web.session.DisableEncodeUrlFilter@18dda2e1, org.springframework.security.web.context.request.async.WebAsyncManagerIntegrationFilter@7c3bac88, org.springframework.security.web.context.SecurityContextHolderFilter@35b8b69f, org.springframework.security.web.header.HeaderWriterFilter@51b1732d, org.springframework.web.filter.CorsFilter@3c0b9643, org.springframework.security.web.authentication.logout.LogoutFilter@728cf276, org.springframework.security.oauth2.client.web.OAuth2AuthorizationRequestRedirectFilter@29244152, org.springframework.security.oauth2.client.web.OAuth2LoginAuthenticationFilter@2b39e77d, com.example.binarfud.security.jwt.JwtAuthTokenFilter@6079d219, org.springframework.security.web.authentication.UsernamePasswordAuthenticationFilter@5a349644, org.springframework.security.web.authentication.ui.DefaultLoginPageGeneratingFilter@6dbe6891, org.springframework.security.web.authentication.ui.DefaultLogoutPageGeneratingFilter@746f1505, org.springframework.security.web.savedrequest.RequestCacheAwareFilter@3b67c637, org.springframework.security.web.servletapi.SecurityContextHolderAwareRequestFilter@31b11287, org.springframework.security.web.authentication.AnonymousAuthenticationFilter@1507bc3, org.springframework.security.web.access.ExceptionTranslationFilter@6d86d1ad, org.springframework.security.web.access.intercept.AuthorizationFilter@4c0d7878]
2024-06-28 22:38:45,757 INFO o.a.j.l.DirectJDKLog [main] Starting ProtocolHandler ["http-nio-8080"]
2024-06-28 22:38:45,774 INFO o.s.b.w.e.t.TomcatWebServer [main] Tomcat started on port 8080 (http) with context path ''
2024-06-28 22:38:45,789 INFO o.s.b.StartupInfoLogger [main] Started BinarfudApplication in 7.685 seconds (process running for 8.201)
2024-06-28 22:39:07,542 INFO o.a.j.l.DirectJDKLog [http-nio-8080-exec-2] Initializing Spring DispatcherServlet 'dispatcherServlet'
2024-06-28 22:39:07,542 INFO o.s.w.s.FrameworkServlet [http-nio-8080-exec-2] Initializing Servlet 'dispatcherServlet'
2024-06-28 22:39:07,543 INFO o.s.w.s.FrameworkServlet [http-nio-8080-exec-2] Completed initialization in 1 ms
