2024-05-31 22:46:22,546 INFO o.s.b.StartupInfoLogger [main] Starting BinarfudApplication using Java 21.0.2 with PID 24752 (E:\Documents\Bootcamp\Synrgy batch 7 - Java Backend\synergy7\F-BJV24001115-synergy7-mic-binfood-ch6\target\classes started by M1ch3 in E:\Documents\Bootcamp\Synrgy batch 7 - Java Backend\synergy7\F-BJV24001115-synergy7-mic-binfood-ch6)
2024-05-31 22:46:22,556 INFO o.s.b.SpringApplication [main] No active profile set, falling back to 1 default profile: "default"
2024-05-31 22:46:24,159 INFO o.s.d.r.c.RepositoryConfigurationDelegate [main] Bootstrapping Spring Data JPA repositories in DEFAULT mode.
2024-05-31 22:46:24,284 INFO o.s.d.r.c.RepositoryConfigurationDelegate [main] Finished Spring Data repository scanning in 115 ms. Found 6 JPA repository interfaces.
2024-05-31 22:46:25,813 INFO o.s.b.w.e.t.TomcatWebServer [main] Tomcat initialized with port 8080 (http)
2024-05-31 22:46:25,860 INFO o.a.j.l.DirectJDKLog [main] Initializing ProtocolHandler ["http-nio-8080"]
2024-05-31 22:46:25,869 INFO o.a.j.l.DirectJDKLog [main] Starting service [Tomcat]
2024-05-31 22:46:25,871 INFO o.a.j.l.DirectJDKLog [main] Starting Servlet engine: [Apache Tomcat/10.1.20]
2024-05-31 22:46:26,077 INFO o.a.j.l.DirectJDKLog [main] Initializing Spring embedded WebApplicationContext
2024-05-31 22:46:26,081 INFO o.s.b.w.s.c.ServletWebServerApplicationContext [main] Root WebApplicationContext: initialization completed in 3447 ms
2024-05-31 22:46:26,696 INFO o.h.j.i.u.LogHelper [main] HHH000204: Processing PersistenceUnitInfo [name: default]
2024-05-31 22:46:26,927 INFO o.h.Version [main] HHH000412: Hibernate ORM core version 6.4.4.Final
2024-05-31 22:46:26,985 INFO o.h.c.i.RegionFactoryInitiator [main] HHH000026: Second-level cache disabled
2024-05-31 22:46:27,317 INFO o.s.o.j.p.SpringPersistenceUnitInfo [main] No LoadTimeWeaver setup: ignoring JPA class transformer
2024-05-31 22:46:27,372 INFO c.z.h.HikariDataSource [main] HikariPool-1 - Starting...
2024-05-31 22:46:29,744 INFO c.z.h.p.HikariPool [main] HikariPool-1 - Added connection org.postgresql.jdbc.PgConnection@336d28a1
2024-05-31 22:46:29,748 INFO c.z.h.HikariDataSource [main] HikariPool-1 - Start completed.
2024-05-31 22:46:29,989 WARN o.h.e.j.d.i.DialectFactoryImpl [main] HHH90000025: PostgreSQLDialect does not need to be specified explicitly using 'hibernate.dialect' (remove the property setting and it will be selected by default)
2024-05-31 22:46:32,813 INFO o.h.e.t.j.p.i.JtaPlatformInitiator [main] HHH000489: No JTA platform available (set 'hibernate.transaction.jta.platform' to enable JTA platform integration)
2024-05-31 22:46:38,131 INFO o.s.o.j.AbstractEntityManagerFactoryBean [main] Initialized JPA EntityManagerFactory for persistence unit 'default'
2024-05-31 22:46:40,241 INFO o.s.d.j.r.q.QueryEnhancerFactory [main] Hibernate is in classpath; If applicable, HQL parser will be used.
2024-05-31 22:46:41,159 WARN o.s.b.a.o.j.JpaBaseConfiguration$JpaWebConfiguration [main] spring.jpa.open-in-view is enabled by default. Therefore, database queries may be performed during view rendering. Explicitly configure spring.jpa.open-in-view to disable this warning
2024-05-31 22:46:42,942 INFO o.s.s.w.DefaultSecurityFilterChain [main] Will secure any request with [org.springframework.security.web.session.DisableEncodeUrlFilter@5896899d, org.springframework.security.web.context.request.async.WebAsyncManagerIntegrationFilter@6d4062fd, org.springframework.security.web.context.SecurityContextHolderFilter@67887bf2, org.springframework.security.web.header.HeaderWriterFilter@62672ad5, org.springframework.web.filter.CorsFilter@4b024fb2, org.springframework.security.web.authentication.logout.LogoutFilter@41dbf02b, org.springframework.security.oauth2.client.web.OAuth2AuthorizationRequestRedirectFilter@2a8eed58, org.springframework.security.oauth2.client.web.OAuth2LoginAuthenticationFilter@75381b61, com.example.binarfud.security.jwt.JwtAuthTokenFilter@183435c0, org.springframework.security.web.authentication.UsernamePasswordAuthenticationFilter@35c95587, org.springframework.security.web.authentication.ui.DefaultLoginPageGeneratingFilter@465e9090, org.springframework.security.web.authentication.ui.DefaultLogoutPageGeneratingFilter@89017e5, org.springframework.security.web.savedrequest.RequestCacheAwareFilter@6f65b61d, org.springframework.security.web.servletapi.SecurityContextHolderAwareRequestFilter@33c91567, org.springframework.security.web.authentication.AnonymousAuthenticationFilter@6426ad0b, org.springframework.security.web.access.ExceptionTranslationFilter@7f88c53, org.springframework.security.web.access.intercept.AuthorizationFilter@791dcda7]
2024-05-31 22:46:43,618 INFO o.a.j.l.DirectJDKLog [main] Starting ProtocolHandler ["http-nio-8080"]
2024-05-31 22:46:43,646 INFO o.s.b.w.e.t.TomcatWebServer [main] Tomcat started on port 8080 (http) with context path ''
2024-05-31 22:46:43,658 INFO o.s.b.StartupInfoLogger [main] Started BinarfudApplication in 22.151 seconds (process running for 22.751)
2024-05-31 22:47:13,835 INFO o.a.j.l.DirectJDKLog [http-nio-8080-exec-1] Initializing Spring DispatcherServlet 'dispatcherServlet'
2024-05-31 22:47:13,836 INFO o.s.w.s.FrameworkServlet [http-nio-8080-exec-1] Initializing Servlet 'dispatcherServlet'
2024-05-31 22:47:13,837 INFO o.s.w.s.FrameworkServlet [http-nio-8080-exec-1] Completed initialization in 1 ms
