2024-05-31 23:14:23,902 INFO o.s.o.j.AbstractEntityManagerFactoryBean [SpringApplicationShutdownHook] Closing JPA EntityManagerFactory for persistence unit 'default'
2024-05-31 23:14:23,904 INFO c.z.h.HikariDataSource [SpringApplicationShutdownHook] HikariPool-1 - Shutdown initiated...
2024-05-31 23:14:23,971 INFO c.z.h.HikariDataSource [SpringApplicationShutdownHook] HikariPool-1 - Shutdown completed.
2024-05-31 23:14:27,661 INFO o.s.b.StartupInfoLogger [main] Starting BinarfudApplication using Java 21.0.2 with PID 5752 (E:\Documents\Bootcamp\Synrgy batch 7 - Java Backend\synergy7\F-BJV24001115-synergy7-mic-binfood-ch6\target\classes started by M1ch3 in E:\Documents\Bootcamp\Synrgy batch 7 - Java Backend\synergy7\F-BJV24001115-synergy7-mic-binfood-ch6)
2024-05-31 23:14:27,664 INFO o.s.b.SpringApplication [main] No active profile set, falling back to 1 default profile: "default"
2024-05-31 23:14:28,835 INFO o.s.d.r.c.RepositoryConfigurationDelegate [main] Bootstrapping Spring Data JPA repositories in DEFAULT mode.
2024-05-31 23:14:28,919 INFO o.s.d.r.c.RepositoryConfigurationDelegate [main] Finished Spring Data repository scanning in 74 ms. Found 6 JPA repository interfaces.
2024-05-31 23:14:29,858 INFO o.s.b.w.e.t.TomcatWebServer [main] Tomcat initialized with port 8080 (http)
2024-05-31 23:14:29,887 INFO o.a.j.l.DirectJDKLog [main] Initializing ProtocolHandler ["http-nio-8080"]
2024-05-31 23:14:29,894 INFO o.a.j.l.DirectJDKLog [main] Starting service [Tomcat]
2024-05-31 23:14:29,897 INFO o.a.j.l.DirectJDKLog [main] Starting Servlet engine: [Apache Tomcat/10.1.20]
2024-05-31 23:14:30,043 INFO o.a.j.l.DirectJDKLog [main] Initializing Spring embedded WebApplicationContext
2024-05-31 23:14:30,045 INFO o.s.b.w.s.c.ServletWebServerApplicationContext [main] Root WebApplicationContext: initialization completed in 2333 ms
2024-05-31 23:14:30,403 INFO o.h.j.i.u.LogHelper [main] HHH000204: Processing PersistenceUnitInfo [name: default]
2024-05-31 23:14:30,520 INFO o.h.Version [main] HHH000412: Hibernate ORM core version 6.4.4.Final
2024-05-31 23:14:30,581 INFO o.h.c.i.RegionFactoryInitiator [main] HHH000026: Second-level cache disabled
2024-05-31 23:14:30,865 INFO o.s.o.j.p.SpringPersistenceUnitInfo [main] No LoadTimeWeaver setup: ignoring JPA class transformer
2024-05-31 23:14:30,899 INFO c.z.h.HikariDataSource [main] HikariPool-1 - Starting...
2024-05-31 23:14:32,999 INFO c.z.h.p.HikariPool [main] HikariPool-1 - Added connection org.postgresql.jdbc.PgConnection@338a4c61
2024-05-31 23:14:33,000 INFO c.z.h.HikariDataSource [main] HikariPool-1 - Start completed.
2024-05-31 23:14:33,206 WARN o.h.e.j.d.i.DialectFactoryImpl [main] HHH90000025: PostgreSQLDialect does not need to be specified explicitly using 'hibernate.dialect' (remove the property setting and it will be selected by default)
2024-05-31 23:14:34,547 INFO o.h.e.t.j.p.i.JtaPlatformInitiator [main] HHH000489: No JTA platform available (set 'hibernate.transaction.jta.platform' to enable JTA platform integration)
2024-05-31 23:14:39,800 INFO o.s.o.j.AbstractEntityManagerFactoryBean [main] Initialized JPA EntityManagerFactory for persistence unit 'default'
2024-05-31 23:14:40,473 INFO o.s.d.j.r.q.QueryEnhancerFactory [main] Hibernate is in classpath; If applicable, HQL parser will be used.
2024-05-31 23:14:40,712 WARN o.s.b.a.o.j.JpaBaseConfiguration$JpaWebConfiguration [main] spring.jpa.open-in-view is enabled by default. Therefore, database queries may be performed during view rendering. Explicitly configure spring.jpa.open-in-view to disable this warning
2024-05-31 23:14:41,319 INFO o.s.s.w.DefaultSecurityFilterChain [main] Will secure any request with [org.springframework.security.web.session.DisableEncodeUrlFilter@301434fb, org.springframework.security.web.context.request.async.WebAsyncManagerIntegrationFilter@1641dfb3, org.springframework.security.web.context.SecurityContextHolderFilter@45bb502f, org.springframework.security.web.header.HeaderWriterFilter@1a44ad96, org.springframework.web.filter.CorsFilter@49620576, org.springframework.security.web.authentication.logout.LogoutFilter@188500e9, org.springframework.security.oauth2.client.web.OAuth2AuthorizationRequestRedirectFilter@3b6098fd, org.springframework.security.oauth2.client.web.OAuth2LoginAuthenticationFilter@2b01be54, com.example.binarfud.security.jwt.JwtAuthTokenFilter@5bb661e0, org.springframework.security.web.authentication.UsernamePasswordAuthenticationFilter@56d189d0, org.springframework.security.web.authentication.ui.DefaultLoginPageGeneratingFilter@42102827, org.springframework.security.web.authentication.ui.DefaultLogoutPageGeneratingFilter@3397c8c0, org.springframework.security.web.savedrequest.RequestCacheAwareFilter@7e34e466, org.springframework.security.web.servletapi.SecurityContextHolderAwareRequestFilter@2a8eed58, org.springframework.security.web.authentication.AnonymousAuthenticationFilter@22b581a5, org.springframework.security.web.access.ExceptionTranslationFilter@6c80b1d2, org.springframework.security.web.access.intercept.AuthorizationFilter@7f088b5c]
2024-05-31 23:14:41,811 INFO o.a.j.l.DirectJDKLog [main] Starting ProtocolHandler ["http-nio-8080"]
2024-05-31 23:14:41,830 INFO o.s.b.w.e.t.TomcatWebServer [main] Tomcat started on port 8080 (http) with context path ''
2024-05-31 23:14:41,843 INFO o.s.b.StartupInfoLogger [main] Started BinarfudApplication in 14.795 seconds (process running for 15.235)
2024-05-31 23:14:48,414 INFO o.a.j.l.DirectJDKLog [http-nio-8080-exec-1] Initializing Spring DispatcherServlet 'dispatcherServlet'
2024-05-31 23:14:48,414 INFO o.s.w.s.FrameworkServlet [http-nio-8080-exec-1] Initializing Servlet 'dispatcherServlet'
2024-05-31 23:14:48,415 INFO o.s.w.s.FrameworkServlet [http-nio-8080-exec-1] Completed initialization in 1 ms
2024-05-31 23:15:13,330 INFO o.s.a.AbstractOpenApiResource [http-nio-8080-exec-1] Init duration for springdoc-openapi is: 3234 ms
