2024-05-28 12:50:36,810 INFO o.s.b.StartupInfoLogger [main] Starting BinarfudApplication using Java 21.0.2 with PID 24080 (E:\Documents\Bootcamp\Synrgy batch 7 - Java Backend\synergy7\F-BJV24001115-synergy7-mic-binfood-ch6\target\classes started by M1ch3 in E:\Documents\Bootcamp\Synrgy batch 7 - Java Backend\synergy7\F-BJV24001115-synergy7-mic-binfood-ch6)
2024-05-28 12:50:36,814 INFO o.s.b.SpringApplication [main] No active profile set, falling back to 1 default profile: "default"
2024-05-28 12:50:37,579 INFO o.s.d.r.c.RepositoryConfigurationDelegate [main] Bootstrapping Spring Data JPA repositories in DEFAULT mode.
2024-05-28 12:50:37,646 INFO o.s.d.r.c.RepositoryConfigurationDelegate [main] Finished Spring Data repository scanning in 61 ms. Found 6 JPA repository interfaces.
2024-05-28 12:50:38,504 INFO o.s.b.w.e.t.TomcatWebServer [main] Tomcat initialized with port 8080 (http)
2024-05-28 12:50:38,539 INFO o.a.j.l.DirectJDKLog [main] Initializing ProtocolHandler ["http-nio-8080"]
2024-05-28 12:50:38,543 INFO o.a.j.l.DirectJDKLog [main] Starting service [Tomcat]
2024-05-28 12:50:38,544 INFO o.a.j.l.DirectJDKLog [main] Starting Servlet engine: [Apache Tomcat/10.1.20]
2024-05-28 12:50:38,627 INFO o.a.j.l.DirectJDKLog [main] Initializing Spring embedded WebApplicationContext
2024-05-28 12:50:38,628 INFO o.s.b.w.s.c.ServletWebServerApplicationContext [main] Root WebApplicationContext: initialization completed in 1782 ms
2024-05-28 12:50:38,935 INFO o.h.j.i.u.LogHelper [main] HHH000204: Processing PersistenceUnitInfo [name: default]
2024-05-28 12:50:39,060 INFO o.h.Version [main] HHH000412: Hibernate ORM core version 6.4.4.Final
2024-05-28 12:50:39,103 INFO o.h.c.i.RegionFactoryInitiator [main] HHH000026: Second-level cache disabled
2024-05-28 12:50:39,276 INFO o.s.o.j.p.SpringPersistenceUnitInfo [main] No LoadTimeWeaver setup: ignoring JPA class transformer
2024-05-28 12:50:39,301 INFO c.z.h.HikariDataSource [main] HikariPool-1 - Starting...
2024-05-28 12:50:39,473 INFO c.z.h.p.HikariPool [main] HikariPool-1 - Added connection org.postgresql.jdbc.PgConnection@100eeedc
2024-05-28 12:50:39,474 INFO c.z.h.HikariDataSource [main] HikariPool-1 - Start completed.
2024-05-28 12:50:39,508 WARN o.h.e.j.d.i.DialectFactoryImpl [main] HHH90000025: PostgreSQLDialect does not need to be specified explicitly using 'hibernate.dialect' (remove the property setting and it will be selected by default)
2024-05-28 12:50:40,303 INFO o.h.e.t.j.p.i.JtaPlatformInitiator [main] HHH000489: No JTA platform available (set 'hibernate.transaction.jta.platform' to enable JTA platform integration)
2024-05-28 12:50:40,396 INFO o.s.o.j.AbstractEntityManagerFactoryBean [main] Initialized JPA EntityManagerFactory for persistence unit 'default'
2024-05-28 12:50:40,811 INFO o.s.d.j.r.q.QueryEnhancerFactory [main] Hibernate is in classpath; If applicable, HQL parser will be used.
2024-05-28 12:50:40,958 WARN o.s.b.a.o.j.JpaBaseConfiguration$JpaWebConfiguration [main] spring.jpa.open-in-view is enabled by default. Therefore, database queries may be performed during view rendering. Explicitly configure spring.jpa.open-in-view to disable this warning
2024-05-28 12:50:41,482 INFO o.s.s.w.DefaultSecurityFilterChain [main] Will secure any request with [org.springframework.security.web.session.DisableEncodeUrlFilter@7786c2e0, org.springframework.security.web.context.request.async.WebAsyncManagerIntegrationFilter@5c940e28, org.springframework.security.web.context.SecurityContextHolderFilter@453de9d0, org.springframework.security.web.header.HeaderWriterFilter@396a4dea, org.springframework.web.filter.CorsFilter@56c39949, org.springframework.security.web.authentication.logout.LogoutFilter@feb57b4, org.springframework.security.oauth2.client.web.OAuth2AuthorizationRequestRedirectFilter@1b72f9a, org.springframework.security.oauth2.client.web.OAuth2LoginAuthenticationFilter@3423f353, com.example.binarfud.security.jwt.JwtAuthTokenFilter@1259b2a5, org.springframework.security.web.authentication.UsernamePasswordAuthenticationFilter@6f254d79, org.springframework.security.web.authentication.ui.DefaultLoginPageGeneratingFilter@12544a50, org.springframework.security.web.authentication.ui.DefaultLogoutPageGeneratingFilter@41f3f64, org.springframework.security.web.savedrequest.RequestCacheAwareFilter@3c8c5513, org.springframework.security.web.servletapi.SecurityContextHolderAwareRequestFilter@3502b614, org.springframework.security.web.authentication.AnonymousAuthenticationFilter@454f6cc5, org.springframework.security.web.access.ExceptionTranslationFilter@5a88ecb9, org.springframework.security.web.access.intercept.AuthorizationFilter@72b60be8]
2024-05-28 12:50:41,997 INFO o.a.j.l.DirectJDKLog [main] Starting ProtocolHandler ["http-nio-8080"]
2024-05-28 12:50:42,020 INFO o.s.b.w.e.t.TomcatWebServer [main] Tomcat started on port 8080 (http) with context path ''
2024-05-28 12:50:42,031 INFO o.s.b.StartupInfoLogger [main] Started BinarfudApplication in 5.676 seconds (process running for 5.986)
2024-05-28 12:50:44,726 INFO o.a.j.l.DirectJDKLog [http-nio-8080-exec-1] Initializing Spring DispatcherServlet 'dispatcherServlet'
2024-05-28 12:50:44,726 INFO o.s.w.s.FrameworkServlet [http-nio-8080-exec-1] Initializing Servlet 'dispatcherServlet'
2024-05-28 12:50:44,727 INFO o.s.w.s.FrameworkServlet [http-nio-8080-exec-1] Completed initialization in 1 ms
2024-05-28 12:51:23,213 INFO o.s.o.j.AbstractEntityManagerFactoryBean [SpringApplicationShutdownHook] Closing JPA EntityManagerFactory for persistence unit 'default'
2024-05-28 12:51:23,224 INFO c.z.h.HikariDataSource [SpringApplicationShutdownHook] HikariPool-1 - Shutdown initiated...
2024-05-28 12:51:23,265 INFO c.z.h.HikariDataSource [SpringApplicationShutdownHook] HikariPool-1 - Shutdown completed.
