2024-05-31 10:57:58,757 INFO o.s.a.AbstractOpenApiResource [http-nio-8080-exec-8] Init duration for springdoc-openapi is: 2517 ms
2024-05-31 11:37:12,355 INFO o.s.o.j.AbstractEntityManagerFactoryBean [SpringApplicationShutdownHook] Closing JPA EntityManagerFactory for persistence unit 'default'
2024-05-31 11:37:12,360 INFO c.z.h.HikariDataSource [SpringApplicationShutdownHook] HikariPool-1 - Shutdown initiated...
2024-05-31 11:37:12,364 INFO c.z.h.HikariDataSource [SpringApplicationShutdownHook] HikariPool-1 - Shutdown completed.
2024-05-31 11:45:10,166 INFO o.s.b.StartupInfoLogger [main] Starting BinarfudApplication using Java 21.0.2 with PID 10872 (E:\Documents\Bootcamp\Synrgy batch 7 - Java Backend\synergy7\F-BJV24001115-synergy7-mic-binfood-ch6\target\classes started by M1ch3 in E:\Documents\Bootcamp\Synrgy batch 7 - Java Backend\synergy7\F-BJV24001115-synergy7-mic-binfood-ch6)
2024-05-31 11:45:10,168 INFO o.s.b.SpringApplication [main] No active profile set, falling back to 1 default profile: "default"
2024-05-31 11:45:10,893 INFO o.s.d.r.c.RepositoryConfigurationDelegate [main] Bootstrapping Spring Data JPA repositories in DEFAULT mode.
2024-05-31 11:45:10,970 INFO o.s.d.r.c.RepositoryConfigurationDelegate [main] Finished Spring Data repository scanning in 71 ms. Found 6 JPA repository interfaces.
2024-05-31 11:45:11,484 INFO o.s.b.w.e.t.TomcatWebServer [main] Tomcat initialized with port 8080 (http)
2024-05-31 11:45:11,494 INFO o.a.j.l.DirectJDKLog [main] Initializing ProtocolHandler ["http-nio-8080"]
2024-05-31 11:45:11,497 INFO o.a.j.l.DirectJDKLog [main] Starting service [Tomcat]
2024-05-31 11:45:11,497 INFO o.a.j.l.DirectJDKLog [main] Starting Servlet engine: [Apache Tomcat/10.1.20]
2024-05-31 11:45:11,551 INFO o.a.j.l.DirectJDKLog [main] Initializing Spring embedded WebApplicationContext
2024-05-31 11:45:11,552 INFO o.s.b.w.s.c.ServletWebServerApplicationContext [main] Root WebApplicationContext: initialization completed in 1342 ms
2024-05-31 11:45:11,677 INFO o.h.j.i.u.LogHelper [main] HHH000204: Processing PersistenceUnitInfo [name: default]
2024-05-31 11:45:11,754 INFO o.h.Version [main] HHH000412: Hibernate ORM core version 6.4.4.Final
2024-05-31 11:45:11,791 INFO o.h.c.i.RegionFactoryInitiator [main] HHH000026: Second-level cache disabled
2024-05-31 11:45:11,996 INFO o.s.o.j.p.SpringPersistenceUnitInfo [main] No LoadTimeWeaver setup: ignoring JPA class transformer
2024-05-31 11:45:12,019 INFO c.z.h.HikariDataSource [main] HikariPool-1 - Starting...
2024-05-31 11:45:12,183 INFO c.z.h.p.HikariPool [main] HikariPool-1 - Added connection org.postgresql.jdbc.PgConnection@2c0dca15
2024-05-31 11:45:12,184 INFO c.z.h.HikariDataSource [main] HikariPool-1 - Start completed.
2024-05-31 11:45:12,220 WARN o.h.e.j.d.i.DialectFactoryImpl [main] HHH90000025: PostgreSQLDialect does not need to be specified explicitly using 'hibernate.dialect' (remove the property setting and it will be selected by default)
2024-05-31 11:45:13,060 INFO o.h.e.t.j.p.i.JtaPlatformInitiator [main] HHH000489: No JTA platform available (set 'hibernate.transaction.jta.platform' to enable JTA platform integration)
2024-05-31 11:45:13,161 INFO o.s.o.j.AbstractEntityManagerFactoryBean [main] Initialized JPA EntityManagerFactory for persistence unit 'default'
2024-05-31 11:45:13,591 INFO o.s.d.j.r.q.QueryEnhancerFactory [main] Hibernate is in classpath; If applicable, HQL parser will be used.
2024-05-31 11:45:13,721 WARN o.s.b.a.o.j.JpaBaseConfiguration$JpaWebConfiguration [main] spring.jpa.open-in-view is enabled by default. Therefore, database queries may be performed during view rendering. Explicitly configure spring.jpa.open-in-view to disable this warning
2024-05-31 11:45:14,055 INFO o.s.s.w.DefaultSecurityFilterChain [main] Will secure any request with [org.springframework.security.web.session.DisableEncodeUrlFilter@4458887d, org.springframework.security.web.context.request.async.WebAsyncManagerIntegrationFilter@7b1bb01c, org.springframework.security.web.context.SecurityContextHolderFilter@6345dc06, org.springframework.security.web.header.HeaderWriterFilter@639c5ab4, org.springframework.web.filter.CorsFilter@4c364a9d, org.springframework.security.web.authentication.logout.LogoutFilter@674b9b85, org.springframework.security.oauth2.client.web.OAuth2AuthorizationRequestRedirectFilter@7640a191, org.springframework.security.oauth2.client.web.OAuth2LoginAuthenticationFilter@74997ca6, com.example.binarfud.security.jwt.JwtAuthTokenFilter@56bf6f1e, org.springframework.security.web.authentication.UsernamePasswordAuthenticationFilter@7510824, org.springframework.security.web.authentication.ui.DefaultLoginPageGeneratingFilter@c50503e, org.springframework.security.web.authentication.ui.DefaultLogoutPageGeneratingFilter@597084b7, org.springframework.security.web.savedrequest.RequestCacheAwareFilter@22025464, org.springframework.security.web.servletapi.SecurityContextHolderAwareRequestFilter@77eb0e47, org.springframework.security.web.authentication.AnonymousAuthenticationFilter@59ebe484, org.springframework.security.web.access.ExceptionTranslationFilter@63ead376, org.springframework.security.web.access.intercept.AuthorizationFilter@6c1d25fa]
2024-05-31 11:45:14,303 INFO o.a.j.l.DirectJDKLog [main] Starting ProtocolHandler ["http-nio-8080"]
2024-05-31 11:45:14,317 INFO o.s.b.w.e.t.TomcatWebServer [main] Tomcat started on port 8080 (http) with context path ''
2024-05-31 11:45:14,324 INFO o.s.b.StartupInfoLogger [main] Started BinarfudApplication in 4.651 seconds (process running for 5.025)
2024-05-31 11:45:18,628 INFO o.a.j.l.DirectJDKLog [http-nio-8080-exec-1] Initializing Spring DispatcherServlet 'dispatcherServlet'
2024-05-31 11:45:18,628 INFO o.s.w.s.FrameworkServlet [http-nio-8080-exec-1] Initializing Servlet 'dispatcherServlet'
2024-05-31 11:45:18,630 INFO o.s.w.s.FrameworkServlet [http-nio-8080-exec-1] Completed initialization in 2 ms
2024-05-31 11:45:30,214 INFO o.s.a.AbstractOpenApiResource [http-nio-8080-exec-4] Init duration for springdoc-openapi is: 1262 ms
