2024-05-31 12:45:52,104 INFO o.s.o.j.AbstractEntityManagerFactoryBean [SpringApplicationShutdownHook] Closing JPA EntityManagerFactory for persistence unit 'default'
2024-05-31 12:45:52,119 INFO c.z.h.HikariDataSource [SpringApplicationShutdownHook] HikariPool-1 - Shutdown initiated...
2024-05-31 12:45:52,145 INFO c.z.h.HikariDataSource [SpringApplicationShutdownHook] HikariPool-1 - Shutdown completed.
2024-05-31 12:47:57,049 INFO o.s.b.StartupInfoLogger [main] Starting BinarfudApplication using Java 21.0.2 with PID 25236 (E:\Documents\Bootcamp\Synrgy batch 7 - Java Backend\synergy7\F-BJV24001115-synergy7-mic-binfood-ch6\target\classes started by M1ch3 in E:\Documents\Bootcamp\Synrgy batch 7 - Java Backend\synergy7\F-BJV24001115-synergy7-mic-binfood-ch6)
2024-05-31 12:47:57,051 INFO o.s.b.SpringApplication [main] No active profile set, falling back to 1 default profile: "default"
2024-05-31 12:47:57,875 INFO o.s.d.r.c.RepositoryConfigurationDelegate [main] Bootstrapping Spring Data JPA repositories in DEFAULT mode.
2024-05-31 12:47:57,940 INFO o.s.d.r.c.RepositoryConfigurationDelegate [main] Finished Spring Data repository scanning in 60 ms. Found 6 JPA repository interfaces.
2024-05-31 12:47:58,757 INFO o.s.b.w.e.t.TomcatWebServer [main] Tomcat initialized with port 8080 (http)
2024-05-31 12:47:58,784 INFO o.a.j.l.DirectJDKLog [main] Initializing ProtocolHandler ["http-nio-8080"]
2024-05-31 12:47:58,790 INFO o.a.j.l.DirectJDKLog [main] Starting service [Tomcat]
2024-05-31 12:47:58,790 INFO o.a.j.l.DirectJDKLog [main] Starting Servlet engine: [Apache Tomcat/10.1.20]
2024-05-31 12:47:58,928 INFO o.a.j.l.DirectJDKLog [main] Initializing Spring embedded WebApplicationContext
2024-05-31 12:47:58,930 INFO o.s.b.w.s.c.ServletWebServerApplicationContext [main] Root WebApplicationContext: initialization completed in 1845 ms
2024-05-31 12:47:59,245 INFO o.h.j.i.u.LogHelper [main] HHH000204: Processing PersistenceUnitInfo [name: default]
2024-05-31 12:47:59,367 INFO o.h.Version [main] HHH000412: Hibernate ORM core version 6.4.4.Final
2024-05-31 12:47:59,405 INFO o.h.c.i.RegionFactoryInitiator [main] HHH000026: Second-level cache disabled
2024-05-31 12:47:59,603 INFO o.s.o.j.p.SpringPersistenceUnitInfo [main] No LoadTimeWeaver setup: ignoring JPA class transformer
2024-05-31 12:47:59,629 INFO c.z.h.HikariDataSource [main] HikariPool-1 - Starting...
2024-05-31 12:47:59,807 INFO c.z.h.p.HikariPool [main] HikariPool-1 - Added connection org.postgresql.jdbc.PgConnection@16df9bde
2024-05-31 12:47:59,809 INFO c.z.h.HikariDataSource [main] HikariPool-1 - Start completed.
2024-05-31 12:47:59,836 WARN o.h.e.j.d.i.DialectFactoryImpl [main] HHH90000025: PostgreSQLDialect does not need to be specified explicitly using 'hibernate.dialect' (remove the property setting and it will be selected by default)
2024-05-31 12:48:00,722 INFO o.h.e.t.j.p.i.JtaPlatformInitiator [main] HHH000489: No JTA platform available (set 'hibernate.transaction.jta.platform' to enable JTA platform integration)
2024-05-31 12:48:00,827 INFO o.s.o.j.AbstractEntityManagerFactoryBean [main] Initialized JPA EntityManagerFactory for persistence unit 'default'
2024-05-31 12:48:01,366 INFO o.s.d.j.r.q.QueryEnhancerFactory [main] Hibernate is in classpath; If applicable, HQL parser will be used.
2024-05-31 12:48:01,603 WARN o.s.b.a.o.j.JpaBaseConfiguration$JpaWebConfiguration [main] spring.jpa.open-in-view is enabled by default. Therefore, database queries may be performed during view rendering. Explicitly configure spring.jpa.open-in-view to disable this warning
2024-05-31 12:48:02,068 INFO o.s.s.w.DefaultSecurityFilterChain [main] Will secure any request with [org.springframework.security.web.session.DisableEncodeUrlFilter@64ef9b9a, org.springframework.security.web.context.request.async.WebAsyncManagerIntegrationFilter@264340f0, org.springframework.security.web.context.SecurityContextHolderFilter@48463900, org.springframework.security.web.header.HeaderWriterFilter@7c7d83ff, org.springframework.web.filter.CorsFilter@7640a191, org.springframework.security.web.authentication.logout.LogoutFilter@62b8dd6a, org.springframework.security.oauth2.client.web.OAuth2AuthorizationRequestRedirectFilter@5fdebe73, org.springframework.security.oauth2.client.web.OAuth2LoginAuthenticationFilter@60a4595e, com.example.binarfud.security.jwt.JwtAuthTokenFilter@43a72f0f, org.springframework.security.web.authentication.UsernamePasswordAuthenticationFilter@17796f47, org.springframework.security.web.authentication.ui.DefaultLoginPageGeneratingFilter@6345dc06, org.springframework.security.web.authentication.ui.DefaultLogoutPageGeneratingFilter@504a9352, org.springframework.security.web.savedrequest.RequestCacheAwareFilter@7c070e78, org.springframework.security.web.servletapi.SecurityContextHolderAwareRequestFilter@63ead376, org.springframework.security.web.authentication.AnonymousAuthenticationFilter@48e1e18a, org.springframework.security.web.access.ExceptionTranslationFilter@6441da2c, org.springframework.security.web.access.intercept.AuthorizationFilter@2c555efb]
2024-05-31 12:48:02,461 INFO o.a.j.l.DirectJDKLog [main] Starting ProtocolHandler ["http-nio-8080"]
2024-05-31 12:48:02,473 INFO o.s.b.w.e.t.TomcatWebServer [main] Tomcat started on port 8080 (http) with context path ''
2024-05-31 12:48:02,480 INFO o.s.b.StartupInfoLogger [main] Started BinarfudApplication in 5.945 seconds (process running for 6.244)
2024-05-31 12:48:20,427 INFO o.a.j.l.DirectJDKLog [http-nio-8080-exec-1] Initializing Spring DispatcherServlet 'dispatcherServlet'
2024-05-31 12:48:20,427 INFO o.s.w.s.FrameworkServlet [http-nio-8080-exec-1] Initializing Servlet 'dispatcherServlet'
2024-05-31 12:48:20,428 INFO o.s.w.s.FrameworkServlet [http-nio-8080-exec-1] Completed initialization in 1 ms
