2024-05-31 18:39:15,678 INFO o.s.b.StartupInfoLogger [main] Starting BinarfudApplication using Java 21.0.2 with PID 16152 (E:\Documents\Bootcamp\Synrgy batch 7 - Java Backend\synergy7\F-BJV24001115-synergy7-mic-binfood-ch6\target\classes started by M1ch3 in E:\Documents\Bootcamp\Synrgy batch 7 - Java Backend\synergy7\F-BJV24001115-synergy7-mic-binfood-ch6)
2024-05-31 18:39:15,682 INFO o.s.b.SpringApplication [main] No active profile set, falling back to 1 default profile: "default"
2024-05-31 18:39:16,507 INFO o.s.d.r.c.RepositoryConfigurationDelegate [main] Bootstrapping Spring Data JPA repositories in DEFAULT mode.
2024-05-31 18:39:16,573 INFO o.s.d.r.c.RepositoryConfigurationDelegate [main] Finished Spring Data repository scanning in 61 ms. Found 6 JPA repository interfaces.
2024-05-31 18:39:17,328 INFO o.s.b.w.e.t.TomcatWebServer [main] Tomcat initialized with port 8080 (http)
2024-05-31 18:39:17,352 INFO o.a.j.l.DirectJDKLog [main] Initializing ProtocolHandler ["http-nio-8080"]
2024-05-31 18:39:17,358 INFO o.a.j.l.DirectJDKLog [main] Starting service [Tomcat]
2024-05-31 18:39:17,358 INFO o.a.j.l.DirectJDKLog [main] Starting Servlet engine: [Apache Tomcat/10.1.20]
2024-05-31 18:39:17,467 INFO o.a.j.l.DirectJDKLog [main] Initializing Spring embedded WebApplicationContext
2024-05-31 18:39:17,468 INFO o.s.b.w.s.c.ServletWebServerApplicationContext [main] Root WebApplicationContext: initialization completed in 1748 ms
2024-05-31 18:39:17,750 INFO o.h.j.i.u.LogHelper [main] HHH000204: Processing PersistenceUnitInfo [name: default]
2024-05-31 18:39:17,864 INFO o.h.Version [main] HHH000412: Hibernate ORM core version 6.4.4.Final
2024-05-31 18:39:17,891 INFO o.h.c.i.RegionFactoryInitiator [main] HHH000026: Second-level cache disabled
2024-05-31 18:39:18,098 INFO o.s.o.j.p.SpringPersistenceUnitInfo [main] No LoadTimeWeaver setup: ignoring JPA class transformer
2024-05-31 18:39:18,120 INFO c.z.h.HikariDataSource [main] HikariPool-1 - Starting...
2024-05-31 18:39:20,998 INFO c.z.h.p.HikariPool [main] HikariPool-1 - Added connection org.postgresql.jdbc.PgConnection@d13379e
2024-05-31 18:39:21,000 INFO c.z.h.HikariDataSource [main] HikariPool-1 - Start completed.
2024-05-31 18:39:21,265 WARN o.h.e.j.d.i.DialectFactoryImpl [main] HHH90000025: PostgreSQLDialect does not need to be specified explicitly using 'hibernate.dialect' (remove the property setting and it will be selected by default)
2024-05-31 18:39:22,403 INFO o.h.e.t.j.p.i.JtaPlatformInitiator [main] HHH000489: No JTA platform available (set 'hibernate.transaction.jta.platform' to enable JTA platform integration)
2024-05-31 18:39:28,347 INFO o.s.o.j.AbstractEntityManagerFactoryBean [main] Initialized JPA EntityManagerFactory for persistence unit 'default'
2024-05-31 18:39:28,763 INFO o.s.d.j.r.q.QueryEnhancerFactory [main] Hibernate is in classpath; If applicable, HQL parser will be used.
2024-05-31 18:39:28,960 WARN o.s.b.a.o.j.JpaBaseConfiguration$JpaWebConfiguration [main] spring.jpa.open-in-view is enabled by default. Therefore, database queries may be performed during view rendering. Explicitly configure spring.jpa.open-in-view to disable this warning
2024-05-31 18:39:29,362 INFO o.s.s.w.DefaultSecurityFilterChain [main] Will secure any request with [org.springframework.security.web.session.DisableEncodeUrlFilter@5e352e3a, org.springframework.security.web.context.request.async.WebAsyncManagerIntegrationFilter@1b26f006, org.springframework.security.web.context.SecurityContextHolderFilter@31fc1b6e, org.springframework.security.web.header.HeaderWriterFilter@c925ae1, org.springframework.web.filter.CorsFilter@38a6ca39, org.springframework.security.web.authentication.logout.LogoutFilter@27de9336, org.springframework.security.oauth2.client.web.OAuth2AuthorizationRequestRedirectFilter@6178ac9d, org.springframework.security.oauth2.client.web.OAuth2LoginAuthenticationFilter@b89cbf9, com.example.binarfud.security.jwt.JwtAuthTokenFilter@9cdf13e, org.springframework.security.web.authentication.UsernamePasswordAuthenticationFilter@2700f556, org.springframework.security.web.authentication.ui.DefaultLoginPageGeneratingFilter@535b016, org.springframework.security.web.authentication.ui.DefaultLogoutPageGeneratingFilter@797dd7ef, org.springframework.security.web.savedrequest.RequestCacheAwareFilter@51aa8c0f, org.springframework.security.web.servletapi.SecurityContextHolderAwareRequestFilter@25bbca43, org.springframework.security.web.authentication.AnonymousAuthenticationFilter@ece7204, org.springframework.security.web.access.ExceptionTranslationFilter@77d03738, org.springframework.security.web.access.intercept.AuthorizationFilter@4b708c16]
2024-05-31 18:39:29,677 INFO o.a.j.l.DirectJDKLog [main] Starting ProtocolHandler ["http-nio-8080"]
2024-05-31 18:39:29,691 INFO o.s.b.w.e.t.TomcatWebServer [main] Tomcat started on port 8080 (http) with context path ''
2024-05-31 18:39:29,698 INFO o.s.b.StartupInfoLogger [main] Started BinarfudApplication in 14.514 seconds (process running for 14.836)
2024-05-31 18:39:32,522 INFO o.a.j.l.DirectJDKLog [http-nio-8080-exec-1] Initializing Spring DispatcherServlet 'dispatcherServlet'
2024-05-31 18:39:32,522 INFO o.s.w.s.FrameworkServlet [http-nio-8080-exec-1] Initializing Servlet 'dispatcherServlet'
2024-05-31 18:39:32,523 INFO o.s.w.s.FrameworkServlet [http-nio-8080-exec-1] Completed initialization in 1 ms
