2024-05-31 22:43:49,411 INFO o.s.b.StartupInfoLogger [main] Starting BinarfudApplication using Java 21.0.2 with PID 17556 (E:\Documents\Bootcamp\Synrgy batch 7 - Java Backend\synergy7\F-BJV24001115-synergy7-mic-binfood-ch6\target\classes started by M1ch3 in E:\Documents\Bootcamp\Synrgy batch 7 - Java Backend\synergy7\F-BJV24001115-synergy7-mic-binfood-ch6)
2024-05-31 22:43:49,418 INFO o.s.b.SpringApplication [main] No active profile set, falling back to 1 default profile: "default"
2024-05-31 22:43:50,948 INFO o.s.d.r.c.RepositoryConfigurationDelegate [main] Bootstrapping Spring Data JPA repositories in DEFAULT mode.
2024-05-31 22:43:51,071 INFO o.s.d.r.c.RepositoryConfigurationDelegate [main] Finished Spring Data repository scanning in 112 ms. Found 6 JPA repository interfaces.
2024-05-31 22:43:52,365 INFO o.s.b.w.e.t.TomcatWebServer [main] Tomcat initialized with port 8080 (http)
2024-05-31 22:43:52,404 INFO o.a.j.l.DirectJDKLog [main] Initializing ProtocolHandler ["http-nio-8080"]
2024-05-31 22:43:52,416 INFO o.a.j.l.DirectJDKLog [main] Starting service [Tomcat]
2024-05-31 22:43:52,417 INFO o.a.j.l.DirectJDKLog [main] Starting Servlet engine: [Apache Tomcat/10.1.20]
2024-05-31 22:43:52,607 INFO o.a.j.l.DirectJDKLog [main] Initializing Spring embedded WebApplicationContext
2024-05-31 22:43:52,611 INFO o.s.b.w.s.c.ServletWebServerApplicationContext [main] Root WebApplicationContext: initialization completed in 3121 ms
2024-05-31 22:43:53,151 INFO o.h.j.i.u.LogHelper [main] HHH000204: Processing PersistenceUnitInfo [name: default]
2024-05-31 22:43:53,363 INFO o.h.Version [main] HHH000412: Hibernate ORM core version 6.4.4.Final
2024-05-31 22:43:53,412 INFO o.h.c.i.RegionFactoryInitiator [main] HHH000026: Second-level cache disabled
2024-05-31 22:43:53,783 INFO o.s.o.j.p.SpringPersistenceUnitInfo [main] No LoadTimeWeaver setup: ignoring JPA class transformer
2024-05-31 22:43:53,832 INFO c.z.h.HikariDataSource [main] HikariPool-1 - Starting...
2024-05-31 22:43:56,780 INFO c.z.h.p.HikariPool [main] HikariPool-1 - Added connection org.postgresql.jdbc.PgConnection@32c0fecc
2024-05-31 22:43:56,782 INFO c.z.h.HikariDataSource [main] HikariPool-1 - Start completed.
2024-05-31 22:43:56,982 WARN o.h.e.j.d.i.DialectFactoryImpl [main] HHH90000025: PostgreSQLDialect does not need to be specified explicitly using 'hibernate.dialect' (remove the property setting and it will be selected by default)
2024-05-31 22:43:58,552 INFO o.h.e.t.j.p.i.JtaPlatformInitiator [main] HHH000489: No JTA platform available (set 'hibernate.transaction.jta.platform' to enable JTA platform integration)
2024-05-31 22:44:04,214 INFO o.s.o.j.AbstractEntityManagerFactoryBean [main] Initialized JPA EntityManagerFactory for persistence unit 'default'
2024-05-31 22:44:04,960 INFO o.s.d.j.r.q.QueryEnhancerFactory [main] Hibernate is in classpath; If applicable, HQL parser will be used.
2024-05-31 22:44:05,296 WARN o.s.b.a.o.j.JpaBaseConfiguration$JpaWebConfiguration [main] spring.jpa.open-in-view is enabled by default. Therefore, database queries may be performed during view rendering. Explicitly configure spring.jpa.open-in-view to disable this warning
2024-05-31 22:44:06,079 INFO o.s.s.w.DefaultSecurityFilterChain [main] Will secure any request with [org.springframework.security.web.session.DisableEncodeUrlFilter@772db1d8, org.springframework.security.web.context.request.async.WebAsyncManagerIntegrationFilter@7955b4d4, org.springframework.security.web.context.SecurityContextHolderFilter@72a45b71, org.springframework.security.web.header.HeaderWriterFilter@22dddb13, org.springframework.web.filter.CorsFilter@489e1887, org.springframework.security.web.authentication.logout.LogoutFilter@4fc00158, org.springframework.security.oauth2.client.web.OAuth2AuthorizationRequestRedirectFilter@74d4f542, org.springframework.security.oauth2.client.web.OAuth2LoginAuthenticationFilter@7c1e5d14, com.example.binarfud.security.jwt.JwtAuthTokenFilter@9cdf13e, org.springframework.security.web.authentication.UsernamePasswordAuthenticationFilter@6acdca3a, org.springframework.security.web.authentication.ui.DefaultLoginPageGeneratingFilter@4708acc6, org.springframework.security.web.authentication.ui.DefaultLogoutPageGeneratingFilter@7421213d, org.springframework.security.web.savedrequest.RequestCacheAwareFilter@3793896e, org.springframework.security.web.servletapi.SecurityContextHolderAwareRequestFilter@47541b42, org.springframework.security.web.authentication.AnonymousAuthenticationFilter@6e98fd10, org.springframework.security.web.access.ExceptionTranslationFilter@565fa7d2, org.springframework.security.web.access.intercept.AuthorizationFilter@1a44ad96]
2024-05-31 22:44:06,695 INFO o.a.j.l.DirectJDKLog [main] Starting ProtocolHandler ["http-nio-8080"]
2024-05-31 22:44:06,723 INFO o.s.b.w.e.t.TomcatWebServer [main] Tomcat started on port 8080 (http) with context path ''
2024-05-31 22:44:06,735 INFO o.s.b.StartupInfoLogger [main] Started BinarfudApplication in 18.232 seconds (process running for 18.889)
2024-05-31 22:44:14,807 INFO o.a.j.l.DirectJDKLog [http-nio-8080-exec-2] Initializing Spring DispatcherServlet 'dispatcherServlet'
2024-05-31 22:44:14,808 INFO o.s.w.s.FrameworkServlet [http-nio-8080-exec-2] Initializing Servlet 'dispatcherServlet'
2024-05-31 22:44:14,811 INFO o.s.w.s.FrameworkServlet [http-nio-8080-exec-2] Completed initialization in 2 ms
