2024-05-31 20:11:03,604 WARN o.s.w.s.h.AbstractHandlerExceptionResolver [http-nio-8080-exec-1] Resolved [org.springframework.web.method.annotation.MethodArgumentTypeMismatchException: Failed to convert value of type 'java.lang.String' to required type 'java.util.UUID'; Invalid UUID string: register]
2024-05-31 20:11:22,134 WARN o.s.w.s.h.AbstractHandlerExceptionResolver [http-nio-8080-exec-2] Resolved [org.springframework.web.method.annotation.MethodArgumentTypeMismatchException: Failed to convert value of type 'java.lang.String' to required type 'java.util.UUID'; Invalid UUID string: validate-otp]
2024-05-31 20:20:15,019 INFO o.s.o.j.AbstractEntityManagerFactoryBean [SpringApplicationShutdownHook] Closing JPA EntityManagerFactory for persistence unit 'default'
2024-05-31 20:20:15,023 INFO c.z.h.HikariDataSource [SpringApplicationShutdownHook] HikariPool-1 - Shutdown initiated...
2024-05-31 20:20:15,118 INFO c.z.h.HikariDataSource [SpringApplicationShutdownHook] HikariPool-1 - Shutdown completed.
2024-05-31 20:20:19,927 INFO o.s.b.StartupInfoLogger [main] Starting BinarfudApplication using Java 21.0.2 with PID 4040 (E:\Documents\Bootcamp\Synrgy batch 7 - Java Backend\synergy7\F-BJV24001115-synergy7-mic-binfood-ch6\target\classes started by M1ch3 in E:\Documents\Bootcamp\Synrgy batch 7 - Java Backend\synergy7\F-BJV24001115-synergy7-mic-binfood-ch6)
2024-05-31 20:20:19,930 INFO o.s.b.SpringApplication [main] No active profile set, falling back to 1 default profile: "default"
2024-05-31 20:20:21,083 INFO o.s.d.r.c.RepositoryConfigurationDelegate [main] Bootstrapping Spring Data JPA repositories in DEFAULT mode.
2024-05-31 20:20:21,168 INFO o.s.d.r.c.RepositoryConfigurationDelegate [main] Finished Spring Data repository scanning in 79 ms. Found 6 JPA repository interfaces.
2024-05-31 20:20:22,259 INFO o.s.b.w.e.t.TomcatWebServer [main] Tomcat initialized with port 8080 (http)
2024-05-31 20:20:22,298 INFO o.a.j.l.DirectJDKLog [main] Initializing ProtocolHandler ["http-nio-8080"]
2024-05-31 20:20:22,304 INFO o.a.j.l.DirectJDKLog [main] Starting service [Tomcat]
2024-05-31 20:20:22,304 INFO o.a.j.l.DirectJDKLog [main] Starting Servlet engine: [Apache Tomcat/10.1.20]
2024-05-31 20:20:22,443 INFO o.a.j.l.DirectJDKLog [main] Initializing Spring embedded WebApplicationContext
2024-05-31 20:20:22,444 INFO o.s.b.w.s.c.ServletWebServerApplicationContext [main] Root WebApplicationContext: initialization completed in 2470 ms
2024-05-31 20:20:22,821 INFO o.h.j.i.u.LogHelper [main] HHH000204: Processing PersistenceUnitInfo [name: default]
2024-05-31 20:20:23,022 INFO o.h.Version [main] HHH000412: Hibernate ORM core version 6.4.4.Final
2024-05-31 20:20:23,080 INFO o.h.c.i.RegionFactoryInitiator [main] HHH000026: Second-level cache disabled
2024-05-31 20:20:23,334 INFO o.s.o.j.p.SpringPersistenceUnitInfo [main] No LoadTimeWeaver setup: ignoring JPA class transformer
2024-05-31 20:20:23,369 INFO c.z.h.HikariDataSource [main] HikariPool-1 - Starting...
2024-05-31 20:20:25,741 INFO c.z.h.p.HikariPool [main] HikariPool-1 - Added connection org.postgresql.jdbc.PgConnection@738a39cc
2024-05-31 20:20:25,742 INFO c.z.h.HikariDataSource [main] HikariPool-1 - Start completed.
2024-05-31 20:20:25,933 WARN o.h.e.j.d.i.DialectFactoryImpl [main] HHH90000025: PostgreSQLDialect does not need to be specified explicitly using 'hibernate.dialect' (remove the property setting and it will be selected by default)
2024-05-31 20:20:27,613 INFO o.h.e.t.j.p.i.JtaPlatformInitiator [main] HHH000489: No JTA platform available (set 'hibernate.transaction.jta.platform' to enable JTA platform integration)
2024-05-31 20:20:32,814 INFO o.s.o.j.AbstractEntityManagerFactoryBean [main] Initialized JPA EntityManagerFactory for persistence unit 'default'
2024-05-31 20:20:33,923 INFO o.s.d.j.r.q.QueryEnhancerFactory [main] Hibernate is in classpath; If applicable, HQL parser will be used.
2024-05-31 20:20:34,464 WARN o.s.b.a.o.j.JpaBaseConfiguration$JpaWebConfiguration [main] spring.jpa.open-in-view is enabled by default. Therefore, database queries may be performed during view rendering. Explicitly configure spring.jpa.open-in-view to disable this warning
2024-05-31 20:20:37,071 INFO o.s.s.w.DefaultSecurityFilterChain [main] Will secure any request with [org.springframework.security.web.session.DisableEncodeUrlFilter@75381b61, org.springframework.security.web.context.request.async.WebAsyncManagerIntegrationFilter@2801ccb3, org.springframework.security.web.context.SecurityContextHolderFilter@62672ad5, org.springframework.security.web.header.HeaderWriterFilter@44252e9b, org.springframework.web.filter.CorsFilter@42102827, org.springframework.security.web.authentication.logout.LogoutFilter@3793896e, org.springframework.security.oauth2.client.web.OAuth2AuthorizationRequestRedirectFilter@45bb502f, org.springframework.security.oauth2.client.web.OAuth2LoginAuthenticationFilter@2a8eed58, com.example.binarfud.security.jwt.JwtAuthTokenFilter@7e8f97dd, org.springframework.security.web.authentication.UsernamePasswordAuthenticationFilter@1c74251b, org.springframework.security.web.authentication.ui.DefaultLoginPageGeneratingFilter@3d5009c0, org.springframework.security.web.authentication.ui.DefaultLogoutPageGeneratingFilter@5896899d, org.springframework.security.web.savedrequest.RequestCacheAwareFilter@4c020e58, org.springframework.security.web.servletapi.SecurityContextHolderAwareRequestFilter@67887bf2, org.springframework.security.web.authentication.AnonymousAuthenticationFilter@6d4062fd, org.springframework.security.web.access.ExceptionTranslationFilter@3be88cbf, org.springframework.security.web.access.intercept.AuthorizationFilter@4b60ff1c]
2024-05-31 20:20:37,948 INFO o.a.j.l.DirectJDKLog [main] Starting ProtocolHandler ["http-nio-8080"]
2024-05-31 20:20:37,989 INFO o.s.b.w.e.t.TomcatWebServer [main] Tomcat started on port 8080 (http) with context path ''
2024-05-31 20:20:38,007 INFO o.s.b.StartupInfoLogger [main] Started BinarfudApplication in 18.761 seconds (process running for 19.202)
