2024-05-03 08:58:25,297 INFO o.s.o.j.AbstractEntityManagerFactoryBean [SpringApplicationShutdownHook] Closing JPA EntityManagerFactory for persistence unit 'default'
2024-05-03 08:58:25,299 INFO c.z.h.HikariDataSource [SpringApplicationShutdownHook] HikariPool-1 - Shutdown initiated...
2024-05-03 08:58:25,303 INFO c.z.h.HikariDataSource [SpringApplicationShutdownHook] HikariPool-1 - Shutdown completed.
2024-05-03 08:58:25,306 INFO o.s.o.j.AbstractEntityManagerFactoryBean [SpringApplicationShutdownHook] Closing JPA EntityManagerFactory for persistence unit 'default'
2024-05-03 08:58:25,307 INFO c.z.h.HikariDataSource [SpringApplicationShutdownHook] HikariPool-2 - Shutdown initiated...
2024-05-03 08:58:25,310 INFO c.z.h.HikariDataSource [SpringApplicationShutdownHook] HikariPool-2 - Shutdown completed.
2024-05-03 09:08:51,144 INFO o.s.b.StartupInfoLogger [main] Starting BinarfudApplication using Java 21.0.2 with PID 11616 (E:\Documents\Bootcamp\Synrgy batch 7 - Java Backend\synergy7\F-BJV24001115-synergy7-mic-binfood-ch4\target\classes started by M1ch3 in E:\Documents\Bootcamp\Synrgy batch 7 - Java Backend\synergy7\F-BJV24001115-synergy7-mic-binfood-ch4)
2024-05-03 09:08:51,147 INFO o.s.b.SpringApplication [main] No active profile set, falling back to 1 default profile: "default"
2024-05-03 09:08:51,613 INFO o.s.d.r.c.RepositoryConfigurationDelegate [main] Bootstrapping Spring Data JPA repositories in DEFAULT mode.
2024-05-03 09:08:51,681 INFO o.s.d.r.c.RepositoryConfigurationDelegate [main] Finished Spring Data repository scanning in 62 ms. Found 5 JPA repository interfaces.
2024-05-03 09:08:52,004 INFO c.z.h.HikariDataSource [main] HikariPool-1 - Starting...
2024-05-03 09:08:52,176 INFO c.z.h.p.HikariPool [main] HikariPool-1 - Added connection org.postgresql.jdbc.PgConnection@265bd546
2024-05-03 09:08:52,178 INFO c.z.h.HikariDataSource [main] HikariPool-1 - Start completed.
2024-05-03 09:08:52,229 INFO o.h.j.i.u.LogHelper [main] HHH000204: Processing PersistenceUnitInfo [name: default]
2024-05-03 09:08:52,267 INFO o.h.Version [main] HHH000412: Hibernate ORM core version 6.4.4.Final
2024-05-03 09:08:52,300 INFO o.h.c.i.RegionFactoryInitiator [main] HHH000026: Second-level cache disabled
2024-05-03 09:08:52,512 INFO o.s.o.j.p.SpringPersistenceUnitInfo [main] No LoadTimeWeaver setup: ignoring JPA class transformer
2024-05-03 09:08:52,554 WARN o.h.e.j.d.i.DialectFactoryImpl [main] HHH90000025: PostgreSQLDialect does not need to be specified explicitly using 'hibernate.dialect' (remove the property setting and it will be selected by default)
2024-05-03 09:08:53,303 INFO o.h.e.t.j.p.i.JtaPlatformInitiator [main] HHH000489: No JTA platform available (set 'hibernate.transaction.jta.platform' to enable JTA platform integration)
2024-05-03 09:08:53,305 INFO o.s.o.j.AbstractEntityManagerFactoryBean [main] Initialized JPA EntityManagerFactory for persistence unit 'default'
2024-05-03 09:08:53,789 INFO o.s.d.j.r.q.QueryEnhancerFactory [main] Hibernate is in classpath; If applicable, HQL parser will be used.
2024-05-03 09:08:54,015 INFO o.s.b.StartupInfoLogger [main] Started BinarfudApplication in 3.318 seconds (process running for 3.585)
2024-05-03 09:11:37,537 INFO o.s.o.j.AbstractEntityManagerFactoryBean [SpringApplicationShutdownHook] Closing JPA EntityManagerFactory for persistence unit 'default'
2024-05-03 09:11:37,538 INFO c.z.h.HikariDataSource [SpringApplicationShutdownHook] HikariPool-1 - Shutdown initiated...
2024-05-03 09:11:37,542 INFO c.z.h.HikariDataSource [SpringApplicationShutdownHook] HikariPool-1 - Shutdown completed.
2024-05-03 09:11:45,428 INFO o.s.b.StartupInfoLogger [main] Starting BinarfudApplication using Java 21.0.2 with PID 18096 (E:\Documents\Bootcamp\Synrgy batch 7 - Java Backend\synergy7\F-BJV24001115-synergy7-mic-binfood-ch4\target\classes started by M1ch3 in E:\Documents\Bootcamp\Synrgy batch 7 - Java Backend\synergy7\F-BJV24001115-synergy7-mic-binfood-ch4)
2024-05-03 09:11:45,430 INFO o.s.b.SpringApplication [main] No active profile set, falling back to 1 default profile: "default"
2024-05-03 09:11:45,866 INFO o.s.d.r.c.RepositoryConfigurationDelegate [main] Bootstrapping Spring Data JPA repositories in DEFAULT mode.
2024-05-03 09:11:45,918 INFO o.s.d.r.c.RepositoryConfigurationDelegate [main] Finished Spring Data repository scanning in 46 ms. Found 5 JPA repository interfaces.
2024-05-03 09:11:46,231 INFO c.z.h.HikariDataSource [main] HikariPool-1 - Starting...
2024-05-03 09:11:46,395 INFO c.z.h.p.HikariPool [main] HikariPool-1 - Added connection org.postgresql.jdbc.PgConnection@1c8f6a90
2024-05-03 09:11:46,397 INFO c.z.h.HikariDataSource [main] HikariPool-1 - Start completed.
2024-05-03 09:11:46,451 INFO o.h.j.i.u.LogHelper [main] HHH000204: Processing PersistenceUnitInfo [name: default]
2024-05-03 09:11:46,494 INFO o.h.Version [main] HHH000412: Hibernate ORM core version 6.4.4.Final
2024-05-03 09:11:46,531 INFO o.h.c.i.RegionFactoryInitiator [main] HHH000026: Second-level cache disabled
2024-05-03 09:11:46,773 INFO o.s.o.j.p.SpringPersistenceUnitInfo [main] No LoadTimeWeaver setup: ignoring JPA class transformer
2024-05-03 09:11:46,814 WARN o.h.e.j.d.i.DialectFactoryImpl [main] HHH90000025: PostgreSQLDialect does not need to be specified explicitly using 'hibernate.dialect' (remove the property setting and it will be selected by default)
2024-05-03 09:11:47,585 INFO o.h.e.t.j.p.i.JtaPlatformInitiator [main] HHH000489: No JTA platform available (set 'hibernate.transaction.jta.platform' to enable JTA platform integration)
2024-05-03 09:11:47,586 INFO o.s.o.j.AbstractEntityManagerFactoryBean [main] Initialized JPA EntityManagerFactory for persistence unit 'default'
2024-05-03 09:11:47,927 INFO o.s.d.j.r.q.QueryEnhancerFactory [main] Hibernate is in classpath; If applicable, HQL parser will be used.
2024-05-03 09:11:48,145 INFO o.s.b.StartupInfoLogger [main] Started BinarfudApplication in 3.172 seconds (process running for 3.452)
2024-05-03 09:12:02,046 WARN o.h.e.j.s.SqlExceptionHelper [main] SQL Error: 0, SQLState: 42601
2024-05-03 09:12:02,046 ERROR o.h.e.j.s.SqlExceptionHelper [main] ERROR: syntax error at or near ","
  Position: 63
2024-05-03 09:12:02,065 INFO o.s.o.j.AbstractEntityManagerFactoryBean [SpringApplicationShutdownHook] Closing JPA EntityManagerFactory for persistence unit 'default'
2024-05-03 09:12:02,075 INFO c.z.h.HikariDataSource [SpringApplicationShutdownHook] HikariPool-1 - Shutdown initiated...
2024-05-03 09:12:02,081 INFO c.z.h.HikariDataSource [SpringApplicationShutdownHook] HikariPool-1 - Shutdown completed.
