2024-05-28 12:45:40,639 INFO o.s.b.StartupInfoLogger [main] Starting BinarfudApplication using Java 21.0.2 with PID 22344 (E:\Documents\Bootcamp\Synrgy batch 7 - Java Backend\synergy7\F-BJV24001115-synergy7-mic-binfood-ch6\target\classes started by M1ch3 in E:\Documents\Bootcamp\Synrgy batch 7 - Java Backend\synergy7\F-BJV24001115-synergy7-mic-binfood-ch6)
2024-05-28 12:45:40,649 INFO o.s.b.SpringApplication [main] No active profile set, falling back to 1 default profile: "default"
2024-05-28 12:45:41,514 INFO o.s.d.r.c.RepositoryConfigurationDelegate [main] Bootstrapping Spring Data JPA repositories in DEFAULT mode.
2024-05-28 12:45:41,576 INFO o.s.d.r.c.RepositoryConfigurationDelegate [main] Finished Spring Data repository scanning in 57 ms. Found 6 JPA repository interfaces.
2024-05-28 12:45:42,434 INFO o.s.b.w.e.t.TomcatWebServer [main] Tomcat initialized with port 8080 (http)
2024-05-28 12:45:42,465 INFO o.a.j.l.DirectJDKLog [main] Initializing ProtocolHandler ["http-nio-8080"]
2024-05-28 12:45:42,472 INFO o.a.j.l.DirectJDKLog [main] Starting service [Tomcat]
2024-05-28 12:45:42,473 INFO o.a.j.l.DirectJDKLog [main] Starting Servlet engine: [Apache Tomcat/10.1.20]
2024-05-28 12:45:42,586 INFO o.a.j.l.DirectJDKLog [main] Initializing Spring embedded WebApplicationContext
2024-05-28 12:45:42,587 INFO o.s.b.w.s.c.ServletWebServerApplicationContext [main] Root WebApplicationContext: initialization completed in 1900 ms
2024-05-28 12:45:42,913 INFO o.h.j.i.u.LogHelper [main] HHH000204: Processing PersistenceUnitInfo [name: default]
2024-05-28 12:45:43,129 INFO o.h.Version [main] HHH000412: Hibernate ORM core version 6.4.4.Final
2024-05-28 12:45:43,218 INFO o.h.c.i.RegionFactoryInitiator [main] HHH000026: Second-level cache disabled
2024-05-28 12:45:43,507 INFO o.s.o.j.p.SpringPersistenceUnitInfo [main] No LoadTimeWeaver setup: ignoring JPA class transformer
2024-05-28 12:45:43,537 INFO c.z.h.HikariDataSource [main] HikariPool-1 - Starting...
2024-05-28 12:45:43,777 INFO c.z.h.p.HikariPool [main] HikariPool-1 - Added connection org.postgresql.jdbc.PgConnection@3578a45b
2024-05-28 12:45:43,779 INFO c.z.h.HikariDataSource [main] HikariPool-1 - Start completed.
2024-05-28 12:45:43,808 WARN o.h.e.j.d.i.DialectFactoryImpl [main] HHH90000025: PostgreSQLDialect does not need to be specified explicitly using 'hibernate.dialect' (remove the property setting and it will be selected by default)
2024-05-28 12:45:44,644 INFO o.h.e.t.j.p.i.JtaPlatformInitiator [main] HHH000489: No JTA platform available (set 'hibernate.transaction.jta.platform' to enable JTA platform integration)
2024-05-28 12:45:44,748 INFO o.s.o.j.AbstractEntityManagerFactoryBean [main] Initialized JPA EntityManagerFactory for persistence unit 'default'
2024-05-28 12:45:45,709 INFO o.s.d.j.r.q.QueryEnhancerFactory [main] Hibernate is in classpath; If applicable, HQL parser will be used.
2024-05-28 12:45:45,916 WARN o.s.b.a.o.j.JpaBaseConfiguration$JpaWebConfiguration [main] spring.jpa.open-in-view is enabled by default. Therefore, database queries may be performed during view rendering. Explicitly configure spring.jpa.open-in-view to disable this warning
2024-05-28 12:45:46,649 INFO o.s.s.w.DefaultSecurityFilterChain [main] Will secure any request with [org.springframework.security.web.session.DisableEncodeUrlFilter@47541b42, org.springframework.security.web.context.request.async.WebAsyncManagerIntegrationFilter@17fbbf0a, org.springframework.security.web.context.SecurityContextHolderFilter@6def1699, org.springframework.security.web.header.HeaderWriterFilter@1d9295e2, org.springframework.web.filter.CorsFilter@41dbf02b, org.springframework.security.web.authentication.logout.LogoutFilter@7413c41, org.springframework.security.oauth2.client.web.OAuth2AuthorizationRequestRedirectFilter@22dddb13, org.springframework.security.oauth2.client.web.OAuth2LoginAuthenticationFilter@72a45b71, com.example.binarfud.security.jwt.JwtAuthTokenFilter@32f2de5c, org.springframework.security.web.authentication.UsernamePasswordAuthenticationFilter@3be88cbf, org.springframework.security.web.authentication.ui.DefaultLoginPageGeneratingFilter@4922dc84, org.springframework.security.web.authentication.ui.DefaultLogoutPageGeneratingFilter@6a28d987, org.springframework.security.web.savedrequest.RequestCacheAwareFilter@2b0483f2, org.springframework.security.web.servletapi.SecurityContextHolderAwareRequestFilter@b8e6981, org.springframework.security.web.authentication.AnonymousAuthenticationFilter@d41518b, org.springframework.security.web.access.ExceptionTranslationFilter@1ffe7c42, org.springframework.security.web.access.intercept.AuthorizationFilter@2c3df478]
2024-05-28 12:45:47,252 INFO o.a.j.l.DirectJDKLog [main] Starting ProtocolHandler ["http-nio-8080"]
2024-05-28 12:45:47,284 INFO o.s.b.w.e.t.TomcatWebServer [main] Tomcat started on port 8080 (http) with context path ''
2024-05-28 12:45:47,295 INFO o.s.b.StartupInfoLogger [main] Started BinarfudApplication in 7.171 seconds (process running for 7.558)
2024-05-28 12:45:49,007 INFO o.a.j.l.DirectJDKLog [http-nio-8080-exec-1] Initializing Spring DispatcherServlet 'dispatcherServlet'
2024-05-28 12:45:49,008 INFO o.s.w.s.FrameworkServlet [http-nio-8080-exec-1] Initializing Servlet 'dispatcherServlet'
2024-05-28 12:45:49,010 INFO o.s.w.s.FrameworkServlet [http-nio-8080-exec-1] Completed initialization in 1 ms
