2024-05-31 22:28:34,254 WARN o.s.w.s.h.AbstractHandlerExceptionResolver [http-nio-8080-exec-10] Resolved [org.springframework.web.method.annotation.MethodArgumentTypeMismatchException: Failed to convert value of type 'java.lang.String' to required type 'java.util.UUID'; Invalid UUID string: register]
2024-05-31 22:33:26,852 INFO o.s.o.j.AbstractEntityManagerFactoryBean [SpringApplicationShutdownHook] Closing JPA EntityManagerFactory for persistence unit 'default'
2024-05-31 22:33:26,855 INFO c.z.h.HikariDataSource [SpringApplicationShutdownHook] HikariPool-1 - Shutdown initiated...
2024-05-31 22:33:26,938 INFO c.z.h.HikariDataSource [SpringApplicationShutdownHook] HikariPool-1 - Shutdown completed.
2024-05-31 22:33:32,243 INFO o.s.b.StartupInfoLogger [main] Starting BinarfudApplication using Java 21.0.2 with PID 1700 (E:\Documents\Bootcamp\Synrgy batch 7 - Java Backend\synergy7\F-BJV24001115-synergy7-mic-binfood-ch6\target\classes started by M1ch3 in E:\Documents\Bootcamp\Synrgy batch 7 - Java Backend\synergy7\F-BJV24001115-synergy7-mic-binfood-ch6)
2024-05-31 22:33:32,258 INFO o.s.b.SpringApplication [main] No active profile set, falling back to 1 default profile: "default"
2024-05-31 22:33:33,758 INFO o.s.d.r.c.RepositoryConfigurationDelegate [main] Bootstrapping Spring Data JPA repositories in DEFAULT mode.
2024-05-31 22:33:33,864 INFO o.s.d.r.c.RepositoryConfigurationDelegate [main] Finished Spring Data repository scanning in 98 ms. Found 6 JPA repository interfaces.
2024-05-31 22:33:35,179 INFO o.s.b.w.e.t.TomcatWebServer [main] Tomcat initialized with port 8080 (http)
2024-05-31 22:33:35,223 INFO o.a.j.l.DirectJDKLog [main] Initializing ProtocolHandler ["http-nio-8080"]
2024-05-31 22:33:35,231 INFO o.a.j.l.DirectJDKLog [main] Starting service [Tomcat]
2024-05-31 22:33:35,232 INFO o.a.j.l.DirectJDKLog [main] Starting Servlet engine: [Apache Tomcat/10.1.20]
2024-05-31 22:33:35,499 INFO o.a.j.l.DirectJDKLog [main] Initializing Spring embedded WebApplicationContext
2024-05-31 22:33:35,503 INFO o.s.b.w.s.c.ServletWebServerApplicationContext [main] Root WebApplicationContext: initialization completed in 3159 ms
2024-05-31 22:33:36,110 INFO o.h.j.i.u.LogHelper [main] HHH000204: Processing PersistenceUnitInfo [name: default]
2024-05-31 22:33:36,313 INFO o.h.Version [main] HHH000412: Hibernate ORM core version 6.4.4.Final
2024-05-31 22:33:36,376 INFO o.h.c.i.RegionFactoryInitiator [main] HHH000026: Second-level cache disabled
2024-05-31 22:33:36,806 INFO o.s.o.j.p.SpringPersistenceUnitInfo [main] No LoadTimeWeaver setup: ignoring JPA class transformer
2024-05-31 22:33:36,848 INFO c.z.h.HikariDataSource [main] HikariPool-1 - Starting...
2024-05-31 22:33:40,103 INFO c.z.h.p.HikariPool [main] HikariPool-1 - Added connection org.postgresql.jdbc.PgConnection@1255de25
2024-05-31 22:33:40,104 INFO c.z.h.HikariDataSource [main] HikariPool-1 - Start completed.
2024-05-31 22:33:40,342 WARN o.h.e.j.d.i.DialectFactoryImpl [main] HHH90000025: PostgreSQLDialect does not need to be specified explicitly using 'hibernate.dialect' (remove the property setting and it will be selected by default)
2024-05-31 22:33:41,929 INFO o.h.e.t.j.p.i.JtaPlatformInitiator [main] HHH000489: No JTA platform available (set 'hibernate.transaction.jta.platform' to enable JTA platform integration)
2024-05-31 22:33:47,376 INFO o.s.o.j.AbstractEntityManagerFactoryBean [main] Initialized JPA EntityManagerFactory for persistence unit 'default'
2024-05-31 22:33:48,075 INFO o.s.d.j.r.q.QueryEnhancerFactory [main] Hibernate is in classpath; If applicable, HQL parser will be used.
2024-05-31 22:33:48,482 WARN o.s.b.a.o.j.JpaBaseConfiguration$JpaWebConfiguration [main] spring.jpa.open-in-view is enabled by default. Therefore, database queries may be performed during view rendering. Explicitly configure spring.jpa.open-in-view to disable this warning
2024-05-31 22:33:49,468 INFO o.s.s.w.DefaultSecurityFilterChain [main] Will secure any request with [org.springframework.security.web.session.DisableEncodeUrlFilter@a9f7cf8, org.springframework.security.web.context.request.async.WebAsyncManagerIntegrationFilter@5339cdc6, org.springframework.security.web.context.SecurityContextHolderFilter@3d5009c0, org.springframework.security.web.header.HeaderWriterFilter@6f65b61d, org.springframework.web.filter.CorsFilter@5b9ed77b, org.springframework.security.web.authentication.logout.LogoutFilter@750448fb, org.springframework.security.oauth2.client.web.OAuth2AuthorizationRequestRedirectFilter@42102827, org.springframework.security.oauth2.client.web.OAuth2LoginAuthenticationFilter@4b024fb2, com.example.binarfud.security.jwt.JwtAuthTokenFilter@467e7793, org.springframework.security.web.authentication.UsernamePasswordAuthenticationFilter@64657b13, org.springframework.security.web.authentication.ui.DefaultLoginPageGeneratingFilter@6f2e0945, org.springframework.security.web.authentication.ui.DefaultLogoutPageGeneratingFilter@a8177f6, org.springframework.security.web.savedrequest.RequestCacheAwareFilter@45ed58b, org.springframework.security.web.servletapi.SecurityContextHolderAwareRequestFilter@465e9090, org.springframework.security.web.authentication.AnonymousAuthenticationFilter@7b88a2e2, org.springframework.security.web.access.ExceptionTranslationFilter@67887bf2, org.springframework.security.web.access.intercept.AuthorizationFilter@2b14628b]
2024-05-31 22:33:50,221 INFO o.a.j.l.DirectJDKLog [main] Starting ProtocolHandler ["http-nio-8080"]
2024-05-31 22:33:50,242 INFO o.s.b.w.e.t.TomcatWebServer [main] Tomcat started on port 8080 (http) with context path ''
2024-05-31 22:33:50,252 INFO o.s.b.StartupInfoLogger [main] Started BinarfudApplication in 18.854 seconds (process running for 19.305)
2024-05-31 22:33:57,884 INFO o.a.j.l.DirectJDKLog [http-nio-8080-exec-2] Initializing Spring DispatcherServlet 'dispatcherServlet'
2024-05-31 22:33:57,885 INFO o.s.w.s.FrameworkServlet [http-nio-8080-exec-2] Initializing Servlet 'dispatcherServlet'
2024-05-31 22:33:57,888 INFO o.s.w.s.FrameworkServlet [http-nio-8080-exec-2] Completed initialization in 3 ms
2024-05-31 22:34:00,566 WARN o.s.w.s.h.AbstractHandlerExceptionResolver [http-nio-8080-exec-1] Resolved [org.springframework.web.method.annotation.MethodArgumentTypeMismatchException: Failed to convert value of type 'java.lang.String' to required type 'java.util.UUID'; Invalid UUID string: register]
