2024-05-31 14:41:16,488 INFO o.s.o.j.AbstractEntityManagerFactoryBean [SpringApplicationShutdownHook] Closing JPA EntityManagerFactory for persistence unit 'default'
2024-05-31 14:41:16,491 INFO c.z.h.HikariDataSource [SpringApplicationShutdownHook] HikariPool-1 - Shutdown initiated...
2024-05-31 14:41:16,499 INFO c.z.h.HikariDataSource [SpringApplicationShutdownHook] HikariPool-1 - Shutdown completed.
2024-05-31 14:41:18,300 INFO o.s.b.StartupInfoLogger [main] Starting BinarfudApplication using Java 21.0.2 with PID 19128 (E:\Documents\Bootcamp\Synrgy batch 7 - Java Backend\synergy7\F-BJV24001115-synergy7-mic-binfood-ch6\target\classes started by M1ch3 in E:\Documents\Bootcamp\Synrgy batch 7 - Java Backend\synergy7\F-BJV24001115-synergy7-mic-binfood-ch6)
2024-05-31 14:41:18,303 INFO o.s.b.SpringApplication [main] No active profile set, falling back to 1 default profile: "default"
2024-05-31 14:41:19,202 INFO o.s.d.r.c.RepositoryConfigurationDelegate [main] Bootstrapping Spring Data JPA repositories in DEFAULT mode.
2024-05-31 14:41:19,270 INFO o.s.d.r.c.RepositoryConfigurationDelegate [main] Finished Spring Data repository scanning in 63 ms. Found 6 JPA repository interfaces.
2024-05-31 14:41:20,126 INFO o.s.b.w.e.t.TomcatWebServer [main] Tomcat initialized with port 8080 (http)
2024-05-31 14:41:20,153 INFO o.a.j.l.DirectJDKLog [main] Initializing ProtocolHandler ["http-nio-8080"]
2024-05-31 14:41:20,158 INFO o.a.j.l.DirectJDKLog [main] Starting service [Tomcat]
2024-05-31 14:41:20,159 INFO o.a.j.l.DirectJDKLog [main] Starting Servlet engine: [Apache Tomcat/10.1.20]
2024-05-31 14:41:20,285 INFO o.a.j.l.DirectJDKLog [main] Initializing Spring embedded WebApplicationContext
2024-05-31 14:41:20,287 INFO o.s.b.w.s.c.ServletWebServerApplicationContext [main] Root WebApplicationContext: initialization completed in 1947 ms
2024-05-31 14:41:20,559 INFO o.h.j.i.u.LogHelper [main] HHH000204: Processing PersistenceUnitInfo [name: default]
2024-05-31 14:41:20,709 INFO o.h.Version [main] HHH000412: Hibernate ORM core version 6.4.4.Final
2024-05-31 14:41:20,740 INFO o.h.c.i.RegionFactoryInitiator [main] HHH000026: Second-level cache disabled
2024-05-31 14:41:20,952 INFO o.s.o.j.p.SpringPersistenceUnitInfo [main] No LoadTimeWeaver setup: ignoring JPA class transformer
2024-05-31 14:41:20,983 INFO c.z.h.HikariDataSource [main] HikariPool-1 - Starting...
2024-05-31 14:41:21,157 INFO c.z.h.p.HikariPool [main] HikariPool-1 - Added connection org.postgresql.jdbc.PgConnection@646e6d07
2024-05-31 14:41:21,160 INFO c.z.h.HikariDataSource [main] HikariPool-1 - Start completed.
2024-05-31 14:41:21,182 WARN o.h.e.j.d.i.DialectFactoryImpl [main] HHH90000025: PostgreSQLDialect does not need to be specified explicitly using 'hibernate.dialect' (remove the property setting and it will be selected by default)
2024-05-31 14:41:22,050 INFO o.h.e.t.j.p.i.JtaPlatformInitiator [main] HHH000489: No JTA platform available (set 'hibernate.transaction.jta.platform' to enable JTA platform integration)
2024-05-31 14:41:22,145 INFO o.s.o.j.AbstractEntityManagerFactoryBean [main] Initialized JPA EntityManagerFactory for persistence unit 'default'
2024-05-31 14:41:22,666 INFO o.s.d.j.r.q.QueryEnhancerFactory [main] Hibernate is in classpath; If applicable, HQL parser will be used.
2024-05-31 14:41:22,874 WARN o.s.b.a.o.j.JpaBaseConfiguration$JpaWebConfiguration [main] spring.jpa.open-in-view is enabled by default. Therefore, database queries may be performed during view rendering. Explicitly configure spring.jpa.open-in-view to disable this warning
2024-05-31 14:41:23,379 INFO o.s.s.w.DefaultSecurityFilterChain [main] Will secure any request with [org.springframework.security.web.session.DisableEncodeUrlFilter@6919a8a, org.springframework.security.web.context.request.async.WebAsyncManagerIntegrationFilter@23c0fcf0, org.springframework.security.web.context.SecurityContextHolderFilter@6441da2c, org.springframework.security.web.header.HeaderWriterFilter@7c046af, org.springframework.web.filter.CorsFilter@60a4595e, org.springframework.security.web.authentication.logout.LogoutFilter@50165a6d, org.springframework.security.oauth2.client.web.OAuth2AuthorizationRequestRedirectFilter@3bdf6d63, org.springframework.security.oauth2.client.web.OAuth2LoginAuthenticationFilter@2fe152aa, com.example.binarfud.security.jwt.JwtAuthTokenFilter@5006a697, org.springframework.security.web.authentication.UsernamePasswordAuthenticationFilter@1c8da7e8, org.springframework.security.web.authentication.ui.DefaultLoginPageGeneratingFilter@63ead376, org.springframework.security.web.authentication.ui.DefaultLogoutPageGeneratingFilter@4a234e1f, org.springframework.security.web.savedrequest.RequestCacheAwareFilter@7c7d83ff, org.springframework.security.web.servletapi.SecurityContextHolderAwareRequestFilter@4b0df349, org.springframework.security.web.authentication.AnonymousAuthenticationFilter@406cc81b, org.springframework.security.web.access.ExceptionTranslationFilter@5350a926, org.springframework.security.web.access.intercept.AuthorizationFilter@7df994ec]
2024-05-31 14:41:23,740 INFO o.a.j.l.DirectJDKLog [main] Starting ProtocolHandler ["http-nio-8080"]
2024-05-31 14:41:23,756 INFO o.s.b.w.e.t.TomcatWebServer [main] Tomcat started on port 8080 (http) with context path ''
2024-05-31 14:41:23,764 INFO o.s.b.StartupInfoLogger [main] Started BinarfudApplication in 5.967 seconds (process running for 6.356)
2024-05-31 14:41:30,875 INFO o.a.j.l.DirectJDKLog [http-nio-8080-exec-1] Initializing Spring DispatcherServlet 'dispatcherServlet'
2024-05-31 14:41:30,875 INFO o.s.w.s.FrameworkServlet [http-nio-8080-exec-1] Initializing Servlet 'dispatcherServlet'
2024-05-31 14:41:30,876 INFO o.s.w.s.FrameworkServlet [http-nio-8080-exec-1] Completed initialization in 1 ms
2024-05-31 14:41:54,358 INFO o.s.a.AbstractOpenApiResource [http-nio-8080-exec-1] Init duration for springdoc-openapi is: 551 ms
2024-05-31 14:42:14,897 INFO c.e.b.s.MailServiceImpl [http-nio-8080-exec-2] OTP Sent
