2024-05-28 10:24:22,519 INFO o.s.o.j.AbstractEntityManagerFactoryBean [SpringApplicationShutdownHook] Closing JPA EntityManagerFactory for persistence unit 'default'
2024-05-28 10:24:22,525 INFO c.z.h.HikariDataSource [SpringApplicationShutdownHook] HikariPool-1 - Shutdown initiated...
2024-05-28 10:24:22,545 INFO c.z.h.HikariDataSource [SpringApplicationShutdownHook] HikariPool-1 - Shutdown completed.
2024-05-28 10:24:24,994 INFO o.s.b.StartupInfoLogger [main] Starting BinarfudApplication using Java 21.0.2 with PID 5436 (E:\Documents\Bootcamp\Synrgy batch 7 - Java Backend\synergy7\F-BJV24001115-synergy7-mic-binfood-ch6\target\classes started by M1ch3 in E:\Documents\Bootcamp\Synrgy batch 7 - Java Backend\synergy7\F-BJV24001115-synergy7-mic-binfood-ch6)
2024-05-28 10:24:25,003 INFO o.s.b.SpringApplication [main] No active profile set, falling back to 1 default profile: "default"
2024-05-28 10:24:25,743 INFO o.s.d.r.c.RepositoryConfigurationDelegate [main] Bootstrapping Spring Data JPA repositories in DEFAULT mode.
2024-05-28 10:24:25,799 INFO o.s.d.r.c.RepositoryConfigurationDelegate [main] Finished Spring Data repository scanning in 51 ms. Found 6 JPA repository interfaces.
2024-05-28 10:24:26,529 INFO o.s.b.w.e.t.TomcatWebServer [main] Tomcat initialized with port 8080 (http)
2024-05-28 10:24:26,553 INFO o.a.j.l.DirectJDKLog [main] Initializing ProtocolHandler ["http-nio-8080"]
2024-05-28 10:24:26,558 INFO o.a.j.l.DirectJDKLog [main] Starting service [Tomcat]
2024-05-28 10:24:26,559 INFO o.a.j.l.DirectJDKLog [main] Starting Servlet engine: [Apache Tomcat/10.1.20]
2024-05-28 10:24:26,720 INFO o.a.j.l.DirectJDKLog [main] Initializing Spring embedded WebApplicationContext
2024-05-28 10:24:26,721 INFO o.s.b.w.s.c.ServletWebServerApplicationContext [main] Root WebApplicationContext: initialization completed in 1683 ms
2024-05-28 10:24:26,919 INFO c.z.h.HikariDataSource [main] HikariPool-1 - Starting...
2024-05-28 10:24:27,225 INFO c.z.h.p.HikariPool [main] HikariPool-1 - Added connection org.postgresql.jdbc.PgConnection@4d4c1ba9
2024-05-28 10:24:27,227 INFO c.z.h.HikariDataSource [main] HikariPool-1 - Start completed.
2024-05-28 10:24:27,298 INFO o.h.j.i.u.LogHelper [main] HHH000204: Processing PersistenceUnitInfo [name: default]
2024-05-28 10:24:27,339 INFO o.h.Version [main] HHH000412: Hibernate ORM core version 6.4.4.Final
2024-05-28 10:24:27,390 INFO o.h.c.i.RegionFactoryInitiator [main] HHH000026: Second-level cache disabled
2024-05-28 10:24:27,673 INFO o.s.o.j.p.SpringPersistenceUnitInfo [main] No LoadTimeWeaver setup: ignoring JPA class transformer
2024-05-28 10:24:27,720 WARN o.h.e.j.d.i.DialectFactoryImpl [main] HHH90000025: PostgreSQLDialect does not need to be specified explicitly using 'hibernate.dialect' (remove the property setting and it will be selected by default)
2024-05-28 10:24:28,357 INFO o.h.e.t.j.p.i.JtaPlatformInitiator [main] HHH000489: No JTA platform available (set 'hibernate.transaction.jta.platform' to enable JTA platform integration)
2024-05-28 10:24:28,359 INFO o.s.o.j.AbstractEntityManagerFactoryBean [main] Initialized JPA EntityManagerFactory for persistence unit 'default'
2024-05-28 10:24:28,717 INFO o.s.d.j.r.q.QueryEnhancerFactory [main] Hibernate is in classpath; If applicable, HQL parser will be used.
2024-05-28 10:24:28,849 WARN o.s.b.a.o.j.JpaBaseConfiguration$JpaWebConfiguration [main] spring.jpa.open-in-view is enabled by default. Therefore, database queries may be performed during view rendering. Explicitly configure spring.jpa.open-in-view to disable this warning
2024-05-28 10:24:29,335 INFO o.s.s.w.DefaultSecurityFilterChain [main] Will secure any request with [org.springframework.security.web.session.DisableEncodeUrlFilter@6fc84468, org.springframework.security.web.context.request.async.WebAsyncManagerIntegrationFilter@2f6ede9, org.springframework.security.web.context.SecurityContextHolderFilter@281a54b, org.springframework.security.web.header.HeaderWriterFilter@64c79b69, org.springframework.web.filter.CorsFilter@4583a186, org.springframework.security.web.authentication.logout.LogoutFilter@5e2525fe, org.springframework.security.oauth2.client.web.OAuth2AuthorizationRequestRedirectFilter@1c294a17, org.springframework.security.oauth2.client.web.OAuth2LoginAuthenticationFilter@112f8f8f, com.example.binarfud.security.jwt.JwtAuthTokenFilter@7bbd944e, org.springframework.security.web.authentication.UsernamePasswordAuthenticationFilter@5834fd3f, org.springframework.security.web.authentication.ui.DefaultLoginPageGeneratingFilter@2643c33f, org.springframework.security.web.authentication.ui.DefaultLogoutPageGeneratingFilter@55854382, org.springframework.security.web.savedrequest.RequestCacheAwareFilter@763a72da, org.springframework.security.web.servletapi.SecurityContextHolderAwareRequestFilter@50e32998, org.springframework.security.web.authentication.AnonymousAuthenticationFilter@7843b65e, org.springframework.security.web.access.ExceptionTranslationFilter@331da721, org.springframework.security.web.access.intercept.AuthorizationFilter@58df431e]
2024-05-28 10:24:29,778 INFO o.a.j.l.DirectJDKLog [main] Starting ProtocolHandler ["http-nio-8080"]
2024-05-28 10:24:29,798 INFO o.s.b.w.e.t.TomcatWebServer [main] Tomcat started on port 8080 (http) with context path ''
2024-05-28 10:24:29,804 INFO o.s.b.StartupInfoLogger [main] Started BinarfudApplication in 5.262 seconds (process running for 5.596)
