2024-05-31 20:35:10,796 INFO o.a.j.l.DirectJDKLog [http-nio-8080-exec-2] Initializing Spring DispatcherServlet 'dispatcherServlet'
2024-05-31 20:35:10,801 INFO o.s.w.s.FrameworkServlet [http-nio-8080-exec-2] Initializing Servlet 'dispatcherServlet'
2024-05-31 20:35:10,803 INFO o.s.w.s.FrameworkServlet [http-nio-8080-exec-2] Completed initialization in 2 ms
2024-05-31 20:35:10,893 WARN o.s.w.s.h.AbstractHandlerExceptionResolver [http-nio-8080-exec-2] Resolved [org.springframework.web.method.annotation.MethodArgumentTypeMismatchException: Failed to convert value of type 'java.lang.String' to required type 'java.util.UUID'; Invalid UUID string: register]
2024-05-31 20:35:24,105 INFO o.s.a.AbstractOpenApiResource [http-nio-8080-exec-9] Init duration for springdoc-openapi is: 4352 ms
2024-05-31 20:52:39,146 INFO o.s.o.j.AbstractEntityManagerFactoryBean [SpringApplicationShutdownHook] Closing JPA EntityManagerFactory for persistence unit 'default'
2024-05-31 20:52:39,151 INFO c.z.h.HikariDataSource [SpringApplicationShutdownHook] HikariPool-1 - Shutdown initiated...
2024-05-31 20:52:39,229 INFO c.z.h.HikariDataSource [SpringApplicationShutdownHook] HikariPool-1 - Shutdown completed.
2024-05-31 20:54:36,841 INFO o.s.b.StartupInfoLogger [main] Starting JasperServiceTest using Java 17.0.8 with PID 23016 (started by M1ch3 in E:\Documents\Bootcamp\Synrgy batch 7 - Java Backend\synergy7\F-BJV24001115-synergy7-mic-binfood-ch6)
2024-05-31 20:54:36,843 INFO o.s.b.SpringApplication [main] No active profile set, falling back to 1 default profile: "default"
2024-05-31 20:54:38,352 INFO o.s.d.r.c.RepositoryConfigurationDelegate [main] Bootstrapping Spring Data JPA repositories in DEFAULT mode.
2024-05-31 20:54:38,489 INFO o.s.d.r.c.RepositoryConfigurationDelegate [main] Finished Spring Data repository scanning in 128 ms. Found 6 JPA repository interfaces.
2024-05-31 20:54:40,169 INFO o.s.b.w.e.t.TomcatWebServer [main] Tomcat initialized with port 0 (http)
2024-05-31 20:54:40,210 INFO o.a.j.l.DirectJDKLog [main] Initializing ProtocolHandler ["http-nio-auto-1"]
2024-05-31 20:54:40,217 INFO o.a.j.l.DirectJDKLog [main] Starting service [Tomcat]
2024-05-31 20:54:40,219 INFO o.a.j.l.DirectJDKLog [main] Starting Servlet engine: [Apache Tomcat/10.1.20]
2024-05-31 20:54:40,492 INFO o.a.j.l.DirectJDKLog [main] Initializing Spring embedded WebApplicationContext
2024-05-31 20:54:40,495 INFO o.s.b.w.s.c.ServletWebServerApplicationContext [main] Root WebApplicationContext: initialization completed in 3629 ms
2024-05-31 20:54:41,069 INFO o.h.j.i.u.LogHelper [main] HHH000204: Processing PersistenceUnitInfo [name: default]
2024-05-31 20:54:41,316 INFO o.h.Version [main] HHH000412: Hibernate ORM core version 6.4.4.Final
2024-05-31 20:54:41,371 INFO o.h.c.i.RegionFactoryInitiator [main] HHH000026: Second-level cache disabled
2024-05-31 20:54:42,126 INFO o.s.o.j.p.SpringPersistenceUnitInfo [main] No LoadTimeWeaver setup: ignoring JPA class transformer
2024-05-31 20:54:42,172 INFO c.z.h.HikariDataSource [main] HikariPool-1 - Starting...
2024-05-31 20:54:44,437 INFO c.z.h.p.HikariPool [main] HikariPool-1 - Added connection org.postgresql.jdbc.PgConnection@3cc74fc4
2024-05-31 20:54:44,440 INFO c.z.h.HikariDataSource [main] HikariPool-1 - Start completed.
2024-05-31 20:54:44,642 WARN o.h.e.j.d.i.DialectFactoryImpl [main] HHH90000025: PostgreSQLDialect does not need to be specified explicitly using 'hibernate.dialect' (remove the property setting and it will be selected by default)
2024-05-31 20:54:46,389 INFO o.h.e.t.j.p.i.JtaPlatformInitiator [main] HHH000489: No JTA platform available (set 'hibernate.transaction.jta.platform' to enable JTA platform integration)
2024-05-31 20:54:51,699 INFO o.s.o.j.AbstractEntityManagerFactoryBean [main] Initialized JPA EntityManagerFactory for persistence unit 'default'
2024-05-31 20:54:53,452 INFO o.s.d.j.r.q.QueryEnhancerFactory [main] Hibernate is in classpath; If applicable, HQL parser will be used.
2024-05-31 20:54:54,219 WARN o.s.b.a.o.j.JpaBaseConfiguration$JpaWebConfiguration [main] spring.jpa.open-in-view is enabled by default. Therefore, database queries may be performed during view rendering. Explicitly configure spring.jpa.open-in-view to disable this warning
2024-05-31 20:54:55,551 INFO o.s.s.w.DefaultSecurityFilterChain [main] Will secure any request with [org.springframework.security.web.session.DisableEncodeUrlFilter@388a6656, org.springframework.security.web.context.request.async.WebAsyncManagerIntegrationFilter@32b19d03, org.springframework.security.web.context.SecurityContextHolderFilter@2c64e2d0, org.springframework.security.web.header.HeaderWriterFilter@5697f801, org.springframework.web.filter.CorsFilter@3f8090db, org.springframework.security.web.authentication.logout.LogoutFilter@12db2921, org.springframework.security.oauth2.client.web.OAuth2AuthorizationRequestRedirectFilter@428169d, org.springframework.security.oauth2.client.web.OAuth2LoginAuthenticationFilter@46199519, com.example.binarfud.security.jwt.JwtAuthTokenFilter@9abbe39, org.springframework.security.web.authentication.UsernamePasswordAuthenticationFilter@3d8c3d0a, org.springframework.security.web.authentication.ui.DefaultLoginPageGeneratingFilter@40a32c25, org.springframework.security.web.authentication.ui.DefaultLogoutPageGeneratingFilter@6f1b0ead, org.springframework.security.web.savedrequest.RequestCacheAwareFilter@11f6a083, org.springframework.security.web.servletapi.SecurityContextHolderAwareRequestFilter@3bc00359, org.springframework.security.web.authentication.AnonymousAuthenticationFilter@4487dce, org.springframework.security.web.access.ExceptionTranslationFilter@5f6e6902, org.springframework.security.web.access.intercept.AuthorizationFilter@28068327]
2024-05-31 20:54:56,138 INFO o.a.j.l.DirectJDKLog [main] Initializing Spring TestDispatcherServlet ''
2024-05-31 20:54:56,139 INFO o.s.w.s.FrameworkServlet [main] Initializing Servlet ''
2024-05-31 20:54:56,140 INFO o.s.w.s.FrameworkServlet [main] Completed initialization in 1 ms
2024-05-31 20:54:56,179 INFO o.a.j.l.DirectJDKLog [main] Starting ProtocolHandler ["http-nio-auto-1"]
2024-05-31 20:54:56,217 INFO o.s.b.w.e.t.TomcatWebServer [main] Tomcat started on port 53942 (http) with context path ''
2024-05-31 20:54:56,228 INFO o.s.b.StartupInfoLogger [main] Started JasperServiceTest in 19.896 seconds (process running for 21.457)
2024-05-31 20:54:57,012 INFO o.s.o.j.AbstractEntityManagerFactoryBean [SpringApplicationShutdownHook] Closing JPA EntityManagerFactory for persistence unit 'default'
2024-05-31 20:54:57,017 INFO c.z.h.HikariDataSource [SpringApplicationShutdownHook] HikariPool-1 - Shutdown initiated...
2024-05-31 20:54:58,161 INFO c.z.h.HikariDataSource [SpringApplicationShutdownHook] HikariPool-1 - Shutdown completed.
