2024-05-31 23:23:06,229 INFO o.s.o.j.AbstractEntityManagerFactoryBean [SpringApplicationShutdownHook] Closing JPA EntityManagerFactory for persistence unit 'default'
2024-05-31 23:23:06,231 INFO c.z.h.HikariDataSource [SpringApplicationShutdownHook] HikariPool-1 - Shutdown initiated...
2024-05-31 23:23:06,303 INFO c.z.h.HikariDataSource [SpringApplicationShutdownHook] HikariPool-1 - Shutdown completed.
2024-05-31 23:23:09,627 INFO o.s.b.StartupInfoLogger [main] Starting BinarfudApplication using Java 21.0.2 with PID 11960 (E:\Documents\Bootcamp\Synrgy batch 7 - Java Backend\synergy7\F-BJV24001115-synergy7-mic-binfood-ch6\target\classes started by M1ch3 in E:\Documents\Bootcamp\Synrgy batch 7 - Java Backend\synergy7\F-BJV24001115-synergy7-mic-binfood-ch6)
2024-05-31 23:23:09,632 INFO o.s.b.SpringApplication [main] No active profile set, falling back to 1 default profile: "default"
2024-05-31 23:23:10,734 INFO o.s.d.r.c.RepositoryConfigurationDelegate [main] Bootstrapping Spring Data JPA repositories in DEFAULT mode.
2024-05-31 23:23:10,819 INFO o.s.d.r.c.RepositoryConfigurationDelegate [main] Finished Spring Data repository scanning in 77 ms. Found 6 JPA repository interfaces.
2024-05-31 23:23:11,914 INFO o.s.b.w.e.t.TomcatWebServer [main] Tomcat initialized with port 8080 (http)
2024-05-31 23:23:11,942 INFO o.a.j.l.DirectJDKLog [main] Initializing ProtocolHandler ["http-nio-8080"]
2024-05-31 23:23:11,951 INFO o.a.j.l.DirectJDKLog [main] Starting service [Tomcat]
2024-05-31 23:23:11,951 INFO o.a.j.l.DirectJDKLog [main] Starting Servlet engine: [Apache Tomcat/10.1.20]
2024-05-31 23:23:12,079 INFO o.a.j.l.DirectJDKLog [main] Initializing Spring embedded WebApplicationContext
2024-05-31 23:23:12,081 INFO o.s.b.w.s.c.ServletWebServerApplicationContext [main] Root WebApplicationContext: initialization completed in 2404 ms
2024-05-31 23:23:12,499 INFO o.h.j.i.u.LogHelper [main] HHH000204: Processing PersistenceUnitInfo [name: default]
2024-05-31 23:23:12,693 INFO o.h.Version [main] HHH000412: Hibernate ORM core version 6.4.4.Final
2024-05-31 23:23:12,733 INFO o.h.c.i.RegionFactoryInitiator [main] HHH000026: Second-level cache disabled
2024-05-31 23:23:13,030 INFO o.s.o.j.p.SpringPersistenceUnitInfo [main] No LoadTimeWeaver setup: ignoring JPA class transformer
2024-05-31 23:23:13,063 INFO c.z.h.HikariDataSource [main] HikariPool-1 - Starting...
2024-05-31 23:23:15,212 INFO c.z.h.p.HikariPool [main] HikariPool-1 - Added connection org.postgresql.jdbc.PgConnection@722b3ba2
2024-05-31 23:23:15,215 INFO c.z.h.HikariDataSource [main] HikariPool-1 - Start completed.
2024-05-31 23:23:15,418 WARN o.h.e.j.d.i.DialectFactoryImpl [main] HHH90000025: PostgreSQLDialect does not need to be specified explicitly using 'hibernate.dialect' (remove the property setting and it will be selected by default)
2024-05-31 23:23:16,900 INFO o.h.e.t.j.p.i.JtaPlatformInitiator [main] HHH000489: No JTA platform available (set 'hibernate.transaction.jta.platform' to enable JTA platform integration)
2024-05-31 23:23:22,122 INFO o.s.o.j.AbstractEntityManagerFactoryBean [main] Initialized JPA EntityManagerFactory for persistence unit 'default'
2024-05-31 23:23:22,698 INFO o.s.d.j.r.q.QueryEnhancerFactory [main] Hibernate is in classpath; If applicable, HQL parser will be used.
2024-05-31 23:23:23,013 WARN o.s.b.a.o.j.JpaBaseConfiguration$JpaWebConfiguration [main] spring.jpa.open-in-view is enabled by default. Therefore, database queries may be performed during view rendering. Explicitly configure spring.jpa.open-in-view to disable this warning
2024-05-31 23:23:23,598 INFO o.s.s.w.DefaultSecurityFilterChain [main] Will secure any request with [org.springframework.security.web.session.DisableEncodeUrlFilter@296ddfc7, org.springframework.security.web.context.request.async.WebAsyncManagerIntegrationFilter@29aa29f5, org.springframework.security.web.context.SecurityContextHolderFilter@1928208d, org.springframework.security.web.header.HeaderWriterFilter@22ab3e3b, org.springframework.web.filter.CorsFilter@2a742ee4, org.springframework.security.web.authentication.logout.LogoutFilter@597f2d3f, org.springframework.security.oauth2.client.web.OAuth2AuthorizationRequestRedirectFilter@664c411d, org.springframework.security.oauth2.client.web.OAuth2LoginAuthenticationFilter@3726fc3b, com.example.binarfud.security.jwt.JwtAuthTokenFilter@444fbd13, org.springframework.security.web.authentication.UsernamePasswordAuthenticationFilter@5f160341, org.springframework.security.web.authentication.ui.DefaultLoginPageGeneratingFilter@2ccfd2cb, org.springframework.security.web.authentication.ui.DefaultLogoutPageGeneratingFilter@4e41b993, org.springframework.security.web.savedrequest.RequestCacheAwareFilter@132f1d85, org.springframework.security.web.servletapi.SecurityContextHolderAwareRequestFilter@4a2c69a6, org.springframework.security.web.authentication.AnonymousAuthenticationFilter@915c47b, org.springframework.security.web.access.ExceptionTranslationFilter@652855c4, org.springframework.security.web.access.intercept.AuthorizationFilter@2be49c8c]
2024-05-31 23:23:24,141 INFO o.a.j.l.DirectJDKLog [main] Starting ProtocolHandler ["http-nio-8080"]
2024-05-31 23:23:24,171 INFO o.s.b.w.e.t.TomcatWebServer [main] Tomcat started on port 8080 (http) with context path ''
2024-05-31 23:23:24,182 INFO o.s.b.StartupInfoLogger [main] Started BinarfudApplication in 15.179 seconds (process running for 16.423)
