2024-05-28 10:39:58,358 INFO o.s.b.StartupInfoLogger [main] Starting BinarfudApplication using Java 21.0.2 with PID 3604 (E:\Documents\Bootcamp\Synrgy batch 7 - Java Backend\synergy7\F-BJV24001115-synergy7-mic-binfood-ch6\target\classes started by M1ch3 in E:\Documents\Bootcamp\Synrgy batch 7 - Java Backend\synergy7\F-BJV24001115-synergy7-mic-binfood-ch6)
2024-05-28 10:39:58,361 INFO o.s.b.SpringApplication [main] No active profile set, falling back to 1 default profile: "default"
2024-05-28 10:39:59,139 INFO o.s.d.r.c.RepositoryConfigurationDelegate [main] Bootstrapping Spring Data JPA repositories in DEFAULT mode.
2024-05-28 10:39:59,203 INFO o.s.d.r.c.RepositoryConfigurationDelegate [main] Finished Spring Data repository scanning in 58 ms. Found 6 JPA repository interfaces.
2024-05-28 10:40:00,021 INFO o.s.b.w.e.t.TomcatWebServer [main] Tomcat initialized with port 8080 (http)
2024-05-28 10:40:00,046 INFO o.a.j.l.DirectJDKLog [main] Initializing ProtocolHandler ["http-nio-8080"]
2024-05-28 10:40:00,052 INFO o.a.j.l.DirectJDKLog [main] Starting service [Tomcat]
2024-05-28 10:40:00,053 INFO o.a.j.l.DirectJDKLog [main] Starting Servlet engine: [Apache Tomcat/10.1.20]
2024-05-28 10:40:00,181 INFO o.a.j.l.DirectJDKLog [main] Initializing Spring embedded WebApplicationContext
2024-05-28 10:40:00,183 INFO o.s.b.w.s.c.ServletWebServerApplicationContext [main] Root WebApplicationContext: initialization completed in 1789 ms
2024-05-28 10:40:00,515 INFO o.h.j.i.u.LogHelper [main] HHH000204: Processing PersistenceUnitInfo [name: default]
2024-05-28 10:40:00,610 INFO o.h.Version [main] HHH000412: Hibernate ORM core version 6.4.4.Final
2024-05-28 10:40:00,654 INFO o.h.c.i.RegionFactoryInitiator [main] HHH000026: Second-level cache disabled
2024-05-28 10:40:00,840 INFO o.s.o.j.p.SpringPersistenceUnitInfo [main] No LoadTimeWeaver setup: ignoring JPA class transformer
2024-05-28 10:40:00,864 INFO c.z.h.HikariDataSource [main] HikariPool-1 - Starting...
2024-05-28 10:40:01,056 INFO c.z.h.p.HikariPool [main] HikariPool-1 - Added connection org.postgresql.jdbc.PgConnection@3e04abc5
2024-05-28 10:40:01,058 INFO c.z.h.HikariDataSource [main] HikariPool-1 - Start completed.
2024-05-28 10:40:01,089 WARN o.h.e.j.d.i.DialectFactoryImpl [main] HHH90000025: PostgreSQLDialect does not need to be specified explicitly using 'hibernate.dialect' (remove the property setting and it will be selected by default)
2024-05-28 10:40:01,905 INFO o.h.e.t.j.p.i.JtaPlatformInitiator [main] HHH000489: No JTA platform available (set 'hibernate.transaction.jta.platform' to enable JTA platform integration)
2024-05-28 10:40:02,005 INFO o.s.o.j.AbstractEntityManagerFactoryBean [main] Initialized JPA EntityManagerFactory for persistence unit 'default'
2024-05-28 10:40:02,471 INFO o.s.d.j.r.q.QueryEnhancerFactory [main] Hibernate is in classpath; If applicable, HQL parser will be used.
2024-05-28 10:40:02,625 WARN o.s.b.a.o.j.JpaBaseConfiguration$JpaWebConfiguration [main] spring.jpa.open-in-view is enabled by default. Therefore, database queries may be performed during view rendering. Explicitly configure spring.jpa.open-in-view to disable this warning
2024-05-28 10:40:03,107 INFO o.s.s.w.DefaultSecurityFilterChain [main] Will secure any request with [org.springframework.security.web.session.DisableEncodeUrlFilter@589cc8eb, org.springframework.security.web.context.request.async.WebAsyncManagerIntegrationFilter@44233014, org.springframework.security.web.context.SecurityContextHolderFilter@19487d13, org.springframework.security.web.header.HeaderWriterFilter@44e19b99, org.springframework.web.filter.CorsFilter@6888a33, org.springframework.security.web.authentication.logout.LogoutFilter@5a88ecb9, org.springframework.security.oauth2.client.web.OAuth2AuthorizationRequestRedirectFilter@6d224921, org.springframework.security.oauth2.client.web.OAuth2LoginAuthenticationFilter@da2303c, com.example.binarfud.security.jwt.JwtAuthTokenFilter@6d911985, org.springframework.security.web.authentication.UsernamePasswordAuthenticationFilter@509d999c, org.springframework.security.web.authentication.ui.DefaultLoginPageGeneratingFilter@2f154d9b, org.springframework.security.web.authentication.ui.DefaultLogoutPageGeneratingFilter@4303511e, org.springframework.security.web.savedrequest.RequestCacheAwareFilter@47d7e8b5, org.springframework.security.web.servletapi.SecurityContextHolderAwareRequestFilter@3ce71bbb, org.springframework.security.web.authentication.AnonymousAuthenticationFilter@7d661205, org.springframework.security.web.access.ExceptionTranslationFilter@49467fc6, org.springframework.security.web.access.intercept.AuthorizationFilter@708f238f]
2024-05-28 10:40:03,440 INFO o.a.j.l.DirectJDKLog [main] Starting ProtocolHandler ["http-nio-8080"]
2024-05-28 10:40:03,453 INFO o.s.b.w.e.t.TomcatWebServer [main] Tomcat started on port 8080 (http) with context path ''
2024-05-28 10:40:03,461 INFO o.s.b.StartupInfoLogger [main] Started BinarfudApplication in 5.582 seconds (process running for 5.892)
2024-05-28 10:40:21,418 INFO o.a.j.l.DirectJDKLog [http-nio-8080-exec-1] Initializing Spring DispatcherServlet 'dispatcherServlet'
2024-05-28 10:40:21,419 INFO o.s.w.s.FrameworkServlet [http-nio-8080-exec-1] Initializing Servlet 'dispatcherServlet'
2024-05-28 10:40:21,420 INFO o.s.w.s.FrameworkServlet [http-nio-8080-exec-1] Completed initialization in 1 ms
