2024-06-01 09:18:28,189 INFO o.s.b.StartupInfoLogger [main] Starting BinarfudApplication using Java 21.0.2 with PID 20896 (E:\Documents\Bootcamp\Synrgy batch 7 - Java Backend\synergy7\F-BJV24001115-synergy7-mic-binfood-ch6\target\classes started by M1ch3 in E:\Documents\Bootcamp\Synrgy batch 7 - Java Backend\synergy7\F-BJV24001115-synergy7-mic-binfood-ch6)
2024-06-01 09:18:28,195 INFO o.s.b.SpringApplication [main] No active profile set, falling back to 1 default profile: "default"
2024-06-01 09:18:30,049 INFO o.s.d.r.c.RepositoryConfigurationDelegate [main] Bootstrapping Spring Data JPA repositories in DEFAULT mode.
2024-06-01 09:18:30,165 INFO o.s.d.r.c.RepositoryConfigurationDelegate [main] Finished Spring Data repository scanning in 109 ms. Found 6 JPA repository interfaces.
2024-06-01 09:18:32,145 INFO o.s.b.w.e.t.TomcatWebServer [main] Tomcat initialized with port 8080 (http)
2024-06-01 09:18:32,201 INFO o.a.j.l.DirectJDKLog [main] Initializing ProtocolHandler ["http-nio-8080"]
2024-06-01 09:18:32,214 INFO o.a.j.l.DirectJDKLog [main] Starting service [Tomcat]
2024-06-01 09:18:32,216 INFO o.a.j.l.DirectJDKLog [main] Starting Servlet engine: [Apache Tomcat/10.1.20]
2024-06-01 09:18:32,339 INFO o.a.j.l.DirectJDKLog [main] Initializing Spring embedded WebApplicationContext
2024-06-01 09:18:32,341 INFO o.s.b.w.s.c.ServletWebServerApplicationContext [main] Root WebApplicationContext: initialization completed in 4055 ms
2024-06-01 09:18:32,956 INFO o.h.j.i.u.LogHelper [main] HHH000204: Processing PersistenceUnitInfo [name: default]
2024-06-01 09:18:33,209 INFO o.h.Version [main] HHH000412: Hibernate ORM core version 6.4.4.Final
2024-06-01 09:18:33,271 INFO o.h.c.i.RegionFactoryInitiator [main] HHH000026: Second-level cache disabled
2024-06-01 09:18:33,734 INFO o.s.o.j.p.SpringPersistenceUnitInfo [main] No LoadTimeWeaver setup: ignoring JPA class transformer
2024-06-01 09:18:33,774 INFO c.z.h.HikariDataSource [main] HikariPool-1 - Starting...
2024-06-01 09:18:36,718 INFO c.z.h.p.HikariPool [main] HikariPool-1 - Added connection org.postgresql.jdbc.PgConnection@3cad24ae
2024-06-01 09:18:36,721 INFO c.z.h.HikariDataSource [main] HikariPool-1 - Start completed.
2024-06-01 09:18:36,928 WARN o.h.e.j.d.i.DialectFactoryImpl [main] HHH90000025: PostgreSQLDialect does not need to be specified explicitly using 'hibernate.dialect' (remove the property setting and it will be selected by default)
2024-06-01 09:18:38,673 INFO o.h.e.t.j.p.i.JtaPlatformInitiator [main] HHH000489: No JTA platform available (set 'hibernate.transaction.jta.platform' to enable JTA platform integration)
2024-06-01 09:18:44,039 INFO o.s.o.j.AbstractEntityManagerFactoryBean [main] Initialized JPA EntityManagerFactory for persistence unit 'default'
2024-06-01 09:18:45,057 INFO o.s.d.j.r.q.QueryEnhancerFactory [main] Hibernate is in classpath; If applicable, HQL parser will be used.
2024-06-01 09:18:45,378 WARN o.s.b.a.o.j.JpaBaseConfiguration$JpaWebConfiguration [main] spring.jpa.open-in-view is enabled by default. Therefore, database queries may be performed during view rendering. Explicitly configure spring.jpa.open-in-view to disable this warning
2024-06-01 09:18:46,480 INFO o.s.s.w.DefaultSecurityFilterChain [main] Will secure any request with [org.springframework.security.web.session.DisableEncodeUrlFilter@64657b13, org.springframework.security.web.context.request.async.WebAsyncManagerIntegrationFilter@686ee555, org.springframework.security.web.context.SecurityContextHolderFilter@224f90eb, org.springframework.security.web.header.HeaderWriterFilter@5be783a, org.springframework.web.filter.CorsFilter@4fc00158, org.springframework.security.web.authentication.logout.LogoutFilter@4c020e58, org.springframework.security.oauth2.client.web.OAuth2AuthorizationRequestRedirectFilter@791dcda7, org.springframework.security.oauth2.client.web.OAuth2LoginAuthenticationFilter@43e9eddf, com.example.binarfud.security.jwt.JwtAuthTokenFilter@5cb64b9c, org.springframework.security.web.authentication.UsernamePasswordAuthenticationFilter@4ad04b05, org.springframework.security.web.authentication.ui.DefaultLoginPageGeneratingFilter@2f318251, org.springframework.security.web.authentication.ui.DefaultLogoutPageGeneratingFilter@47483211, org.springframework.security.web.savedrequest.RequestCacheAwareFilter@63b4a896, org.springframework.security.web.servletapi.SecurityContextHolderAwareRequestFilter@3feeab43, org.springframework.security.web.authentication.AnonymousAuthenticationFilter@8ba7408, org.springframework.security.web.access.ExceptionTranslationFilter@13e12ab6, org.springframework.security.web.access.intercept.AuthorizationFilter@38503309]
2024-06-01 09:18:47,488 INFO o.a.j.l.DirectJDKLog [main] Starting ProtocolHandler ["http-nio-8080"]
2024-06-01 09:18:47,511 INFO o.s.b.w.e.t.TomcatWebServer [main] Tomcat started on port 8080 (http) with context path ''
2024-06-01 09:18:47,527 INFO o.s.b.StartupInfoLogger [main] Started BinarfudApplication in 20.456 seconds (process running for 21.262)
2024-06-01 09:25:43,749 INFO o.s.o.j.AbstractEntityManagerFactoryBean [SpringApplicationShutdownHook] Closing JPA EntityManagerFactory for persistence unit 'default'
2024-06-01 09:25:43,753 INFO c.z.h.HikariDataSource [SpringApplicationShutdownHook] HikariPool-1 - Shutdown initiated...
2024-06-01 09:25:43,832 INFO c.z.h.HikariDataSource [SpringApplicationShutdownHook] HikariPool-1 - Shutdown completed.
