2024-05-31 22:45:24,529 INFO o.s.o.j.AbstractEntityManagerFactoryBean [SpringApplicationShutdownHook] Closing JPA EntityManagerFactory for persistence unit 'default'
2024-05-31 22:45:24,538 INFO c.z.h.HikariDataSource [SpringApplicationShutdownHook] HikariPool-1 - Shutdown initiated...
2024-05-31 22:45:24,630 INFO c.z.h.HikariDataSource [SpringApplicationShutdownHook] HikariPool-1 - Shutdown completed.
2024-05-31 22:45:31,540 INFO o.s.b.StartupInfoLogger [main] Starting BinarfudApplication using Java 21.0.2 with PID 14656 (E:\Documents\Bootcamp\Synrgy batch 7 - Java Backend\synergy7\F-BJV24001115-synergy7-mic-binfood-ch6\target\classes started by M1ch3 in E:\Documents\Bootcamp\Synrgy batch 7 - Java Backend\synergy7\F-BJV24001115-synergy7-mic-binfood-ch6)
2024-05-31 22:45:31,552 INFO o.s.b.SpringApplication [main] No active profile set, falling back to 1 default profile: "default"
2024-05-31 22:45:33,146 INFO o.s.d.r.c.RepositoryConfigurationDelegate [main] Bootstrapping Spring Data JPA repositories in DEFAULT mode.
2024-05-31 22:45:33,262 INFO o.s.d.r.c.RepositoryConfigurationDelegate [main] Finished Spring Data repository scanning in 108 ms. Found 6 JPA repository interfaces.
2024-05-31 22:45:34,598 INFO o.s.b.w.e.t.TomcatWebServer [main] Tomcat initialized with port 8080 (http)
2024-05-31 22:45:34,630 INFO o.a.j.l.DirectJDKLog [main] Initializing ProtocolHandler ["http-nio-8080"]
2024-05-31 22:45:34,640 INFO o.a.j.l.DirectJDKLog [main] Starting service [Tomcat]
2024-05-31 22:45:34,642 INFO o.a.j.l.DirectJDKLog [main] Starting Servlet engine: [Apache Tomcat/10.1.20]
2024-05-31 22:45:34,884 INFO o.a.j.l.DirectJDKLog [main] Initializing Spring embedded WebApplicationContext
2024-05-31 22:45:34,886 INFO o.s.b.w.s.c.ServletWebServerApplicationContext [main] Root WebApplicationContext: initialization completed in 3264 ms
2024-05-31 22:45:35,406 INFO o.h.j.i.u.LogHelper [main] HHH000204: Processing PersistenceUnitInfo [name: default]
2024-05-31 22:45:35,617 INFO o.h.Version [main] HHH000412: Hibernate ORM core version 6.4.4.Final
2024-05-31 22:45:35,677 INFO o.h.c.i.RegionFactoryInitiator [main] HHH000026: Second-level cache disabled
2024-05-31 22:45:36,035 INFO o.s.o.j.p.SpringPersistenceUnitInfo [main] No LoadTimeWeaver setup: ignoring JPA class transformer
2024-05-31 22:45:36,083 INFO c.z.h.HikariDataSource [main] HikariPool-1 - Starting...
2024-05-31 22:45:38,222 INFO c.z.h.p.HikariPool [main] HikariPool-1 - Added connection org.postgresql.jdbc.PgConnection@62158991
2024-05-31 22:45:38,223 INFO c.z.h.HikariDataSource [main] HikariPool-1 - Start completed.
2024-05-31 22:45:38,420 WARN o.h.e.j.d.i.DialectFactoryImpl [main] HHH90000025: PostgreSQLDialect does not need to be specified explicitly using 'hibernate.dialect' (remove the property setting and it will be selected by default)
2024-05-31 22:45:39,895 INFO o.h.e.t.j.p.i.JtaPlatformInitiator [main] HHH000489: No JTA platform available (set 'hibernate.transaction.jta.platform' to enable JTA platform integration)
2024-05-31 22:45:46,185 INFO o.s.o.j.AbstractEntityManagerFactoryBean [main] Initialized JPA EntityManagerFactory for persistence unit 'default'
2024-05-31 22:45:46,952 INFO o.s.d.j.r.q.QueryEnhancerFactory [main] Hibernate is in classpath; If applicable, HQL parser will be used.
2024-05-31 22:45:47,361 WARN o.s.b.a.o.j.JpaBaseConfiguration$JpaWebConfiguration [main] spring.jpa.open-in-view is enabled by default. Therefore, database queries may be performed during view rendering. Explicitly configure spring.jpa.open-in-view to disable this warning
2024-05-31 22:45:48,278 INFO o.s.s.w.DefaultSecurityFilterChain [main] Will secure any request with [org.springframework.security.web.session.DisableEncodeUrlFilter@5339cdc6, org.springframework.security.web.context.request.async.WebAsyncManagerIntegrationFilter@5b9ed77b, org.springframework.security.web.context.SecurityContextHolderFilter@7f478529, org.springframework.security.web.header.HeaderWriterFilter@33c91567, org.springframework.web.filter.CorsFilter@a8177f6, org.springframework.security.web.authentication.logout.LogoutFilter@724e82d9, org.springframework.security.oauth2.client.web.OAuth2AuthorizationRequestRedirectFilter@5896899d, org.springframework.security.oauth2.client.web.OAuth2LoginAuthenticationFilter@89017e5, com.example.binarfud.security.jwt.JwtAuthTokenFilter@268f126f, org.springframework.security.web.authentication.UsernamePasswordAuthenticationFilter@686ee555, org.springframework.security.web.authentication.ui.DefaultLoginPageGeneratingFilter@565fa7d2, org.springframework.security.web.authentication.ui.DefaultLogoutPageGeneratingFilter@7b88a2e2, org.springframework.security.web.savedrequest.RequestCacheAwareFilter@465e9090, org.springframework.security.web.servletapi.SecurityContextHolderAwareRequestFilter@7bfd8f92, org.springframework.security.web.authentication.AnonymousAuthenticationFilter@664217a8, org.springframework.security.web.access.ExceptionTranslationFilter@3ce2c454, org.springframework.security.web.access.intercept.AuthorizationFilter@64657b13]
2024-05-31 22:45:48,959 INFO o.a.j.l.DirectJDKLog [main] Starting ProtocolHandler ["http-nio-8080"]
2024-05-31 22:45:48,981 INFO o.s.b.w.e.t.TomcatWebServer [main] Tomcat started on port 8080 (http) with context path ''
2024-05-31 22:45:48,989 INFO o.s.b.StartupInfoLogger [main] Started BinarfudApplication in 18.322 seconds (process running for 18.942)
2024-05-31 22:45:56,243 INFO o.a.j.l.DirectJDKLog [http-nio-8080-exec-3] Initializing Spring DispatcherServlet 'dispatcherServlet'
2024-05-31 22:45:56,245 INFO o.s.w.s.FrameworkServlet [http-nio-8080-exec-3] Initializing Servlet 'dispatcherServlet'
2024-05-31 22:45:56,247 INFO o.s.w.s.FrameworkServlet [http-nio-8080-exec-3] Completed initialization in 2 ms
2024-05-31 22:46:17,228 INFO o.s.o.j.AbstractEntityManagerFactoryBean [SpringApplicationShutdownHook] Closing JPA EntityManagerFactory for persistence unit 'default'
2024-05-31 22:46:17,231 INFO c.z.h.HikariDataSource [SpringApplicationShutdownHook] HikariPool-1 - Shutdown initiated...
2024-05-31 22:46:17,329 INFO c.z.h.HikariDataSource [SpringApplicationShutdownHook] HikariPool-1 - Shutdown completed.
