2024-05-31 12:40:41,858 INFO o.s.o.j.AbstractEntityManagerFactoryBean [SpringApplicationShutdownHook] Closing JPA EntityManagerFactory for persistence unit 'default'
2024-05-31 12:40:41,863 INFO c.z.h.HikariDataSource [SpringApplicationShutdownHook] HikariPool-1 - Shutdown initiated...
2024-05-31 12:40:41,880 INFO c.z.h.HikariDataSource [SpringApplicationShutdownHook] HikariPool-1 - Shutdown completed.
2024-05-31 12:40:43,896 INFO o.s.b.StartupInfoLogger [main] Starting BinarfudApplication using Java 21.0.2 with PID 26620 (E:\Documents\Bootcamp\Synrgy batch 7 - Java Backend\synergy7\F-BJV24001115-synergy7-mic-binfood-ch6\target\classes started by M1ch3 in E:\Documents\Bootcamp\Synrgy batch 7 - Java Backend\synergy7\F-BJV24001115-synergy7-mic-binfood-ch6)
2024-05-31 12:40:43,903 INFO o.s.b.SpringApplication [main] No active profile set, falling back to 1 default profile: "default"
2024-05-31 12:40:44,684 INFO o.s.d.r.c.RepositoryConfigurationDelegate [main] Bootstrapping Spring Data JPA repositories in DEFAULT mode.
2024-05-31 12:40:44,750 INFO o.s.d.r.c.RepositoryConfigurationDelegate [main] Finished Spring Data repository scanning in 61 ms. Found 6 JPA repository interfaces.
2024-05-31 12:40:45,497 INFO o.s.b.w.e.t.TomcatWebServer [main] Tomcat initialized with port 8080 (http)
2024-05-31 12:40:45,521 INFO o.a.j.l.DirectJDKLog [main] Initializing ProtocolHandler ["http-nio-8080"]
2024-05-31 12:40:45,527 INFO o.a.j.l.DirectJDKLog [main] Starting service [Tomcat]
2024-05-31 12:40:45,528 INFO o.a.j.l.DirectJDKLog [main] Starting Servlet engine: [Apache Tomcat/10.1.20]
2024-05-31 12:40:45,667 INFO o.a.j.l.DirectJDKLog [main] Initializing Spring embedded WebApplicationContext
2024-05-31 12:40:45,669 INFO o.s.b.w.s.c.ServletWebServerApplicationContext [main] Root WebApplicationContext: initialization completed in 1733 ms
2024-05-31 12:40:45,977 INFO o.h.j.i.u.LogHelper [main] HHH000204: Processing PersistenceUnitInfo [name: default]
2024-05-31 12:40:46,133 INFO o.h.Version [main] HHH000412: Hibernate ORM core version 6.4.4.Final
2024-05-31 12:40:46,165 INFO o.h.c.i.RegionFactoryInitiator [main] HHH000026: Second-level cache disabled
2024-05-31 12:40:46,358 INFO o.s.o.j.p.SpringPersistenceUnitInfo [main] No LoadTimeWeaver setup: ignoring JPA class transformer
2024-05-31 12:40:46,382 INFO c.z.h.HikariDataSource [main] HikariPool-1 - Starting...
2024-05-31 12:40:46,560 INFO c.z.h.p.HikariPool [main] HikariPool-1 - Added connection org.postgresql.jdbc.PgConnection@6e7e0259
2024-05-31 12:40:46,562 INFO c.z.h.HikariDataSource [main] HikariPool-1 - Start completed.
2024-05-31 12:40:46,590 WARN o.h.e.j.d.i.DialectFactoryImpl [main] HHH90000025: PostgreSQLDialect does not need to be specified explicitly using 'hibernate.dialect' (remove the property setting and it will be selected by default)
2024-05-31 12:40:47,383 INFO o.h.e.t.j.p.i.JtaPlatformInitiator [main] HHH000489: No JTA platform available (set 'hibernate.transaction.jta.platform' to enable JTA platform integration)
2024-05-31 12:40:47,471 INFO o.s.o.j.AbstractEntityManagerFactoryBean [main] Initialized JPA EntityManagerFactory for persistence unit 'default'
2024-05-31 12:40:47,893 INFO o.s.d.j.r.q.QueryEnhancerFactory [main] Hibernate is in classpath; If applicable, HQL parser will be used.
2024-05-31 12:40:48,047 WARN o.s.b.a.o.j.JpaBaseConfiguration$JpaWebConfiguration [main] spring.jpa.open-in-view is enabled by default. Therefore, database queries may be performed during view rendering. Explicitly configure spring.jpa.open-in-view to disable this warning
2024-05-31 12:40:48,626 INFO o.s.s.w.DefaultSecurityFilterChain [main] Will secure any request with [org.springframework.security.web.session.DisableEncodeUrlFilter@5fdebe73, org.springframework.security.web.context.request.async.WebAsyncManagerIntegrationFilter@6919a8a, org.springframework.security.web.context.SecurityContextHolderFilter@a47a011, org.springframework.security.web.header.HeaderWriterFilter@77732366, org.springframework.web.filter.CorsFilter@23c0fcf0, org.springframework.security.web.authentication.logout.LogoutFilter@326489c4, org.springframework.security.oauth2.client.web.OAuth2AuthorizationRequestRedirectFilter@1ff65426, org.springframework.security.oauth2.client.web.OAuth2LoginAuthenticationFilter@29b61bb, com.example.binarfud.security.jwt.JwtAuthTokenFilter@220d7eb7, org.springframework.security.web.authentication.UsernamePasswordAuthenticationFilter@7df994ec, org.springframework.security.web.authentication.ui.DefaultLoginPageGeneratingFilter@7c070e78, org.springframework.security.web.authentication.ui.DefaultLogoutPageGeneratingFilter@60a4595e, org.springframework.security.web.savedrequest.RequestCacheAwareFilter@61b11d35, org.springframework.security.web.servletapi.SecurityContextHolderAwareRequestFilter@7c7d83ff, org.springframework.security.web.authentication.AnonymousAuthenticationFilter@4a234e1f, org.springframework.security.web.access.ExceptionTranslationFilter@6567de86, org.springframework.security.web.access.intercept.AuthorizationFilter@a703934]
2024-05-31 12:40:48,999 INFO o.a.j.l.DirectJDKLog [main] Starting ProtocolHandler ["http-nio-8080"]
2024-05-31 12:40:49,013 INFO o.s.b.w.e.t.TomcatWebServer [main] Tomcat started on port 8080 (http) with context path ''
2024-05-31 12:40:49,020 INFO o.s.b.StartupInfoLogger [main] Started BinarfudApplication in 5.61 seconds (process running for 5.942)
2024-05-31 12:40:59,537 INFO o.a.j.l.DirectJDKLog [http-nio-8080-exec-1] Initializing Spring DispatcherServlet 'dispatcherServlet'
2024-05-31 12:40:59,537 INFO o.s.w.s.FrameworkServlet [http-nio-8080-exec-1] Initializing Servlet 'dispatcherServlet'
2024-05-31 12:40:59,538 INFO o.s.w.s.FrameworkServlet [http-nio-8080-exec-1] Completed initialization in 1 ms
2024-05-31 12:41:07,679 INFO o.s.a.AbstractOpenApiResource [http-nio-8080-exec-4] Init duration for springdoc-openapi is: 437 ms
