2024-05-29 21:58:47,920 INFO o.s.b.StartupInfoLogger [main] Starting BinarfudApplication using Java 21.0.2 with PID 16912 (E:\Documents\Bootcamp\Synrgy batch 7 - Java Backend\synergy7\F-BJV24001115-synergy7-mic-binfood-ch6\target\classes started by M1ch3 in E:\Documents\Bootcamp\Synrgy batch 7 - Java Backend\synergy7\F-BJV24001115-synergy7-mic-binfood-ch6)
2024-05-29 21:58:47,924 INFO o.s.b.SpringApplication [main] No active profile set, falling back to 1 default profile: "default"
2024-05-29 21:58:49,368 INFO o.s.d.r.c.RepositoryConfigurationDelegate [main] Bootstrapping Spring Data JPA repositories in DEFAULT mode.
2024-05-29 21:58:49,518 INFO o.s.d.r.c.RepositoryConfigurationDelegate [main] Finished Spring Data repository scanning in 142 ms. Found 6 JPA repository interfaces.
2024-05-29 21:58:51,074 INFO o.s.b.w.e.t.TomcatWebServer [main] Tomcat initialized with port 8080 (http)
2024-05-29 21:58:51,119 INFO o.a.j.l.DirectJDKLog [main] Initializing ProtocolHandler ["http-nio-8080"]
2024-05-29 21:58:51,129 INFO o.a.j.l.DirectJDKLog [main] Starting service [Tomcat]
2024-05-29 21:58:51,131 INFO o.a.j.l.DirectJDKLog [main] Starting Servlet engine: [Apache Tomcat/10.1.20]
2024-05-29 21:58:51,372 INFO o.a.j.l.DirectJDKLog [main] Initializing Spring embedded WebApplicationContext
2024-05-29 21:58:51,376 INFO o.s.b.w.s.c.ServletWebServerApplicationContext [main] Root WebApplicationContext: initialization completed in 3372 ms
2024-05-29 21:58:51,964 INFO o.h.j.i.u.LogHelper [main] HHH000204: Processing PersistenceUnitInfo [name: default]
2024-05-29 21:58:52,160 INFO o.h.Version [main] HHH000412: Hibernate ORM core version 6.4.4.Final
2024-05-29 21:58:52,239 INFO o.h.c.i.RegionFactoryInitiator [main] HHH000026: Second-level cache disabled
2024-05-29 21:58:52,637 INFO o.s.o.j.p.SpringPersistenceUnitInfo [main] No LoadTimeWeaver setup: ignoring JPA class transformer
2024-05-29 21:58:52,696 INFO c.z.h.HikariDataSource [main] HikariPool-1 - Starting...
2024-05-29 21:58:53,094 INFO c.z.h.p.HikariPool [main] HikariPool-1 - Added connection org.postgresql.jdbc.PgConnection@3e04abc5
2024-05-29 21:58:53,096 INFO c.z.h.HikariDataSource [main] HikariPool-1 - Start completed.
2024-05-29 21:58:53,153 WARN o.h.e.j.d.i.DialectFactoryImpl [main] HHH90000025: PostgreSQLDialect does not need to be specified explicitly using 'hibernate.dialect' (remove the property setting and it will be selected by default)
2024-05-29 21:58:54,540 INFO o.h.e.t.j.p.i.JtaPlatformInitiator [main] HHH000489: No JTA platform available (set 'hibernate.transaction.jta.platform' to enable JTA platform integration)
2024-05-29 21:58:54,720 INFO o.s.o.j.AbstractEntityManagerFactoryBean [main] Initialized JPA EntityManagerFactory for persistence unit 'default'
2024-05-29 21:58:55,678 INFO o.s.d.j.r.q.QueryEnhancerFactory [main] Hibernate is in classpath; If applicable, HQL parser will be used.
2024-05-29 21:58:56,020 WARN o.s.b.a.o.j.JpaBaseConfiguration$JpaWebConfiguration [main] spring.jpa.open-in-view is enabled by default. Therefore, database queries may be performed during view rendering. Explicitly configure spring.jpa.open-in-view to disable this warning
2024-05-29 21:58:57,085 INFO o.s.s.w.DefaultSecurityFilterChain [main] Will secure any request with [org.springframework.security.web.session.DisableEncodeUrlFilter@a8964c1, org.springframework.security.web.context.request.async.WebAsyncManagerIntegrationFilter@38320819, org.springframework.security.web.context.SecurityContextHolderFilter@feb57b4, org.springframework.security.web.header.HeaderWriterFilter@c509742, org.springframework.web.filter.CorsFilter@16c3388e, org.springframework.security.web.authentication.logout.LogoutFilter@5f4f198c, org.springframework.security.oauth2.client.web.OAuth2AuthorizationRequestRedirectFilter@d640fe6, org.springframework.security.oauth2.client.web.OAuth2LoginAuthenticationFilter@46ee9cfd, com.example.binarfud.security.jwt.JwtAuthTokenFilter@1500edf3, org.springframework.security.web.authentication.UsernamePasswordAuthenticationFilter@1b72f9a, org.springframework.security.web.authentication.ui.DefaultLoginPageGeneratingFilter@6f7e5e11, org.springframework.security.web.authentication.ui.DefaultLogoutPageGeneratingFilter@cec1ce2, org.springframework.security.web.savedrequest.RequestCacheAwareFilter@45398bb0, org.springframework.security.web.servletapi.SecurityContextHolderAwareRequestFilter@35ffe3ac, org.springframework.security.web.authentication.AnonymousAuthenticationFilter@4d82ded2, org.springframework.security.web.access.ExceptionTranslationFilter@1d12eff1, org.springframework.security.web.access.intercept.AuthorizationFilter@43945480]
2024-05-29 21:58:58,186 INFO o.a.j.l.DirectJDKLog [main] Starting ProtocolHandler ["http-nio-8080"]
2024-05-29 21:58:58,220 INFO o.s.b.w.e.t.TomcatWebServer [main] Tomcat started on port 8080 (http) with context path ''
2024-05-29 21:58:58,234 INFO o.s.b.StartupInfoLogger [main] Started BinarfudApplication in 11.232 seconds (process running for 11.938)
2024-05-29 21:59:01,774 INFO o.a.j.l.DirectJDKLog [http-nio-8080-exec-1] Initializing Spring DispatcherServlet 'dispatcherServlet'
2024-05-29 21:59:01,775 INFO o.s.w.s.FrameworkServlet [http-nio-8080-exec-1] Initializing Servlet 'dispatcherServlet'
2024-05-29 21:59:01,777 INFO o.s.w.s.FrameworkServlet [http-nio-8080-exec-1] Completed initialization in 2 ms
