2024-05-31 12:17:24,484 WARN o.s.w.s.h.AbstractHandlerExceptionResolver [http-nio-8080-exec-7] Resolved [org.springframework.web.method.annotation.MethodArgumentTypeMismatchException: Failed to convert value of type 'java.lang.String' to required type 'java.util.UUID'; Invalid UUID string: register]
2024-05-31 12:17:50,575 INFO o.s.a.AbstractOpenApiResource [http-nio-8080-exec-3] Init duration for springdoc-openapi is: 435 ms
2024-05-31 12:21:21,988 INFO o.s.o.j.AbstractEntityManagerFactoryBean [SpringApplicationShutdownHook] Closing JPA EntityManagerFactory for persistence unit 'default'
2024-05-31 12:21:21,996 INFO c.z.h.HikariDataSource [SpringApplicationShutdownHook] HikariPool-1 - Shutdown initiated...
2024-05-31 12:21:22,018 INFO c.z.h.HikariDataSource [SpringApplicationShutdownHook] HikariPool-1 - Shutdown completed.
2024-05-31 12:21:26,095 INFO o.s.b.StartupInfoLogger [main] Starting BinarfudApplication using Java 21.0.2 with PID 13936 (E:\Documents\Bootcamp\Synrgy batch 7 - Java Backend\synergy7\F-BJV24001115-synergy7-mic-binfood-ch6\target\classes started by M1ch3 in E:\Documents\Bootcamp\Synrgy batch 7 - Java Backend\synergy7\F-BJV24001115-synergy7-mic-binfood-ch6)
2024-05-31 12:21:26,096 INFO o.s.b.SpringApplication [main] No active profile set, falling back to 1 default profile: "default"
2024-05-31 12:21:26,907 INFO o.s.d.r.c.RepositoryConfigurationDelegate [main] Bootstrapping Spring Data JPA repositories in DEFAULT mode.
2024-05-31 12:21:26,967 INFO o.s.d.r.c.RepositoryConfigurationDelegate [main] Finished Spring Data repository scanning in 56 ms. Found 6 JPA repository interfaces.
2024-05-31 12:21:27,764 INFO o.s.b.w.e.t.TomcatWebServer [main] Tomcat initialized with port 8080 (http)
2024-05-31 12:21:27,789 INFO o.a.j.l.DirectJDKLog [main] Initializing ProtocolHandler ["http-nio-8080"]
2024-05-31 12:21:27,794 INFO o.a.j.l.DirectJDKLog [main] Starting service [Tomcat]
2024-05-31 12:21:27,794 INFO o.a.j.l.DirectJDKLog [main] Starting Servlet engine: [Apache Tomcat/10.1.20]
2024-05-31 12:21:27,919 INFO o.a.j.l.DirectJDKLog [main] Initializing Spring embedded WebApplicationContext
2024-05-31 12:21:27,921 INFO o.s.b.w.s.c.ServletWebServerApplicationContext [main] Root WebApplicationContext: initialization completed in 1789 ms
2024-05-31 12:21:28,229 INFO o.h.j.i.u.LogHelper [main] HHH000204: Processing PersistenceUnitInfo [name: default]
2024-05-31 12:21:28,313 INFO o.h.Version [main] HHH000412: Hibernate ORM core version 6.4.4.Final
2024-05-31 12:21:28,341 INFO o.h.c.i.RegionFactoryInitiator [main] HHH000026: Second-level cache disabled
2024-05-31 12:21:28,533 INFO o.s.o.j.p.SpringPersistenceUnitInfo [main] No LoadTimeWeaver setup: ignoring JPA class transformer
2024-05-31 12:21:28,560 INFO c.z.h.HikariDataSource [main] HikariPool-1 - Starting...
2024-05-31 12:21:28,766 INFO c.z.h.p.HikariPool [main] HikariPool-1 - Added connection org.postgresql.jdbc.PgConnection@16df9bde
2024-05-31 12:21:28,768 INFO c.z.h.HikariDataSource [main] HikariPool-1 - Start completed.
2024-05-31 12:21:28,796 WARN o.h.e.j.d.i.DialectFactoryImpl [main] HHH90000025: PostgreSQLDialect does not need to be specified explicitly using 'hibernate.dialect' (remove the property setting and it will be selected by default)
2024-05-31 12:21:29,619 INFO o.h.e.t.j.p.i.JtaPlatformInitiator [main] HHH000489: No JTA platform available (set 'hibernate.transaction.jta.platform' to enable JTA platform integration)
2024-05-31 12:21:29,703 INFO o.s.o.j.AbstractEntityManagerFactoryBean [main] Initialized JPA EntityManagerFactory for persistence unit 'default'
2024-05-31 12:21:30,164 INFO o.s.d.j.r.q.QueryEnhancerFactory [main] Hibernate is in classpath; If applicable, HQL parser will be used.
2024-05-31 12:21:30,399 WARN o.s.b.a.o.j.JpaBaseConfiguration$JpaWebConfiguration [main] spring.jpa.open-in-view is enabled by default. Therefore, database queries may be performed during view rendering. Explicitly configure spring.jpa.open-in-view to disable this warning
2024-05-31 12:21:30,831 INFO o.s.s.w.DefaultSecurityFilterChain [main] Will secure any request with [org.springframework.security.web.session.DisableEncodeUrlFilter@48e1e18a, org.springframework.security.web.context.request.async.WebAsyncManagerIntegrationFilter@74997ca6, org.springframework.security.web.context.SecurityContextHolderFilter@1a1d7832, org.springframework.security.web.header.HeaderWriterFilter@5834298c, org.springframework.web.filter.CorsFilter@7a6078d, org.springframework.security.web.authentication.logout.LogoutFilter@caee26e, org.springframework.security.oauth2.client.web.OAuth2AuthorizationRequestRedirectFilter@4a234e1f, org.springframework.security.oauth2.client.web.OAuth2LoginAuthenticationFilter@264340f0, com.example.binarfud.security.jwt.JwtAuthTokenFilter@1fa77770, org.springframework.security.web.authentication.UsernamePasswordAuthenticationFilter@11d474a, org.springframework.security.web.authentication.ui.DefaultLoginPageGeneratingFilter@3a034950, org.springframework.security.web.authentication.ui.DefaultLogoutPageGeneratingFilter@372c428, org.springframework.security.web.savedrequest.RequestCacheAwareFilter@272cec71, org.springframework.security.web.servletapi.SecurityContextHolderAwareRequestFilter@12e8ea81, org.springframework.security.web.authentication.AnonymousAuthenticationFilter@4458887d, org.springframework.security.web.access.ExceptionTranslationFilter@21f7c0be, org.springframework.security.web.access.intercept.AuthorizationFilter@5dc218e2]
2024-05-31 12:21:31,111 INFO o.a.j.l.DirectJDKLog [main] Starting ProtocolHandler ["http-nio-8080"]
2024-05-31 12:21:31,123 INFO o.s.b.w.e.t.TomcatWebServer [main] Tomcat started on port 8080 (http) with context path ''
2024-05-31 12:21:31,129 INFO o.s.b.StartupInfoLogger [main] Started BinarfudApplication in 5.534 seconds (process running for 5.86)
2024-05-31 12:21:33,977 INFO o.a.j.l.DirectJDKLog [http-nio-8080-exec-3] Initializing Spring DispatcherServlet 'dispatcherServlet'
2024-05-31 12:21:33,977 INFO o.s.w.s.FrameworkServlet [http-nio-8080-exec-3] Initializing Servlet 'dispatcherServlet'
2024-05-31 12:21:33,978 INFO o.s.w.s.FrameworkServlet [http-nio-8080-exec-3] Completed initialization in 1 ms
