2024-05-16 18:25:31,400 INFO o.s.b.StartupInfoLogger [main] Starting BinarfudApplication using Java 21.0.2 with PID 18708 (E:\Documents\Bootcamp\Synrgy batch 7 - Java Backend\synergy7\F-BJV24001115-synergy7-mic-binfood-ch5\target\classes started by M1ch3 in E:\Documents\Bootcamp\Synrgy batch 7 - Java Backend\synergy7\F-BJV24001115-synergy7-mic-binfood-ch5)
2024-05-16 18:25:31,403 INFO o.s.b.SpringApplication [main] No active profile set, falling back to 1 default profile: "default"
2024-05-16 18:25:32,055 INFO o.s.d.r.c.RepositoryConfigurationDelegate [main] Bootstrapping Spring Data JPA repositories in DEFAULT mode.
2024-05-16 18:25:32,125 INFO o.s.d.r.c.RepositoryConfigurationDelegate [main] Finished Spring Data repository scanning in 60 ms. Found 5 JPA repository interfaces.
2024-05-16 18:25:32,683 INFO o.s.b.w.e.t.TomcatWebServer [main] Tomcat initialized with port 8080 (http)
2024-05-16 18:25:32,692 INFO o.a.j.l.DirectJDKLog [main] Initializing ProtocolHandler ["http-nio-8080"]
2024-05-16 18:25:32,695 INFO o.a.j.l.DirectJDKLog [main] Starting service [Tomcat]
2024-05-16 18:25:32,696 INFO o.a.j.l.DirectJDKLog [main] Starting Servlet engine: [Apache Tomcat/10.1.20]
2024-05-16 18:25:32,752 INFO o.a.j.l.DirectJDKLog [main] Initializing Spring embedded WebApplicationContext
2024-05-16 18:25:32,753 INFO o.s.b.w.s.c.ServletWebServerApplicationContext [main] Root WebApplicationContext: initialization completed in 1316 ms
2024-05-16 18:25:32,955 INFO c.z.h.HikariDataSource [main] HikariPool-1 - Starting...
2024-05-16 18:25:33,165 INFO c.z.h.p.HikariPool [main] HikariPool-1 - Added connection org.postgresql.jdbc.PgConnection@11df2829
2024-05-16 18:25:33,166 INFO c.z.h.HikariDataSource [main] HikariPool-1 - Start completed.
2024-05-16 18:25:33,219 INFO o.h.j.i.u.LogHelper [main] HHH000204: Processing PersistenceUnitInfo [name: default]
2024-05-16 18:25:33,286 INFO o.h.Version [main] HHH000412: Hibernate ORM core version 6.4.4.Final
2024-05-16 18:25:33,317 INFO o.h.c.i.RegionFactoryInitiator [main] HHH000026: Second-level cache disabled
2024-05-16 18:25:33,516 INFO o.s.o.j.p.SpringPersistenceUnitInfo [main] No LoadTimeWeaver setup: ignoring JPA class transformer
2024-05-16 18:25:33,620 WARN o.h.e.j.d.i.DialectFactoryImpl [main] HHH90000025: PostgreSQLDialect does not need to be specified explicitly using 'hibernate.dialect' (remove the property setting and it will be selected by default)
2024-05-16 18:25:34,289 INFO o.h.e.t.j.p.i.JtaPlatformInitiator [main] HHH000489: No JTA platform available (set 'hibernate.transaction.jta.platform' to enable JTA platform integration)
2024-05-16 18:25:34,291 INFO o.s.o.j.AbstractEntityManagerFactoryBean [main] Initialized JPA EntityManagerFactory for persistence unit 'default'
2024-05-16 18:25:34,714 INFO o.s.d.j.r.q.QueryEnhancerFactory [main] Hibernate is in classpath; If applicable, HQL parser will be used.
2024-05-16 18:25:34,977 WARN o.s.b.a.o.j.JpaBaseConfiguration$JpaWebConfiguration [main] spring.jpa.open-in-view is enabled by default. Therefore, database queries may be performed during view rendering. Explicitly configure spring.jpa.open-in-view to disable this warning
2024-05-16 18:25:35,413 INFO o.a.j.l.DirectJDKLog [main] Starting ProtocolHandler ["http-nio-8080"]
2024-05-16 18:25:35,427 INFO o.s.b.w.e.t.TomcatWebServer [main] Tomcat started on port 8080 (http) with context path ''
2024-05-16 18:25:35,435 INFO o.s.b.StartupInfoLogger [main] Started BinarfudApplication in 4.456 seconds (process running for 4.736)
2024-05-16 18:25:41,187 INFO o.a.j.l.DirectJDKLog [http-nio-8080-exec-1] Initializing Spring DispatcherServlet 'dispatcherServlet'
2024-05-16 18:25:41,188 INFO o.s.w.s.FrameworkServlet [http-nio-8080-exec-1] Initializing Servlet 'dispatcherServlet'
2024-05-16 18:25:41,189 INFO o.s.w.s.FrameworkServlet [http-nio-8080-exec-1] Completed initialization in 1 ms
2024-05-16 18:25:41,373 INFO c.e.b.s.MenuItemServiceImpl [http-nio-8080-exec-1] Start: 2000-01-01T00:00
2024-05-16 18:25:41,373 INFO c.e.b.s.MenuItemServiceImpl [http-nio-8080-exec-1] End: 2024-05-16T18:25:41.373599700
2024-05-16 18:25:41,376 INFO c.e.b.s.MenuItemServiceImpl [http-nio-8080-exec-1] Start: 2000-01-01T00:00
2024-05-16 18:25:41,376 INFO c.e.b.s.MenuItemServiceImpl [http-nio-8080-exec-1] End: 2024-05-16T18:25:41.376601200
2024-05-16 18:25:41,378 INFO c.e.b.s.MenuItemServiceImpl [http-nio-8080-exec-1] Start: 2000-01-01T00:00
2024-05-16 18:25:41,378 INFO c.e.b.s.MenuItemServiceImpl [http-nio-8080-exec-1] End: 2024-05-16T18:25:41.378601500
2024-05-16 18:25:41,380 INFO c.e.b.s.MenuItemServiceImpl [http-nio-8080-exec-1] Start: 2000-01-01T00:00
2024-05-16 18:25:41,380 INFO c.e.b.s.MenuItemServiceImpl [http-nio-8080-exec-1] End: 2024-05-16T18:25:41.380533800
2024-05-16 18:25:41,382 INFO c.e.b.s.MenuItemServiceImpl [http-nio-8080-exec-1] Start: 2000-01-01T00:00
2024-05-16 18:25:41,382 INFO c.e.b.s.MenuItemServiceImpl [http-nio-8080-exec-1] End: 2024-05-16T18:25:41.382540800
2024-05-16 18:31:35,610 INFO o.s.o.j.AbstractEntityManagerFactoryBean [SpringApplicationShutdownHook] Closing JPA EntityManagerFactory for persistence unit 'default'
2024-05-16 18:31:35,612 INFO c.z.h.HikariDataSource [SpringApplicationShutdownHook] HikariPool-1 - Shutdown initiated...
2024-05-16 18:31:35,616 INFO c.z.h.HikariDataSource [SpringApplicationShutdownHook] HikariPool-1 - Shutdown completed.
