2024-05-17 22:35:42,909 INFO o.s.o.j.AbstractEntityManagerFactoryBean [SpringApplicationShutdownHook] Closing JPA EntityManagerFactory for persistence unit 'default'
2024-05-17 22:35:42,911 INFO c.z.h.HikariDataSource [SpringApplicationShutdownHook] HikariPool-1 - Shutdown initiated...
2024-05-17 22:35:42,916 INFO c.z.h.HikariDataSource [SpringApplicationShutdownHook] HikariPool-1 - Shutdown completed.
2024-05-17 22:35:44,709 INFO o.s.b.StartupInfoLogger [main] Starting BinarfudApplication using Java 21.0.2 with PID 12196 (E:\Documents\Bootcamp\Synrgy batch 7 - Java Backend\synergy7\F-BJV24001115-synergy7-mic-binfood-ch5\target\classes started by M1ch3 in E:\Documents\Bootcamp\Synrgy batch 7 - Java Backend\synergy7\F-BJV24001115-synergy7-mic-binfood-ch5)
2024-05-17 22:35:44,711 INFO o.s.b.SpringApplication [main] No active profile set, falling back to 1 default profile: "default"
2024-05-17 22:35:45,508 INFO o.s.d.r.c.RepositoryConfigurationDelegate [main] Bootstrapping Spring Data JPA repositories in DEFAULT mode.
2024-05-17 22:35:45,589 INFO o.s.d.r.c.RepositoryConfigurationDelegate [main] Finished Spring Data repository scanning in 74 ms. Found 5 JPA repository interfaces.
2024-05-17 22:35:46,174 INFO o.s.b.w.e.t.TomcatWebServer [main] Tomcat initialized with port 8080 (http)
2024-05-17 22:35:46,184 INFO o.a.j.l.DirectJDKLog [main] Initializing ProtocolHandler ["http-nio-8080"]
2024-05-17 22:35:46,186 INFO o.a.j.l.DirectJDKLog [main] Starting service [Tomcat]
2024-05-17 22:35:46,186 INFO o.a.j.l.DirectJDKLog [main] Starting Servlet engine: [Apache Tomcat/10.1.20]
2024-05-17 22:35:46,240 INFO o.a.j.l.DirectJDKLog [main] Initializing Spring embedded WebApplicationContext
2024-05-17 22:35:46,241 INFO o.s.b.w.s.c.ServletWebServerApplicationContext [main] Root WebApplicationContext: initialization completed in 1490 ms
2024-05-17 22:35:46,431 INFO c.z.h.HikariDataSource [main] HikariPool-1 - Starting...
2024-05-17 22:35:46,771 INFO c.z.h.p.HikariPool [main] HikariPool-1 - Added connection org.postgresql.jdbc.PgConnection@5e85c21b
2024-05-17 22:35:46,777 INFO c.z.h.HikariDataSource [main] HikariPool-1 - Start completed.
2024-05-17 22:35:46,860 INFO o.h.j.i.u.LogHelper [main] HHH000204: Processing PersistenceUnitInfo [name: default]
2024-05-17 22:35:47,016 INFO o.h.Version [main] HHH000412: Hibernate ORM core version 6.4.4.Final
2024-05-17 22:35:47,043 INFO o.h.c.i.RegionFactoryInitiator [main] HHH000026: Second-level cache disabled
2024-05-17 22:35:47,256 INFO o.s.o.j.p.SpringPersistenceUnitInfo [main] No LoadTimeWeaver setup: ignoring JPA class transformer
2024-05-17 22:35:47,338 WARN o.h.e.j.d.i.DialectFactoryImpl [main] HHH90000025: PostgreSQLDialect does not need to be specified explicitly using 'hibernate.dialect' (remove the property setting and it will be selected by default)
2024-05-17 22:35:48,054 INFO o.h.e.t.j.p.i.JtaPlatformInitiator [main] HHH000489: No JTA platform available (set 'hibernate.transaction.jta.platform' to enable JTA platform integration)
2024-05-17 22:35:48,057 INFO o.s.o.j.AbstractEntityManagerFactoryBean [main] Initialized JPA EntityManagerFactory for persistence unit 'default'
2024-05-17 22:35:48,401 INFO o.s.d.j.r.q.QueryEnhancerFactory [main] Hibernate is in classpath; If applicable, HQL parser will be used.
2024-05-17 22:35:48,602 WARN o.s.b.a.o.j.JpaBaseConfiguration$JpaWebConfiguration [main] spring.jpa.open-in-view is enabled by default. Therefore, database queries may be performed during view rendering. Explicitly configure spring.jpa.open-in-view to disable this warning
2024-05-17 22:35:49,084 INFO o.a.j.l.DirectJDKLog [main] Starting ProtocolHandler ["http-nio-8080"]
2024-05-17 22:35:49,107 INFO o.s.b.w.e.t.TomcatWebServer [main] Tomcat started on port 8080 (http) with context path ''
2024-05-17 22:35:49,116 INFO o.s.b.StartupInfoLogger [main] Started BinarfudApplication in 4.91 seconds (process running for 5.265)
2024-05-17 22:36:04,275 INFO o.a.j.l.DirectJDKLog [http-nio-8080-exec-1] Initializing Spring DispatcherServlet 'dispatcherServlet'
2024-05-17 22:36:04,275 INFO o.s.w.s.FrameworkServlet [http-nio-8080-exec-1] Initializing Servlet 'dispatcherServlet'
2024-05-17 22:36:04,276 INFO o.s.w.s.FrameworkServlet [http-nio-8080-exec-1] Completed initialization in 1 ms
2024-05-17 22:52:35,505 INFO c.e.b.s.MenuItemServiceImpl [http-nio-8080-exec-5] Start: 2000-01-01T00:00
2024-05-17 22:52:35,506 INFO c.e.b.s.MenuItemServiceImpl [http-nio-8080-exec-5] End: 2024-05-17T22:52:35.505509
2024-05-17 22:52:35,512 INFO c.e.b.s.MenuItemServiceImpl [http-nio-8080-exec-5] Start: 2000-01-01T00:00
2024-05-17 22:52:35,512 INFO c.e.b.s.MenuItemServiceImpl [http-nio-8080-exec-5] End: 2024-05-17T22:52:35.512077600
2024-05-17 22:52:35,517 INFO c.e.b.s.MenuItemServiceImpl [http-nio-8080-exec-5] Start: 2000-01-01T00:00
2024-05-17 22:52:35,517 INFO c.e.b.s.MenuItemServiceImpl [http-nio-8080-exec-5] End: 2024-05-17T22:52:35.517077300
2024-05-17 22:52:35,520 INFO c.e.b.s.MenuItemServiceImpl [http-nio-8080-exec-5] Start: 2000-01-01T00:00
2024-05-17 22:52:35,521 INFO c.e.b.s.MenuItemServiceImpl [http-nio-8080-exec-5] End: 2024-05-17T22:52:35.520197800
2024-05-17 22:52:35,526 INFO c.e.b.s.MenuItemServiceImpl [http-nio-8080-exec-5] Start: 2000-01-01T00:00
2024-05-17 22:52:35,528 INFO c.e.b.s.MenuItemServiceImpl [http-nio-8080-exec-5] End: 2024-05-17T22:52:35.526201900
